[0.076s] Invoking command in '/home/xyh/eufs_sim/build/eufs_plugins': AMENT_PREFIX_PATH=/home/xyh/eufs_sim/install/eufs_models:/home/xyh/eufs_sim/install/eufs_msgs:${AMENT_PREFIX_PATH} CMAKE_PREFIX_PATH=/home/xyh/eufs_sim/install/eufs_models:/home/xyh/eufs_sim/install/eufs_msgs:/usr/lib/x86_64-linux-gnu/cmake/gazebo:/home/xyh/sim_ws/install/f1tenth_gym_ros:/opt/ros/foxy LD_LIBRARY_PATH=/home/xyh/eufs_sim/install/eufs_models/lib:/home/xyh/eufs_sim/install/eufs_msgs/lib:${LD_LIBRARY_PATH} PYTHONPATH=/home/xyh/eufs_sim/install/eufs_msgs/lib/python3.8/site-packages:${PYTHONPATH} /usr/bin/cmake /home/xyh/eufs_sim/eufs_plugins -DCMAKE_INSTALL_PREFIX=/home/xyh/eufs_sim/install/eufs_plugins
[0.182s] -- Found ament_cmake: 0.9.12 (/opt/ros/foxy/share/ament_cmake/cmake)
[0.230s] -- Using PYTHON_EXECUTABLE: /usr/bin/python3
[0.811s] CMake Error at CMakeLists.txt:25 (find_package):
[0.811s]   By not providing "Findgazebo_dev.cmake" in CMAKE_MODULE_PATH this project
[0.811s]   has asked CMake to find a package configuration file provided by
[0.811s]   "gazebo_dev", but CMake did not find one.
[0.811s] 
[0.812s]   Could not find a package configuration file provided by "gazebo_dev" with
[0.812s]   any of the following names:
[0.812s] 
[0.812s]     gazebo_devConfig.cmake
[0.812s]     gazebo_dev-config.cmake
[0.812s] 
[0.812s]   Add the installation prefix of "gazebo_dev" to CMAKE_PREFIX_PATH or set
[0.812s]   "gazebo_dev_DIR" to a directory containing one of the above files.  If
[0.813s]   "gazebo_dev" provides a separate development package or SDK, be sure it has
[0.813s]   been installed.
[0.813s] 
[0.813s] 
[0.814s] -- Configuring incomplete, errors occurred!
[0.814s] See also "/home/xyh/eufs_sim/build/eufs_plugins/CMakeFiles/CMakeOutput.log".
[0.827s] Invoked command in '/home/xyh/eufs_sim/build/eufs_plugins' returned '1': AMENT_PREFIX_PATH=/home/xyh/eufs_sim/install/eufs_models:/home/xyh/eufs_sim/install/eufs_msgs:${AMENT_PREFIX_PATH} CMAKE_PREFIX_PATH=/home/xyh/eufs_sim/install/eufs_models:/home/xyh/eufs_sim/install/eufs_msgs:/usr/lib/x86_64-linux-gnu/cmake/gazebo:/home/xyh/sim_ws/install/f1tenth_gym_ros:/opt/ros/foxy LD_LIBRARY_PATH=/home/xyh/eufs_sim/install/eufs_models/lib:/home/xyh/eufs_sim/install/eufs_msgs/lib:${LD_LIBRARY_PATH} PYTHONPATH=/home/xyh/eufs_sim/install/eufs_msgs/lib/python3.8/site-packages:${PYTHONPATH} /usr/bin/cmake /home/xyh/eufs_sim/eufs_plugins -DCMAKE_INSTALL_PREFIX=/home/xyh/eufs_sim/install/eufs_plugins
