[0.378s] DEBUG:colcon:Command line arguments: ['/usr/bin/colcon', 'build']
[0.378s] DEBUG:colcon:Parsed command line arguments: Namespace(allow_overriding=[], ament_cmake_args=None, base_paths=['.'], build_base='build', catkin_cmake_args=None, catkin_skip_building_tests=False, cmake_args=None, cmake_clean_cache=False, cmake_clean_first=False, cmake_force_configure=False, cmake_target=None, cmake_target_skip_unavailable=False, continue_on_error=False, event_handlers=None, executor='parallel', ignore_user_meta=False, install_base='install', log_base=None, log_level=None, main=<bound method BuildVerb.main of <colcon_core.verb.build.BuildVerb object at 0x7f7f8db93be0>>, merge_install=False, metas=['./colcon.meta'], packages_above=None, packages_above_and_dependencies=None, packages_above_depth=None, packages_end=None, packages_ignore=None, packages_ignore_regex=None, packages_select=None, packages_select_build_failed=False, packages_select_by_dep=None, packages_select_regex=None, packages_select_test_failures=False, packages_skip=None, packages_skip_build_finished=False, packages_skip_by_dep=None, packages_skip_regex=None, packages_skip_test_passed=False, packages_skip_up_to=None, packages_start=None, packages_up_to=None, packages_up_to_regex=None, parallel_workers=2, paths=None, symlink_install=False, test_result_base=None, verb_extension=<colcon_core.verb.build.BuildVerb object at 0x7f7f8db93be0>, verb_name='build', verb_parser=<colcon_defaults.argument_parser.defaults.DefaultArgumentsDecorator object at 0x7f7f8dbcdeb0>)
[0.676s] Level 1:colcon.colcon_core.package_discovery:discover_packages(colcon_meta) check parameters
[0.676s] Level 1:colcon.colcon_core.package_discovery:discover_packages(recursive) check parameters
[0.676s] Level 1:colcon.colcon_core.package_discovery:discover_packages(ignore) check parameters
[0.676s] Level 1:colcon.colcon_core.package_discovery:discover_packages(path) check parameters
[0.676s] Level 1:colcon.colcon_core.package_discovery:discover_packages(colcon_meta) discover
[0.676s] Level 1:colcon.colcon_core.package_discovery:discover_packages(recursive) discover
[0.676s] INFO:colcon.colcon_core.package_discovery:Crawling recursively for packages in '/home/xyh/eufs_sim'
[0.677s] Level 1:colcon.colcon_core.package_identification:_identify(.) by extensions ['ignore', 'ignore_ament_install']
[0.677s] Level 1:colcon.colcon_core.package_identification:_identify(.) by extension 'ignore'
[0.677s] Level 1:colcon.colcon_core.package_identification:_identify(.) by extension 'ignore_ament_install'
[0.677s] Level 1:colcon.colcon_core.package_identification:_identify(.) by extensions ['colcon_pkg']
[0.677s] Level 1:colcon.colcon_core.package_identification:_identify(.) by extension 'colcon_pkg'
[0.677s] Level 1:colcon.colcon_core.package_identification:_identify(.) by extensions ['colcon_meta']
[0.677s] Level 1:colcon.colcon_core.package_identification:_identify(.) by extension 'colcon_meta'
[0.677s] Level 1:colcon.colcon_core.package_identification:_identify(.) by extensions ['ros']
[0.677s] Level 1:colcon.colcon_core.package_identification:_identify(.) by extension 'ros'
[0.697s] Level 1:colcon.colcon_core.package_identification:_identify(.) by extensions ['cmake', 'python']
[0.697s] Level 1:colcon.colcon_core.package_identification:_identify(.) by extension 'cmake'
[0.698s] Level 1:colcon.colcon_core.package_identification:_identify(.) by extension 'python'
[0.698s] Level 1:colcon.colcon_core.package_identification:_identify(.) by extensions ['python_setup_py']
[0.698s] Level 1:colcon.colcon_core.package_identification:_identify(.) by extension 'python_setup_py'
[0.698s] Level 1:colcon.colcon_core.package_identification:_identify(build) by extensions ['ignore', 'ignore_ament_install']
[0.698s] Level 1:colcon.colcon_core.package_identification:_identify(build) by extension 'ignore'
[0.699s] Level 1:colcon.colcon_core.package_identification:_identify(build) ignored
[0.699s] Level 1:colcon.colcon_core.package_identification:_identify(eufs_launcher) by extensions ['ignore', 'ignore_ament_install']
[0.699s] Level 1:colcon.colcon_core.package_identification:_identify(eufs_launcher) by extension 'ignore'
[0.699s] Level 1:colcon.colcon_core.package_identification:_identify(eufs_launcher) by extension 'ignore_ament_install'
[0.699s] Level 1:colcon.colcon_core.package_identification:_identify(eufs_launcher) by extensions ['colcon_pkg']
[0.699s] Level 1:colcon.colcon_core.package_identification:_identify(eufs_launcher) by extension 'colcon_pkg'
[0.699s] Level 1:colcon.colcon_core.package_identification:_identify(eufs_launcher) by extensions ['colcon_meta']
[0.699s] Level 1:colcon.colcon_core.package_identification:_identify(eufs_launcher) by extension 'colcon_meta'
[0.699s] Level 1:colcon.colcon_core.package_identification:_identify(eufs_launcher) by extensions ['ros']
[0.699s] Level 1:colcon.colcon_core.package_identification:_identify(eufs_launcher) by extension 'ros'
[0.704s] DEBUG:colcon.colcon_core.package_identification:Package 'eufs_launcher' with type 'ros.ament_python' and name 'eufs_launcher'
[0.704s] Level 1:colcon.colcon_core.package_identification:_identify(eufs_models) by extensions ['ignore', 'ignore_ament_install']
[0.705s] Level 1:colcon.colcon_core.package_identification:_identify(eufs_models) by extension 'ignore'
[0.705s] Level 1:colcon.colcon_core.package_identification:_identify(eufs_models) by extension 'ignore_ament_install'
[0.705s] Level 1:colcon.colcon_core.package_identification:_identify(eufs_models) by extensions ['colcon_pkg']
[0.705s] Level 1:colcon.colcon_core.package_identification:_identify(eufs_models) by extension 'colcon_pkg'
[0.705s] Level 1:colcon.colcon_core.package_identification:_identify(eufs_models) by extensions ['colcon_meta']
[0.705s] Level 1:colcon.colcon_core.package_identification:_identify(eufs_models) by extension 'colcon_meta'
[0.705s] Level 1:colcon.colcon_core.package_identification:_identify(eufs_models) by extensions ['ros']
[0.705s] Level 1:colcon.colcon_core.package_identification:_identify(eufs_models) by extension 'ros'
[0.706s] DEBUG:colcon.colcon_core.package_identification:Package 'eufs_models' with type 'ros.ament_cmake' and name 'eufs_models'
[0.706s] Level 1:colcon.colcon_core.package_identification:_identify(eufs_msgs) by extensions ['ignore', 'ignore_ament_install']
[0.707s] Level 1:colcon.colcon_core.package_identification:_identify(eufs_msgs) by extension 'ignore'
[0.707s] Level 1:colcon.colcon_core.package_identification:_identify(eufs_msgs) by extension 'ignore_ament_install'
[0.707s] Level 1:colcon.colcon_core.package_identification:_identify(eufs_msgs) by extensions ['colcon_pkg']
[0.707s] Level 1:colcon.colcon_core.package_identification:_identify(eufs_msgs) by extension 'colcon_pkg'
[0.707s] Level 1:colcon.colcon_core.package_identification:_identify(eufs_msgs) by extensions ['colcon_meta']
[0.707s] Level 1:colcon.colcon_core.package_identification:_identify(eufs_msgs) by extension 'colcon_meta'
[0.707s] Level 1:colcon.colcon_core.package_identification:_identify(eufs_msgs) by extensions ['ros']
[0.707s] Level 1:colcon.colcon_core.package_identification:_identify(eufs_msgs) by extension 'ros'
[0.708s] DEBUG:colcon.colcon_core.package_identification:Package 'eufs_msgs' with type 'ros.ament_cmake' and name 'eufs_msgs'
[0.709s] Level 1:colcon.colcon_core.package_identification:_identify(eufs_plugins) by extensions ['ignore', 'ignore_ament_install']
[0.709s] Level 1:colcon.colcon_core.package_identification:_identify(eufs_plugins) by extension 'ignore'
[0.709s] Level 1:colcon.colcon_core.package_identification:_identify(eufs_plugins) by extension 'ignore_ament_install'
[0.709s] Level 1:colcon.colcon_core.package_identification:_identify(eufs_plugins) by extensions ['colcon_pkg']
[0.709s] Level 1:colcon.colcon_core.package_identification:_identify(eufs_plugins) by extension 'colcon_pkg'
[0.709s] Level 1:colcon.colcon_core.package_identification:_identify(eufs_plugins) by extensions ['colcon_meta']
[0.709s] Level 1:colcon.colcon_core.package_identification:_identify(eufs_plugins) by extension 'colcon_meta'
[0.710s] Level 1:colcon.colcon_core.package_identification:_identify(eufs_plugins) by extensions ['ros']
[0.710s] Level 1:colcon.colcon_core.package_identification:_identify(eufs_plugins) by extension 'ros'
[0.714s] DEBUG:colcon.colcon_core.package_identification:Package 'eufs_plugins' with type 'ros.ament_cmake' and name 'eufs_plugins'
[0.714s] Level 1:colcon.colcon_core.package_identification:_identify(eufs_racecar) by extensions ['ignore', 'ignore_ament_install']
[0.714s] Level 1:colcon.colcon_core.package_identification:_identify(eufs_racecar) by extension 'ignore'
[0.714s] Level 1:colcon.colcon_core.package_identification:_identify(eufs_racecar) by extension 'ignore_ament_install'
[0.714s] Level 1:colcon.colcon_core.package_identification:_identify(eufs_racecar) by extensions ['colcon_pkg']
[0.715s] Level 1:colcon.colcon_core.package_identification:_identify(eufs_racecar) by extension 'colcon_pkg'
[0.715s] Level 1:colcon.colcon_core.package_identification:_identify(eufs_racecar) by extensions ['colcon_meta']
[0.715s] Level 1:colcon.colcon_core.package_identification:_identify(eufs_racecar) by extension 'colcon_meta'
[0.715s] Level 1:colcon.colcon_core.package_identification:_identify(eufs_racecar) by extensions ['ros']
[0.715s] Level 1:colcon.colcon_core.package_identification:_identify(eufs_racecar) by extension 'ros'
[0.718s] DEBUG:colcon.colcon_core.package_identification:Package 'eufs_racecar' with type 'ros.ament_python' and name 'eufs_racecar'
[0.718s] Level 1:colcon.colcon_core.package_identification:_identify(eufs_rqt) by extensions ['ignore', 'ignore_ament_install']
[0.718s] Level 1:colcon.colcon_core.package_identification:_identify(eufs_rqt) by extension 'ignore'
[0.718s] Level 1:colcon.colcon_core.package_identification:_identify(eufs_rqt) by extension 'ignore_ament_install'
[0.718s] Level 1:colcon.colcon_core.package_identification:_identify(eufs_rqt) by extensions ['colcon_pkg']
[0.718s] Level 1:colcon.colcon_core.package_identification:_identify(eufs_rqt) by extension 'colcon_pkg'
[0.719s] Level 1:colcon.colcon_core.package_identification:_identify(eufs_rqt) by extensions ['colcon_meta']
[0.719s] Level 1:colcon.colcon_core.package_identification:_identify(eufs_rqt) by extension 'colcon_meta'
[0.719s] Level 1:colcon.colcon_core.package_identification:_identify(eufs_rqt) by extensions ['ros']
[0.719s] Level 1:colcon.colcon_core.package_identification:_identify(eufs_rqt) by extension 'ros'
[0.721s] DEBUG:colcon.colcon_core.package_identification:Package 'eufs_rqt' with type 'ros.ament_python' and name 'eufs_rqt'
[0.721s] Level 1:colcon.colcon_core.package_identification:_identify(eufs_sensors) by extensions ['ignore', 'ignore_ament_install']
[0.721s] Level 1:colcon.colcon_core.package_identification:_identify(eufs_sensors) by extension 'ignore'
[0.722s] Level 1:colcon.colcon_core.package_identification:_identify(eufs_sensors) by extension 'ignore_ament_install'
[0.722s] Level 1:colcon.colcon_core.package_identification:_identify(eufs_sensors) by extensions ['colcon_pkg']
[0.722s] Level 1:colcon.colcon_core.package_identification:_identify(eufs_sensors) by extension 'colcon_pkg'
[0.722s] Level 1:colcon.colcon_core.package_identification:_identify(eufs_sensors) by extensions ['colcon_meta']
[0.722s] Level 1:colcon.colcon_core.package_identification:_identify(eufs_sensors) by extension 'colcon_meta'
[0.722s] Level 1:colcon.colcon_core.package_identification:_identify(eufs_sensors) by extensions ['ros']
[0.722s] Level 1:colcon.colcon_core.package_identification:_identify(eufs_sensors) by extension 'ros'
[0.724s] DEBUG:colcon.colcon_core.package_identification:Package 'eufs_sensors' with type 'ros.ament_cmake' and name 'eufs_sensors'
[0.724s] Level 1:colcon.colcon_core.package_identification:_identify(eufs_tracks) by extensions ['ignore', 'ignore_ament_install']
[0.724s] Level 1:colcon.colcon_core.package_identification:_identify(eufs_tracks) by extension 'ignore'
[0.724s] Level 1:colcon.colcon_core.package_identification:_identify(eufs_tracks) by extension 'ignore_ament_install'
[0.724s] Level 1:colcon.colcon_core.package_identification:_identify(eufs_tracks) by extensions ['colcon_pkg']
[0.724s] Level 1:colcon.colcon_core.package_identification:_identify(eufs_tracks) by extension 'colcon_pkg'
[0.725s] Level 1:colcon.colcon_core.package_identification:_identify(eufs_tracks) by extensions ['colcon_meta']
[0.725s] Level 1:colcon.colcon_core.package_identification:_identify(eufs_tracks) by extension 'colcon_meta'
[0.725s] Level 1:colcon.colcon_core.package_identification:_identify(eufs_tracks) by extensions ['ros']
[0.725s] Level 1:colcon.colcon_core.package_identification:_identify(eufs_tracks) by extension 'ros'
[0.726s] DEBUG:colcon.colcon_core.package_identification:Package 'eufs_tracks' with type 'ros.ament_python' and name 'eufs_tracks'
[0.726s] Level 1:colcon.colcon_core.package_identification:_identify(install) by extensions ['ignore', 'ignore_ament_install']
[0.726s] Level 1:colcon.colcon_core.package_identification:_identify(install) by extension 'ignore'
[0.727s] Level 1:colcon.colcon_core.package_identification:_identify(install) ignored
[0.727s] Level 1:colcon.colcon_core.package_identification:_identify(log) by extensions ['ignore', 'ignore_ament_install']
[0.727s] Level 1:colcon.colcon_core.package_identification:_identify(log) by extension 'ignore'
[0.727s] Level 1:colcon.colcon_core.package_identification:_identify(log) ignored
[0.727s] Level 1:colcon.colcon_core.package_discovery:discover_packages(recursive) using defaults
[0.727s] Level 1:colcon.colcon_core.package_discovery:discover_packages(ignore) discover
[0.727s] Level 1:colcon.colcon_core.package_discovery:discover_packages(ignore) using defaults
[0.727s] Level 1:colcon.colcon_core.package_discovery:discover_packages(path) discover
[0.727s] Level 1:colcon.colcon_core.package_discovery:discover_packages(path) using defaults
[0.756s] Level 1:colcon.colcon_core.package_discovery:discover_packages(prefix_path) check parameters
[0.756s] Level 1:colcon.colcon_core.package_discovery:discover_packages(prefix_path) discover
[0.762s] DEBUG:colcon.colcon_installed_package_information.package_discovery:Found 299 installed packages in /opt/ros/foxy
[0.784s] Level 1:colcon.colcon_core.package_discovery:discover_packages(prefix_path) using defaults
[0.915s] Level 5:colcon.colcon_core.verb:set package 'eufs_msgs' build argument 'cmake_args' from command line to 'None'
[0.915s] Level 5:colcon.colcon_core.verb:set package 'eufs_msgs' build argument 'cmake_target' from command line to 'None'
[0.915s] Level 5:colcon.colcon_core.verb:set package 'eufs_msgs' build argument 'cmake_target_skip_unavailable' from command line to 'False'
[0.915s] Level 5:colcon.colcon_core.verb:set package 'eufs_msgs' build argument 'cmake_clean_cache' from command line to 'False'
[0.916s] Level 5:colcon.colcon_core.verb:set package 'eufs_msgs' build argument 'cmake_clean_first' from command line to 'False'
[0.916s] Level 5:colcon.colcon_core.verb:set package 'eufs_msgs' build argument 'cmake_force_configure' from command line to 'False'
[0.916s] Level 5:colcon.colcon_core.verb:set package 'eufs_msgs' build argument 'ament_cmake_args' from command line to 'None'
[0.916s] Level 5:colcon.colcon_core.verb:set package 'eufs_msgs' build argument 'catkin_cmake_args' from command line to 'None'
[0.916s] Level 5:colcon.colcon_core.verb:set package 'eufs_msgs' build argument 'catkin_skip_building_tests' from command line to 'False'
[0.916s] DEBUG:colcon.colcon_core.verb:Building package 'eufs_msgs' with the following arguments: {'ament_cmake_args': None, 'build_base': '/home/xyh/eufs_sim/build/eufs_msgs', 'catkin_cmake_args': None, 'catkin_skip_building_tests': False, 'cmake_args': None, 'cmake_clean_cache': False, 'cmake_clean_first': False, 'cmake_force_configure': False, 'cmake_target': None, 'cmake_target_skip_unavailable': False, 'install_base': '/home/xyh/eufs_sim/install/eufs_msgs', 'merge_install': False, 'path': '/home/xyh/eufs_sim/eufs_msgs', 'symlink_install': False, 'test_result_base': None}
[0.916s] Level 5:colcon.colcon_core.verb:set package 'eufs_racecar' build argument 'cmake_args' from command line to 'None'
[0.916s] Level 5:colcon.colcon_core.verb:set package 'eufs_racecar' build argument 'cmake_target' from command line to 'None'
[0.916s] Level 5:colcon.colcon_core.verb:set package 'eufs_racecar' build argument 'cmake_target_skip_unavailable' from command line to 'False'
[0.917s] Level 5:colcon.colcon_core.verb:set package 'eufs_racecar' build argument 'cmake_clean_cache' from command line to 'False'
[0.917s] Level 5:colcon.colcon_core.verb:set package 'eufs_racecar' build argument 'cmake_clean_first' from command line to 'False'
[0.917s] Level 5:colcon.colcon_core.verb:set package 'eufs_racecar' build argument 'cmake_force_configure' from command line to 'False'
[0.917s] Level 5:colcon.colcon_core.verb:set package 'eufs_racecar' build argument 'ament_cmake_args' from command line to 'None'
[0.917s] Level 5:colcon.colcon_core.verb:set package 'eufs_racecar' build argument 'catkin_cmake_args' from command line to 'None'
[0.917s] Level 5:colcon.colcon_core.verb:set package 'eufs_racecar' build argument 'catkin_skip_building_tests' from command line to 'False'
[0.917s] DEBUG:colcon.colcon_core.verb:Building package 'eufs_racecar' with the following arguments: {'ament_cmake_args': None, 'build_base': '/home/xyh/eufs_sim/build/eufs_racecar', 'catkin_cmake_args': None, 'catkin_skip_building_tests': False, 'cmake_args': None, 'cmake_clean_cache': False, 'cmake_clean_first': False, 'cmake_force_configure': False, 'cmake_target': None, 'cmake_target_skip_unavailable': False, 'install_base': '/home/xyh/eufs_sim/install/eufs_racecar', 'merge_install': False, 'path': '/home/xyh/eufs_sim/eufs_racecar', 'symlink_install': False, 'test_result_base': None}
[0.917s] Level 5:colcon.colcon_core.verb:set package 'eufs_sensors' build argument 'cmake_args' from command line to 'None'
[0.917s] Level 5:colcon.colcon_core.verb:set package 'eufs_sensors' build argument 'cmake_target' from command line to 'None'
[0.917s] Level 5:colcon.colcon_core.verb:set package 'eufs_sensors' build argument 'cmake_target_skip_unavailable' from command line to 'False'
[0.917s] Level 5:colcon.colcon_core.verb:set package 'eufs_sensors' build argument 'cmake_clean_cache' from command line to 'False'
[0.917s] Level 5:colcon.colcon_core.verb:set package 'eufs_sensors' build argument 'cmake_clean_first' from command line to 'False'
[0.918s] Level 5:colcon.colcon_core.verb:set package 'eufs_sensors' build argument 'cmake_force_configure' from command line to 'False'
[0.918s] Level 5:colcon.colcon_core.verb:set package 'eufs_sensors' build argument 'ament_cmake_args' from command line to 'None'
[0.918s] Level 5:colcon.colcon_core.verb:set package 'eufs_sensors' build argument 'catkin_cmake_args' from command line to 'None'
[0.918s] Level 5:colcon.colcon_core.verb:set package 'eufs_sensors' build argument 'catkin_skip_building_tests' from command line to 'False'
[0.918s] DEBUG:colcon.colcon_core.verb:Building package 'eufs_sensors' with the following arguments: {'ament_cmake_args': None, 'build_base': '/home/xyh/eufs_sim/build/eufs_sensors', 'catkin_cmake_args': None, 'catkin_skip_building_tests': False, 'cmake_args': None, 'cmake_clean_cache': False, 'cmake_clean_first': False, 'cmake_force_configure': False, 'cmake_target': None, 'cmake_target_skip_unavailable': False, 'install_base': '/home/xyh/eufs_sim/install/eufs_sensors', 'merge_install': False, 'path': '/home/xyh/eufs_sim/eufs_sensors', 'symlink_install': False, 'test_result_base': None}
[0.918s] Level 5:colcon.colcon_core.verb:set package 'eufs_tracks' build argument 'cmake_args' from command line to 'None'
[0.918s] Level 5:colcon.colcon_core.verb:set package 'eufs_tracks' build argument 'cmake_target' from command line to 'None'
[0.918s] Level 5:colcon.colcon_core.verb:set package 'eufs_tracks' build argument 'cmake_target_skip_unavailable' from command line to 'False'
[0.918s] Level 5:colcon.colcon_core.verb:set package 'eufs_tracks' build argument 'cmake_clean_cache' from command line to 'False'
[0.918s] Level 5:colcon.colcon_core.verb:set package 'eufs_tracks' build argument 'cmake_clean_first' from command line to 'False'
[0.918s] Level 5:colcon.colcon_core.verb:set package 'eufs_tracks' build argument 'cmake_force_configure' from command line to 'False'
[0.919s] Level 5:colcon.colcon_core.verb:set package 'eufs_tracks' build argument 'ament_cmake_args' from command line to 'None'
[0.919s] Level 5:colcon.colcon_core.verb:set package 'eufs_tracks' build argument 'catkin_cmake_args' from command line to 'None'
[0.919s] Level 5:colcon.colcon_core.verb:set package 'eufs_tracks' build argument 'catkin_skip_building_tests' from command line to 'False'
[0.919s] DEBUG:colcon.colcon_core.verb:Building package 'eufs_tracks' with the following arguments: {'ament_cmake_args': None, 'build_base': '/home/xyh/eufs_sim/build/eufs_tracks', 'catkin_cmake_args': None, 'catkin_skip_building_tests': False, 'cmake_args': None, 'cmake_clean_cache': False, 'cmake_clean_first': False, 'cmake_force_configure': False, 'cmake_target': None, 'cmake_target_skip_unavailable': False, 'install_base': '/home/xyh/eufs_sim/install/eufs_tracks', 'merge_install': False, 'path': '/home/xyh/eufs_sim/eufs_tracks', 'symlink_install': False, 'test_result_base': None}
[0.919s] Level 5:colcon.colcon_core.verb:set package 'eufs_launcher' build argument 'cmake_args' from command line to 'None'
[0.919s] Level 5:colcon.colcon_core.verb:set package 'eufs_launcher' build argument 'cmake_target' from command line to 'None'
[0.919s] Level 5:colcon.colcon_core.verb:set package 'eufs_launcher' build argument 'cmake_target_skip_unavailable' from command line to 'False'
[0.919s] Level 5:colcon.colcon_core.verb:set package 'eufs_launcher' build argument 'cmake_clean_cache' from command line to 'False'
[0.919s] Level 5:colcon.colcon_core.verb:set package 'eufs_launcher' build argument 'cmake_clean_first' from command line to 'False'
[0.919s] Level 5:colcon.colcon_core.verb:set package 'eufs_launcher' build argument 'cmake_force_configure' from command line to 'False'
[0.919s] Level 5:colcon.colcon_core.verb:set package 'eufs_launcher' build argument 'ament_cmake_args' from command line to 'None'
[0.920s] Level 5:colcon.colcon_core.verb:set package 'eufs_launcher' build argument 'catkin_cmake_args' from command line to 'None'
[0.920s] Level 5:colcon.colcon_core.verb:set package 'eufs_launcher' build argument 'catkin_skip_building_tests' from command line to 'False'
[0.920s] DEBUG:colcon.colcon_core.verb:Building package 'eufs_launcher' with the following arguments: {'ament_cmake_args': None, 'build_base': '/home/xyh/eufs_sim/build/eufs_launcher', 'catkin_cmake_args': None, 'catkin_skip_building_tests': False, 'cmake_args': None, 'cmake_clean_cache': False, 'cmake_clean_first': False, 'cmake_force_configure': False, 'cmake_target': None, 'cmake_target_skip_unavailable': False, 'install_base': '/home/xyh/eufs_sim/install/eufs_launcher', 'merge_install': False, 'path': '/home/xyh/eufs_sim/eufs_launcher', 'symlink_install': False, 'test_result_base': None}
[0.920s] Level 5:colcon.colcon_core.verb:set package 'eufs_models' build argument 'cmake_args' from command line to 'None'
[0.920s] Level 5:colcon.colcon_core.verb:set package 'eufs_models' build argument 'cmake_target' from command line to 'None'
[0.920s] Level 5:colcon.colcon_core.verb:set package 'eufs_models' build argument 'cmake_target_skip_unavailable' from command line to 'False'
[0.920s] Level 5:colcon.colcon_core.verb:set package 'eufs_models' build argument 'cmake_clean_cache' from command line to 'False'
[0.920s] Level 5:colcon.colcon_core.verb:set package 'eufs_models' build argument 'cmake_clean_first' from command line to 'False'
[0.920s] Level 5:colcon.colcon_core.verb:set package 'eufs_models' build argument 'cmake_force_configure' from command line to 'False'
[0.920s] Level 5:colcon.colcon_core.verb:set package 'eufs_models' build argument 'ament_cmake_args' from command line to 'None'
[0.920s] Level 5:colcon.colcon_core.verb:set package 'eufs_models' build argument 'catkin_cmake_args' from command line to 'None'
[0.921s] Level 5:colcon.colcon_core.verb:set package 'eufs_models' build argument 'catkin_skip_building_tests' from command line to 'False'
[0.921s] DEBUG:colcon.colcon_core.verb:Building package 'eufs_models' with the following arguments: {'ament_cmake_args': None, 'build_base': '/home/xyh/eufs_sim/build/eufs_models', 'catkin_cmake_args': None, 'catkin_skip_building_tests': False, 'cmake_args': None, 'cmake_clean_cache': False, 'cmake_clean_first': False, 'cmake_force_configure': False, 'cmake_target': None, 'cmake_target_skip_unavailable': False, 'install_base': '/home/xyh/eufs_sim/install/eufs_models', 'merge_install': False, 'path': '/home/xyh/eufs_sim/eufs_models', 'symlink_install': False, 'test_result_base': None}
[0.921s] Level 5:colcon.colcon_core.verb:set package 'eufs_rqt' build argument 'cmake_args' from command line to 'None'
[0.921s] Level 5:colcon.colcon_core.verb:set package 'eufs_rqt' build argument 'cmake_target' from command line to 'None'
[0.921s] Level 5:colcon.colcon_core.verb:set package 'eufs_rqt' build argument 'cmake_target_skip_unavailable' from command line to 'False'
[0.921s] Level 5:colcon.colcon_core.verb:set package 'eufs_rqt' build argument 'cmake_clean_cache' from command line to 'False'
[0.921s] Level 5:colcon.colcon_core.verb:set package 'eufs_rqt' build argument 'cmake_clean_first' from command line to 'False'
[0.921s] Level 5:colcon.colcon_core.verb:set package 'eufs_rqt' build argument 'cmake_force_configure' from command line to 'False'
[0.921s] Level 5:colcon.colcon_core.verb:set package 'eufs_rqt' build argument 'ament_cmake_args' from command line to 'None'
[0.921s] Level 5:colcon.colcon_core.verb:set package 'eufs_rqt' build argument 'catkin_cmake_args' from command line to 'None'
[0.921s] Level 5:colcon.colcon_core.verb:set package 'eufs_rqt' build argument 'catkin_skip_building_tests' from command line to 'False'
[0.922s] DEBUG:colcon.colcon_core.verb:Building package 'eufs_rqt' with the following arguments: {'ament_cmake_args': None, 'build_base': '/home/xyh/eufs_sim/build/eufs_rqt', 'catkin_cmake_args': None, 'catkin_skip_building_tests': False, 'cmake_args': None, 'cmake_clean_cache': False, 'cmake_clean_first': False, 'cmake_force_configure': False, 'cmake_target': None, 'cmake_target_skip_unavailable': False, 'install_base': '/home/xyh/eufs_sim/install/eufs_rqt', 'merge_install': False, 'path': '/home/xyh/eufs_sim/eufs_rqt', 'symlink_install': False, 'test_result_base': None}
[0.922s] Level 5:colcon.colcon_core.verb:set package 'eufs_plugins' build argument 'cmake_args' from command line to 'None'
[0.923s] Level 5:colcon.colcon_core.verb:set package 'eufs_plugins' build argument 'cmake_target' from command line to 'None'
[0.923s] Level 5:colcon.colcon_core.verb:set package 'eufs_plugins' build argument 'cmake_target_skip_unavailable' from command line to 'False'
[0.923s] Level 5:colcon.colcon_core.verb:set package 'eufs_plugins' build argument 'cmake_clean_cache' from command line to 'False'
[0.923s] Level 5:colcon.colcon_core.verb:set package 'eufs_plugins' build argument 'cmake_clean_first' from command line to 'False'
[0.923s] Level 5:colcon.colcon_core.verb:set package 'eufs_plugins' build argument 'cmake_force_configure' from command line to 'False'
[0.923s] Level 5:colcon.colcon_core.verb:set package 'eufs_plugins' build argument 'ament_cmake_args' from command line to 'None'
[0.923s] Level 5:colcon.colcon_core.verb:set package 'eufs_plugins' build argument 'catkin_cmake_args' from command line to 'None'
[0.923s] Level 5:colcon.colcon_core.verb:set package 'eufs_plugins' build argument 'catkin_skip_building_tests' from command line to 'False'
[0.923s] DEBUG:colcon.colcon_core.verb:Building package 'eufs_plugins' with the following arguments: {'ament_cmake_args': None, 'build_base': '/home/xyh/eufs_sim/build/eufs_plugins', 'catkin_cmake_args': None, 'catkin_skip_building_tests': False, 'cmake_args': None, 'cmake_clean_cache': False, 'cmake_clean_first': False, 'cmake_force_configure': False, 'cmake_target': None, 'cmake_target_skip_unavailable': False, 'install_base': '/home/xyh/eufs_sim/install/eufs_plugins', 'merge_install': False, 'path': '/home/xyh/eufs_sim/eufs_plugins', 'symlink_install': False, 'test_result_base': None}
[0.923s] INFO:colcon.colcon_core.executor:Executing jobs using 'parallel' executor
[0.925s] DEBUG:colcon.colcon_parallel_executor.executor.parallel:run_until_complete
[0.925s] INFO:colcon.colcon_ros.task.ament_cmake.build:Building ROS package in '/home/xyh/eufs_sim/eufs_msgs' with build type 'ament_cmake'
[0.925s] INFO:colcon.colcon_cmake.task.cmake.build:Building CMake package in '/home/xyh/eufs_sim/eufs_msgs'
[0.930s] INFO:colcon.colcon_core.plugin_system:Skipping extension 'colcon_core.shell.bat': Not used on non-Windows systems
[0.931s] INFO:colcon.colcon_core.shell:Skip shell extension 'powershell' for command environment: Not usable outside of PowerShell
[0.931s] DEBUG:colcon.colcon_core.shell:Skip shell extension 'dsv' for command environment
[0.942s] INFO:colcon.colcon_ros.task.ament_python.build:Building ROS package in '/home/xyh/eufs_sim/eufs_tracks' with build type 'ament_python'
[0.943s] Level 1:colcon.colcon_core.shell:create_environment_hook('eufs_tracks', 'ament_prefix_path')
[0.943s] INFO:colcon.colcon_core.shell:Creating environment hook '/home/xyh/eufs_sim/install/eufs_tracks/share/eufs_tracks/hook/ament_prefix_path.ps1'
[0.945s] INFO:colcon.colcon_core.shell:Creating environment descriptor '/home/xyh/eufs_sim/install/eufs_tracks/share/eufs_tracks/hook/ament_prefix_path.dsv'
[0.947s] INFO:colcon.colcon_core.shell:Creating environment hook '/home/xyh/eufs_sim/install/eufs_tracks/share/eufs_tracks/hook/ament_prefix_path.sh'
[0.949s] INFO:colcon.colcon_core.shell:Skip shell extension 'powershell' for command environment: Not usable outside of PowerShell
[0.949s] DEBUG:colcon.colcon_core.shell:Skip shell extension 'dsv' for command environment
[0.979s] DEBUG:colcon.colcon_core.event_handler.log_command:Invoking command in '/home/xyh/eufs_sim/build/eufs_msgs': CMAKE_PREFIX_PATH=/opt/ros/foxy /usr/bin/cmake --build /home/xyh/eufs_sim/build/eufs_msgs -- -j2 -l2
[1.462s] INFO:colcon.colcon_core.task.python.build:Building Python package in '/home/xyh/eufs_sim/eufs_tracks'
[1.463s] INFO:colcon.colcon_core.shell:Skip shell extension 'powershell' for command environment: Not usable outside of PowerShell
[1.463s] DEBUG:colcon.colcon_core.shell:Skip shell extension 'dsv' for command environment
[2.180s] DEBUG:colcon.colcon_core.event_handler.log_command:Invoked command in '/home/xyh/eufs_sim/build/eufs_msgs' returned '0': CMAKE_PREFIX_PATH=/opt/ros/foxy /usr/bin/cmake --build /home/xyh/eufs_sim/build/eufs_msgs -- -j2 -l2
[2.349s] DEBUG:colcon.colcon_core.event_handler.log_command:Invoking command in '/home/xyh/eufs_sim/eufs_tracks': PYTHONPATH=/home/xyh/eufs_sim/build/eufs_tracks/prefix_override:/home/xyh/eufs_sim/install/eufs_tracks/lib/python3.8/site-packages:${PYTHONPATH} /usr/bin/python3 -W ignore:setup.py install is deprecated setup.py egg_info --egg-base ../build/eufs_tracks build --build-base /home/xyh/eufs_sim/build/eufs_tracks/build install --record /home/xyh/eufs_sim/build/eufs_tracks/install.log --single-version-externally-managed install_data
[3.078s] DEBUG:colcon.colcon_core.event_handler.log_command:Invoked command in '/home/xyh/eufs_sim/eufs_tracks' returned '0': PYTHONPATH=/home/xyh/eufs_sim/build/eufs_tracks/prefix_override:/home/xyh/eufs_sim/install/eufs_tracks/lib/python3.8/site-packages:${PYTHONPATH} /usr/bin/python3 -W ignore:setup.py install is deprecated setup.py egg_info --egg-base ../build/eufs_tracks build --build-base /home/xyh/eufs_sim/build/eufs_tracks/build install --record /home/xyh/eufs_sim/build/eufs_tracks/install.log --single-version-externally-managed install_data
[3.083s] Level 1:colcon.colcon_core.environment:checking '/home/xyh/eufs_sim/install/eufs_tracks' for CMake module files
[3.085s] Level 1:colcon.colcon_core.environment:checking '/home/xyh/eufs_sim/install/eufs_tracks' for CMake config files
[3.088s] Level 1:colcon.colcon_core.environment:checking '/home/xyh/eufs_sim/install/eufs_tracks/lib'
[3.088s] Level 1:colcon.colcon_core.environment:checking '/home/xyh/eufs_sim/install/eufs_tracks/bin'
[3.088s] Level 1:colcon.colcon_core.environment:checking '/home/xyh/eufs_sim/install/eufs_tracks/lib/pkgconfig/eufs_tracks.pc'
[3.089s] Level 1:colcon.colcon_core.environment:checking '/home/xyh/eufs_sim/install/eufs_tracks/lib/python3.8/site-packages'
[3.089s] Level 1:colcon.colcon_core.shell:create_environment_hook('eufs_tracks', 'pythonpath')
[3.090s] INFO:colcon.colcon_core.shell:Creating environment hook '/home/xyh/eufs_sim/install/eufs_tracks/share/eufs_tracks/hook/pythonpath.ps1'
[3.092s] INFO:colcon.colcon_core.shell:Creating environment descriptor '/home/xyh/eufs_sim/install/eufs_tracks/share/eufs_tracks/hook/pythonpath.dsv'
[3.092s] INFO:colcon.colcon_core.shell:Creating environment hook '/home/xyh/eufs_sim/install/eufs_tracks/share/eufs_tracks/hook/pythonpath.sh'
[3.094s] Level 1:colcon.colcon_core.environment:checking '/home/xyh/eufs_sim/install/eufs_tracks/bin'
[3.094s] Level 1:colcon.colcon_core.environment:create_environment_scripts_only(eufs_tracks)
[3.095s] INFO:colcon.colcon_core.shell:Creating package script '/home/xyh/eufs_sim/install/eufs_tracks/share/eufs_tracks/package.ps1'
[3.097s] INFO:colcon.colcon_core.shell:Creating package descriptor '/home/xyh/eufs_sim/install/eufs_tracks/share/eufs_tracks/package.dsv'
[3.098s] INFO:colcon.colcon_core.shell:Creating package script '/home/xyh/eufs_sim/install/eufs_tracks/share/eufs_tracks/package.sh'
[3.100s] INFO:colcon.colcon_core.shell:Creating package script '/home/xyh/eufs_sim/install/eufs_tracks/share/eufs_tracks/package.bash'
[3.102s] INFO:colcon.colcon_core.shell:Creating package script '/home/xyh/eufs_sim/install/eufs_tracks/share/eufs_tracks/package.zsh'
[3.104s] Level 1:colcon.colcon_core.environment:create_file_with_runtime_dependencies(/home/xyh/eufs_sim/install/eufs_tracks/share/colcon-core/packages/eufs_tracks)
[3.105s] INFO:colcon.colcon_ros.task.ament_python.build:Building ROS package in '/home/xyh/eufs_sim/eufs_racecar' with build type 'ament_python'
[3.106s] Level 1:colcon.colcon_core.shell:create_environment_hook('eufs_racecar', 'ament_prefix_path')
[3.106s] INFO:colcon.colcon_core.shell:Creating environment hook '/home/xyh/eufs_sim/install/eufs_racecar/share/eufs_racecar/hook/ament_prefix_path.ps1'
[3.108s] INFO:colcon.colcon_core.shell:Creating environment descriptor '/home/xyh/eufs_sim/install/eufs_racecar/share/eufs_racecar/hook/ament_prefix_path.dsv'
[3.110s] INFO:colcon.colcon_core.shell:Creating environment hook '/home/xyh/eufs_sim/install/eufs_racecar/share/eufs_racecar/hook/ament_prefix_path.sh'
[3.111s] INFO:colcon.colcon_core.shell:Skip shell extension 'powershell' for command environment: Not usable outside of PowerShell
[3.111s] DEBUG:colcon.colcon_core.shell:Skip shell extension 'dsv' for command environment
[3.569s] INFO:colcon.colcon_core.task.python.build:Building Python package in '/home/xyh/eufs_sim/eufs_racecar'
[3.570s] INFO:colcon.colcon_core.shell:Skip shell extension 'powershell' for command environment: Not usable outside of PowerShell
[3.570s] DEBUG:colcon.colcon_core.shell:Skip shell extension 'dsv' for command environment
[4.063s] DEBUG:colcon.colcon_core.event_handler.log_command:Invoking command in '/home/xyh/eufs_sim/build/eufs_msgs': CMAKE_PREFIX_PATH=/opt/ros/foxy /usr/bin/cmake --install /home/xyh/eufs_sim/build/eufs_msgs
[4.269s] Level 1:colcon.colcon_core.environment:create_environment_scripts_only(eufs_msgs)
[4.269s] Level 1:colcon.colcon_core.environment:checking '/home/xyh/eufs_sim/install/eufs_msgs' for CMake module files
[4.270s] Level 1:colcon.colcon_core.environment:checking '/home/xyh/eufs_sim/install/eufs_msgs' for CMake config files
[4.275s] Level 1:colcon.colcon_core.shell:create_environment_hook('eufs_msgs', 'cmake_prefix_path')
[4.276s] INFO:colcon.colcon_core.shell:Creating environment hook '/home/xyh/eufs_sim/install/eufs_msgs/share/eufs_msgs/hook/cmake_prefix_path.ps1'
[4.277s] INFO:colcon.colcon_core.shell:Creating environment descriptor '/home/xyh/eufs_sim/install/eufs_msgs/share/eufs_msgs/hook/cmake_prefix_path.dsv'
[4.287s] INFO:colcon.colcon_core.shell:Creating environment hook '/home/xyh/eufs_sim/install/eufs_msgs/share/eufs_msgs/hook/cmake_prefix_path.sh'
[4.289s] Level 1:colcon.colcon_core.environment:checking '/home/xyh/eufs_sim/install/eufs_msgs/lib'
[4.289s] Level 1:colcon.colcon_core.shell:create_environment_hook('eufs_msgs', 'ld_library_path_lib')
[4.290s] INFO:colcon.colcon_core.shell:Creating environment hook '/home/xyh/eufs_sim/install/eufs_msgs/share/eufs_msgs/hook/ld_library_path_lib.ps1'
[4.291s] INFO:colcon.colcon_core.shell:Creating environment descriptor '/home/xyh/eufs_sim/install/eufs_msgs/share/eufs_msgs/hook/ld_library_path_lib.dsv'
[4.292s] INFO:colcon.colcon_core.shell:Creating environment hook '/home/xyh/eufs_sim/install/eufs_msgs/share/eufs_msgs/hook/ld_library_path_lib.sh'
[4.293s] Level 1:colcon.colcon_core.environment:checking '/home/xyh/eufs_sim/install/eufs_msgs/bin'
[4.293s] Level 1:colcon.colcon_core.environment:checking '/home/xyh/eufs_sim/install/eufs_msgs/lib/pkgconfig/eufs_msgs.pc'
[4.294s] Level 1:colcon.colcon_core.environment:checking '/home/xyh/eufs_sim/install/eufs_msgs/lib/python3.8/site-packages'
[4.294s] Level 1:colcon.colcon_core.shell:create_environment_hook('eufs_msgs', 'pythonpath')
[4.295s] INFO:colcon.colcon_core.shell:Creating environment hook '/home/xyh/eufs_sim/install/eufs_msgs/share/eufs_msgs/hook/pythonpath.ps1'
[4.296s] INFO:colcon.colcon_core.shell:Creating environment descriptor '/home/xyh/eufs_sim/install/eufs_msgs/share/eufs_msgs/hook/pythonpath.dsv'
[4.307s] INFO:colcon.colcon_core.shell:Creating environment hook '/home/xyh/eufs_sim/install/eufs_msgs/share/eufs_msgs/hook/pythonpath.sh'
[4.308s] Level 1:colcon.colcon_core.environment:checking '/home/xyh/eufs_sim/install/eufs_msgs/bin'
[4.309s] INFO:colcon.colcon_core.shell:Creating package script '/home/xyh/eufs_sim/install/eufs_msgs/share/eufs_msgs/package.ps1'
[4.309s] INFO:colcon.colcon_core.shell:Creating package descriptor '/home/xyh/eufs_sim/install/eufs_msgs/share/eufs_msgs/package.dsv'
[4.310s] INFO:colcon.colcon_core.shell:Creating package script '/home/xyh/eufs_sim/install/eufs_msgs/share/eufs_msgs/package.sh'
[4.311s] INFO:colcon.colcon_core.shell:Creating package script '/home/xyh/eufs_sim/install/eufs_msgs/share/eufs_msgs/package.bash'
[4.312s] INFO:colcon.colcon_core.shell:Creating package script '/home/xyh/eufs_sim/install/eufs_msgs/share/eufs_msgs/package.zsh'
[4.313s] Level 1:colcon.colcon_core.environment:create_file_with_runtime_dependencies(/home/xyh/eufs_sim/install/eufs_msgs/share/colcon-core/packages/eufs_msgs)
[4.519s] DEBUG:colcon.colcon_core.event_handler.log_command:Invoked command in '/home/xyh/eufs_sim/build/eufs_msgs' returned '0': CMAKE_PREFIX_PATH=/opt/ros/foxy /usr/bin/cmake --install /home/xyh/eufs_sim/build/eufs_msgs
[4.655s] DEBUG:colcon.colcon_core.event_handler.log_command:Invoking command in '/home/xyh/eufs_sim/eufs_racecar': PYTHONPATH=/home/xyh/eufs_sim/build/eufs_racecar/prefix_override:/home/xyh/eufs_sim/install/eufs_racecar/lib/python3.8/site-packages:${PYTHONPATH} /usr/bin/python3 -W ignore:setup.py install is deprecated setup.py egg_info --egg-base ../build/eufs_racecar build --build-base /home/xyh/eufs_sim/build/eufs_racecar/build install --record /home/xyh/eufs_sim/build/eufs_racecar/install.log --single-version-externally-managed install_data
[5.200s] Level 1:colcon.colcon_core.environment:checking '/home/xyh/eufs_sim/install/eufs_racecar' for CMake module files
[5.202s] DEBUG:colcon.colcon_core.event_handler.log_command:Invoked command in '/home/xyh/eufs_sim/eufs_racecar' returned '0': PYTHONPATH=/home/xyh/eufs_sim/build/eufs_racecar/prefix_override:/home/xyh/eufs_sim/install/eufs_racecar/lib/python3.8/site-packages:${PYTHONPATH} /usr/bin/python3 -W ignore:setup.py install is deprecated setup.py egg_info --egg-base ../build/eufs_racecar build --build-base /home/xyh/eufs_sim/build/eufs_racecar/build install --record /home/xyh/eufs_sim/build/eufs_racecar/install.log --single-version-externally-managed install_data
[5.203s] Level 1:colcon.colcon_core.environment:checking '/home/xyh/eufs_sim/install/eufs_racecar' for CMake config files
[5.204s] Level 1:colcon.colcon_core.environment:checking '/home/xyh/eufs_sim/install/eufs_racecar/lib'
[5.204s] Level 1:colcon.colcon_core.environment:checking '/home/xyh/eufs_sim/install/eufs_racecar/bin'
[5.204s] Level 1:colcon.colcon_core.environment:checking '/home/xyh/eufs_sim/install/eufs_racecar/lib/pkgconfig/eufs_racecar.pc'
[5.205s] Level 1:colcon.colcon_core.environment:checking '/home/xyh/eufs_sim/install/eufs_racecar/lib/python3.8/site-packages'
[5.205s] Level 1:colcon.colcon_core.shell:create_environment_hook('eufs_racecar', 'pythonpath')
[5.205s] INFO:colcon.colcon_core.shell:Creating environment hook '/home/xyh/eufs_sim/install/eufs_racecar/share/eufs_racecar/hook/pythonpath.ps1'
[5.207s] INFO:colcon.colcon_core.shell:Creating environment descriptor '/home/xyh/eufs_sim/install/eufs_racecar/share/eufs_racecar/hook/pythonpath.dsv'
[5.208s] INFO:colcon.colcon_core.shell:Creating environment hook '/home/xyh/eufs_sim/install/eufs_racecar/share/eufs_racecar/hook/pythonpath.sh'
[5.209s] Level 1:colcon.colcon_core.environment:checking '/home/xyh/eufs_sim/install/eufs_racecar/bin'
[5.209s] Level 1:colcon.colcon_core.environment:create_environment_scripts_only(eufs_racecar)
[5.209s] INFO:colcon.colcon_core.shell:Creating package script '/home/xyh/eufs_sim/install/eufs_racecar/share/eufs_racecar/package.ps1'
[5.211s] INFO:colcon.colcon_core.shell:Creating package descriptor '/home/xyh/eufs_sim/install/eufs_racecar/share/eufs_racecar/package.dsv'
[5.212s] INFO:colcon.colcon_core.shell:Creating package script '/home/xyh/eufs_sim/install/eufs_racecar/share/eufs_racecar/package.sh'
[5.213s] INFO:colcon.colcon_core.shell:Creating package script '/home/xyh/eufs_sim/install/eufs_racecar/share/eufs_racecar/package.bash'
[5.213s] INFO:colcon.colcon_core.shell:Creating package script '/home/xyh/eufs_sim/install/eufs_racecar/share/eufs_racecar/package.zsh'
[5.215s] Level 1:colcon.colcon_core.environment:create_file_with_runtime_dependencies(/home/xyh/eufs_sim/install/eufs_racecar/share/colcon-core/packages/eufs_racecar)
[5.216s] INFO:colcon.colcon_ros.task.ament_cmake.build:Building ROS package in '/home/xyh/eufs_sim/eufs_sensors' with build type 'ament_cmake'
[5.217s] INFO:colcon.colcon_cmake.task.cmake.build:Building CMake package in '/home/xyh/eufs_sim/eufs_sensors'
[5.217s] INFO:colcon.colcon_core.shell:Skip shell extension 'powershell' for command environment: Not usable outside of PowerShell
[5.218s] DEBUG:colcon.colcon_core.shell:Skip shell extension 'dsv' for command environment
[5.254s] DEBUG:colcon.colcon_core.event_handler.log_command:Invoking command in '/home/xyh/eufs_sim/build/eufs_sensors': CMAKE_PREFIX_PATH=/opt/ros/foxy /usr/bin/cmake --build /home/xyh/eufs_sim/build/eufs_sensors -- -j2 -l2
[5.369s] DEBUG:colcon.colcon_core.event_handler.log_command:Invoked command in '/home/xyh/eufs_sim/build/eufs_sensors' returned '0': CMAKE_PREFIX_PATH=/opt/ros/foxy /usr/bin/cmake --build /home/xyh/eufs_sim/build/eufs_sensors -- -j2 -l2
[5.416s] DEBUG:colcon.colcon_core.event_handler.log_command:Invoking command in '/home/xyh/eufs_sim/build/eufs_sensors': CMAKE_PREFIX_PATH=/opt/ros/foxy /usr/bin/cmake --install /home/xyh/eufs_sim/build/eufs_sensors
[5.452s] Level 1:colcon.colcon_core.environment:create_environment_scripts_only(eufs_sensors)
[5.453s] Level 1:colcon.colcon_core.environment:checking '/home/xyh/eufs_sim/install/eufs_sensors' for CMake module files
[5.457s] DEBUG:colcon.colcon_core.event_handler.log_command:Invoked command in '/home/xyh/eufs_sim/build/eufs_sensors' returned '0': CMAKE_PREFIX_PATH=/opt/ros/foxy /usr/bin/cmake --install /home/xyh/eufs_sim/build/eufs_sensors
[5.457s] Level 1:colcon.colcon_core.environment:checking '/home/xyh/eufs_sim/install/eufs_sensors' for CMake config files
[5.458s] Level 1:colcon.colcon_core.shell:create_environment_hook('eufs_sensors', 'cmake_prefix_path')
[5.458s] INFO:colcon.colcon_core.shell:Creating environment hook '/home/xyh/eufs_sim/install/eufs_sensors/share/eufs_sensors/hook/cmake_prefix_path.ps1'
[5.460s] INFO:colcon.colcon_core.shell:Creating environment descriptor '/home/xyh/eufs_sim/install/eufs_sensors/share/eufs_sensors/hook/cmake_prefix_path.dsv'
[5.461s] INFO:colcon.colcon_core.shell:Creating environment hook '/home/xyh/eufs_sim/install/eufs_sensors/share/eufs_sensors/hook/cmake_prefix_path.sh'
[5.462s] Level 1:colcon.colcon_core.environment:checking '/home/xyh/eufs_sim/install/eufs_sensors/bin'
[5.462s] Level 1:colcon.colcon_core.environment:checking '/home/xyh/eufs_sim/install/eufs_sensors/lib/pkgconfig/eufs_sensors.pc'
[5.462s] Level 1:colcon.colcon_core.environment:checking '/home/xyh/eufs_sim/install/eufs_sensors/lib/python3.8/site-packages'
[5.462s] Level 1:colcon.colcon_core.environment:checking '/home/xyh/eufs_sim/install/eufs_sensors/bin'
[5.463s] INFO:colcon.colcon_core.shell:Creating package script '/home/xyh/eufs_sim/install/eufs_sensors/share/eufs_sensors/package.ps1'
[5.464s] INFO:colcon.colcon_core.shell:Creating package descriptor '/home/xyh/eufs_sim/install/eufs_sensors/share/eufs_sensors/package.dsv'
[5.464s] INFO:colcon.colcon_core.shell:Creating package script '/home/xyh/eufs_sim/install/eufs_sensors/share/eufs_sensors/package.sh'
[5.465s] INFO:colcon.colcon_core.shell:Creating package script '/home/xyh/eufs_sim/install/eufs_sensors/share/eufs_sensors/package.bash'
[5.465s] INFO:colcon.colcon_core.shell:Creating package script '/home/xyh/eufs_sim/install/eufs_sensors/share/eufs_sensors/package.zsh'
[5.467s] Level 1:colcon.colcon_core.environment:create_file_with_runtime_dependencies(/home/xyh/eufs_sim/install/eufs_sensors/share/colcon-core/packages/eufs_sensors)
[5.512s] Level 1:colcon.colcon_core.environment:create_environment_scripts_only(eufs_sensors)
[5.513s] Level 1:colcon.colcon_core.environment:checking '/home/xyh/eufs_sim/install/eufs_sensors' for CMake module files
[5.515s] Level 1:colcon.colcon_core.environment:checking '/home/xyh/eufs_sim/install/eufs_sensors' for CMake config files
[5.516s] Level 1:colcon.colcon_core.shell:create_environment_hook('eufs_sensors', 'cmake_prefix_path')
[5.516s] INFO:colcon.colcon_core.shell:Creating environment hook '/home/xyh/eufs_sim/install/eufs_sensors/share/eufs_sensors/hook/cmake_prefix_path.ps1'
[5.518s] INFO:colcon.colcon_core.shell:Creating environment descriptor '/home/xyh/eufs_sim/install/eufs_sensors/share/eufs_sensors/hook/cmake_prefix_path.dsv'
[5.519s] INFO:colcon.colcon_core.shell:Creating environment hook '/home/xyh/eufs_sim/install/eufs_sensors/share/eufs_sensors/hook/cmake_prefix_path.sh'
[5.521s] Level 1:colcon.colcon_core.environment:checking '/home/xyh/eufs_sim/install/eufs_sensors/bin'
[5.521s] Level 1:colcon.colcon_core.environment:checking '/home/xyh/eufs_sim/install/eufs_sensors/lib/pkgconfig/eufs_sensors.pc'
[5.522s] Level 1:colcon.colcon_core.environment:checking '/home/xyh/eufs_sim/install/eufs_sensors/lib/python3.8/site-packages'
[5.522s] Level 1:colcon.colcon_core.environment:checking '/home/xyh/eufs_sim/install/eufs_sensors/bin'
[5.523s] INFO:colcon.colcon_core.shell:Creating package script '/home/xyh/eufs_sim/install/eufs_sensors/share/eufs_sensors/package.ps1'
[5.525s] INFO:colcon.colcon_core.shell:Creating package descriptor '/home/xyh/eufs_sim/install/eufs_sensors/share/eufs_sensors/package.dsv'
[5.526s] INFO:colcon.colcon_core.shell:Creating package script '/home/xyh/eufs_sim/install/eufs_sensors/share/eufs_sensors/package.sh'
[5.528s] INFO:colcon.colcon_core.shell:Creating package script '/home/xyh/eufs_sim/install/eufs_sensors/share/eufs_sensors/package.bash'
[5.530s] INFO:colcon.colcon_core.shell:Creating package script '/home/xyh/eufs_sim/install/eufs_sensors/share/eufs_sensors/package.zsh'
[5.531s] Level 1:colcon.colcon_core.environment:create_file_with_runtime_dependencies(/home/xyh/eufs_sim/install/eufs_sensors/share/colcon-core/packages/eufs_sensors)
[5.533s] INFO:colcon.colcon_ros.task.ament_python.build:Building ROS package in '/home/xyh/eufs_sim/eufs_launcher' with build type 'ament_python'
[5.533s] Level 1:colcon.colcon_core.shell:create_environment_hook('eufs_launcher', 'ament_prefix_path')
[5.534s] INFO:colcon.colcon_core.shell:Creating environment hook '/home/xyh/eufs_sim/install/eufs_launcher/share/eufs_launcher/hook/ament_prefix_path.ps1'
[5.536s] INFO:colcon.colcon_core.shell:Creating environment descriptor '/home/xyh/eufs_sim/install/eufs_launcher/share/eufs_launcher/hook/ament_prefix_path.dsv'
[5.537s] INFO:colcon.colcon_core.shell:Creating environment hook '/home/xyh/eufs_sim/install/eufs_launcher/share/eufs_launcher/hook/ament_prefix_path.sh'
[5.539s] INFO:colcon.colcon_core.shell:Skip shell extension 'powershell' for command environment: Not usable outside of PowerShell
[5.539s] DEBUG:colcon.colcon_core.shell:Skip shell extension 'dsv' for command environment
[6.048s] INFO:colcon.colcon_core.task.python.build:Building Python package in '/home/xyh/eufs_sim/eufs_launcher'
[6.049s] INFO:colcon.colcon_core.shell:Skip shell extension 'powershell' for command environment: Not usable outside of PowerShell
[6.049s] DEBUG:colcon.colcon_core.shell:Skip shell extension 'dsv' for command environment
[6.326s] Level 1:colcon.colcon_core.environment:create_environment_scripts_only(eufs_msgs)
[6.327s] Level 1:colcon.colcon_core.environment:checking '/home/xyh/eufs_sim/install/eufs_msgs' for CMake module files
[6.328s] Level 1:colcon.colcon_core.environment:checking '/home/xyh/eufs_sim/install/eufs_msgs' for CMake config files
[6.333s] Level 1:colcon.colcon_core.shell:create_environment_hook('eufs_msgs', 'cmake_prefix_path')
[6.333s] INFO:colcon.colcon_core.shell:Creating environment hook '/home/xyh/eufs_sim/install/eufs_msgs/share/eufs_msgs/hook/cmake_prefix_path.ps1'
[6.335s] INFO:colcon.colcon_core.shell:Creating environment descriptor '/home/xyh/eufs_sim/install/eufs_msgs/share/eufs_msgs/hook/cmake_prefix_path.dsv'
[6.336s] INFO:colcon.colcon_core.shell:Creating environment hook '/home/xyh/eufs_sim/install/eufs_msgs/share/eufs_msgs/hook/cmake_prefix_path.sh'
[6.337s] Level 1:colcon.colcon_core.environment:checking '/home/xyh/eufs_sim/install/eufs_msgs/lib'
[6.337s] Level 1:colcon.colcon_core.shell:create_environment_hook('eufs_msgs', 'ld_library_path_lib')
[6.338s] INFO:colcon.colcon_core.shell:Creating environment hook '/home/xyh/eufs_sim/install/eufs_msgs/share/eufs_msgs/hook/ld_library_path_lib.ps1'
[6.339s] INFO:colcon.colcon_core.shell:Creating environment descriptor '/home/xyh/eufs_sim/install/eufs_msgs/share/eufs_msgs/hook/ld_library_path_lib.dsv'
[6.340s] INFO:colcon.colcon_core.shell:Creating environment hook '/home/xyh/eufs_sim/install/eufs_msgs/share/eufs_msgs/hook/ld_library_path_lib.sh'
[6.341s] Level 1:colcon.colcon_core.environment:checking '/home/xyh/eufs_sim/install/eufs_msgs/bin'
[6.341s] Level 1:colcon.colcon_core.environment:checking '/home/xyh/eufs_sim/install/eufs_msgs/lib/pkgconfig/eufs_msgs.pc'
[6.341s] Level 1:colcon.colcon_core.environment:checking '/home/xyh/eufs_sim/install/eufs_msgs/lib/python3.8/site-packages'
[6.341s] Level 1:colcon.colcon_core.shell:create_environment_hook('eufs_msgs', 'pythonpath')
[6.341s] INFO:colcon.colcon_core.shell:Creating environment hook '/home/xyh/eufs_sim/install/eufs_msgs/share/eufs_msgs/hook/pythonpath.ps1'
[6.342s] INFO:colcon.colcon_core.shell:Creating environment descriptor '/home/xyh/eufs_sim/install/eufs_msgs/share/eufs_msgs/hook/pythonpath.dsv'
[6.342s] INFO:colcon.colcon_core.shell:Creating environment hook '/home/xyh/eufs_sim/install/eufs_msgs/share/eufs_msgs/hook/pythonpath.sh'
[6.343s] Level 1:colcon.colcon_core.environment:checking '/home/xyh/eufs_sim/install/eufs_msgs/bin'
[6.344s] INFO:colcon.colcon_core.shell:Creating package script '/home/xyh/eufs_sim/install/eufs_msgs/share/eufs_msgs/package.ps1'
[6.345s] INFO:colcon.colcon_core.shell:Creating package descriptor '/home/xyh/eufs_sim/install/eufs_msgs/share/eufs_msgs/package.dsv'
[6.346s] INFO:colcon.colcon_core.shell:Creating package script '/home/xyh/eufs_sim/install/eufs_msgs/share/eufs_msgs/package.sh'
[6.346s] INFO:colcon.colcon_core.shell:Creating package script '/home/xyh/eufs_sim/install/eufs_msgs/share/eufs_msgs/package.bash'
[6.347s] INFO:colcon.colcon_core.shell:Creating package script '/home/xyh/eufs_sim/install/eufs_msgs/share/eufs_msgs/package.zsh'
[6.348s] Level 1:colcon.colcon_core.environment:create_file_with_runtime_dependencies(/home/xyh/eufs_sim/install/eufs_msgs/share/colcon-core/packages/eufs_msgs)
[6.350s] INFO:colcon.colcon_ros.task.ament_cmake.build:Building ROS package in '/home/xyh/eufs_sim/eufs_models' with build type 'ament_cmake'
[6.350s] INFO:colcon.colcon_cmake.task.cmake.build:Building CMake package in '/home/xyh/eufs_sim/eufs_models'
[6.351s] INFO:colcon.colcon_core.shell:Skip shell extension 'powershell' for command environment: Not usable outside of PowerShell
[6.351s] DEBUG:colcon.colcon_core.shell:Skip shell extension 'dsv' for command environment
[6.374s] DEBUG:colcon.colcon_core.event_handler.log_command:Invoking command in '/home/xyh/eufs_sim/build/eufs_models': AMENT_PREFIX_PATH=/home/xyh/eufs_sim/install/eufs_msgs:${AMENT_PREFIX_PATH} CMAKE_PREFIX_PATH=/home/xyh/eufs_sim/install/eufs_msgs:/opt/ros/foxy LD_LIBRARY_PATH=/home/xyh/eufs_sim/install/eufs_msgs/lib:/usr/lib/x86_64-linux-gnu/gazebo-11/plugins:/opt/ros/foxy/opt/yaml_cpp_vendor/lib:/opt/ros/foxy/opt/rviz_ogre_vendor/lib:/opt/ros/foxy/lib/x86_64-linux-gnu:/opt/ros/foxy/lib:/usr/lib/x86_64-linux-gnu/gazebo-11/plugins:/usr/lib/x86_64-linux-gnu/gazebo-11/plugins:/usr/lib/x86_64-linux-gnu/gazebo-11/plugins PYTHONPATH=/home/xyh/eufs_sim/install/eufs_msgs/lib/python3.8/site-packages:${PYTHONPATH} /usr/bin/cmake --build /home/xyh/eufs_sim/build/eufs_models -- -j2 -l2
[6.518s] DEBUG:colcon.colcon_core.event_handler.log_command:Invoked command in '/home/xyh/eufs_sim/build/eufs_models' returned '0': AMENT_PREFIX_PATH=/home/xyh/eufs_sim/install/eufs_msgs:${AMENT_PREFIX_PATH} CMAKE_PREFIX_PATH=/home/xyh/eufs_sim/install/eufs_msgs:/opt/ros/foxy LD_LIBRARY_PATH=/home/xyh/eufs_sim/install/eufs_msgs/lib:/usr/lib/x86_64-linux-gnu/gazebo-11/plugins:/opt/ros/foxy/opt/yaml_cpp_vendor/lib:/opt/ros/foxy/opt/rviz_ogre_vendor/lib:/opt/ros/foxy/lib/x86_64-linux-gnu:/opt/ros/foxy/lib:/usr/lib/x86_64-linux-gnu/gazebo-11/plugins:/usr/lib/x86_64-linux-gnu/gazebo-11/plugins:/usr/lib/x86_64-linux-gnu/gazebo-11/plugins PYTHONPATH=/home/xyh/eufs_sim/install/eufs_msgs/lib/python3.8/site-packages:${PYTHONPATH} /usr/bin/cmake --build /home/xyh/eufs_sim/build/eufs_models -- -j2 -l2
[6.570s] DEBUG:colcon.colcon_core.event_handler.log_command:Invoking command in '/home/xyh/eufs_sim/build/eufs_models': AMENT_PREFIX_PATH=/home/xyh/eufs_sim/install/eufs_msgs:${AMENT_PREFIX_PATH} CMAKE_PREFIX_PATH=/home/xyh/eufs_sim/install/eufs_msgs:/opt/ros/foxy LD_LIBRARY_PATH=/home/xyh/eufs_sim/install/eufs_msgs/lib:/usr/lib/x86_64-linux-gnu/gazebo-11/plugins:/opt/ros/foxy/opt/yaml_cpp_vendor/lib:/opt/ros/foxy/opt/rviz_ogre_vendor/lib:/opt/ros/foxy/lib/x86_64-linux-gnu:/opt/ros/foxy/lib:/usr/lib/x86_64-linux-gnu/gazebo-11/plugins:/usr/lib/x86_64-linux-gnu/gazebo-11/plugins:/usr/lib/x86_64-linux-gnu/gazebo-11/plugins PYTHONPATH=/home/xyh/eufs_sim/install/eufs_msgs/lib/python3.8/site-packages:${PYTHONPATH} /usr/bin/cmake --install /home/xyh/eufs_sim/build/eufs_models
[6.610s] Level 1:colcon.colcon_core.environment:create_environment_scripts_only(eufs_models)
[6.611s] Level 1:colcon.colcon_core.environment:checking '/home/xyh/eufs_sim/install/eufs_models' for CMake module files
[6.612s] Level 1:colcon.colcon_core.environment:checking '/home/xyh/eufs_sim/install/eufs_models' for CMake config files
[6.613s] Level 1:colcon.colcon_core.shell:create_environment_hook('eufs_models', 'cmake_prefix_path')
[6.613s] INFO:colcon.colcon_core.shell:Creating environment hook '/home/xyh/eufs_sim/install/eufs_models/share/eufs_models/hook/cmake_prefix_path.ps1'
[6.615s] DEBUG:colcon.colcon_core.event_handler.log_command:Invoked command in '/home/xyh/eufs_sim/build/eufs_models' returned '0': AMENT_PREFIX_PATH=/home/xyh/eufs_sim/install/eufs_msgs:${AMENT_PREFIX_PATH} CMAKE_PREFIX_PATH=/home/xyh/eufs_sim/install/eufs_msgs:/opt/ros/foxy LD_LIBRARY_PATH=/home/xyh/eufs_sim/install/eufs_msgs/lib:/usr/lib/x86_64-linux-gnu/gazebo-11/plugins:/opt/ros/foxy/opt/yaml_cpp_vendor/lib:/opt/ros/foxy/opt/rviz_ogre_vendor/lib:/opt/ros/foxy/lib/x86_64-linux-gnu:/opt/ros/foxy/lib:/usr/lib/x86_64-linux-gnu/gazebo-11/plugins:/usr/lib/x86_64-linux-gnu/gazebo-11/plugins:/usr/lib/x86_64-linux-gnu/gazebo-11/plugins PYTHONPATH=/home/xyh/eufs_sim/install/eufs_msgs/lib/python3.8/site-packages:${PYTHONPATH} /usr/bin/cmake --install /home/xyh/eufs_sim/build/eufs_models
[6.616s] INFO:colcon.colcon_core.shell:Creating environment descriptor '/home/xyh/eufs_sim/install/eufs_models/share/eufs_models/hook/cmake_prefix_path.dsv'
[6.616s] INFO:colcon.colcon_core.shell:Creating environment hook '/home/xyh/eufs_sim/install/eufs_models/share/eufs_models/hook/cmake_prefix_path.sh'
[6.617s] Level 1:colcon.colcon_core.environment:checking '/home/xyh/eufs_sim/install/eufs_models/lib'
[6.618s] Level 1:colcon.colcon_core.environment:checking '/home/xyh/eufs_sim/install/eufs_models/bin'
[6.618s] Level 1:colcon.colcon_core.environment:checking '/home/xyh/eufs_sim/install/eufs_models/lib/pkgconfig/eufs_models.pc'
[6.618s] Level 1:colcon.colcon_core.environment:checking '/home/xyh/eufs_sim/install/eufs_models/lib/python3.8/site-packages'
[6.618s] Level 1:colcon.colcon_core.environment:checking '/home/xyh/eufs_sim/install/eufs_models/bin'
[6.619s] INFO:colcon.colcon_core.shell:Creating package script '/home/xyh/eufs_sim/install/eufs_models/share/eufs_models/package.ps1'
[6.620s] INFO:colcon.colcon_core.shell:Creating package descriptor '/home/xyh/eufs_sim/install/eufs_models/share/eufs_models/package.dsv'
[6.621s] INFO:colcon.colcon_core.shell:Creating package script '/home/xyh/eufs_sim/install/eufs_models/share/eufs_models/package.sh'
[6.621s] INFO:colcon.colcon_core.shell:Creating package script '/home/xyh/eufs_sim/install/eufs_models/share/eufs_models/package.bash'
[6.622s] INFO:colcon.colcon_core.shell:Creating package script '/home/xyh/eufs_sim/install/eufs_models/share/eufs_models/package.zsh'
[6.623s] Level 1:colcon.colcon_core.environment:create_file_with_runtime_dependencies(/home/xyh/eufs_sim/install/eufs_models/share/colcon-core/packages/eufs_models)
[6.712s] Level 1:colcon.colcon_core.environment:create_environment_scripts_only(eufs_models)
[6.712s] Level 1:colcon.colcon_core.environment:checking '/home/xyh/eufs_sim/install/eufs_models' for CMake module files
[6.714s] Level 1:colcon.colcon_core.environment:checking '/home/xyh/eufs_sim/install/eufs_models' for CMake config files
[6.715s] Level 1:colcon.colcon_core.shell:create_environment_hook('eufs_models', 'cmake_prefix_path')
[6.715s] INFO:colcon.colcon_core.shell:Creating environment hook '/home/xyh/eufs_sim/install/eufs_models/share/eufs_models/hook/cmake_prefix_path.ps1'
[6.717s] INFO:colcon.colcon_core.shell:Creating environment descriptor '/home/xyh/eufs_sim/install/eufs_models/share/eufs_models/hook/cmake_prefix_path.dsv'
[6.718s] INFO:colcon.colcon_core.shell:Creating environment hook '/home/xyh/eufs_sim/install/eufs_models/share/eufs_models/hook/cmake_prefix_path.sh'
[6.719s] Level 1:colcon.colcon_core.environment:checking '/home/xyh/eufs_sim/install/eufs_models/lib'
[6.720s] Level 1:colcon.colcon_core.environment:checking '/home/xyh/eufs_sim/install/eufs_models/bin'
[6.720s] Level 1:colcon.colcon_core.environment:checking '/home/xyh/eufs_sim/install/eufs_models/lib/pkgconfig/eufs_models.pc'
[6.721s] Level 1:colcon.colcon_core.environment:checking '/home/xyh/eufs_sim/install/eufs_models/lib/python3.8/site-packages'
[6.721s] Level 1:colcon.colcon_core.environment:checking '/home/xyh/eufs_sim/install/eufs_models/bin'
[6.722s] INFO:colcon.colcon_core.shell:Creating package script '/home/xyh/eufs_sim/install/eufs_models/share/eufs_models/package.ps1'
[6.723s] INFO:colcon.colcon_core.shell:Creating package descriptor '/home/xyh/eufs_sim/install/eufs_models/share/eufs_models/package.dsv'
[6.724s] INFO:colcon.colcon_core.shell:Creating package script '/home/xyh/eufs_sim/install/eufs_models/share/eufs_models/package.sh'
[6.725s] INFO:colcon.colcon_core.shell:Creating package script '/home/xyh/eufs_sim/install/eufs_models/share/eufs_models/package.bash'
[6.726s] INFO:colcon.colcon_core.shell:Creating package script '/home/xyh/eufs_sim/install/eufs_models/share/eufs_models/package.zsh'
[6.727s] Level 1:colcon.colcon_core.environment:create_file_with_runtime_dependencies(/home/xyh/eufs_sim/install/eufs_models/share/colcon-core/packages/eufs_models)
[6.730s] INFO:colcon.colcon_ros.task.ament_python.build:Building ROS package in '/home/xyh/eufs_sim/eufs_rqt' with build type 'ament_python'
[6.731s] Level 1:colcon.colcon_core.shell:create_environment_hook('eufs_rqt', 'ament_prefix_path')
[6.731s] INFO:colcon.colcon_core.shell:Creating environment hook '/home/xyh/eufs_sim/install/eufs_rqt/share/eufs_rqt/hook/ament_prefix_path.ps1'
[6.733s] INFO:colcon.colcon_core.shell:Creating environment descriptor '/home/xyh/eufs_sim/install/eufs_rqt/share/eufs_rqt/hook/ament_prefix_path.dsv'
[6.733s] INFO:colcon.colcon_core.shell:Creating environment hook '/home/xyh/eufs_sim/install/eufs_rqt/share/eufs_rqt/hook/ament_prefix_path.sh'
[6.735s] INFO:colcon.colcon_core.shell:Skip shell extension 'powershell' for command environment: Not usable outside of PowerShell
[6.735s] DEBUG:colcon.colcon_core.shell:Skip shell extension 'dsv' for command environment
[7.273s] INFO:colcon.colcon_core.task.python.build:Building Python package in '/home/xyh/eufs_sim/eufs_rqt'
[7.274s] INFO:colcon.colcon_core.shell:Skip shell extension 'powershell' for command environment: Not usable outside of PowerShell
[7.274s] DEBUG:colcon.colcon_core.shell:Skip shell extension 'dsv' for command environment
[7.292s] DEBUG:colcon.colcon_core.event_handler.log_command:Invoking command in '/home/xyh/eufs_sim/eufs_launcher': AMENT_PREFIX_PATH=/home/xyh/eufs_sim/install/eufs_tracks:${AMENT_PREFIX_PATH} PYTHONPATH=/home/xyh/eufs_sim/build/eufs_launcher/prefix_override:/home/xyh/eufs_sim/install/eufs_launcher/lib/python3.8/site-packages:/home/xyh/eufs_sim/install/eufs_tracks/lib/python3.8/site-packages:${PYTHONPATH} /usr/bin/python3 -W ignore:setup.py install is deprecated setup.py egg_info --egg-base ../build/eufs_launcher build --build-base /home/xyh/eufs_sim/build/eufs_launcher/build install --record /home/xyh/eufs_sim/build/eufs_launcher/install.log --single-version-externally-managed install_data
[7.922s] Level 1:colcon.colcon_core.environment:checking '/home/xyh/eufs_sim/install/eufs_launcher' for CMake module files
[7.924s] DEBUG:colcon.colcon_core.event_handler.log_command:Invoked command in '/home/xyh/eufs_sim/eufs_launcher' returned '0': AMENT_PREFIX_PATH=/home/xyh/eufs_sim/install/eufs_tracks:${AMENT_PREFIX_PATH} PYTHONPATH=/home/xyh/eufs_sim/build/eufs_launcher/prefix_override:/home/xyh/eufs_sim/install/eufs_launcher/lib/python3.8/site-packages:/home/xyh/eufs_sim/install/eufs_tracks/lib/python3.8/site-packages:${PYTHONPATH} /usr/bin/python3 -W ignore:setup.py install is deprecated setup.py egg_info --egg-base ../build/eufs_launcher build --build-base /home/xyh/eufs_sim/build/eufs_launcher/build install --record /home/xyh/eufs_sim/build/eufs_launcher/install.log --single-version-externally-managed install_data
[7.925s] Level 1:colcon.colcon_core.environment:checking '/home/xyh/eufs_sim/install/eufs_launcher' for CMake config files
[7.926s] Level 1:colcon.colcon_core.environment:checking '/home/xyh/eufs_sim/install/eufs_launcher/lib'
[7.926s] Level 1:colcon.colcon_core.environment:checking '/home/xyh/eufs_sim/install/eufs_launcher/bin'
[7.927s] Level 1:colcon.colcon_core.environment:checking '/home/xyh/eufs_sim/install/eufs_launcher/lib/pkgconfig/eufs_launcher.pc'
[7.927s] Level 1:colcon.colcon_core.environment:checking '/home/xyh/eufs_sim/install/eufs_launcher/lib/python3.8/site-packages'
[7.927s] Level 1:colcon.colcon_core.shell:create_environment_hook('eufs_launcher', 'pythonpath')
[7.928s] INFO:colcon.colcon_core.shell:Creating environment hook '/home/xyh/eufs_sim/install/eufs_launcher/share/eufs_launcher/hook/pythonpath.ps1'
[7.930s] INFO:colcon.colcon_core.shell:Creating environment descriptor '/home/xyh/eufs_sim/install/eufs_launcher/share/eufs_launcher/hook/pythonpath.dsv'
[7.932s] INFO:colcon.colcon_core.shell:Creating environment hook '/home/xyh/eufs_sim/install/eufs_launcher/share/eufs_launcher/hook/pythonpath.sh'
[7.933s] Level 1:colcon.colcon_core.environment:checking '/home/xyh/eufs_sim/install/eufs_launcher/bin'
[7.933s] Level 1:colcon.colcon_core.environment:create_environment_scripts_only(eufs_launcher)
[7.934s] INFO:colcon.colcon_core.shell:Creating package script '/home/xyh/eufs_sim/install/eufs_launcher/share/eufs_launcher/package.ps1'
[7.935s] INFO:colcon.colcon_core.shell:Creating package descriptor '/home/xyh/eufs_sim/install/eufs_launcher/share/eufs_launcher/package.dsv'
[7.935s] INFO:colcon.colcon_core.shell:Creating package script '/home/xyh/eufs_sim/install/eufs_launcher/share/eufs_launcher/package.sh'
[7.936s] INFO:colcon.colcon_core.shell:Creating package script '/home/xyh/eufs_sim/install/eufs_launcher/share/eufs_launcher/package.bash'
[7.937s] INFO:colcon.colcon_core.shell:Creating package script '/home/xyh/eufs_sim/install/eufs_launcher/share/eufs_launcher/package.zsh'
[7.937s] Level 1:colcon.colcon_core.environment:create_file_with_runtime_dependencies(/home/xyh/eufs_sim/install/eufs_launcher/share/colcon-core/packages/eufs_launcher)
[7.939s] INFO:colcon.colcon_ros.task.ament_cmake.build:Building ROS package in '/home/xyh/eufs_sim/eufs_plugins' with build type 'ament_cmake'
[7.940s] INFO:colcon.colcon_cmake.task.cmake.build:Building CMake package in '/home/xyh/eufs_sim/eufs_plugins'
[7.940s] INFO:colcon.colcon_core.shell:Skip shell extension 'powershell' for command environment: Not usable outside of PowerShell
[7.940s] DEBUG:colcon.colcon_core.shell:Skip shell extension 'dsv' for command environment
[7.983s] DEBUG:colcon.colcon_core.event_handler.log_command:Invoking command in '/home/xyh/eufs_sim/build/eufs_plugins': AMENT_PREFIX_PATH=/home/xyh/eufs_sim/install/eufs_models:/home/xyh/eufs_sim/install/eufs_msgs:${AMENT_PREFIX_PATH} CMAKE_PREFIX_PATH=/home/xyh/eufs_sim/install/eufs_models:/home/xyh/eufs_sim/install/eufs_msgs:/opt/ros/foxy LD_LIBRARY_PATH=/home/xyh/eufs_sim/install/eufs_models/lib:/home/xyh/eufs_sim/install/eufs_msgs/lib:/usr/lib/x86_64-linux-gnu/gazebo-11/plugins:/opt/ros/foxy/opt/yaml_cpp_vendor/lib:/opt/ros/foxy/opt/rviz_ogre_vendor/lib:/opt/ros/foxy/lib/x86_64-linux-gnu:/opt/ros/foxy/lib:/usr/lib/x86_64-linux-gnu/gazebo-11/plugins:/usr/lib/x86_64-linux-gnu/gazebo-11/plugins:/usr/lib/x86_64-linux-gnu/gazebo-11/plugins PYTHONPATH=/home/xyh/eufs_sim/install/eufs_msgs/lib/python3.8/site-packages:${PYTHONPATH} /usr/bin/cmake --build /home/xyh/eufs_sim/build/eufs_plugins -- -j2 -l2
[8.042s] DEBUG:colcon.colcon_core.event_handler.log_command:Invoking command in '/home/xyh/eufs_sim/eufs_rqt': AMENT_PREFIX_PATH=/home/xyh/eufs_sim/install/eufs_msgs:${AMENT_PREFIX_PATH} CMAKE_PREFIX_PATH=/home/xyh/eufs_sim/install/eufs_msgs LD_LIBRARY_PATH=/home/xyh/eufs_sim/install/eufs_msgs/lib:/usr/lib/x86_64-linux-gnu/gazebo-11/plugins:/opt/ros/foxy/opt/yaml_cpp_vendor/lib:/opt/ros/foxy/opt/rviz_ogre_vendor/lib:/opt/ros/foxy/lib/x86_64-linux-gnu:/opt/ros/foxy/lib:/usr/lib/x86_64-linux-gnu/gazebo-11/plugins:/usr/lib/x86_64-linux-gnu/gazebo-11/plugins:/usr/lib/x86_64-linux-gnu/gazebo-11/plugins PYTHONPATH=/home/xyh/eufs_sim/build/eufs_rqt/prefix_override:/home/xyh/eufs_sim/install/eufs_rqt/lib/python3.8/site-packages:/home/xyh/eufs_sim/install/eufs_msgs/lib/python3.8/site-packages:${PYTHONPATH} /usr/bin/python3 -W ignore:setup.py install is deprecated setup.py egg_info --egg-base ../build/eufs_rqt build --build-base /home/xyh/eufs_sim/build/eufs_rqt/build install --record /home/xyh/eufs_sim/build/eufs_rqt/install.log --single-version-externally-managed install_data
[8.709s] Level 1:colcon.colcon_core.environment:checking '/home/xyh/eufs_sim/install/eufs_rqt' for CMake module files
[8.710s] DEBUG:colcon.colcon_core.event_handler.log_command:Invoked command in '/home/xyh/eufs_sim/eufs_rqt' returned '0': AMENT_PREFIX_PATH=/home/xyh/eufs_sim/install/eufs_msgs:${AMENT_PREFIX_PATH} CMAKE_PREFIX_PATH=/home/xyh/eufs_sim/install/eufs_msgs LD_LIBRARY_PATH=/home/xyh/eufs_sim/install/eufs_msgs/lib:/usr/lib/x86_64-linux-gnu/gazebo-11/plugins:/opt/ros/foxy/opt/yaml_cpp_vendor/lib:/opt/ros/foxy/opt/rviz_ogre_vendor/lib:/opt/ros/foxy/lib/x86_64-linux-gnu:/opt/ros/foxy/lib:/usr/lib/x86_64-linux-gnu/gazebo-11/plugins:/usr/lib/x86_64-linux-gnu/gazebo-11/plugins:/usr/lib/x86_64-linux-gnu/gazebo-11/plugins PYTHONPATH=/home/xyh/eufs_sim/build/eufs_rqt/prefix_override:/home/xyh/eufs_sim/install/eufs_rqt/lib/python3.8/site-packages:/home/xyh/eufs_sim/install/eufs_msgs/lib/python3.8/site-packages:${PYTHONPATH} /usr/bin/python3 -W ignore:setup.py install is deprecated setup.py egg_info --egg-base ../build/eufs_rqt build --build-base /home/xyh/eufs_sim/build/eufs_rqt/build install --record /home/xyh/eufs_sim/build/eufs_rqt/install.log --single-version-externally-managed install_data
[8.711s] Level 1:colcon.colcon_core.environment:checking '/home/xyh/eufs_sim/install/eufs_rqt' for CMake config files
[8.712s] Level 1:colcon.colcon_core.environment:checking '/home/xyh/eufs_sim/install/eufs_rqt/lib'
[8.712s] Level 1:colcon.colcon_core.environment:checking '/home/xyh/eufs_sim/install/eufs_rqt/bin'
[8.712s] Level 1:colcon.colcon_core.environment:checking '/home/xyh/eufs_sim/install/eufs_rqt/lib/pkgconfig/eufs_rqt.pc'
[8.712s] Level 1:colcon.colcon_core.environment:checking '/home/xyh/eufs_sim/install/eufs_rqt/lib/python3.8/site-packages'
[8.712s] Level 1:colcon.colcon_core.shell:create_environment_hook('eufs_rqt', 'pythonpath')
[8.713s] INFO:colcon.colcon_core.shell:Creating environment hook '/home/xyh/eufs_sim/install/eufs_rqt/share/eufs_rqt/hook/pythonpath.ps1'
[8.714s] INFO:colcon.colcon_core.shell:Creating environment descriptor '/home/xyh/eufs_sim/install/eufs_rqt/share/eufs_rqt/hook/pythonpath.dsv'
[8.715s] INFO:colcon.colcon_core.shell:Creating environment hook '/home/xyh/eufs_sim/install/eufs_rqt/share/eufs_rqt/hook/pythonpath.sh'
[8.716s] Level 1:colcon.colcon_core.environment:checking '/home/xyh/eufs_sim/install/eufs_rqt/bin'
[8.716s] Level 1:colcon.colcon_core.environment:create_environment_scripts_only(eufs_rqt)
[8.716s] INFO:colcon.colcon_core.shell:Creating package script '/home/xyh/eufs_sim/install/eufs_rqt/share/eufs_rqt/package.ps1'
[8.718s] INFO:colcon.colcon_core.shell:Creating package descriptor '/home/xyh/eufs_sim/install/eufs_rqt/share/eufs_rqt/package.dsv'
[8.719s] INFO:colcon.colcon_core.shell:Creating package script '/home/xyh/eufs_sim/install/eufs_rqt/share/eufs_rqt/package.sh'
[8.720s] INFO:colcon.colcon_core.shell:Creating package script '/home/xyh/eufs_sim/install/eufs_rqt/share/eufs_rqt/package.bash'
[8.721s] INFO:colcon.colcon_core.shell:Creating package script '/home/xyh/eufs_sim/install/eufs_rqt/share/eufs_rqt/package.zsh'
[8.722s] Level 1:colcon.colcon_core.environment:create_file_with_runtime_dependencies(/home/xyh/eufs_sim/install/eufs_rqt/share/colcon-core/packages/eufs_rqt)
[13.996s] DEBUG:colcon.colcon_core.event_handler.log_command:Invoked command in '/home/xyh/eufs_sim/build/eufs_plugins' returned '0': AMENT_PREFIX_PATH=/home/xyh/eufs_sim/install/eufs_models:/home/xyh/eufs_sim/install/eufs_msgs:${AMENT_PREFIX_PATH} CMAKE_PREFIX_PATH=/home/xyh/eufs_sim/install/eufs_models:/home/xyh/eufs_sim/install/eufs_msgs:/opt/ros/foxy LD_LIBRARY_PATH=/home/xyh/eufs_sim/install/eufs_models/lib:/home/xyh/eufs_sim/install/eufs_msgs/lib:/usr/lib/x86_64-linux-gnu/gazebo-11/plugins:/opt/ros/foxy/opt/yaml_cpp_vendor/lib:/opt/ros/foxy/opt/rviz_ogre_vendor/lib:/opt/ros/foxy/lib/x86_64-linux-gnu:/opt/ros/foxy/lib:/usr/lib/x86_64-linux-gnu/gazebo-11/plugins:/usr/lib/x86_64-linux-gnu/gazebo-11/plugins:/usr/lib/x86_64-linux-gnu/gazebo-11/plugins PYTHONPATH=/home/xyh/eufs_sim/install/eufs_msgs/lib/python3.8/site-packages:${PYTHONPATH} /usr/bin/cmake --build /home/xyh/eufs_sim/build/eufs_plugins -- -j2 -l2
[14.050s] DEBUG:colcon.colcon_core.event_handler.log_command:Invoking command in '/home/xyh/eufs_sim/build/eufs_plugins': AMENT_PREFIX_PATH=/home/xyh/eufs_sim/install/eufs_models:/home/xyh/eufs_sim/install/eufs_msgs:${AMENT_PREFIX_PATH} CMAKE_PREFIX_PATH=/home/xyh/eufs_sim/install/eufs_models:/home/xyh/eufs_sim/install/eufs_msgs:/opt/ros/foxy LD_LIBRARY_PATH=/home/xyh/eufs_sim/install/eufs_models/lib:/home/xyh/eufs_sim/install/eufs_msgs/lib:/usr/lib/x86_64-linux-gnu/gazebo-11/plugins:/opt/ros/foxy/opt/yaml_cpp_vendor/lib:/opt/ros/foxy/opt/rviz_ogre_vendor/lib:/opt/ros/foxy/lib/x86_64-linux-gnu:/opt/ros/foxy/lib:/usr/lib/x86_64-linux-gnu/gazebo-11/plugins:/usr/lib/x86_64-linux-gnu/gazebo-11/plugins:/usr/lib/x86_64-linux-gnu/gazebo-11/plugins PYTHONPATH=/home/xyh/eufs_sim/install/eufs_msgs/lib/python3.8/site-packages:${PYTHONPATH} /usr/bin/cmake --install /home/xyh/eufs_sim/build/eufs_plugins
[14.095s] Level 1:colcon.colcon_core.environment:create_environment_scripts_only(eufs_plugins)
[14.096s] Level 1:colcon.colcon_core.environment:checking '/home/xyh/eufs_sim/install/eufs_plugins' for CMake module files
[14.097s] DEBUG:colcon.colcon_core.event_handler.log_command:Invoked command in '/home/xyh/eufs_sim/build/eufs_plugins' returned '0': AMENT_PREFIX_PATH=/home/xyh/eufs_sim/install/eufs_models:/home/xyh/eufs_sim/install/eufs_msgs:${AMENT_PREFIX_PATH} CMAKE_PREFIX_PATH=/home/xyh/eufs_sim/install/eufs_models:/home/xyh/eufs_sim/install/eufs_msgs:/opt/ros/foxy LD_LIBRARY_PATH=/home/xyh/eufs_sim/install/eufs_models/lib:/home/xyh/eufs_sim/install/eufs_msgs/lib:/usr/lib/x86_64-linux-gnu/gazebo-11/plugins:/opt/ros/foxy/opt/yaml_cpp_vendor/lib:/opt/ros/foxy/opt/rviz_ogre_vendor/lib:/opt/ros/foxy/lib/x86_64-linux-gnu:/opt/ros/foxy/lib:/usr/lib/x86_64-linux-gnu/gazebo-11/plugins:/usr/lib/x86_64-linux-gnu/gazebo-11/plugins:/usr/lib/x86_64-linux-gnu/gazebo-11/plugins PYTHONPATH=/home/xyh/eufs_sim/install/eufs_msgs/lib/python3.8/site-packages:${PYTHONPATH} /usr/bin/cmake --install /home/xyh/eufs_sim/build/eufs_plugins
[14.097s] Level 1:colcon.colcon_core.environment:checking '/home/xyh/eufs_sim/install/eufs_plugins' for CMake config files
[14.098s] Level 1:colcon.colcon_core.shell:create_environment_hook('eufs_plugins', 'cmake_prefix_path')
[14.098s] INFO:colcon.colcon_core.shell:Creating environment hook '/home/xyh/eufs_sim/install/eufs_plugins/share/eufs_plugins/hook/cmake_prefix_path.ps1'
[14.099s] INFO:colcon.colcon_core.shell:Creating environment descriptor '/home/xyh/eufs_sim/install/eufs_plugins/share/eufs_plugins/hook/cmake_prefix_path.dsv'
[14.099s] INFO:colcon.colcon_core.shell:Creating environment hook '/home/xyh/eufs_sim/install/eufs_plugins/share/eufs_plugins/hook/cmake_prefix_path.sh'
[14.100s] Level 1:colcon.colcon_core.environment:checking '/home/xyh/eufs_sim/install/eufs_plugins/lib'
[14.100s] Level 1:colcon.colcon_core.shell:create_environment_hook('eufs_plugins', 'ld_library_path_lib')
[14.101s] INFO:colcon.colcon_core.shell:Creating environment hook '/home/xyh/eufs_sim/install/eufs_plugins/share/eufs_plugins/hook/ld_library_path_lib.ps1'
[14.101s] INFO:colcon.colcon_core.shell:Creating environment descriptor '/home/xyh/eufs_sim/install/eufs_plugins/share/eufs_plugins/hook/ld_library_path_lib.dsv'
[14.102s] INFO:colcon.colcon_core.shell:Creating environment hook '/home/xyh/eufs_sim/install/eufs_plugins/share/eufs_plugins/hook/ld_library_path_lib.sh'
[14.103s] Level 1:colcon.colcon_core.environment:checking '/home/xyh/eufs_sim/install/eufs_plugins/bin'
[14.103s] Level 1:colcon.colcon_core.environment:checking '/home/xyh/eufs_sim/install/eufs_plugins/lib/pkgconfig/eufs_plugins.pc'
[14.104s] Level 1:colcon.colcon_core.environment:checking '/home/xyh/eufs_sim/install/eufs_plugins/lib/python3.8/site-packages'
[14.104s] Level 1:colcon.colcon_core.environment:checking '/home/xyh/eufs_sim/install/eufs_plugins/bin'
[14.105s] INFO:colcon.colcon_core.shell:Creating package script '/home/xyh/eufs_sim/install/eufs_plugins/share/eufs_plugins/package.ps1'
[14.106s] INFO:colcon.colcon_core.shell:Creating package descriptor '/home/xyh/eufs_sim/install/eufs_plugins/share/eufs_plugins/package.dsv'
[14.107s] INFO:colcon.colcon_core.shell:Creating package script '/home/xyh/eufs_sim/install/eufs_plugins/share/eufs_plugins/package.sh'
[14.108s] INFO:colcon.colcon_core.shell:Creating package script '/home/xyh/eufs_sim/install/eufs_plugins/share/eufs_plugins/package.bash'
[14.110s] INFO:colcon.colcon_core.shell:Creating package script '/home/xyh/eufs_sim/install/eufs_plugins/share/eufs_plugins/package.zsh'
[14.110s] Level 1:colcon.colcon_core.environment:create_file_with_runtime_dependencies(/home/xyh/eufs_sim/install/eufs_plugins/share/colcon-core/packages/eufs_plugins)
[14.162s] Level 1:colcon.colcon_core.environment:create_environment_scripts_only(eufs_plugins)
[14.163s] Level 1:colcon.colcon_core.environment:checking '/home/xyh/eufs_sim/install/eufs_plugins' for CMake module files
[14.164s] Level 1:colcon.colcon_core.environment:checking '/home/xyh/eufs_sim/install/eufs_plugins' for CMake config files
[14.164s] Level 1:colcon.colcon_core.shell:create_environment_hook('eufs_plugins', 'cmake_prefix_path')
[14.164s] INFO:colcon.colcon_core.shell:Creating environment hook '/home/xyh/eufs_sim/install/eufs_plugins/share/eufs_plugins/hook/cmake_prefix_path.ps1'
[14.166s] INFO:colcon.colcon_core.shell:Creating environment descriptor '/home/xyh/eufs_sim/install/eufs_plugins/share/eufs_plugins/hook/cmake_prefix_path.dsv'
[14.167s] INFO:colcon.colcon_core.shell:Creating environment hook '/home/xyh/eufs_sim/install/eufs_plugins/share/eufs_plugins/hook/cmake_prefix_path.sh'
[14.169s] Level 1:colcon.colcon_core.environment:checking '/home/xyh/eufs_sim/install/eufs_plugins/lib'
[14.169s] Level 1:colcon.colcon_core.shell:create_environment_hook('eufs_plugins', 'ld_library_path_lib')
[14.169s] INFO:colcon.colcon_core.shell:Creating environment hook '/home/xyh/eufs_sim/install/eufs_plugins/share/eufs_plugins/hook/ld_library_path_lib.ps1'
[14.170s] INFO:colcon.colcon_core.shell:Creating environment descriptor '/home/xyh/eufs_sim/install/eufs_plugins/share/eufs_plugins/hook/ld_library_path_lib.dsv'
[14.171s] INFO:colcon.colcon_core.shell:Creating environment hook '/home/xyh/eufs_sim/install/eufs_plugins/share/eufs_plugins/hook/ld_library_path_lib.sh'
[14.173s] Level 1:colcon.colcon_core.environment:checking '/home/xyh/eufs_sim/install/eufs_plugins/bin'
[14.173s] Level 1:colcon.colcon_core.environment:checking '/home/xyh/eufs_sim/install/eufs_plugins/lib/pkgconfig/eufs_plugins.pc'
[14.174s] Level 1:colcon.colcon_core.environment:checking '/home/xyh/eufs_sim/install/eufs_plugins/lib/python3.8/site-packages'
[14.174s] Level 1:colcon.colcon_core.environment:checking '/home/xyh/eufs_sim/install/eufs_plugins/bin'
[14.175s] INFO:colcon.colcon_core.shell:Creating package script '/home/xyh/eufs_sim/install/eufs_plugins/share/eufs_plugins/package.ps1'
[14.176s] INFO:colcon.colcon_core.shell:Creating package descriptor '/home/xyh/eufs_sim/install/eufs_plugins/share/eufs_plugins/package.dsv'
[14.177s] INFO:colcon.colcon_core.shell:Creating package script '/home/xyh/eufs_sim/install/eufs_plugins/share/eufs_plugins/package.sh'
[14.178s] INFO:colcon.colcon_core.shell:Creating package script '/home/xyh/eufs_sim/install/eufs_plugins/share/eufs_plugins/package.bash'
[14.179s] INFO:colcon.colcon_core.shell:Creating package script '/home/xyh/eufs_sim/install/eufs_plugins/share/eufs_plugins/package.zsh'
[14.180s] Level 1:colcon.colcon_core.environment:create_file_with_runtime_dependencies(/home/xyh/eufs_sim/install/eufs_plugins/share/colcon-core/packages/eufs_plugins)
[14.181s] DEBUG:colcon.colcon_parallel_executor.executor.parallel:closing loop
[14.182s] DEBUG:colcon.colcon_parallel_executor.executor.parallel:loop closed
[14.182s] DEBUG:colcon.colcon_parallel_executor.executor.parallel:run_until_complete finished with '0'
[14.183s] DEBUG:colcon.colcon_core.event_reactor:joining thread
[14.195s] INFO:colcon.colcon_core.plugin_system:Skipping extension 'colcon_notification.desktop_notification.terminal_notifier': Not used on non-Darwin systems
[14.195s] INFO:colcon.colcon_core.plugin_system:Skipping extension 'colcon_notification.desktop_notification.win32': Not used on non-Windows systems
[14.195s] INFO:colcon.colcon_notification.desktop_notification:Sending desktop notification using 'notify2'
[14.228s] DEBUG:colcon.colcon_core.event_reactor:joined thread
[14.228s] INFO:colcon.colcon_core.shell:Creating prefix script '/home/xyh/eufs_sim/install/local_setup.ps1'
[14.230s] INFO:colcon.colcon_core.shell:Creating prefix util module '/home/xyh/eufs_sim/install/_local_setup_util_ps1.py'
[14.231s] INFO:colcon.colcon_core.shell:Creating prefix chain script '/home/xyh/eufs_sim/install/setup.ps1'
[14.233s] INFO:colcon.colcon_core.shell:Creating prefix script '/home/xyh/eufs_sim/install/local_setup.sh'
[14.234s] INFO:colcon.colcon_core.shell:Creating prefix util module '/home/xyh/eufs_sim/install/_local_setup_util_sh.py'
[14.235s] INFO:colcon.colcon_core.shell:Creating prefix chain script '/home/xyh/eufs_sim/install/setup.sh'
[14.237s] INFO:colcon.colcon_core.shell:Creating prefix script '/home/xyh/eufs_sim/install/local_setup.bash'
[14.238s] INFO:colcon.colcon_core.shell:Creating prefix chain script '/home/xyh/eufs_sim/install/setup.bash'
[14.242s] INFO:colcon.colcon_core.shell:Creating prefix script '/home/xyh/eufs_sim/install/local_setup.zsh'
[14.243s] INFO:colcon.colcon_core.shell:Creating prefix chain script '/home/xyh/eufs_sim/install/setup.zsh'
