[0.033s] Invoking command in '/home/xyh/eufs_sim/build/eufs_sensors': CMAKE_PREFIX_PATH=/opt/ros/foxy /usr/bin/cmake --build /home/xyh/eufs_sim/build/eufs_sensors -- -j2 -l2
[0.148s] Invoked command in '/home/xyh/eufs_sim/build/eufs_sensors' returned '0': CMAKE_PREFIX_PATH=/opt/ros/foxy /usr/bin/cmake --build /home/xyh/eufs_sim/build/eufs_sensors -- -j2 -l2
[0.195s] Invoking command in '/home/xyh/eufs_sim/build/eufs_sensors': CMAKE_PREFIX_PATH=/opt/ros/foxy /usr/bin/cmake --install /home/xyh/eufs_sim/build/eufs_sensors
[0.223s] -- Install configuration: ""
[0.224s] -- Up-to-date: /home/xyh/eufs_sim/install/eufs_sensors/share/eufs_sensors/meshes
[0.224s] -- Up-to-date: /home/xyh/eufs_sim/install/eufs_sensors/share/eufs_sensors/meshes/VLP16_base_2.dae
[0.224s] -- Up-to-date: /home/xyh/eufs_sim/install/eufs_sensors/share/eufs_sensors/meshes/antenna_3GO16.stl
[0.224s] -- Up-to-date: /home/xyh/eufs_sim/install/eufs_sensors/share/eufs_sensors/meshes/VLP16_scan.dae
[0.225s] -- Up-to-date: /home/xyh/eufs_sim/install/eufs_sensors/share/eufs_sensors/meshes/zed.dae
[0.225s] -- Up-to-date: /home/xyh/eufs_sim/install/eufs_sensors/share/eufs_sensors/meshes/VLP16_base_1.dae
[0.225s] -- Up-to-date: /home/xyh/eufs_sim/install/eufs_sensors/share/eufs_sensors/meshes/antenna_3GO16.dae
[0.225s] -- Up-to-date: /home/xyh/eufs_sim/install/eufs_sensors/share/eufs_sensors/urdf
[0.226s] -- Up-to-date: /home/xyh/eufs_sim/install/eufs_sensors/share/eufs_sensors/urdf/all_sensors.urdf.xacro
[0.226s] -- Up-to-date: /home/xyh/eufs_sim/install/eufs_sensors/share/eufs_sensors/urdf/zed.urdf.xacro
[0.226s] -- Up-to-date: /home/xyh/eufs_sim/install/eufs_sensors/share/eufs_sensors/urdf/imu.urdf.xacro
[0.226s] -- Up-to-date: /home/xyh/eufs_sim/install/eufs_sensors/share/eufs_sensors/urdf/VLP-16R.urdf.xacro
[0.226s] -- Up-to-date: /home/xyh/eufs_sim/install/eufs_sensors/share/eufs_sensors/urdf/gps.urdf.xacro
[0.227s] -- Up-to-date: /home/xyh/eufs_sim/install/eufs_sensors/share/eufs_sensors/urdf/magnetometer.urdf.xacro
[0.227s] -- Up-to-date: /home/xyh/eufs_sim/install/eufs_sensors/share/ament_index/resource_index/package_run_dependencies/eufs_sensors
[0.227s] -- Up-to-date: /home/xyh/eufs_sim/install/eufs_sensors/share/ament_index/resource_index/parent_prefix_path/eufs_sensors
[0.227s] -- Up-to-date: /home/xyh/eufs_sim/install/eufs_sensors/share/eufs_sensors/environment/ament_prefix_path.sh
[0.227s] -- Up-to-date: /home/xyh/eufs_sim/install/eufs_sensors/share/eufs_sensors/environment/ament_prefix_path.dsv
[0.228s] -- Up-to-date: /home/xyh/eufs_sim/install/eufs_sensors/share/eufs_sensors/environment/path.sh
[0.228s] -- Up-to-date: /home/xyh/eufs_sim/install/eufs_sensors/share/eufs_sensors/environment/path.dsv
[0.228s] -- Up-to-date: /home/xyh/eufs_sim/install/eufs_sensors/share/eufs_sensors/local_setup.bash
[0.228s] -- Up-to-date: /home/xyh/eufs_sim/install/eufs_sensors/share/eufs_sensors/local_setup.sh
[0.229s] -- Up-to-date: /home/xyh/eufs_sim/install/eufs_sensors/share/eufs_sensors/local_setup.zsh
[0.229s] -- Up-to-date: /home/xyh/eufs_sim/install/eufs_sensors/share/eufs_sensors/local_setup.dsv
[0.229s] -- Installing: /home/xyh/eufs_sim/install/eufs_sensors/share/eufs_sensors/package.dsv
[0.229s] -- Up-to-date: /home/xyh/eufs_sim/install/eufs_sensors/share/ament_index/resource_index/packages/eufs_sensors
[0.230s] -- Up-to-date: /home/xyh/eufs_sim/install/eufs_sensors/share/eufs_sensors/cmake/ament_cmake_export_dependencies-extras.cmake
[0.233s] -- Up-to-date: /home/xyh/eufs_sim/install/eufs_sensors/share/eufs_sensors/cmake/eufs_sensorsConfig.cmake
[0.234s] -- Up-to-date: /home/xyh/eufs_sim/install/eufs_sensors/share/eufs_sensors/cmake/eufs_sensorsConfig-version.cmake
[0.235s] -- Up-to-date: /home/xyh/eufs_sim/install/eufs_sensors/share/eufs_sensors/package.xml
[0.236s] Invoked command in '/home/xyh/eufs_sim/build/eufs_sensors' returned '0': CMAKE_PREFIX_PATH=/opt/ros/foxy /usr/bin/cmake --install /home/xyh/eufs_sim/build/eufs_sensors
