[1.406s] Invoking command in '/home/xyh/eufs_sim/eufs_tracks': PYTHONPATH=/home/xyh/eufs_sim/build/eufs_tracks/prefix_override:/home/xyh/eufs_sim/install/eufs_tracks/lib/python3.8/site-packages:${PYTHONPATH} /usr/bin/python3 -W ignore:setup.py install is deprecated setup.py egg_info --egg-base ../build/eufs_tracks build --build-base /home/xyh/eufs_sim/build/eufs_tracks/build install --record /home/xyh/eufs_sim/build/eufs_tracks/install.log --single-version-externally-managed install_data
[1.911s] running egg_info
[1.912s] writing ../build/eufs_tracks/eufs_tracks.egg-info/PKG-INFO
[1.913s] writing dependency_links to ../build/eufs_tracks/eufs_tracks.egg-info/dependency_links.txt
[1.914s] writing entry points to ../build/eufs_tracks/eufs_tracks.egg-info/entry_points.txt
[1.914s] writing requirements to ../build/eufs_tracks/eufs_tracks.egg-info/requires.txt
[1.915s] writing top-level names to ../build/eufs_tracks/eufs_tracks.egg-info/top_level.txt
[2.009s] reading manifest file '../build/eufs_tracks/eufs_tracks.egg-info/SOURCES.txt'
[2.014s] writing manifest file '../build/eufs_tracks/eufs_tracks.egg-info/SOURCES.txt'
[2.015s] running build
[2.015s] running build_py
[2.017s] running build_scripts
[2.017s] running install
[2.020s] running install_lib
[2.026s] running install_data
[2.032s] running install_egg_info
[2.036s] removing '/home/xyh/eufs_sim/install/eufs_tracks/lib/python3.8/site-packages/eufs_tracks-2.0.0-py3.8.egg-info' (and everything under it)
[2.036s] Copying ../build/eufs_tracks/eufs_tracks.egg-info to /home/xyh/eufs_sim/install/eufs_tracks/lib/python3.8/site-packages/eufs_tracks-2.0.0-py3.8.egg-info
[2.039s] running install_scripts
[2.080s] changing mode of /home/xyh/eufs_sim/install/eufs_tracks/lib/eufs_tracks/eufs_tracks_generator to 775
[2.080s] changing mode of /home/xyh/eufs_sim/install/eufs_tracks/lib/eufs_tracks/eufs_tracks_converter to 775
[2.085s] writing list of installed files to '/home/xyh/eufs_sim/build/eufs_tracks/install.log'
[2.136s] Invoked command in '/home/xyh/eufs_sim/eufs_tracks' returned '0': PYTHONPATH=/home/xyh/eufs_sim/build/eufs_tracks/prefix_override:/home/xyh/eufs_sim/install/eufs_tracks/lib/python3.8/site-packages:${PYTHONPATH} /usr/bin/python3 -W ignore:setup.py install is deprecated setup.py egg_info --egg-base ../build/eufs_tracks build --build-base /home/xyh/eufs_sim/build/eufs_tracks/build install --record /home/xyh/eufs_sim/build/eufs_tracks/install.log --single-version-externally-managed install_data
