[0.044s] Invoking command in '/home/xyh/eufs_sim/build/eufs_plugins': AMENT_PREFIX_PATH=/home/xyh/eufs_sim/install/eufs_models:/home/xyh/eufs_sim/install/eufs_msgs:${AMENT_PREFIX_PATH} CMAKE_PREFIX_PATH=/home/xyh/eufs_sim/install/eufs_models:/home/xyh/eufs_sim/install/eufs_msgs:/opt/ros/foxy LD_LIBRARY_PATH=/home/xyh/eufs_sim/install/eufs_models/lib:/home/xyh/eufs_sim/install/eufs_msgs/lib:/usr/lib/x86_64-linux-gnu/gazebo-11/plugins:/opt/ros/foxy/opt/yaml_cpp_vendor/lib:/opt/ros/foxy/opt/rviz_ogre_vendor/lib:/opt/ros/foxy/lib/x86_64-linux-gnu:/opt/ros/foxy/lib:/usr/lib/x86_64-linux-gnu/gazebo-11/plugins:/usr/lib/x86_64-linux-gnu/gazebo-11/plugins:/usr/lib/x86_64-linux-gnu/gazebo-11/plugins PYTHONPATH=/home/xyh/eufs_sim/install/eufs_msgs/lib/python3.8/site-packages:${PYTHONPATH} /usr/bin/cmake --build /home/xyh/eufs_sim/build/eufs_plugins -- -j2 -l2
[0.159s] -- Found ament_cmake: 0.9.12 (/opt/ros/foxy/share/ament_cmake/cmake)
[0.209s] -- Using PYTHON_EXECUTABLE: /usr/bin/python3
[0.623s] -- Found gazebo_dev: 3.5.3 (/opt/ros/foxy/share/gazebo_dev/cmake)
[0.727s] -- Found DART: /usr/include (Required is at least version "6.6") found components: dart 
[0.826s] -- Found Protobuf: /usr/lib/x86_64-linux-gnu/libprotobuf.so;-lpthread (found version "3.6.1") 
[0.830s] -- Looking for ignition-math6 -- found version 6.15.1
[0.842s] -- Searching for dependencies of ignition-math6
[0.845s] -- Looking for OGRE...
[0.858s] -- Found Ogre Ghadamon (1.9.0)
[0.859s] -- Found OGRE: optimized;/usr/lib/x86_64-linux-gnu/libOgreMain.so;debug;/usr/lib/x86_64-linux-gnu/libOgreMain.so
[0.887s] -- Looking for OGRE_Paging...
[0.887s] -- Found OGRE_Paging: optimized;/usr/lib/x86_64-linux-gnu/libOgrePaging.so;debug;/usr/lib/x86_64-linux-gnu/libOgrePaging.so
[0.887s] -- Looking for OGRE_Terrain...
[0.887s] -- Found OGRE_Terrain: optimized;/usr/lib/x86_64-linux-gnu/libOgreTerrain.so;debug;/usr/lib/x86_64-linux-gnu/libOgreTerrain.so
[0.888s] -- Looking for OGRE_Property...
[0.888s] -- Found OGRE_Property: optimized;/usr/lib/x86_64-linux-gnu/libOgreProperty.so;debug;/usr/lib/x86_64-linux-gnu/libOgreProperty.so
[0.888s] -- Looking for OGRE_RTShaderSystem...
[0.888s] -- Found OGRE_RTShaderSystem: optimized;/usr/lib/x86_64-linux-gnu/libOgreRTShaderSystem.so;debug;/usr/lib/x86_64-linux-gnu/libOgreRTShaderSystem.so
[0.888s] -- Looking for OGRE_Volume...
[0.889s] -- Found OGRE_Volume: optimized;/usr/lib/x86_64-linux-gnu/libOgreVolume.so;debug;/usr/lib/x86_64-linux-gnu/libOgreVolume.so
[0.889s] -- Looking for OGRE_Overlay...
[0.889s] -- Found OGRE_Overlay: optimized;/usr/lib/x86_64-linux-gnu/libOgreOverlay.so;debug;/usr/lib/x86_64-linux-gnu/libOgreOverlay.so
[1.189s] -- Looking for ignition-math6 -- found version 6.15.1
[1.190s] -- Looking for ignition-transport8 -- found version 8.3.0
[1.191s] -- Searching for dependencies of ignition-transport8
[1.223s] -- Found Protobuf: /usr/lib/x86_64-linux-gnu/libprotobuf.so;-lpthread (found suitable version "3.6.1", minimum required is "3") 
[1.243s] -- Config-file not installed for ZeroMQ -- checking for pkg-config
[1.250s] -- Checking for module 'libzmq >= 4'
[1.278s] --   Found libzmq , version 4.3.2
[1.359s] -- Checking for module 'uuid'
[1.394s] --   Found uuid, version 2.34.0
[1.458s] -- Looking for ignition-msgs5 -- found version 5.10.0
[1.459s] -- Searching for dependencies of ignition-msgs5
[1.507s] -- Looking for ignition-math6 -- found version 6.15.1
[1.516s] -- Checking for module 'tinyxml2'
[1.546s] --   Found tinyxml2, version 6.2.0
[1.620s] -- Looking for ignition-msgs5 -- found version 5.10.0
[1.621s] -- Looking for ignition-common3 -- found version 3.14.2
[1.623s] -- Searching for dependencies of ignition-common3
[1.624s] -- Looking for dlfcn.h - found
[1.624s] -- Looking for libdl - found
[1.648s] -- Searching for <ignition-common3> component [graphics]
[1.649s] -- Looking for ignition-common3-graphics -- found version 3.14.2
[1.650s] -- Searching for dependencies of ignition-common3-graphics
[1.651s] -- Looking for ignition-math6 -- found version 6.15.1
[1.654s] -- Looking for ignition-fuel_tools4 -- found version 4.6.0
[1.656s] -- Searching for dependencies of ignition-fuel_tools4
[1.716s] -- Checking for module 'jsoncpp'
[1.745s] --   Found jsoncpp, version 1.7.4
[1.826s] -- Checking for module 'libzip'
[1.851s] --   Found libzip, version 1.5.1
[1.921s] -- Looking for ignition-common3 -- found version 3.14.2
[1.922s] -- Looking for ignition-math6 -- found version 6.15.1
[1.923s] -- Looking for ignition-msgs5 -- found version 5.10.0
[1.927s] -- Gazebo version: 11.11
[1.928s] -- Found gazebo_ros: 3.5.3 (/opt/ros/foxy/share/gazebo_ros/cmake)
[2.028s] -- Using all available rosidl_typesupport_c: rosidl_typesupport_fastrtps_c;rosidl_typesupport_introspection_c
[2.042s] -- Found rosidl_adapter: 1.3.1 (/opt/ros/foxy/share/rosidl_adapter/cmake)
[2.315s] -- Using all available rosidl_typesupport_cpp: rosidl_typesupport_fastrtps_cpp;rosidl_typesupport_introspection_cpp
[2.463s] -- Found rmw_implementation_cmake: 1.0.4 (/opt/ros/foxy/share/rmw_implementation_cmake/cmake)
[2.470s] -- Using RMW implementation 'rmw_fastrtps_cpp' as default
[2.883s] -- Found geometry_msgs: 2.0.5 (/opt/ros/foxy/share/geometry_msgs/cmake)
[2.973s] -- Found nav_msgs: 2.0.5 (/opt/ros/foxy/share/nav_msgs/cmake)
[3.148s] -- Found std_srvs: 2.0.5 (/opt/ros/foxy/share/std_srvs/cmake)
[3.180s] -- Found tf2: 0.13.14 (/opt/ros/foxy/share/tf2/cmake)
[3.210s] -- Found tf2_ros: 0.13.14 (/opt/ros/foxy/share/tf2_ros/cmake)
[4.119s] -- Found eufs_msgs: 2.0.0 (/home/xyh/eufs_sim/install/eufs_msgs/share/eufs_msgs/cmake)
[4.852s] -- Found eufs_models: 2.0.0 (/home/xyh/eufs_sim/install/eufs_models/share/eufs_models/cmake)
[4.927s] -- Found ackermann_msgs: 2.0.2 (/opt/ros/foxy/share/ackermann_msgs/cmake)
[5.012s] -- Found image_geometry: 3.0.7 (/opt/ros/foxy/share/image_geometry/cmake)
[5.051s] -- Found yaml_cpp_vendor: 7.0.3 (/opt/ros/foxy/share/yaml_cpp_vendor/cmake)
[5.051s] -- Setting yaml-cpp_DIR to: '/opt/ros/foxy/share/yaml_cpp_vendor/cmake/../../../opt/yaml_cpp_vendor/lib/cmake/yaml-cpp'
[5.464s] -- Configuring done
[5.756s] -- Generating done
[5.766s] -- Build files have been written to: /home/xyh/eufs_sim/build/eufs_plugins
[5.909s] [ 22%] Built target gazebo_camera_cones
[5.918s] [ 44%] Built target gazebo_ground_truth_cones
[6.029s] [ 66%] Built target gazebo_simulate_bounding_boxes
[6.035s] [100%] Built target gazebo_race_car_model
[6.053s] Invoked command in '/home/xyh/eufs_sim/build/eufs_plugins' returned '0': AMENT_PREFIX_PATH=/home/xyh/eufs_sim/install/eufs_models:/home/xyh/eufs_sim/install/eufs_msgs:${AMENT_PREFIX_PATH} CMAKE_PREFIX_PATH=/home/xyh/eufs_sim/install/eufs_models:/home/xyh/eufs_sim/install/eufs_msgs:/opt/ros/foxy LD_LIBRARY_PATH=/home/xyh/eufs_sim/install/eufs_models/lib:/home/xyh/eufs_sim/install/eufs_msgs/lib:/usr/lib/x86_64-linux-gnu/gazebo-11/plugins:/opt/ros/foxy/opt/yaml_cpp_vendor/lib:/opt/ros/foxy/opt/rviz_ogre_vendor/lib:/opt/ros/foxy/lib/x86_64-linux-gnu:/opt/ros/foxy/lib:/usr/lib/x86_64-linux-gnu/gazebo-11/plugins:/usr/lib/x86_64-linux-gnu/gazebo-11/plugins:/usr/lib/x86_64-linux-gnu/gazebo-11/plugins PYTHONPATH=/home/xyh/eufs_sim/install/eufs_msgs/lib/python3.8/site-packages:${PYTHONPATH} /usr/bin/cmake --build /home/xyh/eufs_sim/build/eufs_plugins -- -j2 -l2
[6.111s] Invoking command in '/home/xyh/eufs_sim/build/eufs_plugins': AMENT_PREFIX_PATH=/home/xyh/eufs_sim/install/eufs_models:/home/xyh/eufs_sim/install/eufs_msgs:${AMENT_PREFIX_PATH} CMAKE_PREFIX_PATH=/home/xyh/eufs_sim/install/eufs_models:/home/xyh/eufs_sim/install/eufs_msgs:/opt/ros/foxy LD_LIBRARY_PATH=/home/xyh/eufs_sim/install/eufs_models/lib:/home/xyh/eufs_sim/install/eufs_msgs/lib:/usr/lib/x86_64-linux-gnu/gazebo-11/plugins:/opt/ros/foxy/opt/yaml_cpp_vendor/lib:/opt/ros/foxy/opt/rviz_ogre_vendor/lib:/opt/ros/foxy/lib/x86_64-linux-gnu:/opt/ros/foxy/lib:/usr/lib/x86_64-linux-gnu/gazebo-11/plugins:/usr/lib/x86_64-linux-gnu/gazebo-11/plugins:/usr/lib/x86_64-linux-gnu/gazebo-11/plugins PYTHONPATH=/home/xyh/eufs_sim/install/eufs_msgs/lib/python3.8/site-packages:${PYTHONPATH} /usr/bin/cmake --install /home/xyh/eufs_sim/build/eufs_plugins
[6.131s] -- Install configuration: ""
[6.131s] -- Up-to-date: /home/xyh/eufs_sim/install/eufs_plugins/share/eufs_plugins/urdf
[6.132s] -- Up-to-date: /home/xyh/eufs_sim/install/eufs_plugins/share/eufs_plugins/urdf/eufs_plugins.gazebo.xacro
[6.132s] -- Up-to-date: /home/xyh/eufs_sim/install/eufs_plugins/share/eufs_plugins/environment/library_path.sh
[6.133s] -- Installing: /home/xyh/eufs_sim/install/eufs_plugins/share/eufs_plugins/environment/library_path.dsv
[6.134s] -- Up-to-date: /home/xyh/eufs_sim/install/eufs_plugins/share/ament_index/resource_index/package_run_dependencies/eufs_plugins
[6.134s] -- Installing: /home/xyh/eufs_sim/install/eufs_plugins/share/ament_index/resource_index/parent_prefix_path/eufs_plugins
[6.135s] -- Up-to-date: /home/xyh/eufs_sim/install/eufs_plugins/share/eufs_plugins/environment/ament_prefix_path.sh
[6.136s] -- Installing: /home/xyh/eufs_sim/install/eufs_plugins/share/eufs_plugins/environment/ament_prefix_path.dsv
[6.137s] -- Up-to-date: /home/xyh/eufs_sim/install/eufs_plugins/share/eufs_plugins/environment/path.sh
[6.137s] -- Installing: /home/xyh/eufs_sim/install/eufs_plugins/share/eufs_plugins/environment/path.dsv
[6.138s] -- Up-to-date: /home/xyh/eufs_sim/install/eufs_plugins/share/eufs_plugins/local_setup.bash
[6.138s] -- Up-to-date: /home/xyh/eufs_sim/install/eufs_plugins/share/eufs_plugins/local_setup.sh
[6.139s] -- Up-to-date: /home/xyh/eufs_sim/install/eufs_plugins/share/eufs_plugins/local_setup.zsh
[6.139s] -- Installing: /home/xyh/eufs_sim/install/eufs_plugins/share/eufs_plugins/local_setup.dsv
[6.139s] -- Installing: /home/xyh/eufs_sim/install/eufs_plugins/share/eufs_plugins/package.dsv
[6.140s] -- Up-to-date: /home/xyh/eufs_sim/install/eufs_plugins/share/ament_index/resource_index/packages/eufs_plugins
[6.140s] -- Up-to-date: /home/xyh/eufs_sim/install/eufs_plugins/share/eufs_plugins/cmake/ament_cmake_export_libraries-extras.cmake
[6.141s] -- Up-to-date: /home/xyh/eufs_sim/install/eufs_plugins/share/eufs_plugins/cmake/ament_cmake_export_include_directories-extras.cmake
[6.141s] -- Up-to-date: /home/xyh/eufs_sim/install/eufs_plugins/share/eufs_plugins/cmake/ament_cmake_export_dependencies-extras.cmake
[6.142s] -- Up-to-date: /home/xyh/eufs_sim/install/eufs_plugins/share/eufs_plugins/cmake/eufs_pluginsConfig.cmake
[6.142s] -- Up-to-date: /home/xyh/eufs_sim/install/eufs_plugins/share/eufs_plugins/cmake/eufs_pluginsConfig-version.cmake
[6.143s] -- Up-to-date: /home/xyh/eufs_sim/install/eufs_plugins/share/eufs_plugins/package.xml
[6.144s] -- Up-to-date: /home/xyh/eufs_sim/install/eufs_plugins/share/eufs_plugins/config
[6.144s] -- Up-to-date: /home/xyh/eufs_sim/install/eufs_plugins/share/eufs_plugins/config/cone_recolor.yaml
[6.145s] -- Up-to-date: /home/xyh/eufs_sim/install/eufs_plugins/share/eufs_plugins/environment/library_path.sh
[6.145s] -- Up-to-date: /home/xyh/eufs_sim/install/eufs_plugins/share/eufs_plugins/environment/library_path.dsv
[6.146s] -- Up-to-date: /home/xyh/eufs_sim/install/eufs_plugins/lib/libgazebo_ground_truth_cones.so
[6.147s] -- Up-to-date: /home/xyh/eufs_sim/install/eufs_plugins/lib/libgazebo_camera_cones.so
[6.148s] -- Up-to-date: /home/xyh/eufs_sim/install/eufs_plugins/share/eufs_plugins/environment/library_path.sh
[6.148s] -- Up-to-date: /home/xyh/eufs_sim/install/eufs_plugins/share/eufs_plugins/environment/library_path.dsv
[6.149s] -- Up-to-date: /home/xyh/eufs_sim/install/eufs_plugins/lib/libgazebo_race_car_model.so
[6.150s] -- Up-to-date: /home/xyh/eufs_sim/install/eufs_plugins/share/eufs_plugins/environment/library_path.sh
[6.150s] -- Up-to-date: /home/xyh/eufs_sim/install/eufs_plugins/share/eufs_plugins/environment/library_path.dsv
[6.150s] -- Up-to-date: /home/xyh/eufs_sim/install/eufs_plugins/share/eufs_plugins/config
[6.151s] -- Up-to-date: /home/xyh/eufs_sim/install/eufs_plugins/share/eufs_plugins/config/boundingBoxes.yaml
[6.152s] -- Up-to-date: /home/xyh/eufs_sim/install/eufs_plugins/lib/libgazebo_simulate_bounding_boxes.so
[6.156s] Invoked command in '/home/xyh/eufs_sim/build/eufs_plugins' returned '0': AMENT_PREFIX_PATH=/home/xyh/eufs_sim/install/eufs_models:/home/xyh/eufs_sim/install/eufs_msgs:${AMENT_PREFIX_PATH} CMAKE_PREFIX_PATH=/home/xyh/eufs_sim/install/eufs_models:/home/xyh/eufs_sim/install/eufs_msgs:/opt/ros/foxy LD_LIBRARY_PATH=/home/xyh/eufs_sim/install/eufs_models/lib:/home/xyh/eufs_sim/install/eufs_msgs/lib:/usr/lib/x86_64-linux-gnu/gazebo-11/plugins:/opt/ros/foxy/opt/yaml_cpp_vendor/lib:/opt/ros/foxy/opt/rviz_ogre_vendor/lib:/opt/ros/foxy/lib/x86_64-linux-gnu:/opt/ros/foxy/lib:/usr/lib/x86_64-linux-gnu/gazebo-11/plugins:/usr/lib/x86_64-linux-gnu/gazebo-11/plugins:/usr/lib/x86_64-linux-gnu/gazebo-11/plugins PYTHONPATH=/home/xyh/eufs_sim/install/eufs_msgs/lib/python3.8/site-packages:${PYTHONPATH} /usr/bin/cmake --install /home/xyh/eufs_sim/build/eufs_plugins
