[0.880s] DEBUG:colcon:Command line arguments: ['/usr/bin/colcon', 'build', '--packages-select', 'eufs_plugins']
[0.880s] DEBUG:colcon:Parsed command line arguments: Namespace(allow_overriding=[], ament_cmake_args=None, base_paths=['.'], build_base='build', catkin_cmake_args=None, catkin_skip_building_tests=False, cmake_args=None, cmake_clean_cache=False, cmake_clean_first=False, cmake_force_configure=False, cmake_target=None, cmake_target_skip_unavailable=False, continue_on_error=False, event_handlers=None, executor='parallel', ignore_user_meta=False, install_base='install', log_base=None, log_level=None, main=<bound method BuildVerb.main of <colcon_core.verb.build.BuildVerb object at 0x7fc164c50e20>>, merge_install=False, metas=['./colcon.meta'], packages_above=None, packages_above_and_dependencies=None, packages_above_depth=None, packages_end=None, packages_ignore=None, packages_ignore_regex=None, packages_select=['eufs_plugins'], packages_select_build_failed=False, packages_select_by_dep=None, packages_select_regex=None, packages_select_test_failures=False, packages_skip=None, packages_skip_build_finished=False, packages_skip_by_dep=None, packages_skip_regex=None, packages_skip_test_passed=False, packages_skip_up_to=None, packages_start=None, packages_up_to=None, packages_up_to_regex=None, parallel_workers=2, paths=None, symlink_install=False, test_result_base=None, verb_extension=<colcon_core.verb.build.BuildVerb object at 0x7fc164c50e20>, verb_name='build', verb_parser=<colcon_defaults.argument_parser.defaults.DefaultArgumentsDecorator object at 0x7fc164c06160>)
[1.349s] Level 1:colcon.colcon_core.package_discovery:discover_packages(colcon_meta) check parameters
[1.349s] Level 1:colcon.colcon_core.package_discovery:discover_packages(recursive) check parameters
[1.349s] Level 1:colcon.colcon_core.package_discovery:discover_packages(ignore) check parameters
[1.349s] Level 1:colcon.colcon_core.package_discovery:discover_packages(path) check parameters
[1.349s] Level 1:colcon.colcon_core.package_discovery:discover_packages(colcon_meta) discover
[1.349s] Level 1:colcon.colcon_core.package_discovery:discover_packages(recursive) discover
[1.350s] INFO:colcon.colcon_core.package_discovery:Crawling recursively for packages in '/home/xyh/eufs_sim'
[1.350s] Level 1:colcon.colcon_core.package_identification:_identify(.) by extensions ['ignore', 'ignore_ament_install']
[1.350s] Level 1:colcon.colcon_core.package_identification:_identify(.) by extension 'ignore'
[1.350s] Level 1:colcon.colcon_core.package_identification:_identify(.) by extension 'ignore_ament_install'
[1.350s] Level 1:colcon.colcon_core.package_identification:_identify(.) by extensions ['colcon_pkg']
[1.350s] Level 1:colcon.colcon_core.package_identification:_identify(.) by extension 'colcon_pkg'
[1.350s] Level 1:colcon.colcon_core.package_identification:_identify(.) by extensions ['colcon_meta']
[1.350s] Level 1:colcon.colcon_core.package_identification:_identify(.) by extension 'colcon_meta'
[1.350s] Level 1:colcon.colcon_core.package_identification:_identify(.) by extensions ['ros']
[1.351s] Level 1:colcon.colcon_core.package_identification:_identify(.) by extension 'ros'
[1.386s] Level 1:colcon.colcon_core.package_identification:_identify(.) by extensions ['cmake', 'python']
[1.387s] Level 1:colcon.colcon_core.package_identification:_identify(.) by extension 'cmake'
[1.387s] Level 1:colcon.colcon_core.package_identification:_identify(.) by extension 'python'
[1.387s] Level 1:colcon.colcon_core.package_identification:_identify(.) by extensions ['python_setup_py']
[1.388s] Level 1:colcon.colcon_core.package_identification:_identify(.) by extension 'python_setup_py'
[1.388s] Level 1:colcon.colcon_core.package_identification:_identify(build) by extensions ['ignore', 'ignore_ament_install']
[1.388s] Level 1:colcon.colcon_core.package_identification:_identify(build) by extension 'ignore'
[1.389s] Level 1:colcon.colcon_core.package_identification:_identify(build) ignored
[1.389s] Level 1:colcon.colcon_core.package_identification:_identify(eufs_launcher) by extensions ['ignore', 'ignore_ament_install']
[1.390s] Level 1:colcon.colcon_core.package_identification:_identify(eufs_launcher) by extension 'ignore'
[1.390s] Level 1:colcon.colcon_core.package_identification:_identify(eufs_launcher) by extension 'ignore_ament_install'
[1.390s] Level 1:colcon.colcon_core.package_identification:_identify(eufs_launcher) by extensions ['colcon_pkg']
[1.390s] Level 1:colcon.colcon_core.package_identification:_identify(eufs_launcher) by extension 'colcon_pkg'
[1.390s] Level 1:colcon.colcon_core.package_identification:_identify(eufs_launcher) by extensions ['colcon_meta']
[1.390s] Level 1:colcon.colcon_core.package_identification:_identify(eufs_launcher) by extension 'colcon_meta'
[1.390s] Level 1:colcon.colcon_core.package_identification:_identify(eufs_launcher) by extensions ['ros']
[1.390s] Level 1:colcon.colcon_core.package_identification:_identify(eufs_launcher) by extension 'ros'
[1.398s] DEBUG:colcon.colcon_core.package_identification:Package 'eufs_launcher' with type 'ros.ament_python' and name 'eufs_launcher'
[1.399s] Level 1:colcon.colcon_core.package_identification:_identify(eufs_models) by extensions ['ignore', 'ignore_ament_install']
[1.400s] Level 1:colcon.colcon_core.package_identification:_identify(eufs_models) by extension 'ignore'
[1.400s] Level 1:colcon.colcon_core.package_identification:_identify(eufs_models) by extension 'ignore_ament_install'
[1.400s] Level 1:colcon.colcon_core.package_identification:_identify(eufs_models) by extensions ['colcon_pkg']
[1.400s] Level 1:colcon.colcon_core.package_identification:_identify(eufs_models) by extension 'colcon_pkg'
[1.401s] Level 1:colcon.colcon_core.package_identification:_identify(eufs_models) by extensions ['colcon_meta']
[1.401s] Level 1:colcon.colcon_core.package_identification:_identify(eufs_models) by extension 'colcon_meta'
[1.401s] Level 1:colcon.colcon_core.package_identification:_identify(eufs_models) by extensions ['ros']
[1.401s] Level 1:colcon.colcon_core.package_identification:_identify(eufs_models) by extension 'ros'
[1.403s] DEBUG:colcon.colcon_core.package_identification:Package 'eufs_models' with type 'ros.ament_cmake' and name 'eufs_models'
[1.404s] Level 1:colcon.colcon_core.package_identification:_identify(eufs_msgs) by extensions ['ignore', 'ignore_ament_install']
[1.404s] Level 1:colcon.colcon_core.package_identification:_identify(eufs_msgs) by extension 'ignore'
[1.405s] Level 1:colcon.colcon_core.package_identification:_identify(eufs_msgs) by extension 'ignore_ament_install'
[1.405s] Level 1:colcon.colcon_core.package_identification:_identify(eufs_msgs) by extensions ['colcon_pkg']
[1.405s] Level 1:colcon.colcon_core.package_identification:_identify(eufs_msgs) by extension 'colcon_pkg'
[1.405s] Level 1:colcon.colcon_core.package_identification:_identify(eufs_msgs) by extensions ['colcon_meta']
[1.406s] Level 1:colcon.colcon_core.package_identification:_identify(eufs_msgs) by extension 'colcon_meta'
[1.406s] Level 1:colcon.colcon_core.package_identification:_identify(eufs_msgs) by extensions ['ros']
[1.406s] Level 1:colcon.colcon_core.package_identification:_identify(eufs_msgs) by extension 'ros'
[1.409s] DEBUG:colcon.colcon_core.package_identification:Package 'eufs_msgs' with type 'ros.ament_cmake' and name 'eufs_msgs'
[1.409s] Level 1:colcon.colcon_core.package_identification:_identify(eufs_plugins) by extensions ['ignore', 'ignore_ament_install']
[1.410s] Level 1:colcon.colcon_core.package_identification:_identify(eufs_plugins) by extension 'ignore'
[1.410s] Level 1:colcon.colcon_core.package_identification:_identify(eufs_plugins) by extension 'ignore_ament_install'
[1.410s] Level 1:colcon.colcon_core.package_identification:_identify(eufs_plugins) by extensions ['colcon_pkg']
[1.410s] Level 1:colcon.colcon_core.package_identification:_identify(eufs_plugins) by extension 'colcon_pkg'
[1.410s] Level 1:colcon.colcon_core.package_identification:_identify(eufs_plugins) by extensions ['colcon_meta']
[1.410s] Level 1:colcon.colcon_core.package_identification:_identify(eufs_plugins) by extension 'colcon_meta'
[1.410s] Level 1:colcon.colcon_core.package_identification:_identify(eufs_plugins) by extensions ['ros']
[1.410s] Level 1:colcon.colcon_core.package_identification:_identify(eufs_plugins) by extension 'ros'
[1.415s] DEBUG:colcon.colcon_core.package_identification:Package 'eufs_plugins' with type 'ros.ament_cmake' and name 'eufs_plugins'
[1.415s] Level 1:colcon.colcon_core.package_identification:_identify(eufs_racecar) by extensions ['ignore', 'ignore_ament_install']
[1.416s] Level 1:colcon.colcon_core.package_identification:_identify(eufs_racecar) by extension 'ignore'
[1.416s] Level 1:colcon.colcon_core.package_identification:_identify(eufs_racecar) by extension 'ignore_ament_install'
[1.416s] Level 1:colcon.colcon_core.package_identification:_identify(eufs_racecar) by extensions ['colcon_pkg']
[1.417s] Level 1:colcon.colcon_core.package_identification:_identify(eufs_racecar) by extension 'colcon_pkg'
[1.417s] Level 1:colcon.colcon_core.package_identification:_identify(eufs_racecar) by extensions ['colcon_meta']
[1.417s] Level 1:colcon.colcon_core.package_identification:_identify(eufs_racecar) by extension 'colcon_meta'
[1.417s] Level 1:colcon.colcon_core.package_identification:_identify(eufs_racecar) by extensions ['ros']
[1.417s] Level 1:colcon.colcon_core.package_identification:_identify(eufs_racecar) by extension 'ros'
[1.421s] DEBUG:colcon.colcon_core.package_identification:Package 'eufs_racecar' with type 'ros.ament_python' and name 'eufs_racecar'
[1.421s] Level 1:colcon.colcon_core.package_identification:_identify(eufs_rqt) by extensions ['ignore', 'ignore_ament_install']
[1.422s] Level 1:colcon.colcon_core.package_identification:_identify(eufs_rqt) by extension 'ignore'
[1.422s] Level 1:colcon.colcon_core.package_identification:_identify(eufs_rqt) by extension 'ignore_ament_install'
[1.422s] Level 1:colcon.colcon_core.package_identification:_identify(eufs_rqt) by extensions ['colcon_pkg']
[1.422s] Level 1:colcon.colcon_core.package_identification:_identify(eufs_rqt) by extension 'colcon_pkg'
[1.423s] Level 1:colcon.colcon_core.package_identification:_identify(eufs_rqt) by extensions ['colcon_meta']
[1.423s] Level 1:colcon.colcon_core.package_identification:_identify(eufs_rqt) by extension 'colcon_meta'
[1.423s] Level 1:colcon.colcon_core.package_identification:_identify(eufs_rqt) by extensions ['ros']
[1.423s] Level 1:colcon.colcon_core.package_identification:_identify(eufs_rqt) by extension 'ros'
[1.426s] DEBUG:colcon.colcon_core.package_identification:Package 'eufs_rqt' with type 'ros.ament_python' and name 'eufs_rqt'
[1.427s] Level 1:colcon.colcon_core.package_identification:_identify(eufs_sensors) by extensions ['ignore', 'ignore_ament_install']
[1.427s] Level 1:colcon.colcon_core.package_identification:_identify(eufs_sensors) by extension 'ignore'
[1.427s] Level 1:colcon.colcon_core.package_identification:_identify(eufs_sensors) by extension 'ignore_ament_install'
[1.428s] Level 1:colcon.colcon_core.package_identification:_identify(eufs_sensors) by extensions ['colcon_pkg']
[1.428s] Level 1:colcon.colcon_core.package_identification:_identify(eufs_sensors) by extension 'colcon_pkg'
[1.428s] Level 1:colcon.colcon_core.package_identification:_identify(eufs_sensors) by extensions ['colcon_meta']
[1.428s] Level 1:colcon.colcon_core.package_identification:_identify(eufs_sensors) by extension 'colcon_meta'
[1.428s] Level 1:colcon.colcon_core.package_identification:_identify(eufs_sensors) by extensions ['ros']
[1.428s] Level 1:colcon.colcon_core.package_identification:_identify(eufs_sensors) by extension 'ros'
[1.431s] DEBUG:colcon.colcon_core.package_identification:Package 'eufs_sensors' with type 'ros.ament_cmake' and name 'eufs_sensors'
[1.431s] Level 1:colcon.colcon_core.package_identification:_identify(eufs_tracks) by extensions ['ignore', 'ignore_ament_install']
[1.432s] Level 1:colcon.colcon_core.package_identification:_identify(eufs_tracks) by extension 'ignore'
[1.432s] Level 1:colcon.colcon_core.package_identification:_identify(eufs_tracks) by extension 'ignore_ament_install'
[1.432s] Level 1:colcon.colcon_core.package_identification:_identify(eufs_tracks) by extensions ['colcon_pkg']
[1.432s] Level 1:colcon.colcon_core.package_identification:_identify(eufs_tracks) by extension 'colcon_pkg'
[1.433s] Level 1:colcon.colcon_core.package_identification:_identify(eufs_tracks) by extensions ['colcon_meta']
[1.433s] Level 1:colcon.colcon_core.package_identification:_identify(eufs_tracks) by extension 'colcon_meta'
[1.433s] Level 1:colcon.colcon_core.package_identification:_identify(eufs_tracks) by extensions ['ros']
[1.433s] Level 1:colcon.colcon_core.package_identification:_identify(eufs_tracks) by extension 'ros'
[1.436s] DEBUG:colcon.colcon_core.package_identification:Package 'eufs_tracks' with type 'ros.ament_python' and name 'eufs_tracks'
[1.437s] Level 1:colcon.colcon_core.package_identification:_identify(install) by extensions ['ignore', 'ignore_ament_install']
[1.437s] Level 1:colcon.colcon_core.package_identification:_identify(install) by extension 'ignore'
[1.437s] Level 1:colcon.colcon_core.package_identification:_identify(install) ignored
[1.438s] Level 1:colcon.colcon_core.package_identification:_identify(log) by extensions ['ignore', 'ignore_ament_install']
[1.438s] Level 1:colcon.colcon_core.package_identification:_identify(log) by extension 'ignore'
[1.438s] Level 1:colcon.colcon_core.package_identification:_identify(log) ignored
[1.439s] Level 1:colcon.colcon_core.package_discovery:discover_packages(recursive) using defaults
[1.439s] Level 1:colcon.colcon_core.package_discovery:discover_packages(ignore) discover
[1.439s] Level 1:colcon.colcon_core.package_discovery:discover_packages(ignore) using defaults
[1.439s] Level 1:colcon.colcon_core.package_discovery:discover_packages(path) discover
[1.439s] Level 1:colcon.colcon_core.package_discovery:discover_packages(path) using defaults
[1.493s] INFO:colcon.colcon_core.package_selection:Skipping not selected package 'eufs_msgs' in 'eufs_msgs'
[1.493s] INFO:colcon.colcon_core.package_selection:Skipping not selected package 'eufs_racecar' in 'eufs_racecar'
[1.493s] INFO:colcon.colcon_core.package_selection:Skipping not selected package 'eufs_sensors' in 'eufs_sensors'
[1.493s] INFO:colcon.colcon_core.package_selection:Skipping not selected package 'eufs_tracks' in 'eufs_tracks'
[1.493s] INFO:colcon.colcon_core.package_selection:Skipping not selected package 'eufs_launcher' in 'eufs_launcher'
[1.493s] INFO:colcon.colcon_core.package_selection:Skipping not selected package 'eufs_models' in 'eufs_models'
[1.493s] INFO:colcon.colcon_core.package_selection:Skipping not selected package 'eufs_rqt' in 'eufs_rqt'
[1.495s] Level 1:colcon.colcon_core.package_discovery:discover_packages(prefix_path) check parameters
[1.495s] Level 1:colcon.colcon_core.package_discovery:discover_packages(prefix_path) discover
[1.516s] DEBUG:colcon.colcon_installed_package_information.package_discovery:Found 8 installed packages in /home/xyh/eufs_sim/install
[1.518s] DEBUG:colcon.colcon_installed_package_information.package_discovery:Found 1 installed packages in /home/xyh/sim_ws/install
[1.524s] DEBUG:colcon.colcon_installed_package_information.package_discovery:Found 292 installed packages in /opt/ros/foxy
[1.548s] Level 1:colcon.colcon_core.package_discovery:discover_packages(prefix_path) using defaults
[1.889s] Level 5:colcon.colcon_core.verb:set package 'eufs_plugins' build argument 'cmake_args' from command line to 'None'
[1.890s] Level 5:colcon.colcon_core.verb:set package 'eufs_plugins' build argument 'cmake_target' from command line to 'None'
[1.890s] Level 5:colcon.colcon_core.verb:set package 'eufs_plugins' build argument 'cmake_target_skip_unavailable' from command line to 'False'
[1.890s] Level 5:colcon.colcon_core.verb:set package 'eufs_plugins' build argument 'cmake_clean_cache' from command line to 'False'
[1.890s] Level 5:colcon.colcon_core.verb:set package 'eufs_plugins' build argument 'cmake_clean_first' from command line to 'False'
[1.892s] Level 5:colcon.colcon_core.verb:set package 'eufs_plugins' build argument 'cmake_force_configure' from command line to 'False'
[1.892s] Level 5:colcon.colcon_core.verb:set package 'eufs_plugins' build argument 'ament_cmake_args' from command line to 'None'
[1.892s] Level 5:colcon.colcon_core.verb:set package 'eufs_plugins' build argument 'catkin_cmake_args' from command line to 'None'
[1.892s] Level 5:colcon.colcon_core.verb:set package 'eufs_plugins' build argument 'catkin_skip_building_tests' from command line to 'False'
[1.892s] DEBUG:colcon.colcon_core.verb:Building package 'eufs_plugins' with the following arguments: {'ament_cmake_args': None, 'build_base': '/home/xyh/eufs_sim/build/eufs_plugins', 'catkin_cmake_args': None, 'catkin_skip_building_tests': False, 'cmake_args': None, 'cmake_clean_cache': False, 'cmake_clean_first': False, 'cmake_force_configure': False, 'cmake_target': None, 'cmake_target_skip_unavailable': False, 'install_base': '/home/xyh/eufs_sim/install/eufs_plugins', 'merge_install': False, 'path': '/home/xyh/eufs_sim/eufs_plugins', 'symlink_install': False, 'test_result_base': None}
[1.893s] INFO:colcon.colcon_core.executor:Executing jobs using 'parallel' executor
[1.901s] DEBUG:colcon.colcon_parallel_executor.executor.parallel:run_until_complete
[1.903s] INFO:colcon.colcon_ros.task.ament_cmake.build:Building ROS package in '/home/xyh/eufs_sim/eufs_plugins' with build type 'ament_cmake'
[1.903s] INFO:colcon.colcon_cmake.task.cmake.build:Building CMake package in '/home/xyh/eufs_sim/eufs_plugins'
[1.932s] INFO:colcon.colcon_core.plugin_system:Skipping extension 'colcon_core.shell.bat': Not used on non-Windows systems
[1.933s] INFO:colcon.colcon_core.shell:Skip shell extension 'powershell' for command environment: Not usable outside of PowerShell
[1.934s] DEBUG:colcon.colcon_core.shell:Skip shell extension 'dsv' for command environment
[1.982s] DEBUG:colcon.colcon_core.event_handler.log_command:Invoking command in '/home/xyh/eufs_sim/build/eufs_plugins': AMENT_PREFIX_PATH=/home/xyh/eufs_sim/install/eufs_models:/home/xyh/eufs_sim/install/eufs_msgs:${AMENT_PREFIX_PATH} CMAKE_PREFIX_PATH=/home/xyh/eufs_sim/install/eufs_models:/home/xyh/eufs_sim/install/eufs_msgs:/usr/lib/x86_64-linux-gnu/cmake/gazebo:/home/xyh/sim_ws/install/f1tenth_gym_ros:/opt/ros/foxy LD_LIBRARY_PATH=/home/xyh/eufs_sim/install/eufs_models/lib:/home/xyh/eufs_sim/install/eufs_msgs/lib:${LD_LIBRARY_PATH} PYTHONPATH=/home/xyh/eufs_sim/install/eufs_msgs/lib/python3.8/site-packages:${PYTHONPATH} /usr/bin/cmake /home/xyh/eufs_sim/eufs_plugins -DCMAKE_INSTALL_PREFIX=/home/xyh/eufs_sim/install/eufs_plugins
[2.737s] DEBUG:colcon.colcon_core.event_handler.log_command:Invoked command in '/home/xyh/eufs_sim/build/eufs_plugins' returned '1': AMENT_PREFIX_PATH=/home/xyh/eufs_sim/install/eufs_models:/home/xyh/eufs_sim/install/eufs_msgs:${AMENT_PREFIX_PATH} CMAKE_PREFIX_PATH=/home/xyh/eufs_sim/install/eufs_models:/home/xyh/eufs_sim/install/eufs_msgs:/usr/lib/x86_64-linux-gnu/cmake/gazebo:/home/xyh/sim_ws/install/f1tenth_gym_ros:/opt/ros/foxy LD_LIBRARY_PATH=/home/xyh/eufs_sim/install/eufs_models/lib:/home/xyh/eufs_sim/install/eufs_msgs/lib:${LD_LIBRARY_PATH} PYTHONPATH=/home/xyh/eufs_sim/install/eufs_msgs/lib/python3.8/site-packages:${PYTHONPATH} /usr/bin/cmake /home/xyh/eufs_sim/eufs_plugins -DCMAKE_INSTALL_PREFIX=/home/xyh/eufs_sim/install/eufs_plugins
[2.774s] Level 1:colcon.colcon_core.environment:create_environment_scripts_only(eufs_plugins)
[2.788s] Level 1:colcon.colcon_core.environment:checking '/home/xyh/eufs_sim/install/eufs_plugins' for CMake module files
[2.790s] Level 1:colcon.colcon_core.environment:checking '/home/xyh/eufs_sim/install/eufs_plugins' for CMake config files
[2.792s] Level 1:colcon.colcon_core.environment:checking '/home/xyh/eufs_sim/install/eufs_plugins/bin'
[2.792s] Level 1:colcon.colcon_core.environment:checking '/home/xyh/eufs_sim/install/eufs_plugins/lib/pkgconfig/eufs_plugins.pc'
[2.793s] Level 1:colcon.colcon_core.environment:checking '/home/xyh/eufs_sim/install/eufs_plugins/lib/python3.8/site-packages'
[2.793s] Level 1:colcon.colcon_core.environment:checking '/home/xyh/eufs_sim/install/eufs_plugins/bin'
[2.794s] INFO:colcon.colcon_core.shell:Creating package script '/home/xyh/eufs_sim/install/eufs_plugins/share/eufs_plugins/package.ps1'
[2.796s] INFO:colcon.colcon_core.shell:Creating package descriptor '/home/xyh/eufs_sim/install/eufs_plugins/share/eufs_plugins/package.dsv'
[2.798s] INFO:colcon.colcon_core.shell:Creating package script '/home/xyh/eufs_sim/install/eufs_plugins/share/eufs_plugins/package.sh'
[2.800s] INFO:colcon.colcon_core.shell:Creating package script '/home/xyh/eufs_sim/install/eufs_plugins/share/eufs_plugins/package.bash'
[2.803s] INFO:colcon.colcon_core.shell:Creating package script '/home/xyh/eufs_sim/install/eufs_plugins/share/eufs_plugins/package.zsh'
[2.806s] Level 1:colcon.colcon_core.environment:create_file_with_runtime_dependencies(/home/xyh/eufs_sim/install/eufs_plugins/share/colcon-core/packages/eufs_plugins)
[2.824s] DEBUG:colcon.colcon_parallel_executor.executor.parallel:closing loop
[2.825s] DEBUG:colcon.colcon_parallel_executor.executor.parallel:loop closed
[2.825s] DEBUG:colcon.colcon_parallel_executor.executor.parallel:run_until_complete finished with '1'
[2.825s] DEBUG:colcon.colcon_core.event_reactor:joining thread
[2.849s] INFO:colcon.colcon_core.plugin_system:Skipping extension 'colcon_notification.desktop_notification.terminal_notifier': Not used on non-Darwin systems
[2.849s] INFO:colcon.colcon_core.plugin_system:Skipping extension 'colcon_notification.desktop_notification.win32': Not used on non-Windows systems
[2.850s] INFO:colcon.colcon_notification.desktop_notification:Sending desktop notification using 'notify2'
[2.902s] DEBUG:colcon.colcon_core.event_reactor:joined thread
[2.903s] INFO:colcon.colcon_core.shell:Creating prefix script '/home/xyh/eufs_sim/install/local_setup.ps1'
[2.907s] INFO:colcon.colcon_core.shell:Creating prefix util module '/home/xyh/eufs_sim/install/_local_setup_util_ps1.py'
[2.911s] INFO:colcon.colcon_core.shell:Creating prefix chain script '/home/xyh/eufs_sim/install/setup.ps1'
[2.914s] INFO:colcon.colcon_core.shell:Creating prefix script '/home/xyh/eufs_sim/install/local_setup.sh'
[2.917s] INFO:colcon.colcon_core.shell:Creating prefix util module '/home/xyh/eufs_sim/install/_local_setup_util_sh.py'
[2.918s] INFO:colcon.colcon_core.shell:Creating prefix chain script '/home/xyh/eufs_sim/install/setup.sh'
[2.922s] INFO:colcon.colcon_core.shell:Creating prefix script '/home/xyh/eufs_sim/install/local_setup.bash'
[2.924s] INFO:colcon.colcon_core.shell:Creating prefix chain script '/home/xyh/eufs_sim/install/setup.bash'
[2.927s] INFO:colcon.colcon_core.shell:Creating prefix script '/home/xyh/eufs_sim/install/local_setup.zsh'
[2.929s] INFO:colcon.colcon_core.shell:Creating prefix chain script '/home/xyh/eufs_sim/install/setup.zsh'
