[1.499s] Invoking command in '/home/xyh/eufs_sim/eufs_rqt': AMENT_PREFIX_PATH=/home/xyh/eufs_sim/install/eufs_msgs CMAKE_PREFIX_PATH=/home/xyh/eufs_sim/install/eufs_msgs LD_LIBRARY_PATH=/home/xyh/eufs_sim/install/eufs_msgs/lib PYTHONPATH=/home/xyh/eufs_sim/build/eufs_rqt/prefix_override:/home/xyh/eufs_sim/install/eufs_rqt/lib/python3.8/site-packages:/home/xyh/eufs_sim/install/eufs_msgs/lib/python3.8/site-packages /usr/bin/python3 -W ignore:setup.py install is deprecated setup.py egg_info --egg-base ../build/eufs_rqt build --build-base /home/xyh/eufs_sim/build/eufs_rqt/build install --record /home/xyh/eufs_sim/build/eufs_rqt/install.log --single-version-externally-managed install_data
[2.260s] running egg_info
[2.262s] writing ../build/eufs_rqt/eufs_rqt.egg-info/PKG-INFO
[2.264s] writing dependency_links to ../build/eufs_rqt/eufs_rqt.egg-info/dependency_links.txt
[2.265s] writing requirements to ../build/eufs_rqt/eufs_rqt.egg-info/requires.txt
[2.267s] writing top-level names to ../build/eufs_rqt/eufs_rqt.egg-info/top_level.txt
[2.470s] reading manifest file '../build/eufs_rqt/eufs_rqt.egg-info/SOURCES.txt'
[2.474s] writing manifest file '../build/eufs_rqt/eufs_rqt.egg-info/SOURCES.txt'
[2.475s] running build
[2.475s] running build_py
[2.478s] running build_scripts
[2.480s] running install
[2.482s] running install_lib
[2.489s] running install_data
[2.492s] running install_egg_info
[2.498s] removing '/home/xyh/eufs_sim/install/eufs_rqt/lib/python3.8/site-packages/eufs_rqt-2.0.0-py3.8.egg-info' (and everything under it)
[2.499s] Copying ../build/eufs_rqt/eufs_rqt.egg-info to /home/xyh/eufs_sim/install/eufs_rqt/lib/python3.8/site-packages/eufs_rqt-2.0.0-py3.8.egg-info
[2.502s] running install_scripts
[2.547s] changing mode of /home/xyh/eufs_sim/install/eufs_rqt/lib/eufs_rqt/eufs_robot_steering_gui to 775
[2.547s] changing mode of /home/xyh/eufs_sim/install/eufs_rqt/lib/eufs_rqt/mission_control_gui to 775
[2.551s] writing list of installed files to '/home/xyh/eufs_sim/build/eufs_rqt/install.log'
[2.594s] Invoked command in '/home/xyh/eufs_sim/eufs_rqt' returned '0': AMENT_PREFIX_PATH=/home/xyh/eufs_sim/install/eufs_msgs CMAKE_PREFIX_PATH=/home/xyh/eufs_sim/install/eufs_msgs LD_LIBRARY_PATH=/home/xyh/eufs_sim/install/eufs_msgs/lib PYTHONPATH=/home/xyh/eufs_sim/build/eufs_rqt/prefix_override:/home/xyh/eufs_sim/install/eufs_rqt/lib/python3.8/site-packages:/home/xyh/eufs_sim/install/eufs_msgs/lib/python3.8/site-packages /usr/bin/python3 -W ignore:setup.py install is deprecated setup.py egg_info --egg-base ../build/eufs_rqt build --build-base /home/xyh/eufs_sim/build/eufs_rqt/build install --record /home/xyh/eufs_sim/build/eufs_rqt/install.log --single-version-externally-managed install_data
