[0.038s] Invoking command in '/home/xyh/eufs_sim/build/eufs_plugins': AMENT_PREFIX_PATH=/home/xyh/eufs_sim/install/eufs_models:/home/xyh/eufs_sim/install/eufs_msgs:${AMENT_PREFIX_PATH} CMAKE_PREFIX_PATH=/home/xyh/eufs_sim/install/eufs_models:/home/xyh/eufs_sim/install/eufs_msgs:/opt/ros/foxy LD_LIBRARY_PATH=/home/xyh/eufs_sim/install/eufs_models/lib:/home/xyh/eufs_sim/install/eufs_msgs/lib:/usr/lib/x86_64-linux-gnu/gazebo-11/plugins:/opt/ros/foxy/opt/yaml_cpp_vendor/lib:/opt/ros/foxy/opt/rviz_ogre_vendor/lib:/opt/ros/foxy/lib/x86_64-linux-gnu:/opt/ros/foxy/lib:/usr/lib/x86_64-linux-gnu/gazebo-11/plugins PYTHONPATH=/home/xyh/eufs_sim/install/eufs_msgs/lib/python3.8/site-packages:${PYTHONPATH} /usr/bin/cmake --build /home/xyh/eufs_sim/build/eufs_plugins -- -j2 -l2
[0.119s] -- Found ament_cmake: 0.9.12 (/opt/ros/foxy/share/ament_cmake/cmake)
[0.175s] -- Using PYTHON_EXECUTABLE: /usr/bin/python3
[0.641s] CMake Error at CMakeLists.txt:25 (find_package):
[0.642s]   By not providing "Findgazebo_dev.cmake" in CMAKE_MODULE_PATH this project
[0.642s]   has asked CMake to find a package configuration file provided by
[0.642s]   "gazebo_dev", but CMake did not find one.
[0.642s] 
[0.642s]   Could not find a package configuration file provided by "gazebo_dev" with
[0.643s]   any of the following names:
[0.643s] 
[0.643s]     gazebo_devConfig.cmake
[0.643s]     gazebo_dev-config.cmake
[0.643s] 
[0.643s]   Add the installation prefix of "gazebo_dev" to CMAKE_PREFIX_PATH or set
[0.644s]   "gazebo_dev_DIR" to a directory containing one of the above files.  If
[0.644s]   "gazebo_dev" provides a separate development package or SDK, be sure it has
[0.644s]   been installed.
[0.644s] 
[0.645s] 
[0.645s] -- Configuring incomplete, errors occurred!
[0.645s] See also "/home/xyh/eufs_sim/build/eufs_plugins/CMakeFiles/CMakeOutput.log".
[0.645s] See also "/home/xyh/eufs_sim/build/eufs_plugins/CMakeFiles/CMakeError.log".
[0.653s] make: *** [Makefile:278: cmake_check_build_system] Error 1
[0.655s] Invoked command in '/home/xyh/eufs_sim/build/eufs_plugins' returned '2': AMENT_PREFIX_PATH=/home/xyh/eufs_sim/install/eufs_models:/home/xyh/eufs_sim/install/eufs_msgs:${AMENT_PREFIX_PATH} CMAKE_PREFIX_PATH=/home/xyh/eufs_sim/install/eufs_models:/home/xyh/eufs_sim/install/eufs_msgs:/opt/ros/foxy LD_LIBRARY_PATH=/home/xyh/eufs_sim/install/eufs_models/lib:/home/xyh/eufs_sim/install/eufs_msgs/lib:/usr/lib/x86_64-linux-gnu/gazebo-11/plugins:/opt/ros/foxy/opt/yaml_cpp_vendor/lib:/opt/ros/foxy/opt/rviz_ogre_vendor/lib:/opt/ros/foxy/lib/x86_64-linux-gnu:/opt/ros/foxy/lib:/usr/lib/x86_64-linux-gnu/gazebo-11/plugins PYTHONPATH=/home/xyh/eufs_sim/install/eufs_msgs/lib/python3.8/site-packages:${PYTHONPATH} /usr/bin/cmake --build /home/xyh/eufs_sim/build/eufs_plugins -- -j2 -l2
