[0.034s] Invoking command in '/home/xyh/eufs_sim/build/eufs_models': AMENT_PREFIX_PATH=/home/xyh/eufs_sim/install/eufs_msgs:${AMENT_PREFIX_PATH} CMAKE_PREFIX_PATH=/home/xyh/eufs_sim/install/eufs_msgs:/opt/ros/foxy LD_LIBRARY_PATH=/home/xyh/eufs_sim/install/eufs_msgs/lib:/usr/lib/x86_64-linux-gnu/gazebo-11/plugins:/opt/ros/foxy/opt/yaml_cpp_vendor/lib:/opt/ros/foxy/opt/rviz_ogre_vendor/lib:/opt/ros/foxy/lib/x86_64-linux-gnu:/opt/ros/foxy/lib:/usr/lib/x86_64-linux-gnu/gazebo-11/plugins PYTHONPATH=/home/xyh/eufs_sim/install/eufs_msgs/lib/python3.8/site-packages:${PYTHONPATH} /usr/bin/cmake --build /home/xyh/eufs_sim/build/eufs_models -- -j2 -l2
[0.173s] [100%] Built target eufs_models
[0.194s] Invoked command in '/home/xyh/eufs_sim/build/eufs_models' returned '0': AMENT_PREFIX_PATH=/home/xyh/eufs_sim/install/eufs_msgs:${AMENT_PREFIX_PATH} CMAKE_PREFIX_PATH=/home/xyh/eufs_sim/install/eufs_msgs:/opt/ros/foxy LD_LIBRARY_PATH=/home/xyh/eufs_sim/install/eufs_msgs/lib:/usr/lib/x86_64-linux-gnu/gazebo-11/plugins:/opt/ros/foxy/opt/yaml_cpp_vendor/lib:/opt/ros/foxy/opt/rviz_ogre_vendor/lib:/opt/ros/foxy/lib/x86_64-linux-gnu:/opt/ros/foxy/lib:/usr/lib/x86_64-linux-gnu/gazebo-11/plugins PYTHONPATH=/home/xyh/eufs_sim/install/eufs_msgs/lib/python3.8/site-packages:${PYTHONPATH} /usr/bin/cmake --build /home/xyh/eufs_sim/build/eufs_models -- -j2 -l2
[0.261s] Invoking command in '/home/xyh/eufs_sim/build/eufs_models': AMENT_PREFIX_PATH=/home/xyh/eufs_sim/install/eufs_msgs:${AMENT_PREFIX_PATH} CMAKE_PREFIX_PATH=/home/xyh/eufs_sim/install/eufs_msgs:/opt/ros/foxy LD_LIBRARY_PATH=/home/xyh/eufs_sim/install/eufs_msgs/lib:/usr/lib/x86_64-linux-gnu/gazebo-11/plugins:/opt/ros/foxy/opt/yaml_cpp_vendor/lib:/opt/ros/foxy/opt/rviz_ogre_vendor/lib:/opt/ros/foxy/lib/x86_64-linux-gnu:/opt/ros/foxy/lib:/usr/lib/x86_64-linux-gnu/gazebo-11/plugins PYTHONPATH=/home/xyh/eufs_sim/install/eufs_msgs/lib/python3.8/site-packages:${PYTHONPATH} /usr/bin/cmake --install /home/xyh/eufs_sim/build/eufs_models
[0.284s] -- Install configuration: ""
[0.285s] -- Up-to-date: /home/xyh/eufs_sim/install/eufs_models/share/eufs_models/environment/library_path.sh
[0.286s] -- Up-to-date: /home/xyh/eufs_sim/install/eufs_models/share/eufs_models/environment/library_path.dsv
[0.286s] -- Up-to-date: /home/xyh/eufs_sim/install/eufs_models/include
[0.287s] -- Up-to-date: /home/xyh/eufs_sim/install/eufs_models/include/eufs_models
[0.287s] -- Up-to-date: /home/xyh/eufs_sim/install/eufs_models/include/eufs_models/dynamic_bicycle.hpp
[0.287s] -- Up-to-date: /home/xyh/eufs_sim/install/eufs_models/include/eufs_models/vehicle_param.hpp
[0.288s] -- Up-to-date: /home/xyh/eufs_sim/install/eufs_models/include/eufs_models/point_mass.hpp
[0.288s] -- Up-to-date: /home/xyh/eufs_sim/install/eufs_models/include/eufs_models/vehicle_state.hpp
[0.289s] -- Up-to-date: /home/xyh/eufs_sim/install/eufs_models/include/eufs_models/eufs_models.hpp
[0.289s] -- Up-to-date: /home/xyh/eufs_sim/install/eufs_models/include/eufs_models/vehicle_input.hpp
[0.290s] -- Up-to-date: /home/xyh/eufs_sim/install/eufs_models/include/eufs_models/noise.hpp
[0.290s] -- Up-to-date: /home/xyh/eufs_sim/install/eufs_models/include/eufs_models/vehicle_model.hpp
[0.290s] -- Up-to-date: /home/xyh/eufs_sim/install/eufs_models/lib/libeufs_models.a
[0.292s] -- Up-to-date: /home/xyh/eufs_sim/install/eufs_models/share/ament_index/resource_index/package_run_dependencies/eufs_models
[0.293s] -- Up-to-date: /home/xyh/eufs_sim/install/eufs_models/share/ament_index/resource_index/parent_prefix_path/eufs_models
[0.294s] -- Up-to-date: /home/xyh/eufs_sim/install/eufs_models/share/eufs_models/environment/ament_prefix_path.sh
[0.294s] -- Up-to-date: /home/xyh/eufs_sim/install/eufs_models/share/eufs_models/environment/ament_prefix_path.dsv
[0.295s] -- Up-to-date: /home/xyh/eufs_sim/install/eufs_models/share/eufs_models/environment/path.sh
[0.296s] -- Up-to-date: /home/xyh/eufs_sim/install/eufs_models/share/eufs_models/environment/path.dsv
[0.296s] -- Up-to-date: /home/xyh/eufs_sim/install/eufs_models/share/eufs_models/local_setup.bash
[0.297s] -- Up-to-date: /home/xyh/eufs_sim/install/eufs_models/share/eufs_models/local_setup.sh
[0.297s] -- Up-to-date: /home/xyh/eufs_sim/install/eufs_models/share/eufs_models/local_setup.zsh
[0.299s] -- Up-to-date: /home/xyh/eufs_sim/install/eufs_models/share/eufs_models/local_setup.dsv
[0.299s] -- Installing: /home/xyh/eufs_sim/install/eufs_models/share/eufs_models/package.dsv
[0.301s] -- Up-to-date: /home/xyh/eufs_sim/install/eufs_models/share/ament_index/resource_index/packages/eufs_models
[0.304s] -- Up-to-date: /home/xyh/eufs_sim/install/eufs_models/share/eufs_models/cmake/export_eufs_modelsExport.cmake
[0.305s] -- Up-to-date: /home/xyh/eufs_sim/install/eufs_models/share/eufs_models/cmake/export_eufs_modelsExport-noconfig.cmake
[0.305s] -- Up-to-date: /home/xyh/eufs_sim/install/eufs_models/share/eufs_models/cmake/ament_cmake_export_include_directories-extras.cmake
[0.306s] -- Up-to-date: /home/xyh/eufs_sim/install/eufs_models/share/eufs_models/cmake/ament_cmake_export_libraries-extras.cmake
[0.306s] -- Up-to-date: /home/xyh/eufs_sim/install/eufs_models/share/eufs_models/cmake/ament_cmake_export_targets-extras.cmake
[0.307s] -- Up-to-date: /home/xyh/eufs_sim/install/eufs_models/share/eufs_models/cmake/ament_cmake_export_dependencies-extras.cmake
[0.307s] -- Up-to-date: /home/xyh/eufs_sim/install/eufs_models/share/eufs_models/cmake/eufs_modelsConfig.cmake
[0.308s] -- Up-to-date: /home/xyh/eufs_sim/install/eufs_models/share/eufs_models/cmake/eufs_modelsConfig-version.cmake
[0.308s] -- Up-to-date: /home/xyh/eufs_sim/install/eufs_models/share/eufs_models/package.xml
[0.309s] -- Up-to-date: /home/xyh/eufs_sim/install/eufs_models/share/eufs_models/models/models.txt
[0.311s] -- Up-to-date: /home/xyh/eufs_sim/install/eufs_models/share/eufs_models/config/noise.yaml
[0.322s] Invoked command in '/home/xyh/eufs_sim/build/eufs_models' returned '0': AMENT_PREFIX_PATH=/home/xyh/eufs_sim/install/eufs_msgs:${AMENT_PREFIX_PATH} CMAKE_PREFIX_PATH=/home/xyh/eufs_sim/install/eufs_msgs:/opt/ros/foxy LD_LIBRARY_PATH=/home/xyh/eufs_sim/install/eufs_msgs/lib:/usr/lib/x86_64-linux-gnu/gazebo-11/plugins:/opt/ros/foxy/opt/yaml_cpp_vendor/lib:/opt/ros/foxy/opt/rviz_ogre_vendor/lib:/opt/ros/foxy/lib/x86_64-linux-gnu:/opt/ros/foxy/lib:/usr/lib/x86_64-linux-gnu/gazebo-11/plugins PYTHONPATH=/home/xyh/eufs_sim/install/eufs_msgs/lib/python3.8/site-packages:${PYTHONPATH} /usr/bin/cmake --install /home/xyh/eufs_sim/build/eufs_models
