[0.026s] Invoking command in '/home/xyh/eufs_sim/build/eufs_sensors': CMAKE_PREFIX_PATH=/home/xyh/sim_ws/install/f1tenth_gym_ros:/opt/ros/foxy /usr/bin/cmake /home/xyh/eufs_sim/eufs_sensors -DCMAKE_INSTALL_PREFIX=/home/xyh/eufs_sim/install/eufs_sensors
[0.145s] -- The C compiler identification is GNU 9.4.0
[0.260s] -- The CXX compiler identification is GNU 9.4.0
[0.270s] -- Check for working C compiler: /usr/bin/cc
[0.412s] -- Check for working C compiler: /usr/bin/cc -- works
[0.416s] -- Detecting C compiler ABI info
[0.631s] -- Detecting C compiler ABI info - done
[0.648s] -- Detecting C compile features
[0.648s] -- Detecting C compile features - done
[0.654s] -- Check for working CXX compiler: /usr/bin/c++
[0.856s] -- Check for working CXX compiler: /usr/bin/c++ -- works
[0.857s] -- Detecting CXX compiler ABI info
[1.018s] -- Detecting CXX compiler ABI info - done
[1.051s] -- Detecting CXX compile features
[1.053s] -- Detecting CXX compile features - done
[1.059s] -- Found ament_cmake: 0.9.12 (/opt/ros/foxy/share/ament_cmake/cmake)
[1.125s] -- Found PythonInterp: /usr/bin/python3 (found suitable version "3.8.10", minimum required is "3") 
[1.125s] -- Using PYTHON_EXECUTABLE: /usr/bin/python3
[1.508s] -- Found ament_lint_auto: 0.9.8 (/opt/ros/foxy/share/ament_lint_auto/cmake)
[1.645s] -- Added test 'copyright' to check source files copyright and LICENSE
[1.650s] -- Added test 'lint_cmake' to check CMake code style
[1.653s] -- Added test 'xmllint' to check XML markup files
[1.656s] -- Configuring done
[1.658s] -- Generating done
[1.660s] -- Build files have been written to: /home/xyh/eufs_sim/build/eufs_sensors
[1.672s] Invoked command in '/home/xyh/eufs_sim/build/eufs_sensors' returned '0': CMAKE_PREFIX_PATH=/home/xyh/sim_ws/install/f1tenth_gym_ros:/opt/ros/foxy /usr/bin/cmake /home/xyh/eufs_sim/eufs_sensors -DCMAKE_INSTALL_PREFIX=/home/xyh/eufs_sim/install/eufs_sensors
[1.673s] Invoking command in '/home/xyh/eufs_sim/build/eufs_sensors': CMAKE_PREFIX_PATH=/home/xyh/sim_ws/install/f1tenth_gym_ros:/opt/ros/foxy /usr/bin/cmake --build /home/xyh/eufs_sim/build/eufs_sensors -- -j2 -l2
[1.771s] Invoked command in '/home/xyh/eufs_sim/build/eufs_sensors' returned '0': CMAKE_PREFIX_PATH=/home/xyh/sim_ws/install/f1tenth_gym_ros:/opt/ros/foxy /usr/bin/cmake --build /home/xyh/eufs_sim/build/eufs_sensors -- -j2 -l2
[1.842s] Invoking command in '/home/xyh/eufs_sim/build/eufs_sensors': CMAKE_PREFIX_PATH=/home/xyh/sim_ws/install/f1tenth_gym_ros:/opt/ros/foxy /usr/bin/cmake --install /home/xyh/eufs_sim/build/eufs_sensors
[1.866s] -- Install configuration: ""
[1.866s] -- Installing: /home/xyh/eufs_sim/install/eufs_sensors/share/eufs_sensors/meshes
[1.866s] -- Installing: /home/xyh/eufs_sim/install/eufs_sensors/share/eufs_sensors/meshes/VLP16_base_2.dae
[1.866s] -- Installing: /home/xyh/eufs_sim/install/eufs_sensors/share/eufs_sensors/meshes/antenna_3GO16.stl
[1.866s] -- Installing: /home/xyh/eufs_sim/install/eufs_sensors/share/eufs_sensors/meshes/VLP16_scan.dae
[1.867s] -- Installing: /home/xyh/eufs_sim/install/eufs_sensors/share/eufs_sensors/meshes/zed.dae
[1.867s] -- Installing: /home/xyh/eufs_sim/install/eufs_sensors/share/eufs_sensors/meshes/VLP16_base_1.dae
[1.867s] -- Installing: /home/xyh/eufs_sim/install/eufs_sensors/share/eufs_sensors/meshes/antenna_3GO16.dae
[1.867s] -- Installing: /home/xyh/eufs_sim/install/eufs_sensors/share/eufs_sensors/urdf
[1.868s] -- Installing: /home/xyh/eufs_sim/install/eufs_sensors/share/eufs_sensors/urdf/all_sensors.urdf.xacro
[1.868s] -- Installing: /home/xyh/eufs_sim/install/eufs_sensors/share/eufs_sensors/urdf/zed.urdf.xacro
[1.868s] -- Installing: /home/xyh/eufs_sim/install/eufs_sensors/share/eufs_sensors/urdf/imu.urdf.xacro
[1.868s] -- Installing: /home/xyh/eufs_sim/install/eufs_sensors/share/eufs_sensors/urdf/VLP-16R.urdf.xacro
[1.869s] -- Installing: /home/xyh/eufs_sim/install/eufs_sensors/share/eufs_sensors/urdf/gps.urdf.xacro
[1.869s] -- Installing: /home/xyh/eufs_sim/install/eufs_sensors/share/eufs_sensors/urdf/magnetometer.urdf.xacro
[1.870s] -- Installing: /home/xyh/eufs_sim/install/eufs_sensors/share/ament_index/resource_index/package_run_dependencies/eufs_sensors
[1.870s] -- Installing: /home/xyh/eufs_sim/install/eufs_sensors/share/ament_index/resource_index/parent_prefix_path/eufs_sensors
[1.871s] -- Installing: /home/xyh/eufs_sim/install/eufs_sensors/share/eufs_sensors/environment/ament_prefix_path.sh
[1.871s] -- Installing: /home/xyh/eufs_sim/install/eufs_sensors/share/eufs_sensors/environment/ament_prefix_path.dsv
[1.872s] -- Installing: /home/xyh/eufs_sim/install/eufs_sensors/share/eufs_sensors/environment/path.sh
[1.872s] -- Installing: /home/xyh/eufs_sim/install/eufs_sensors/share/eufs_sensors/environment/path.dsv
[1.873s] -- Installing: /home/xyh/eufs_sim/install/eufs_sensors/share/eufs_sensors/local_setup.bash
[1.873s] -- Installing: /home/xyh/eufs_sim/install/eufs_sensors/share/eufs_sensors/local_setup.sh
[1.873s] -- Installing: /home/xyh/eufs_sim/install/eufs_sensors/share/eufs_sensors/local_setup.zsh
[1.874s] -- Installing: /home/xyh/eufs_sim/install/eufs_sensors/share/eufs_sensors/local_setup.dsv
[1.874s] -- Installing: /home/xyh/eufs_sim/install/eufs_sensors/share/eufs_sensors/package.dsv
[1.875s] -- Installing: /home/xyh/eufs_sim/install/eufs_sensors/share/ament_index/resource_index/packages/eufs_sensors
[1.875s] -- Installing: /home/xyh/eufs_sim/install/eufs_sensors/share/eufs_sensors/cmake/ament_cmake_export_dependencies-extras.cmake
[1.876s] -- Installing: /home/xyh/eufs_sim/install/eufs_sensors/share/eufs_sensors/cmake/eufs_sensorsConfig.cmake
[1.876s] -- Installing: /home/xyh/eufs_sim/install/eufs_sensors/share/eufs_sensors/cmake/eufs_sensorsConfig-version.cmake
[1.876s] -- Installing: /home/xyh/eufs_sim/install/eufs_sensors/share/eufs_sensors/package.xml
[1.884s] Invoked command in '/home/xyh/eufs_sim/build/eufs_sensors' returned '0': CMAKE_PREFIX_PATH=/home/xyh/sim_ws/install/f1tenth_gym_ros:/opt/ros/foxy /usr/bin/cmake --install /home/xyh/eufs_sim/build/eufs_sensors
