running egg_info
creating ../build/eufs_tracks/eufs_tracks.egg-info
writing ../build/eufs_tracks/eufs_tracks.egg-info/PKG-INFO
writing dependency_links to ../build/eufs_tracks/eufs_tracks.egg-info/dependency_links.txt
writing entry points to ../build/eufs_tracks/eufs_tracks.egg-info/entry_points.txt
writing requirements to ../build/eufs_tracks/eufs_tracks.egg-info/requires.txt
writing top-level names to ../build/eufs_tracks/eufs_tracks.egg-info/top_level.txt
writing manifest file '../build/eufs_tracks/eufs_tracks.egg-info/SOURCES.txt'
reading manifest file '../build/eufs_tracks/eufs_tracks.egg-info/SOURCES.txt'
writing manifest file '../build/eufs_tracks/eufs_tracks.egg-info/SOURCES.txt'
running build
running build_py
creating /home/xyh/eufs_sim/build/eufs_tracks/build
creating /home/xyh/eufs_sim/build/eufs_tracks/build/lib
creating /home/xyh/eufs_sim/build/eufs_tracks/build/lib/eufs_tracks
copying eufs_tracks/__init__.py -> /home/xyh/eufs_sim/build/eufs_tracks/build/lib/eufs_tracks
creating /home/xyh/eufs_sim/build/eufs_tracks/build/lib/eufs_tracks/track_generator
copying eufs_tracks/track_generator/track_generator_gui.py -> /home/xyh/eufs_sim/build/eufs_tracks/build/lib/eufs_tracks/track_generator
copying eufs_tracks/track_generator/track_generator.py -> /home/xyh/eufs_sim/build/eufs_tracks/build/lib/eufs_tracks/track_generator
copying eufs_tracks/track_generator/__init__.py -> /home/xyh/eufs_sim/build/eufs_tracks/build/lib/eufs_tracks/track_generator
creating /home/xyh/eufs_sim/build/eufs_tracks/build/lib/eufs_tracks/cli
copying eufs_tracks/cli/main.py -> /home/xyh/eufs_sim/build/eufs_tracks/build/lib/eufs_tracks/cli
copying eufs_tracks/cli/convert.py -> /home/xyh/eufs_sim/build/eufs_tracks/build/lib/eufs_tracks/cli
copying eufs_tracks/cli/__init__.py -> /home/xyh/eufs_sim/build/eufs_tracks/build/lib/eufs_tracks/cli
copying eufs_tracks/cli/create.py -> /home/xyh/eufs_sim/build/eufs_tracks/build/lib/eufs_tracks/cli
creating /home/xyh/eufs_sim/build/eufs_tracks/build/lib/eufs_tracks/converter_tool
copying eufs_tracks/converter_tool/converter_gui.py -> /home/xyh/eufs_sim/build/eufs_tracks/build/lib/eufs_tracks/converter_tool
copying eufs_tracks/converter_tool/converter.py -> /home/xyh/eufs_sim/build/eufs_tracks/build/lib/eufs_tracks/converter_tool
copying eufs_tracks/converter_tool/__init__.py -> /home/xyh/eufs_sim/build/eufs_tracks/build/lib/eufs_tracks/converter_tool
running build_scripts
creating /home/xyh/eufs_sim/build/eufs_tracks/build/scripts-3.8
copying and adjusting scripts/eufs_tracks_converter -> /home/xyh/eufs_sim/build/eufs_tracks/build/scripts-3.8
copying and adjusting scripts/eufs_tracks_generator -> /home/xyh/eufs_sim/build/eufs_tracks/build/scripts-3.8
changing mode of /home/xyh/eufs_sim/build/eufs_tracks/build/scripts-3.8/eufs_tracks_converter from 664 to 775
changing mode of /home/xyh/eufs_sim/build/eufs_tracks/build/scripts-3.8/eufs_tracks_generator from 664 to 775
running install
running install_lib
creating /home/xyh/eufs_sim/install/eufs_tracks/lib/python3.8/site-packages/eufs_tracks
creating /home/xyh/eufs_sim/install/eufs_tracks/lib/python3.8/site-packages/eufs_tracks/track_generator
copying /home/xyh/eufs_sim/build/eufs_tracks/build/lib/eufs_tracks/track_generator/track_generator_gui.py -> /home/xyh/eufs_sim/install/eufs_tracks/lib/python3.8/site-packages/eufs_tracks/track_generator
copying /home/xyh/eufs_sim/build/eufs_tracks/build/lib/eufs_tracks/track_generator/track_generator.py -> /home/xyh/eufs_sim/install/eufs_tracks/lib/python3.8/site-packages/eufs_tracks/track_generator
copying /home/xyh/eufs_sim/build/eufs_tracks/build/lib/eufs_tracks/track_generator/__init__.py -> /home/xyh/eufs_sim/install/eufs_tracks/lib/python3.8/site-packages/eufs_tracks/track_generator
creating /home/xyh/eufs_sim/install/eufs_tracks/lib/python3.8/site-packages/eufs_tracks/cli
copying /home/xyh/eufs_sim/build/eufs_tracks/build/lib/eufs_tracks/cli/main.py -> /home/xyh/eufs_sim/install/eufs_tracks/lib/python3.8/site-packages/eufs_tracks/cli
copying /home/xyh/eufs_sim/build/eufs_tracks/build/lib/eufs_tracks/cli/convert.py -> /home/xyh/eufs_sim/install/eufs_tracks/lib/python3.8/site-packages/eufs_tracks/cli
copying /home/xyh/eufs_sim/build/eufs_tracks/build/lib/eufs_tracks/cli/__init__.py -> /home/xyh/eufs_sim/install/eufs_tracks/lib/python3.8/site-packages/eufs_tracks/cli
copying /home/xyh/eufs_sim/build/eufs_tracks/build/lib/eufs_tracks/cli/create.py -> /home/xyh/eufs_sim/install/eufs_tracks/lib/python3.8/site-packages/eufs_tracks/cli
copying /home/xyh/eufs_sim/build/eufs_tracks/build/lib/eufs_tracks/__init__.py -> /home/xyh/eufs_sim/install/eufs_tracks/lib/python3.8/site-packages/eufs_tracks
creating /home/xyh/eufs_sim/install/eufs_tracks/lib/python3.8/site-packages/eufs_tracks/converter_tool
copying /home/xyh/eufs_sim/build/eufs_tracks/build/lib/eufs_tracks/converter_tool/converter_gui.py -> /home/xyh/eufs_sim/install/eufs_tracks/lib/python3.8/site-packages/eufs_tracks/converter_tool
copying /home/xyh/eufs_sim/build/eufs_tracks/build/lib/eufs_tracks/converter_tool/converter.py -> /home/xyh/eufs_sim/install/eufs_tracks/lib/python3.8/site-packages/eufs_tracks/converter_tool
copying /home/xyh/eufs_sim/build/eufs_tracks/build/lib/eufs_tracks/converter_tool/__init__.py -> /home/xyh/eufs_sim/install/eufs_tracks/lib/python3.8/site-packages/eufs_tracks/converter_tool
byte-compiling /home/xyh/eufs_sim/install/eufs_tracks/lib/python3.8/site-packages/eufs_tracks/track_generator/track_generator_gui.py to track_generator_gui.cpython-38.pyc
byte-compiling /home/xyh/eufs_sim/install/eufs_tracks/lib/python3.8/site-packages/eufs_tracks/track_generator/track_generator.py to track_generator.cpython-38.pyc
byte-compiling /home/xyh/eufs_sim/install/eufs_tracks/lib/python3.8/site-packages/eufs_tracks/track_generator/__init__.py to __init__.cpython-38.pyc
byte-compiling /home/xyh/eufs_sim/install/eufs_tracks/lib/python3.8/site-packages/eufs_tracks/cli/main.py to main.cpython-38.pyc
byte-compiling /home/xyh/eufs_sim/install/eufs_tracks/lib/python3.8/site-packages/eufs_tracks/cli/convert.py to convert.cpython-38.pyc
byte-compiling /home/xyh/eufs_sim/install/eufs_tracks/lib/python3.8/site-packages/eufs_tracks/cli/__init__.py to __init__.cpython-38.pyc
byte-compiling /home/xyh/eufs_sim/install/eufs_tracks/lib/python3.8/site-packages/eufs_tracks/cli/create.py to create.cpython-38.pyc
byte-compiling /home/xyh/eufs_sim/install/eufs_tracks/lib/python3.8/site-packages/eufs_tracks/__init__.py to __init__.cpython-38.pyc
byte-compiling /home/xyh/eufs_sim/install/eufs_tracks/lib/python3.8/site-packages/eufs_tracks/converter_tool/converter_gui.py to converter_gui.cpython-38.pyc
byte-compiling /home/xyh/eufs_sim/install/eufs_tracks/lib/python3.8/site-packages/eufs_tracks/converter_tool/converter.py to converter.cpython-38.pyc
byte-compiling /home/xyh/eufs_sim/install/eufs_tracks/lib/python3.8/site-packages/eufs_tracks/converter_tool/__init__.py to __init__.cpython-38.pyc
running install_data
copying package.xml -> /home/xyh/eufs_sim/install/eufs_tracks/share/eufs_tracks
copying plugin.xml -> /home/xyh/eufs_sim/install/eufs_tracks/share/eufs_tracks
creating /home/xyh/eufs_sim/install/eufs_tracks/share/ament_index
creating /home/xyh/eufs_sim/install/eufs_tracks/share/ament_index/resource_index
creating /home/xyh/eufs_sim/install/eufs_tracks/share/ament_index/resource_index/packages
copying resource/eufs_tracks -> /home/xyh/eufs_sim/install/eufs_tracks/share/ament_index/resource_index/packages
creating /home/xyh/eufs_sim/install/eufs_tracks/share/eufs_tracks/csv
copying csv/comp_2021.csv -> /home/xyh/eufs_sim/install/eufs_tracks/share/eufs_tracks/csv
copying csv/boa_constrictor.csv -> /home/xyh/eufs_sim/install/eufs_tracks/share/eufs_tracks/csv
copying csv/skidpad.csv -> /home/xyh/eufs_sim/install/eufs_tracks/share/eufs_tracks/csv
copying csv/rand.csv -> /home/xyh/eufs_sim/install/eufs_tracks/share/eufs_tracks/csv
copying csv/rectangle.csv -> /home/xyh/eufs_sim/install/eufs_tracks/share/eufs_tracks/csv
copying csv/bone.csv -> /home/xyh/eufs_sim/install/eufs_tracks/share/eufs_tracks/csv
copying csv/acceleration.csv -> /home/xyh/eufs_sim/install/eufs_tracks/share/eufs_tracks/csv
copying csv/peanut.csv -> /home/xyh/eufs_sim/install/eufs_tracks/share/eufs_tracks/csv
copying csv/its_a_mess.csv -> /home/xyh/eufs_sim/install/eufs_tracks/share/eufs_tracks/csv
copying csv/small_track.csv -> /home/xyh/eufs_sim/install/eufs_tracks/share/eufs_tracks/csv
copying csv/garden_light.csv -> /home/xyh/eufs_sim/install/eufs_tracks/share/eufs_tracks/csv
copying csv/hairpins_increasing_difficulty.csv -> /home/xyh/eufs_sim/install/eufs_tracks/share/eufs_tracks/csv
creating /home/xyh/eufs_sim/install/eufs_tracks/share/eufs_tracks/image
copying image/skidpad.png -> /home/xyh/eufs_sim/install/eufs_tracks/share/eufs_tracks/image
copying image/comp_2021.png -> /home/xyh/eufs_sim/install/eufs_tracks/share/eufs_tracks/image
creating /home/xyh/eufs_sim/install/eufs_tracks/share/eufs_tracks/launch
copying launch/skidpad.launch -> /home/xyh/eufs_sim/install/eufs_tracks/share/eufs_tracks/launch
copying launch/boa_constrictor.launch -> /home/xyh/eufs_sim/install/eufs_tracks/share/eufs_tracks/launch
copying launch/rand.launch -> /home/xyh/eufs_sim/install/eufs_tracks/share/eufs_tracks/launch
copying launch/garden_light.launch -> /home/xyh/eufs_sim/install/eufs_tracks/share/eufs_tracks/launch
copying launch/empty.launch -> /home/xyh/eufs_sim/install/eufs_tracks/share/eufs_tracks/launch
copying launch/its_a_mess.launch -> /home/xyh/eufs_sim/install/eufs_tracks/share/eufs_tracks/launch
copying launch/comp_2021.launch -> /home/xyh/eufs_sim/install/eufs_tracks/share/eufs_tracks/launch
copying launch/acceleration.launch -> /home/xyh/eufs_sim/install/eufs_tracks/share/eufs_tracks/launch
copying launch/rectangle.launch -> /home/xyh/eufs_sim/install/eufs_tracks/share/eufs_tracks/launch
copying launch/hairpins_increasing_difficulty.launch -> /home/xyh/eufs_sim/install/eufs_tracks/share/eufs_tracks/launch
copying launch/peanut.launch -> /home/xyh/eufs_sim/install/eufs_tracks/share/eufs_tracks/launch
copying launch/eufs_track_generator.launch.py -> /home/xyh/eufs_sim/install/eufs_tracks/share/eufs_tracks/launch
copying launch/small_track.launch -> /home/xyh/eufs_sim/install/eufs_tracks/share/eufs_tracks/launch
copying launch/blacklist.txt -> /home/xyh/eufs_sim/install/eufs_tracks/share/eufs_tracks/launch
creating /home/xyh/eufs_sim/install/eufs_tracks/share/eufs_tracks/materials
copying materials/asphalt.jpg -> /home/xyh/eufs_sim/install/eufs_tracks/share/eufs_tracks/materials
creating /home/xyh/eufs_sim/install/eufs_tracks/share/eufs_tracks/meshes
copying meshes/cone.dae -> /home/xyh/eufs_sim/install/eufs_tracks/share/eufs_tracks/meshes
copying meshes/NoiseCube.dae -> /home/xyh/eufs_sim/install/eufs_tracks/share/eufs_tracks/meshes
copying meshes/MonkeyNoise.dae -> /home/xyh/eufs_sim/install/eufs_tracks/share/eufs_tracks/meshes
copying meshes/cone_big.dae -> /home/xyh/eufs_sim/install/eufs_tracks/share/eufs_tracks/meshes
copying meshes/cone_blue.dae -> /home/xyh/eufs_sim/install/eufs_tracks/share/eufs_tracks/meshes
copying meshes/cone_yellow.dae -> /home/xyh/eufs_sim/install/eufs_tracks/share/eufs_tracks/meshes
creating /home/xyh/eufs_sim/install/eufs_tracks/share/eufs_tracks/worlds
copying worlds/garden_light.world -> /home/xyh/eufs_sim/install/eufs_tracks/share/eufs_tracks/worlds
copying worlds/rectangle.world -> /home/xyh/eufs_sim/install/eufs_tracks/share/eufs_tracks/worlds
copying worlds/rand.world -> /home/xyh/eufs_sim/install/eufs_tracks/share/eufs_tracks/worlds
copying worlds/skidpad.world -> /home/xyh/eufs_sim/install/eufs_tracks/share/eufs_tracks/worlds
copying worlds/acceleration.world -> /home/xyh/eufs_sim/install/eufs_tracks/share/eufs_tracks/worlds
copying worlds/small_track.world -> /home/xyh/eufs_sim/install/eufs_tracks/share/eufs_tracks/worlds
copying worlds/its_a_mess.world -> /home/xyh/eufs_sim/install/eufs_tracks/share/eufs_tracks/worlds
copying worlds/comp_2021.world -> /home/xyh/eufs_sim/install/eufs_tracks/share/eufs_tracks/worlds
copying worlds/hairpins_increasing_difficulty.world -> /home/xyh/eufs_sim/install/eufs_tracks/share/eufs_tracks/worlds
copying worlds/peanut.world -> /home/xyh/eufs_sim/install/eufs_tracks/share/eufs_tracks/worlds
copying worlds/boa_constrictor.world -> /home/xyh/eufs_sim/install/eufs_tracks/share/eufs_tracks/worlds
creating /home/xyh/eufs_sim/install/eufs_tracks/share/eufs_tracks/resource
creating /home/xyh/eufs_sim/install/eufs_tracks/share/eufs_tracks/resource/randgen_model_template
copying resource/randgen_model_template/model.config -> /home/xyh/eufs_sim/install/eufs_tracks/share/eufs_tracks/resource/randgen_model_template
copying resource/randgen_model_template/model.sdf -> /home/xyh/eufs_sim/install/eufs_tracks/share/eufs_tracks/resource/randgen_model_template
copying resource/noiseFiles.txt -> /home/xyh/eufs_sim/install/eufs_tracks/share/eufs_tracks/resource
copying resource/randgen_launch_template -> /home/xyh/eufs_sim/install/eufs_tracks/share/eufs_tracks/resource
copying resource/randgen_world_template -> /home/xyh/eufs_sim/install/eufs_tracks/share/eufs_tracks/resource
copying resource/conversion_tool.ui -> /home/xyh/eufs_sim/install/eufs_tracks/share/eufs_tracks/resource
creating /home/xyh/eufs_sim/install/eufs_tracks/share/eufs_tracks/models
creating /home/xyh/eufs_sim/install/eufs_tracks/share/eufs_tracks/models/blue_cone
copying models/blue_cone/model.config -> /home/xyh/eufs_sim/install/eufs_tracks/share/eufs_tracks/models/blue_cone
copying models/blue_cone/model.sdf -> /home/xyh/eufs_sim/install/eufs_tracks/share/eufs_tracks/models/blue_cone
creating /home/xyh/eufs_sim/install/eufs_tracks/share/eufs_tracks/models/yellow_cone
copying models/yellow_cone/model.config -> /home/xyh/eufs_sim/install/eufs_tracks/share/eufs_tracks/models/yellow_cone
copying models/yellow_cone/model.sdf -> /home/xyh/eufs_sim/install/eufs_tracks/share/eufs_tracks/models/yellow_cone
creating /home/xyh/eufs_sim/install/eufs_tracks/share/eufs_tracks/models/acceleration
copying models/acceleration/model.config -> /home/xyh/eufs_sim/install/eufs_tracks/share/eufs_tracks/models/acceleration
copying models/acceleration/model.sdf -> /home/xyh/eufs_sim/install/eufs_tracks/share/eufs_tracks/models/acceleration
creating /home/xyh/eufs_sim/install/eufs_tracks/share/eufs_tracks/models/its_a_mess
copying models/its_a_mess/model.config -> /home/xyh/eufs_sim/install/eufs_tracks/share/eufs_tracks/models/its_a_mess
copying models/its_a_mess/model.sdf -> /home/xyh/eufs_sim/install/eufs_tracks/share/eufs_tracks/models/its_a_mess
creating /home/xyh/eufs_sim/install/eufs_tracks/share/eufs_tracks/models/big_cone
copying models/big_cone/model.config -> /home/xyh/eufs_sim/install/eufs_tracks/share/eufs_tracks/models/big_cone
copying models/big_cone/model.sdf -> /home/xyh/eufs_sim/install/eufs_tracks/share/eufs_tracks/models/big_cone
creating /home/xyh/eufs_sim/install/eufs_tracks/share/eufs_tracks/models/small_track
copying models/small_track/model.config -> /home/xyh/eufs_sim/install/eufs_tracks/share/eufs_tracks/models/small_track
copying models/small_track/model.sdf -> /home/xyh/eufs_sim/install/eufs_tracks/share/eufs_tracks/models/small_track
creating /home/xyh/eufs_sim/install/eufs_tracks/share/eufs_tracks/models/rectangle
copying models/rectangle/model.config -> /home/xyh/eufs_sim/install/eufs_tracks/share/eufs_tracks/models/rectangle
copying models/rectangle/model.sdf -> /home/xyh/eufs_sim/install/eufs_tracks/share/eufs_tracks/models/rectangle
creating /home/xyh/eufs_sim/install/eufs_tracks/share/eufs_tracks/models/peanut
copying models/peanut/model.config -> /home/xyh/eufs_sim/install/eufs_tracks/share/eufs_tracks/models/peanut
copying models/peanut/model.sdf -> /home/xyh/eufs_sim/install/eufs_tracks/share/eufs_tracks/models/peanut
creating /home/xyh/eufs_sim/install/eufs_tracks/share/eufs_tracks/models/boa_constrictor
copying models/boa_constrictor/model.config -> /home/xyh/eufs_sim/install/eufs_tracks/share/eufs_tracks/models/boa_constrictor
copying models/boa_constrictor/model.sdf -> /home/xyh/eufs_sim/install/eufs_tracks/share/eufs_tracks/models/boa_constrictor
creating /home/xyh/eufs_sim/install/eufs_tracks/share/eufs_tracks/models/garden_light
copying models/garden_light/model.config -> /home/xyh/eufs_sim/install/eufs_tracks/share/eufs_tracks/models/garden_light
copying models/garden_light/model.sdf -> /home/xyh/eufs_sim/install/eufs_tracks/share/eufs_tracks/models/garden_light
creating /home/xyh/eufs_sim/install/eufs_tracks/share/eufs_tracks/models/ground_plane
copying models/ground_plane/model.config -> /home/xyh/eufs_sim/install/eufs_tracks/share/eufs_tracks/models/ground_plane
copying models/ground_plane/model.sdf -> /home/xyh/eufs_sim/install/eufs_tracks/share/eufs_tracks/models/ground_plane
creating /home/xyh/eufs_sim/install/eufs_tracks/share/eufs_tracks/models/comp_2021
copying models/comp_2021/model.config -> /home/xyh/eufs_sim/install/eufs_tracks/share/eufs_tracks/models/comp_2021
copying models/comp_2021/model.sdf -> /home/xyh/eufs_sim/install/eufs_tracks/share/eufs_tracks/models/comp_2021
creating /home/xyh/eufs_sim/install/eufs_tracks/share/eufs_tracks/models/orange_cone
copying models/orange_cone/model.config -> /home/xyh/eufs_sim/install/eufs_tracks/share/eufs_tracks/models/orange_cone
copying models/orange_cone/model.sdf -> /home/xyh/eufs_sim/install/eufs_tracks/share/eufs_tracks/models/orange_cone
creating /home/xyh/eufs_sim/install/eufs_tracks/share/eufs_tracks/models/skidpad
copying models/skidpad/model.config -> /home/xyh/eufs_sim/install/eufs_tracks/share/eufs_tracks/models/skidpad
copying models/skidpad/model.sdf -> /home/xyh/eufs_sim/install/eufs_tracks/share/eufs_tracks/models/skidpad
creating /home/xyh/eufs_sim/install/eufs_tracks/share/eufs_tracks/models/rand
copying models/rand/model.config -> /home/xyh/eufs_sim/install/eufs_tracks/share/eufs_tracks/models/rand
copying models/rand/model.sdf -> /home/xyh/eufs_sim/install/eufs_tracks/share/eufs_tracks/models/rand
creating /home/xyh/eufs_sim/install/eufs_tracks/share/eufs_tracks/models/hairpins_increasing_difficulty
copying models/hairpins_increasing_difficulty/model.config -> /home/xyh/eufs_sim/install/eufs_tracks/share/eufs_tracks/models/hairpins_increasing_difficulty
copying models/hairpins_increasing_difficulty/model.sdf -> /home/xyh/eufs_sim/install/eufs_tracks/share/eufs_tracks/models/hairpins_increasing_difficulty
running install_egg_info
Copying ../build/eufs_tracks/eufs_tracks.egg-info to /home/xyh/eufs_sim/install/eufs_tracks/lib/python3.8/site-packages/eufs_tracks-2.0.0-py3.8.egg-info
running install_scripts
creating /home/xyh/eufs_sim/install/eufs_tracks/lib/eufs_tracks
copying /home/xyh/eufs_sim/build/eufs_tracks/build/scripts-3.8/eufs_tracks_generator -> /home/xyh/eufs_sim/install/eufs_tracks/lib/eufs_tracks
copying /home/xyh/eufs_sim/build/eufs_tracks/build/scripts-3.8/eufs_tracks_converter -> /home/xyh/eufs_sim/install/eufs_tracks/lib/eufs_tracks
changing mode of /home/xyh/eufs_sim/install/eufs_tracks/lib/eufs_tracks/eufs_tracks_generator to 775
changing mode of /home/xyh/eufs_sim/install/eufs_tracks/lib/eufs_tracks/eufs_tracks_converter to 775
writing list of installed files to '/home/xyh/eufs_sim/build/eufs_tracks/install.log'
