[1.528s] Invoking command in '/home/xyh/eufs_sim/eufs_tracks': PYTHONPATH=/home/xyh/eufs_sim/build/eufs_tracks/prefix_override:/home/xyh/eufs_sim/install/eufs_tracks/lib/python3.8/site-packages:${PYTHONPATH} /usr/bin/python3 -W ignore:setup.py install is deprecated setup.py egg_info --egg-base ../build/eufs_tracks build --build-base /home/xyh/eufs_sim/build/eufs_tracks/build install --record /home/xyh/eufs_sim/build/eufs_tracks/install.log --single-version-externally-managed install_data
[1.921s] running egg_info
[1.922s] creating ../build/eufs_tracks/eufs_tracks.egg-info
[1.922s] writing ../build/eufs_tracks/eufs_tracks.egg-info/PKG-INFO
[1.923s] writing dependency_links to ../build/eufs_tracks/eufs_tracks.egg-info/dependency_links.txt
[1.924s] writing entry points to ../build/eufs_tracks/eufs_tracks.egg-info/entry_points.txt
[1.924s] writing requirements to ../build/eufs_tracks/eufs_tracks.egg-info/requires.txt
[1.925s] writing top-level names to ../build/eufs_tracks/eufs_tracks.egg-info/top_level.txt
[1.993s] writing manifest file '../build/eufs_tracks/eufs_tracks.egg-info/SOURCES.txt'
[2.078s] reading manifest file '../build/eufs_tracks/eufs_tracks.egg-info/SOURCES.txt'
[2.081s] writing manifest file '../build/eufs_tracks/eufs_tracks.egg-info/SOURCES.txt'
[2.082s] running build
[2.082s] running build_py
[2.082s] creating /home/xyh/eufs_sim/build/eufs_tracks/build
[2.082s] creating /home/xyh/eufs_sim/build/eufs_tracks/build/lib
[2.083s] creating /home/xyh/eufs_sim/build/eufs_tracks/build/lib/eufs_tracks
[2.083s] copying eufs_tracks/__init__.py -> /home/xyh/eufs_sim/build/eufs_tracks/build/lib/eufs_tracks
[2.083s] creating /home/xyh/eufs_sim/build/eufs_tracks/build/lib/eufs_tracks/track_generator
[2.084s] copying eufs_tracks/track_generator/track_generator_gui.py -> /home/xyh/eufs_sim/build/eufs_tracks/build/lib/eufs_tracks/track_generator
[2.084s] copying eufs_tracks/track_generator/track_generator.py -> /home/xyh/eufs_sim/build/eufs_tracks/build/lib/eufs_tracks/track_generator
[2.085s] copying eufs_tracks/track_generator/__init__.py -> /home/xyh/eufs_sim/build/eufs_tracks/build/lib/eufs_tracks/track_generator
[2.085s] creating /home/xyh/eufs_sim/build/eufs_tracks/build/lib/eufs_tracks/cli
[2.086s] copying eufs_tracks/cli/main.py -> /home/xyh/eufs_sim/build/eufs_tracks/build/lib/eufs_tracks/cli
[2.086s] copying eufs_tracks/cli/convert.py -> /home/xyh/eufs_sim/build/eufs_tracks/build/lib/eufs_tracks/cli
[2.087s] copying eufs_tracks/cli/__init__.py -> /home/xyh/eufs_sim/build/eufs_tracks/build/lib/eufs_tracks/cli
[2.087s] copying eufs_tracks/cli/create.py -> /home/xyh/eufs_sim/build/eufs_tracks/build/lib/eufs_tracks/cli
[2.088s] creating /home/xyh/eufs_sim/build/eufs_tracks/build/lib/eufs_tracks/converter_tool
[2.088s] copying eufs_tracks/converter_tool/converter_gui.py -> /home/xyh/eufs_sim/build/eufs_tracks/build/lib/eufs_tracks/converter_tool
[2.089s] copying eufs_tracks/converter_tool/converter.py -> /home/xyh/eufs_sim/build/eufs_tracks/build/lib/eufs_tracks/converter_tool
[2.089s] copying eufs_tracks/converter_tool/__init__.py -> /home/xyh/eufs_sim/build/eufs_tracks/build/lib/eufs_tracks/converter_tool
[2.090s] running build_scripts
[2.090s] creating /home/xyh/eufs_sim/build/eufs_tracks/build/scripts-3.8
[2.091s] copying and adjusting scripts/eufs_tracks_converter -> /home/xyh/eufs_sim/build/eufs_tracks/build/scripts-3.8
[2.091s] copying and adjusting scripts/eufs_tracks_generator -> /home/xyh/eufs_sim/build/eufs_tracks/build/scripts-3.8
[2.091s] changing mode of /home/xyh/eufs_sim/build/eufs_tracks/build/scripts-3.8/eufs_tracks_converter from 664 to 775
[2.091s] changing mode of /home/xyh/eufs_sim/build/eufs_tracks/build/scripts-3.8/eufs_tracks_generator from 664 to 775
[2.091s] running install
[2.093s] running install_lib
[2.095s] creating /home/xyh/eufs_sim/install/eufs_tracks/lib/python3.8/site-packages/eufs_tracks
[2.096s] creating /home/xyh/eufs_sim/install/eufs_tracks/lib/python3.8/site-packages/eufs_tracks/track_generator
[2.097s] copying /home/xyh/eufs_sim/build/eufs_tracks/build/lib/eufs_tracks/track_generator/track_generator_gui.py -> /home/xyh/eufs_sim/install/eufs_tracks/lib/python3.8/site-packages/eufs_tracks/track_generator
[2.097s] copying /home/xyh/eufs_sim/build/eufs_tracks/build/lib/eufs_tracks/track_generator/track_generator.py -> /home/xyh/eufs_sim/install/eufs_tracks/lib/python3.8/site-packages/eufs_tracks/track_generator
[2.098s] copying /home/xyh/eufs_sim/build/eufs_tracks/build/lib/eufs_tracks/track_generator/__init__.py -> /home/xyh/eufs_sim/install/eufs_tracks/lib/python3.8/site-packages/eufs_tracks/track_generator
[2.099s] creating /home/xyh/eufs_sim/install/eufs_tracks/lib/python3.8/site-packages/eufs_tracks/cli
[2.099s] copying /home/xyh/eufs_sim/build/eufs_tracks/build/lib/eufs_tracks/cli/main.py -> /home/xyh/eufs_sim/install/eufs_tracks/lib/python3.8/site-packages/eufs_tracks/cli
[2.100s] copying /home/xyh/eufs_sim/build/eufs_tracks/build/lib/eufs_tracks/cli/convert.py -> /home/xyh/eufs_sim/install/eufs_tracks/lib/python3.8/site-packages/eufs_tracks/cli
[2.101s] copying /home/xyh/eufs_sim/build/eufs_tracks/build/lib/eufs_tracks/cli/__init__.py -> /home/xyh/eufs_sim/install/eufs_tracks/lib/python3.8/site-packages/eufs_tracks/cli
[2.102s] copying /home/xyh/eufs_sim/build/eufs_tracks/build/lib/eufs_tracks/cli/create.py -> /home/xyh/eufs_sim/install/eufs_tracks/lib/python3.8/site-packages/eufs_tracks/cli
[2.102s] copying /home/xyh/eufs_sim/build/eufs_tracks/build/lib/eufs_tracks/__init__.py -> /home/xyh/eufs_sim/install/eufs_tracks/lib/python3.8/site-packages/eufs_tracks
[2.103s] creating /home/xyh/eufs_sim/install/eufs_tracks/lib/python3.8/site-packages/eufs_tracks/converter_tool
[2.103s] copying /home/xyh/eufs_sim/build/eufs_tracks/build/lib/eufs_tracks/converter_tool/converter_gui.py -> /home/xyh/eufs_sim/install/eufs_tracks/lib/python3.8/site-packages/eufs_tracks/converter_tool
[2.104s] copying /home/xyh/eufs_sim/build/eufs_tracks/build/lib/eufs_tracks/converter_tool/converter.py -> /home/xyh/eufs_sim/install/eufs_tracks/lib/python3.8/site-packages/eufs_tracks/converter_tool
[2.105s] copying /home/xyh/eufs_sim/build/eufs_tracks/build/lib/eufs_tracks/converter_tool/__init__.py -> /home/xyh/eufs_sim/install/eufs_tracks/lib/python3.8/site-packages/eufs_tracks/converter_tool
[2.106s] byte-compiling /home/xyh/eufs_sim/install/eufs_tracks/lib/python3.8/site-packages/eufs_tracks/track_generator/track_generator_gui.py to track_generator_gui.cpython-38.pyc
[2.117s] byte-compiling /home/xyh/eufs_sim/install/eufs_tracks/lib/python3.8/site-packages/eufs_tracks/track_generator/track_generator.py to track_generator.cpython-38.pyc
[2.129s] byte-compiling /home/xyh/eufs_sim/install/eufs_tracks/lib/python3.8/site-packages/eufs_tracks/track_generator/__init__.py to __init__.cpython-38.pyc
[2.130s] byte-compiling /home/xyh/eufs_sim/install/eufs_tracks/lib/python3.8/site-packages/eufs_tracks/cli/main.py to main.cpython-38.pyc
[2.130s] byte-compiling /home/xyh/eufs_sim/install/eufs_tracks/lib/python3.8/site-packages/eufs_tracks/cli/convert.py to convert.cpython-38.pyc
[2.132s] byte-compiling /home/xyh/eufs_sim/install/eufs_tracks/lib/python3.8/site-packages/eufs_tracks/cli/__init__.py to __init__.cpython-38.pyc
[2.132s] byte-compiling /home/xyh/eufs_sim/install/eufs_tracks/lib/python3.8/site-packages/eufs_tracks/cli/create.py to create.cpython-38.pyc
[2.133s] byte-compiling /home/xyh/eufs_sim/install/eufs_tracks/lib/python3.8/site-packages/eufs_tracks/__init__.py to __init__.cpython-38.pyc
[2.133s] byte-compiling /home/xyh/eufs_sim/install/eufs_tracks/lib/python3.8/site-packages/eufs_tracks/converter_tool/converter_gui.py to converter_gui.cpython-38.pyc
[2.134s] byte-compiling /home/xyh/eufs_sim/install/eufs_tracks/lib/python3.8/site-packages/eufs_tracks/converter_tool/converter.py to converter.cpython-38.pyc
[2.138s] byte-compiling /home/xyh/eufs_sim/install/eufs_tracks/lib/python3.8/site-packages/eufs_tracks/converter_tool/__init__.py to __init__.cpython-38.pyc
[2.139s] running install_data
[2.140s] copying package.xml -> /home/xyh/eufs_sim/install/eufs_tracks/share/eufs_tracks
[2.141s] copying plugin.xml -> /home/xyh/eufs_sim/install/eufs_tracks/share/eufs_tracks
[2.141s] creating /home/xyh/eufs_sim/install/eufs_tracks/share/ament_index
[2.142s] creating /home/xyh/eufs_sim/install/eufs_tracks/share/ament_index/resource_index
[2.142s] creating /home/xyh/eufs_sim/install/eufs_tracks/share/ament_index/resource_index/packages
[2.142s] copying resource/eufs_tracks -> /home/xyh/eufs_sim/install/eufs_tracks/share/ament_index/resource_index/packages
[2.142s] creating /home/xyh/eufs_sim/install/eufs_tracks/share/eufs_tracks/csv
[2.142s] copying csv/comp_2021.csv -> /home/xyh/eufs_sim/install/eufs_tracks/share/eufs_tracks/csv
[2.143s] copying csv/boa_constrictor.csv -> /home/xyh/eufs_sim/install/eufs_tracks/share/eufs_tracks/csv
[2.143s] copying csv/skidpad.csv -> /home/xyh/eufs_sim/install/eufs_tracks/share/eufs_tracks/csv
[2.143s] copying csv/rand.csv -> /home/xyh/eufs_sim/install/eufs_tracks/share/eufs_tracks/csv
[2.143s] copying csv/rectangle.csv -> /home/xyh/eufs_sim/install/eufs_tracks/share/eufs_tracks/csv
[2.144s] copying csv/bone.csv -> /home/xyh/eufs_sim/install/eufs_tracks/share/eufs_tracks/csv
[2.144s] copying csv/acceleration.csv -> /home/xyh/eufs_sim/install/eufs_tracks/share/eufs_tracks/csv
[2.144s] copying csv/peanut.csv -> /home/xyh/eufs_sim/install/eufs_tracks/share/eufs_tracks/csv
[2.144s] copying csv/its_a_mess.csv -> /home/xyh/eufs_sim/install/eufs_tracks/share/eufs_tracks/csv
[2.145s] copying csv/small_track.csv -> /home/xyh/eufs_sim/install/eufs_tracks/share/eufs_tracks/csv
[2.145s] copying csv/garden_light.csv -> /home/xyh/eufs_sim/install/eufs_tracks/share/eufs_tracks/csv
[2.145s] copying csv/hairpins_increasing_difficulty.csv -> /home/xyh/eufs_sim/install/eufs_tracks/share/eufs_tracks/csv
[2.145s] creating /home/xyh/eufs_sim/install/eufs_tracks/share/eufs_tracks/image
[2.146s] copying image/skidpad.png -> /home/xyh/eufs_sim/install/eufs_tracks/share/eufs_tracks/image
[2.146s] copying image/comp_2021.png -> /home/xyh/eufs_sim/install/eufs_tracks/share/eufs_tracks/image
[2.146s] creating /home/xyh/eufs_sim/install/eufs_tracks/share/eufs_tracks/launch
[2.146s] copying launch/skidpad.launch -> /home/xyh/eufs_sim/install/eufs_tracks/share/eufs_tracks/launch
[2.147s] copying launch/boa_constrictor.launch -> /home/xyh/eufs_sim/install/eufs_tracks/share/eufs_tracks/launch
[2.147s] copying launch/rand.launch -> /home/xyh/eufs_sim/install/eufs_tracks/share/eufs_tracks/launch
[2.147s] copying launch/garden_light.launch -> /home/xyh/eufs_sim/install/eufs_tracks/share/eufs_tracks/launch
[2.148s] copying launch/empty.launch -> /home/xyh/eufs_sim/install/eufs_tracks/share/eufs_tracks/launch
[2.148s] copying launch/its_a_mess.launch -> /home/xyh/eufs_sim/install/eufs_tracks/share/eufs_tracks/launch
[2.149s] copying launch/comp_2021.launch -> /home/xyh/eufs_sim/install/eufs_tracks/share/eufs_tracks/launch
[2.149s] copying launch/acceleration.launch -> /home/xyh/eufs_sim/install/eufs_tracks/share/eufs_tracks/launch
[2.149s] copying launch/rectangle.launch -> /home/xyh/eufs_sim/install/eufs_tracks/share/eufs_tracks/launch
[2.150s] copying launch/hairpins_increasing_difficulty.launch -> /home/xyh/eufs_sim/install/eufs_tracks/share/eufs_tracks/launch
[2.150s] copying launch/peanut.launch -> /home/xyh/eufs_sim/install/eufs_tracks/share/eufs_tracks/launch
[2.150s] copying launch/eufs_track_generator.launch.py -> /home/xyh/eufs_sim/install/eufs_tracks/share/eufs_tracks/launch
[2.150s] copying launch/small_track.launch -> /home/xyh/eufs_sim/install/eufs_tracks/share/eufs_tracks/launch
[2.150s] copying launch/blacklist.txt -> /home/xyh/eufs_sim/install/eufs_tracks/share/eufs_tracks/launch
[2.151s] creating /home/xyh/eufs_sim/install/eufs_tracks/share/eufs_tracks/materials
[2.151s] copying materials/asphalt.jpg -> /home/xyh/eufs_sim/install/eufs_tracks/share/eufs_tracks/materials
[2.234s] creating /home/xyh/eufs_sim/install/eufs_tracks/share/eufs_tracks/meshes
[2.234s] copying meshes/cone.dae -> /home/xyh/eufs_sim/install/eufs_tracks/share/eufs_tracks/meshes
[2.234s] copying meshes/NoiseCube.dae -> /home/xyh/eufs_sim/install/eufs_tracks/share/eufs_tracks/meshes
[2.235s] copying meshes/MonkeyNoise.dae -> /home/xyh/eufs_sim/install/eufs_tracks/share/eufs_tracks/meshes
[2.235s] copying meshes/cone_big.dae -> /home/xyh/eufs_sim/install/eufs_tracks/share/eufs_tracks/meshes
[2.236s] copying meshes/cone_blue.dae -> /home/xyh/eufs_sim/install/eufs_tracks/share/eufs_tracks/meshes
[2.237s] copying meshes/cone_yellow.dae -> /home/xyh/eufs_sim/install/eufs_tracks/share/eufs_tracks/meshes
[2.238s] creating /home/xyh/eufs_sim/install/eufs_tracks/share/eufs_tracks/worlds
[2.238s] copying worlds/garden_light.world -> /home/xyh/eufs_sim/install/eufs_tracks/share/eufs_tracks/worlds
[2.238s] copying worlds/rectangle.world -> /home/xyh/eufs_sim/install/eufs_tracks/share/eufs_tracks/worlds
[2.239s] copying worlds/rand.world -> /home/xyh/eufs_sim/install/eufs_tracks/share/eufs_tracks/worlds
[2.239s] copying worlds/skidpad.world -> /home/xyh/eufs_sim/install/eufs_tracks/share/eufs_tracks/worlds
[2.239s] copying worlds/acceleration.world -> /home/xyh/eufs_sim/install/eufs_tracks/share/eufs_tracks/worlds
[2.240s] copying worlds/small_track.world -> /home/xyh/eufs_sim/install/eufs_tracks/share/eufs_tracks/worlds
[2.240s] copying worlds/its_a_mess.world -> /home/xyh/eufs_sim/install/eufs_tracks/share/eufs_tracks/worlds
[2.240s] copying worlds/comp_2021.world -> /home/xyh/eufs_sim/install/eufs_tracks/share/eufs_tracks/worlds
[2.241s] copying worlds/hairpins_increasing_difficulty.world -> /home/xyh/eufs_sim/install/eufs_tracks/share/eufs_tracks/worlds
[2.241s] copying worlds/peanut.world -> /home/xyh/eufs_sim/install/eufs_tracks/share/eufs_tracks/worlds
[2.242s] copying worlds/boa_constrictor.world -> /home/xyh/eufs_sim/install/eufs_tracks/share/eufs_tracks/worlds
[2.242s] creating /home/xyh/eufs_sim/install/eufs_tracks/share/eufs_tracks/resource
[2.242s] creating /home/xyh/eufs_sim/install/eufs_tracks/share/eufs_tracks/resource/randgen_model_template
[2.243s] copying resource/randgen_model_template/model.config -> /home/xyh/eufs_sim/install/eufs_tracks/share/eufs_tracks/resource/randgen_model_template
[2.243s] copying resource/randgen_model_template/model.sdf -> /home/xyh/eufs_sim/install/eufs_tracks/share/eufs_tracks/resource/randgen_model_template
[2.244s] copying resource/noiseFiles.txt -> /home/xyh/eufs_sim/install/eufs_tracks/share/eufs_tracks/resource
[2.244s] copying resource/randgen_launch_template -> /home/xyh/eufs_sim/install/eufs_tracks/share/eufs_tracks/resource
[2.245s] copying resource/randgen_world_template -> /home/xyh/eufs_sim/install/eufs_tracks/share/eufs_tracks/resource
[2.245s] copying resource/conversion_tool.ui -> /home/xyh/eufs_sim/install/eufs_tracks/share/eufs_tracks/resource
[2.246s] creating /home/xyh/eufs_sim/install/eufs_tracks/share/eufs_tracks/models
[2.247s] creating /home/xyh/eufs_sim/install/eufs_tracks/share/eufs_tracks/models/blue_cone
[2.247s] copying models/blue_cone/model.config -> /home/xyh/eufs_sim/install/eufs_tracks/share/eufs_tracks/models/blue_cone
[2.248s] copying models/blue_cone/model.sdf -> /home/xyh/eufs_sim/install/eufs_tracks/share/eufs_tracks/models/blue_cone
[2.248s] creating /home/xyh/eufs_sim/install/eufs_tracks/share/eufs_tracks/models/yellow_cone
[2.249s] copying models/yellow_cone/model.config -> /home/xyh/eufs_sim/install/eufs_tracks/share/eufs_tracks/models/yellow_cone
[2.250s] copying models/yellow_cone/model.sdf -> /home/xyh/eufs_sim/install/eufs_tracks/share/eufs_tracks/models/yellow_cone
[2.250s] creating /home/xyh/eufs_sim/install/eufs_tracks/share/eufs_tracks/models/acceleration
[2.251s] copying models/acceleration/model.config -> /home/xyh/eufs_sim/install/eufs_tracks/share/eufs_tracks/models/acceleration
[2.251s] copying models/acceleration/model.sdf -> /home/xyh/eufs_sim/install/eufs_tracks/share/eufs_tracks/models/acceleration
[2.251s] creating /home/xyh/eufs_sim/install/eufs_tracks/share/eufs_tracks/models/its_a_mess
[2.252s] copying models/its_a_mess/model.config -> /home/xyh/eufs_sim/install/eufs_tracks/share/eufs_tracks/models/its_a_mess
[2.252s] copying models/its_a_mess/model.sdf -> /home/xyh/eufs_sim/install/eufs_tracks/share/eufs_tracks/models/its_a_mess
[2.253s] creating /home/xyh/eufs_sim/install/eufs_tracks/share/eufs_tracks/models/big_cone
[2.253s] copying models/big_cone/model.config -> /home/xyh/eufs_sim/install/eufs_tracks/share/eufs_tracks/models/big_cone
[2.253s] copying models/big_cone/model.sdf -> /home/xyh/eufs_sim/install/eufs_tracks/share/eufs_tracks/models/big_cone
[2.253s] creating /home/xyh/eufs_sim/install/eufs_tracks/share/eufs_tracks/models/small_track
[2.253s] copying models/small_track/model.config -> /home/xyh/eufs_sim/install/eufs_tracks/share/eufs_tracks/models/small_track
[2.253s] copying models/small_track/model.sdf -> /home/xyh/eufs_sim/install/eufs_tracks/share/eufs_tracks/models/small_track
[2.253s] creating /home/xyh/eufs_sim/install/eufs_tracks/share/eufs_tracks/models/rectangle
[2.253s] copying models/rectangle/model.config -> /home/xyh/eufs_sim/install/eufs_tracks/share/eufs_tracks/models/rectangle
[2.253s] copying models/rectangle/model.sdf -> /home/xyh/eufs_sim/install/eufs_tracks/share/eufs_tracks/models/rectangle
[2.253s] creating /home/xyh/eufs_sim/install/eufs_tracks/share/eufs_tracks/models/peanut
[2.253s] copying models/peanut/model.config -> /home/xyh/eufs_sim/install/eufs_tracks/share/eufs_tracks/models/peanut
[2.254s] copying models/peanut/model.sdf -> /home/xyh/eufs_sim/install/eufs_tracks/share/eufs_tracks/models/peanut
[2.254s] creating /home/xyh/eufs_sim/install/eufs_tracks/share/eufs_tracks/models/boa_constrictor
[2.254s] copying models/boa_constrictor/model.config -> /home/xyh/eufs_sim/install/eufs_tracks/share/eufs_tracks/models/boa_constrictor
[2.254s] copying models/boa_constrictor/model.sdf -> /home/xyh/eufs_sim/install/eufs_tracks/share/eufs_tracks/models/boa_constrictor
[2.254s] creating /home/xyh/eufs_sim/install/eufs_tracks/share/eufs_tracks/models/garden_light
[2.254s] copying models/garden_light/model.config -> /home/xyh/eufs_sim/install/eufs_tracks/share/eufs_tracks/models/garden_light
[2.254s] copying models/garden_light/model.sdf -> /home/xyh/eufs_sim/install/eufs_tracks/share/eufs_tracks/models/garden_light
[2.255s] creating /home/xyh/eufs_sim/install/eufs_tracks/share/eufs_tracks/models/ground_plane
[2.255s] copying models/ground_plane/model.config -> /home/xyh/eufs_sim/install/eufs_tracks/share/eufs_tracks/models/ground_plane
[2.256s] copying models/ground_plane/model.sdf -> /home/xyh/eufs_sim/install/eufs_tracks/share/eufs_tracks/models/ground_plane
[2.257s] creating /home/xyh/eufs_sim/install/eufs_tracks/share/eufs_tracks/models/comp_2021
[2.257s] copying models/comp_2021/model.config -> /home/xyh/eufs_sim/install/eufs_tracks/share/eufs_tracks/models/comp_2021
[2.257s] copying models/comp_2021/model.sdf -> /home/xyh/eufs_sim/install/eufs_tracks/share/eufs_tracks/models/comp_2021
[2.258s] creating /home/xyh/eufs_sim/install/eufs_tracks/share/eufs_tracks/models/orange_cone
[2.259s] copying models/orange_cone/model.config -> /home/xyh/eufs_sim/install/eufs_tracks/share/eufs_tracks/models/orange_cone
[2.259s] copying models/orange_cone/model.sdf -> /home/xyh/eufs_sim/install/eufs_tracks/share/eufs_tracks/models/orange_cone
[2.260s] creating /home/xyh/eufs_sim/install/eufs_tracks/share/eufs_tracks/models/skidpad
[2.260s] copying models/skidpad/model.config -> /home/xyh/eufs_sim/install/eufs_tracks/share/eufs_tracks/models/skidpad
[2.261s] copying models/skidpad/model.sdf -> /home/xyh/eufs_sim/install/eufs_tracks/share/eufs_tracks/models/skidpad
[2.261s] creating /home/xyh/eufs_sim/install/eufs_tracks/share/eufs_tracks/models/rand
[2.262s] copying models/rand/model.config -> /home/xyh/eufs_sim/install/eufs_tracks/share/eufs_tracks/models/rand
[2.262s] copying models/rand/model.sdf -> /home/xyh/eufs_sim/install/eufs_tracks/share/eufs_tracks/models/rand
[2.263s] creating /home/xyh/eufs_sim/install/eufs_tracks/share/eufs_tracks/models/hairpins_increasing_difficulty
[2.263s] copying models/hairpins_increasing_difficulty/model.config -> /home/xyh/eufs_sim/install/eufs_tracks/share/eufs_tracks/models/hairpins_increasing_difficulty
[2.263s] copying models/hairpins_increasing_difficulty/model.sdf -> /home/xyh/eufs_sim/install/eufs_tracks/share/eufs_tracks/models/hairpins_increasing_difficulty
[2.265s] running install_egg_info
[2.268s] Copying ../build/eufs_tracks/eufs_tracks.egg-info to /home/xyh/eufs_sim/install/eufs_tracks/lib/python3.8/site-packages/eufs_tracks-2.0.0-py3.8.egg-info
[2.271s] running install_scripts
[2.308s] creating /home/xyh/eufs_sim/install/eufs_tracks/lib/eufs_tracks
[2.308s] copying /home/xyh/eufs_sim/build/eufs_tracks/build/scripts-3.8/eufs_tracks_generator -> /home/xyh/eufs_sim/install/eufs_tracks/lib/eufs_tracks
[2.309s] copying /home/xyh/eufs_sim/build/eufs_tracks/build/scripts-3.8/eufs_tracks_converter -> /home/xyh/eufs_sim/install/eufs_tracks/lib/eufs_tracks
[2.309s] changing mode of /home/xyh/eufs_sim/install/eufs_tracks/lib/eufs_tracks/eufs_tracks_generator to 775
[2.309s] changing mode of /home/xyh/eufs_sim/install/eufs_tracks/lib/eufs_tracks/eufs_tracks_converter to 775
[2.314s] writing list of installed files to '/home/xyh/eufs_sim/build/eufs_tracks/install.log'
