[ 11%] [32mBuilding CXX object gazebo_cone_plugins/CMakeFiles/gazebo_ground_truth_cones.dir/src/gazebo_ground_truth_cones.cpp.o[0m
[ 22%] [32mBuilding CXX object gazebo_cone_plugins/CMakeFiles/gazebo_camera_cones.dir/src/gazebo_camera_cones.cpp.o[0m
[ 33%] [32m[1mLinking CXX shared library libgazebo_camera_cones.so[0m
[ 33%] Built target gazebo_camera_cones
[35m[1mScanning dependencies of target gazebo_race_car_model[0m
[ 44%] [32mBuilding CXX object gazebo_race_car_model/CMakeFiles/gazebo_race_car_model.dir/src/gazebo_ros_race_car_model.cpp.o[0m
[ 55%] [32m[1mLinking CXX shared library libgazebo_ground_truth_cones.so[0m
[ 55%] Built target gazebo_ground_truth_cones
[35m[1mScanning dependencies of target gazebo_simulate_bounding_boxes[0m
[ 66%] [32mBuilding CXX object gazebo_simulate_bounding_boxes/CMakeFiles/gazebo_simulate_bounding_boxes.dir/src/gazebo_simulate_bounding_boxes.cpp.o[0m
[ 77%] [32mBuilding CXX object gazebo_race_car_model/CMakeFiles/gazebo_race_car_model.dir/src/state_machine.cpp.o[0m
[ 88%] [32m[1mLinking CXX shared library libgazebo_simulate_bounding_boxes.so[0m
[ 88%] Built target gazebo_simulate_bounding_boxes
[100%] [32m[1mLinking CXX shared library libgazebo_race_car_model.so[0m
[100%] Built target gazebo_race_car_model
-- Install configuration: ""
-- Installing: /home/xyh/eufs_sim/install/eufs_plugins/share/eufs_plugins/urdf
-- Installing: /home/xyh/eufs_sim/install/eufs_plugins/share/eufs_plugins/urdf/eufs_plugins.gazebo.xacro
-- Installing: /home/xyh/eufs_sim/install/eufs_plugins/share/eufs_plugins/environment/library_path.sh
-- Installing: /home/xyh/eufs_sim/install/eufs_plugins/share/eufs_plugins/environment/library_path.dsv
-- Installing: /home/xyh/eufs_sim/install/eufs_plugins/share/ament_index/resource_index/package_run_dependencies/eufs_plugins
-- Installing: /home/xyh/eufs_sim/install/eufs_plugins/share/ament_index/resource_index/parent_prefix_path/eufs_plugins
-- Installing: /home/xyh/eufs_sim/install/eufs_plugins/share/eufs_plugins/environment/ament_prefix_path.sh
-- Installing: /home/xyh/eufs_sim/install/eufs_plugins/share/eufs_plugins/environment/ament_prefix_path.dsv
-- Installing: /home/xyh/eufs_sim/install/eufs_plugins/share/eufs_plugins/environment/path.sh
-- Installing: /home/xyh/eufs_sim/install/eufs_plugins/share/eufs_plugins/environment/path.dsv
-- Installing: /home/xyh/eufs_sim/install/eufs_plugins/share/eufs_plugins/local_setup.bash
-- Installing: /home/xyh/eufs_sim/install/eufs_plugins/share/eufs_plugins/local_setup.sh
-- Installing: /home/xyh/eufs_sim/install/eufs_plugins/share/eufs_plugins/local_setup.zsh
-- Installing: /home/xyh/eufs_sim/install/eufs_plugins/share/eufs_plugins/local_setup.dsv
-- Installing: /home/xyh/eufs_sim/install/eufs_plugins/share/eufs_plugins/package.dsv
-- Installing: /home/xyh/eufs_sim/install/eufs_plugins/share/ament_index/resource_index/packages/eufs_plugins
-- Installing: /home/xyh/eufs_sim/install/eufs_plugins/share/eufs_plugins/cmake/ament_cmake_export_libraries-extras.cmake
-- Installing: /home/xyh/eufs_sim/install/eufs_plugins/share/eufs_plugins/cmake/ament_cmake_export_include_directories-extras.cmake
-- Installing: /home/xyh/eufs_sim/install/eufs_plugins/share/eufs_plugins/cmake/ament_cmake_export_dependencies-extras.cmake
-- Installing: /home/xyh/eufs_sim/install/eufs_plugins/share/eufs_plugins/cmake/eufs_pluginsConfig.cmake
-- Installing: /home/xyh/eufs_sim/install/eufs_plugins/share/eufs_plugins/cmake/eufs_pluginsConfig-version.cmake
-- Installing: /home/xyh/eufs_sim/install/eufs_plugins/share/eufs_plugins/package.xml
-- Installing: /home/xyh/eufs_sim/install/eufs_plugins/share/eufs_plugins/config
-- Installing: /home/xyh/eufs_sim/install/eufs_plugins/share/eufs_plugins/config/cone_recolor.yaml
-- Up-to-date: /home/xyh/eufs_sim/install/eufs_plugins/share/eufs_plugins/environment/library_path.sh
-- Up-to-date: /home/xyh/eufs_sim/install/eufs_plugins/share/eufs_plugins/environment/library_path.dsv
-- Installing: /home/xyh/eufs_sim/install/eufs_plugins/lib/libgazebo_ground_truth_cones.so
-- Set runtime path of "/home/xyh/eufs_sim/install/eufs_plugins/lib/libgazebo_ground_truth_cones.so" to ""
-- Installing: /home/xyh/eufs_sim/install/eufs_plugins/lib/libgazebo_camera_cones.so
-- Set runtime path of "/home/xyh/eufs_sim/install/eufs_plugins/lib/libgazebo_camera_cones.so" to ""
-- Up-to-date: /home/xyh/eufs_sim/install/eufs_plugins/share/eufs_plugins/environment/library_path.sh
-- Up-to-date: /home/xyh/eufs_sim/install/eufs_plugins/share/eufs_plugins/environment/library_path.dsv
-- Installing: /home/xyh/eufs_sim/install/eufs_plugins/lib/libgazebo_race_car_model.so
-- Set runtime path of "/home/xyh/eufs_sim/install/eufs_plugins/lib/libgazebo_race_car_model.so" to ""
-- Up-to-date: /home/xyh/eufs_sim/install/eufs_plugins/share/eufs_plugins/environment/library_path.sh
-- Up-to-date: /home/xyh/eufs_sim/install/eufs_plugins/share/eufs_plugins/environment/library_path.dsv
-- Up-to-date: /home/xyh/eufs_sim/install/eufs_plugins/share/eufs_plugins/config
-- Installing: /home/xyh/eufs_sim/install/eufs_plugins/share/eufs_plugins/config/boundingBoxes.yaml
-- Installing: /home/xyh/eufs_sim/install/eufs_plugins/lib/libgazebo_simulate_bounding_boxes.so
-- Set runtime path of "/home/xyh/eufs_sim/install/eufs_plugins/lib/libgazebo_simulate_bounding_boxes.so" to ""
