[0.036s] Invoking command in '/home/xyh/eufs_sim/build/eufs_plugins': AMENT_PREFIX_PATH=/home/xyh/eufs_sim/install/eufs_models:/home/xyh/eufs_sim/install/eufs_msgs CMAKE_PREFIX_PATH=/home/xyh/eufs_sim/install/eufs_models:/home/xyh/eufs_sim/install/eufs_msgs LD_LIBRARY_PATH=/home/xyh/eufs_sim/install/eufs_models/lib:/home/xyh/eufs_sim/install/eufs_msgs/lib PYTHONPATH=/home/xyh/eufs_sim/install/eufs_msgs/lib/python3.8/site-packages /usr/bin/cmake --build /home/xyh/eufs_sim/build/eufs_plugins -- -j2 -l2
[0.439s] [ 11%] [32mBuilding CXX object gazebo_cone_plugins/CMakeFiles/gazebo_ground_truth_cones.dir/src/gazebo_ground_truth_cones.cpp.o[0m
[0.460s] [ 22%] [32mBuilding CXX object gazebo_cone_plugins/CMakeFiles/gazebo_camera_cones.dir/src/gazebo_camera_cones.cpp.o[0m
[45.868s] [ 33%] [32m[1mLinking CXX shared library libgazebo_camera_cones.so[0m
[47.215s] [ 33%] Built target gazebo_camera_cones
[47.242s] [35m[1mScanning dependencies of target gazebo_race_car_model[0m
[47.982s] [ 44%] [32mBuilding CXX object gazebo_race_car_model/CMakeFiles/gazebo_race_car_model.dir/src/gazebo_ros_race_car_model.cpp.o[0m
[48.569s] [ 55%] [32m[1mLinking CXX shared library libgazebo_ground_truth_cones.so[0m
[49.869s] [ 55%] Built target gazebo_ground_truth_cones
[49.956s] [35m[1mScanning dependencies of target gazebo_simulate_bounding_boxes[0m
[50.372s] [ 66%] [32mBuilding CXX object gazebo_simulate_bounding_boxes/CMakeFiles/gazebo_simulate_bounding_boxes.dir/src/gazebo_simulate_bounding_boxes.cpp.o[0m
[90.283s] [ 77%] [32mBuilding CXX object gazebo_race_car_model/CMakeFiles/gazebo_race_car_model.dir/src/state_machine.cpp.o[0m
[90.679s] [ 88%] [32m[1mLinking CXX shared library libgazebo_simulate_bounding_boxes.so[0m
[92.449s] [ 88%] Built target gazebo_simulate_bounding_boxes
[104.394s] [100%] [32m[1mLinking CXX shared library libgazebo_race_car_model.so[0m
[106.539s] [100%] Built target gazebo_race_car_model
[106.563s] Invoked command in '/home/xyh/eufs_sim/build/eufs_plugins' returned '0': AMENT_PREFIX_PATH=/home/xyh/eufs_sim/install/eufs_models:/home/xyh/eufs_sim/install/eufs_msgs CMAKE_PREFIX_PATH=/home/xyh/eufs_sim/install/eufs_models:/home/xyh/eufs_sim/install/eufs_msgs LD_LIBRARY_PATH=/home/xyh/eufs_sim/install/eufs_models/lib:/home/xyh/eufs_sim/install/eufs_msgs/lib PYTHONPATH=/home/xyh/eufs_sim/install/eufs_msgs/lib/python3.8/site-packages /usr/bin/cmake --build /home/xyh/eufs_sim/build/eufs_plugins -- -j2 -l2
[106.613s] Invoking command in '/home/xyh/eufs_sim/build/eufs_plugins': AMENT_PREFIX_PATH=/home/xyh/eufs_sim/install/eufs_models:/home/xyh/eufs_sim/install/eufs_msgs CMAKE_PREFIX_PATH=/home/xyh/eufs_sim/install/eufs_models:/home/xyh/eufs_sim/install/eufs_msgs LD_LIBRARY_PATH=/home/xyh/eufs_sim/install/eufs_models/lib:/home/xyh/eufs_sim/install/eufs_msgs/lib PYTHONPATH=/home/xyh/eufs_sim/install/eufs_msgs/lib/python3.8/site-packages /usr/bin/cmake --install /home/xyh/eufs_sim/build/eufs_plugins
[106.629s] -- Install configuration: ""
[106.631s] -- Installing: /home/xyh/eufs_sim/install/eufs_plugins/share/eufs_plugins/urdf
[106.632s] -- Installing: /home/xyh/eufs_sim/install/eufs_plugins/share/eufs_plugins/urdf/eufs_plugins.gazebo.xacro
[106.634s] -- Installing: /home/xyh/eufs_sim/install/eufs_plugins/share/eufs_plugins/environment/library_path.sh
[106.636s] -- Installing: /home/xyh/eufs_sim/install/eufs_plugins/share/eufs_plugins/environment/library_path.dsv
[106.638s] -- Installing: /home/xyh/eufs_sim/install/eufs_plugins/share/ament_index/resource_index/package_run_dependencies/eufs_plugins
[106.640s] -- Installing: /home/xyh/eufs_sim/install/eufs_plugins/share/ament_index/resource_index/parent_prefix_path/eufs_plugins
[106.642s] -- Installing: /home/xyh/eufs_sim/install/eufs_plugins/share/eufs_plugins/environment/ament_prefix_path.sh
[106.643s] -- Installing: /home/xyh/eufs_sim/install/eufs_plugins/share/eufs_plugins/environment/ament_prefix_path.dsv
[106.644s] -- Installing: /home/xyh/eufs_sim/install/eufs_plugins/share/eufs_plugins/environment/path.sh
[106.645s] -- Installing: /home/xyh/eufs_sim/install/eufs_plugins/share/eufs_plugins/environment/path.dsv
[106.646s] -- Installing: /home/xyh/eufs_sim/install/eufs_plugins/share/eufs_plugins/local_setup.bash
[106.647s] -- Installing: /home/xyh/eufs_sim/install/eufs_plugins/share/eufs_plugins/local_setup.sh
[106.648s] -- Installing: /home/xyh/eufs_sim/install/eufs_plugins/share/eufs_plugins/local_setup.zsh
[106.649s] -- Installing: /home/xyh/eufs_sim/install/eufs_plugins/share/eufs_plugins/local_setup.dsv
[106.651s] -- Installing: /home/xyh/eufs_sim/install/eufs_plugins/share/eufs_plugins/package.dsv
[106.653s] -- Installing: /home/xyh/eufs_sim/install/eufs_plugins/share/ament_index/resource_index/packages/eufs_plugins
[106.654s] -- Installing: /home/xyh/eufs_sim/install/eufs_plugins/share/eufs_plugins/cmake/ament_cmake_export_libraries-extras.cmake
[106.655s] -- Installing: /home/xyh/eufs_sim/install/eufs_plugins/share/eufs_plugins/cmake/ament_cmake_export_include_directories-extras.cmake
[106.656s] -- Installing: /home/xyh/eufs_sim/install/eufs_plugins/share/eufs_plugins/cmake/ament_cmake_export_dependencies-extras.cmake
[106.657s] -- Installing: /home/xyh/eufs_sim/install/eufs_plugins/share/eufs_plugins/cmake/eufs_pluginsConfig.cmake
[106.657s] -- Installing: /home/xyh/eufs_sim/install/eufs_plugins/share/eufs_plugins/cmake/eufs_pluginsConfig-version.cmake
[106.658s] -- Installing: /home/xyh/eufs_sim/install/eufs_plugins/share/eufs_plugins/package.xml
[106.660s] -- Installing: /home/xyh/eufs_sim/install/eufs_plugins/share/eufs_plugins/config
[106.661s] -- Installing: /home/xyh/eufs_sim/install/eufs_plugins/share/eufs_plugins/config/cone_recolor.yaml
[106.661s] -- Up-to-date: /home/xyh/eufs_sim/install/eufs_plugins/share/eufs_plugins/environment/library_path.sh
[106.662s] -- Up-to-date: /home/xyh/eufs_sim/install/eufs_plugins/share/eufs_plugins/environment/library_path.dsv
[106.662s] -- Installing: /home/xyh/eufs_sim/install/eufs_plugins/lib/libgazebo_ground_truth_cones.so
[106.682s] -- Set runtime path of "/home/xyh/eufs_sim/install/eufs_plugins/lib/libgazebo_ground_truth_cones.so" to ""
[106.682s] -- Installing: /home/xyh/eufs_sim/install/eufs_plugins/lib/libgazebo_camera_cones.so
[106.698s] -- Set runtime path of "/home/xyh/eufs_sim/install/eufs_plugins/lib/libgazebo_camera_cones.so" to ""
[106.699s] -- Up-to-date: /home/xyh/eufs_sim/install/eufs_plugins/share/eufs_plugins/environment/library_path.sh
[106.700s] -- Up-to-date: /home/xyh/eufs_sim/install/eufs_plugins/share/eufs_plugins/environment/library_path.dsv
[106.700s] -- Installing: /home/xyh/eufs_sim/install/eufs_plugins/lib/libgazebo_race_car_model.so
[106.723s] -- Set runtime path of "/home/xyh/eufs_sim/install/eufs_plugins/lib/libgazebo_race_car_model.so" to ""
[106.725s] -- Up-to-date: /home/xyh/eufs_sim/install/eufs_plugins/share/eufs_plugins/environment/library_path.sh
[106.725s] -- Up-to-date: /home/xyh/eufs_sim/install/eufs_plugins/share/eufs_plugins/environment/library_path.dsv
[106.725s] -- Up-to-date: /home/xyh/eufs_sim/install/eufs_plugins/share/eufs_plugins/config
[106.726s] -- Installing: /home/xyh/eufs_sim/install/eufs_plugins/share/eufs_plugins/config/boundingBoxes.yaml
[106.726s] -- Installing: /home/xyh/eufs_sim/install/eufs_plugins/lib/libgazebo_simulate_bounding_boxes.so
[106.736s] -- Set runtime path of "/home/xyh/eufs_sim/install/eufs_plugins/lib/libgazebo_simulate_bounding_boxes.so" to ""
[106.740s] Invoked command in '/home/xyh/eufs_sim/build/eufs_plugins' returned '0': AMENT_PREFIX_PATH=/home/xyh/eufs_sim/install/eufs_models:/home/xyh/eufs_sim/install/eufs_msgs CMAKE_PREFIX_PATH=/home/xyh/eufs_sim/install/eufs_models:/home/xyh/eufs_sim/install/eufs_msgs LD_LIBRARY_PATH=/home/xyh/eufs_sim/install/eufs_models/lib:/home/xyh/eufs_sim/install/eufs_msgs/lib PYTHONPATH=/home/xyh/eufs_sim/install/eufs_msgs/lib/python3.8/site-packages /usr/bin/cmake --install /home/xyh/eufs_sim/build/eufs_plugins
