-- Found ament_cmake: 0.9.12 (/opt/ros/foxy/share/ament_cmake/cmake)
-- Using PYTHON_EXECUTABLE: /usr/bin/python3
-- Found eufs_msgs: 2.0.0 (/home/xyh/eufs_sim/install/eufs_msgs/share/eufs_msgs/cmake)
-- Using all available rosidl_typesupport_c: rosidl_typesupport_fastrtps_c;rosidl_typesupport_introspection_c
-- Found rosidl_adapter: 1.3.1 (/opt/ros/foxy/share/rosidl_adapter/cmake)
-- Found OpenSSL: /usr/lib/x86_64-linux-gnu/libcrypto.so (found version "1.1.1f")  
-- Found FastRTPS: /opt/ros/foxy/include  
-- Using all available rosidl_typesupport_cpp: rosidl_typesupport_fastrtps_cpp;rosidl_typesupport_introspection_cpp
-- Configuring done
-- Generating done
-- Build files have been written to: /home/xyh/eufs_sim/build/eufs_models
[35m[1mScanning dependencies of target eufs_models[0m
[ 25%] [32mBuilding CXX object CMakeFiles/eufs_models.dir/src/dynamic_bicycle.cpp.o[0m
[ 50%] [32mBuilding CXX object CMakeFiles/eufs_models.dir/src/point_mass.cpp.o[0m
[ 75%] [32mBuilding CXX object CMakeFiles/eufs_models.dir/src/vehicle_model.cpp.o[0m
[100%] [32m[1mLinking CXX static library libeufs_models.a[0m
[100%] Built target eufs_models
-- Install configuration: ""
-- Installing: /home/xyh/eufs_sim/install/eufs_models/share/eufs_models/environment/library_path.sh
-- Installing: /home/xyh/eufs_sim/install/eufs_models/share/eufs_models/environment/library_path.dsv
-- Installing: /home/xyh/eufs_sim/install/eufs_models/include
-- Installing: /home/xyh/eufs_sim/install/eufs_models/include/eufs_models
-- Installing: /home/xyh/eufs_sim/install/eufs_models/include/eufs_models/dynamic_bicycle.hpp
-- Installing: /home/xyh/eufs_sim/install/eufs_models/include/eufs_models/vehicle_param.hpp
-- Installing: /home/xyh/eufs_sim/install/eufs_models/include/eufs_models/point_mass.hpp
-- Installing: /home/xyh/eufs_sim/install/eufs_models/include/eufs_models/vehicle_state.hpp
-- Installing: /home/xyh/eufs_sim/install/eufs_models/include/eufs_models/eufs_models.hpp
-- Installing: /home/xyh/eufs_sim/install/eufs_models/include/eufs_models/vehicle_input.hpp
-- Installing: /home/xyh/eufs_sim/install/eufs_models/include/eufs_models/noise.hpp
-- Installing: /home/xyh/eufs_sim/install/eufs_models/include/eufs_models/vehicle_model.hpp
-- Installing: /home/xyh/eufs_sim/install/eufs_models/lib/libeufs_models.a
-- Installing: /home/xyh/eufs_sim/install/eufs_models/share/ament_index/resource_index/package_run_dependencies/eufs_models
-- Installing: /home/xyh/eufs_sim/install/eufs_models/share/ament_index/resource_index/parent_prefix_path/eufs_models
-- Installing: /home/xyh/eufs_sim/install/eufs_models/share/eufs_models/environment/ament_prefix_path.sh
-- Installing: /home/xyh/eufs_sim/install/eufs_models/share/eufs_models/environment/ament_prefix_path.dsv
-- Installing: /home/xyh/eufs_sim/install/eufs_models/share/eufs_models/environment/path.sh
-- Installing: /home/xyh/eufs_sim/install/eufs_models/share/eufs_models/environment/path.dsv
-- Installing: /home/xyh/eufs_sim/install/eufs_models/share/eufs_models/local_setup.bash
-- Installing: /home/xyh/eufs_sim/install/eufs_models/share/eufs_models/local_setup.sh
-- Installing: /home/xyh/eufs_sim/install/eufs_models/share/eufs_models/local_setup.zsh
-- Installing: /home/xyh/eufs_sim/install/eufs_models/share/eufs_models/local_setup.dsv
-- Installing: /home/xyh/eufs_sim/install/eufs_models/share/eufs_models/package.dsv
-- Installing: /home/xyh/eufs_sim/install/eufs_models/share/ament_index/resource_index/packages/eufs_models
-- Installing: /home/xyh/eufs_sim/install/eufs_models/share/eufs_models/cmake/export_eufs_modelsExport.cmake
-- Installing: /home/xyh/eufs_sim/install/eufs_models/share/eufs_models/cmake/export_eufs_modelsExport-noconfig.cmake
-- Installing: /home/xyh/eufs_sim/install/eufs_models/share/eufs_models/cmake/ament_cmake_export_include_directories-extras.cmake
-- Installing: /home/xyh/eufs_sim/install/eufs_models/share/eufs_models/cmake/ament_cmake_export_libraries-extras.cmake
-- Installing: /home/xyh/eufs_sim/install/eufs_models/share/eufs_models/cmake/ament_cmake_export_targets-extras.cmake
-- Installing: /home/xyh/eufs_sim/install/eufs_models/share/eufs_models/cmake/ament_cmake_export_dependencies-extras.cmake
-- Installing: /home/xyh/eufs_sim/install/eufs_models/share/eufs_models/cmake/eufs_modelsConfig.cmake
-- Installing: /home/xyh/eufs_sim/install/eufs_models/share/eufs_models/cmake/eufs_modelsConfig-version.cmake
-- Installing: /home/xyh/eufs_sim/install/eufs_models/share/eufs_models/package.xml
-- Installing: /home/xyh/eufs_sim/install/eufs_models/share/eufs_models/models/models.txt
-- Installing: /home/xyh/eufs_sim/install/eufs_models/share/eufs_models/config/noise.yaml
