[0.047s] Invoking command in '/home/xyh/eufs_sim/build/eufs_models': AMENT_PREFIX_PATH=/home/xyh/eufs_sim/install/eufs_msgs:${AMENT_PREFIX_PATH} CMAKE_PREFIX_PATH=/home/xyh/eufs_sim/install/eufs_msgs:/home/xyh/sim_ws/install/f1tenth_gym_ros:/opt/ros/foxy LD_LIBRARY_PATH=/home/xyh/eufs_sim/install/eufs_msgs/lib:${LD_LIBRARY_PATH} PYTHONPATH=/home/xyh/eufs_sim/install/eufs_msgs/lib/python3.8/site-packages:${PYTHONPATH} /usr/bin/cmake /home/xyh/eufs_sim/eufs_models -DCMAKE_INSTALL_PREFIX=/home/xyh/eufs_sim/install/eufs_models
[0.097s] -- Found ament_cmake: 0.9.12 (/opt/ros/foxy/share/ament_cmake/cmake)
[0.152s] -- Using PYTHON_EXECUTABLE: /usr/bin/python3
[0.541s] -- Found eufs_msgs: 2.0.0 (/home/xyh/eufs_sim/install/eufs_msgs/share/eufs_msgs/cmake)
[0.614s] -- Using all available rosidl_typesupport_c: rosidl_typesupport_fastrtps_c;rosidl_typesupport_introspection_c
[0.622s] -- Found rosidl_adapter: 1.3.1 (/opt/ros/foxy/share/rosidl_adapter/cmake)
[0.768s] -- Found OpenSSL: /usr/lib/x86_64-linux-gnu/libcrypto.so (found version "1.1.1f")  
[0.843s] -- Found FastRTPS: /opt/ros/foxy/include  
[1.041s] -- Using all available rosidl_typesupport_cpp: rosidl_typesupport_fastrtps_cpp;rosidl_typesupport_introspection_cpp
[2.116s] -- Configuring done
[2.138s] -- Generating done
[2.145s] -- Build files have been written to: /home/xyh/eufs_sim/build/eufs_models
[2.163s] Invoked command in '/home/xyh/eufs_sim/build/eufs_models' returned '0': AMENT_PREFIX_PATH=/home/xyh/eufs_sim/install/eufs_msgs:${AMENT_PREFIX_PATH} CMAKE_PREFIX_PATH=/home/xyh/eufs_sim/install/eufs_msgs:/home/xyh/sim_ws/install/f1tenth_gym_ros:/opt/ros/foxy LD_LIBRARY_PATH=/home/xyh/eufs_sim/install/eufs_msgs/lib:${LD_LIBRARY_PATH} PYTHONPATH=/home/xyh/eufs_sim/install/eufs_msgs/lib/python3.8/site-packages:${PYTHONPATH} /usr/bin/cmake /home/xyh/eufs_sim/eufs_models -DCMAKE_INSTALL_PREFIX=/home/xyh/eufs_sim/install/eufs_models
[2.164s] Invoking command in '/home/xyh/eufs_sim/build/eufs_models': AMENT_PREFIX_PATH=/home/xyh/eufs_sim/install/eufs_msgs:${AMENT_PREFIX_PATH} CMAKE_PREFIX_PATH=/home/xyh/eufs_sim/install/eufs_msgs:/home/xyh/sim_ws/install/f1tenth_gym_ros:/opt/ros/foxy LD_LIBRARY_PATH=/home/xyh/eufs_sim/install/eufs_msgs/lib:${LD_LIBRARY_PATH} PYTHONPATH=/home/xyh/eufs_sim/install/eufs_msgs/lib/python3.8/site-packages:${PYTHONPATH} /usr/bin/cmake --build /home/xyh/eufs_sim/build/eufs_models -- -j2 -l2
[2.249s] [35m[1mScanning dependencies of target eufs_models[0m
[2.340s] [ 25%] [32mBuilding CXX object CMakeFiles/eufs_models.dir/src/dynamic_bicycle.cpp.o[0m
[3.965s] [ 50%] [32mBuilding CXX object CMakeFiles/eufs_models.dir/src/point_mass.cpp.o[0m
[5.542s] [ 75%] [32mBuilding CXX object CMakeFiles/eufs_models.dir/src/vehicle_model.cpp.o[0m
[7.445s] [100%] [32m[1mLinking CXX static library libeufs_models.a[0m
[7.585s] [100%] Built target eufs_models
[7.611s] Invoked command in '/home/xyh/eufs_sim/build/eufs_models' returned '0': AMENT_PREFIX_PATH=/home/xyh/eufs_sim/install/eufs_msgs:${AMENT_PREFIX_PATH} CMAKE_PREFIX_PATH=/home/xyh/eufs_sim/install/eufs_msgs:/home/xyh/sim_ws/install/f1tenth_gym_ros:/opt/ros/foxy LD_LIBRARY_PATH=/home/xyh/eufs_sim/install/eufs_msgs/lib:${LD_LIBRARY_PATH} PYTHONPATH=/home/xyh/eufs_sim/install/eufs_msgs/lib/python3.8/site-packages:${PYTHONPATH} /usr/bin/cmake --build /home/xyh/eufs_sim/build/eufs_models -- -j2 -l2
[7.664s] Invoking command in '/home/xyh/eufs_sim/build/eufs_models': AMENT_PREFIX_PATH=/home/xyh/eufs_sim/install/eufs_msgs:${AMENT_PREFIX_PATH} CMAKE_PREFIX_PATH=/home/xyh/eufs_sim/install/eufs_msgs:/home/xyh/sim_ws/install/f1tenth_gym_ros:/opt/ros/foxy LD_LIBRARY_PATH=/home/xyh/eufs_sim/install/eufs_msgs/lib:${LD_LIBRARY_PATH} PYTHONPATH=/home/xyh/eufs_sim/install/eufs_msgs/lib/python3.8/site-packages:${PYTHONPATH} /usr/bin/cmake --install /home/xyh/eufs_sim/build/eufs_models
[7.685s] -- Install configuration: ""
[7.686s] -- Installing: /home/xyh/eufs_sim/install/eufs_models/share/eufs_models/environment/library_path.sh
[7.687s] -- Installing: /home/xyh/eufs_sim/install/eufs_models/share/eufs_models/environment/library_path.dsv
[7.687s] -- Installing: /home/xyh/eufs_sim/install/eufs_models/include
[7.688s] -- Installing: /home/xyh/eufs_sim/install/eufs_models/include/eufs_models
[7.688s] -- Installing: /home/xyh/eufs_sim/install/eufs_models/include/eufs_models/dynamic_bicycle.hpp
[7.689s] -- Installing: /home/xyh/eufs_sim/install/eufs_models/include/eufs_models/vehicle_param.hpp
[7.690s] -- Installing: /home/xyh/eufs_sim/install/eufs_models/include/eufs_models/point_mass.hpp
[7.690s] -- Installing: /home/xyh/eufs_sim/install/eufs_models/include/eufs_models/vehicle_state.hpp
[7.691s] -- Installing: /home/xyh/eufs_sim/install/eufs_models/include/eufs_models/eufs_models.hpp
[7.734s] -- Installing: /home/xyh/eufs_sim/install/eufs_models/include/eufs_models/vehicle_input.hpp
[7.735s] -- Installing: /home/xyh/eufs_sim/install/eufs_models/include/eufs_models/noise.hpp
[7.736s] -- Installing: /home/xyh/eufs_sim/install/eufs_models/include/eufs_models/vehicle_model.hpp
[7.737s] -- Installing: /home/xyh/eufs_sim/install/eufs_models/lib/libeufs_models.a
[7.737s] -- Installing: /home/xyh/eufs_sim/install/eufs_models/share/ament_index/resource_index/package_run_dependencies/eufs_models
[7.738s] -- Installing: /home/xyh/eufs_sim/install/eufs_models/share/ament_index/resource_index/parent_prefix_path/eufs_models
[7.738s] -- Installing: /home/xyh/eufs_sim/install/eufs_models/share/eufs_models/environment/ament_prefix_path.sh
[7.738s] -- Installing: /home/xyh/eufs_sim/install/eufs_models/share/eufs_models/environment/ament_prefix_path.dsv
[7.739s] -- Installing: /home/xyh/eufs_sim/install/eufs_models/share/eufs_models/environment/path.sh
[7.739s] -- Installing: /home/xyh/eufs_sim/install/eufs_models/share/eufs_models/environment/path.dsv
[7.740s] -- Installing: /home/xyh/eufs_sim/install/eufs_models/share/eufs_models/local_setup.bash
[7.740s] -- Installing: /home/xyh/eufs_sim/install/eufs_models/share/eufs_models/local_setup.sh
[7.740s] -- Installing: /home/xyh/eufs_sim/install/eufs_models/share/eufs_models/local_setup.zsh
[7.741s] -- Installing: /home/xyh/eufs_sim/install/eufs_models/share/eufs_models/local_setup.dsv
[7.741s] -- Installing: /home/xyh/eufs_sim/install/eufs_models/share/eufs_models/package.dsv
[7.741s] -- Installing: /home/xyh/eufs_sim/install/eufs_models/share/ament_index/resource_index/packages/eufs_models
[7.742s] -- Installing: /home/xyh/eufs_sim/install/eufs_models/share/eufs_models/cmake/export_eufs_modelsExport.cmake
[7.742s] -- Installing: /home/xyh/eufs_sim/install/eufs_models/share/eufs_models/cmake/export_eufs_modelsExport-noconfig.cmake
[7.742s] -- Installing: /home/xyh/eufs_sim/install/eufs_models/share/eufs_models/cmake/ament_cmake_export_include_directories-extras.cmake
[7.742s] -- Installing: /home/xyh/eufs_sim/install/eufs_models/share/eufs_models/cmake/ament_cmake_export_libraries-extras.cmake
[7.743s] -- Installing: /home/xyh/eufs_sim/install/eufs_models/share/eufs_models/cmake/ament_cmake_export_targets-extras.cmake
[7.743s] -- Installing: /home/xyh/eufs_sim/install/eufs_models/share/eufs_models/cmake/ament_cmake_export_dependencies-extras.cmake
[7.743s] -- Installing: /home/xyh/eufs_sim/install/eufs_models/share/eufs_models/cmake/eufs_modelsConfig.cmake
[7.744s] -- Installing: /home/xyh/eufs_sim/install/eufs_models/share/eufs_models/cmake/eufs_modelsConfig-version.cmake
[7.744s] -- Installing: /home/xyh/eufs_sim/install/eufs_models/share/eufs_models/package.xml
[7.744s] -- Installing: /home/xyh/eufs_sim/install/eufs_models/share/eufs_models/models/models.txt
[7.744s] -- Installing: /home/xyh/eufs_sim/install/eufs_models/share/eufs_models/config/noise.yaml
[7.749s] Invoked command in '/home/xyh/eufs_sim/build/eufs_models' returned '0': AMENT_PREFIX_PATH=/home/xyh/eufs_sim/install/eufs_msgs:${AMENT_PREFIX_PATH} CMAKE_PREFIX_PATH=/home/xyh/eufs_sim/install/eufs_msgs:/home/xyh/sim_ws/install/f1tenth_gym_ros:/opt/ros/foxy LD_LIBRARY_PATH=/home/xyh/eufs_sim/install/eufs_msgs/lib:${LD_LIBRARY_PATH} PYTHONPATH=/home/xyh/eufs_sim/install/eufs_msgs/lib/python3.8/site-packages:${PYTHONPATH} /usr/bin/cmake --install /home/xyh/eufs_sim/build/eufs_models
