[1.298s] Invoking command in '/home/xyh/eufs_sim/eufs_rqt': AMENT_PREFIX_PATH=/home/xyh/eufs_sim/install/eufs_msgs:${AMENT_PREFIX_PATH} CMAKE_PREFIX_PATH=/home/xyh/eufs_sim/install/eufs_msgs LD_LIBRARY_PATH=/home/xyh/eufs_sim/install/eufs_msgs/lib:${LD_LIBRARY_PATH} PYTHONPATH=/home/xyh/eufs_sim/build/eufs_rqt/prefix_override:/home/xyh/eufs_sim/install/eufs_rqt/lib/python3.8/site-packages:/home/xyh/eufs_sim/install/eufs_msgs/lib/python3.8/site-packages:${PYTHONPATH} /usr/bin/python3 -W ignore:setup.py install is deprecated setup.py egg_info --egg-base ../build/eufs_rqt build --build-base /home/xyh/eufs_sim/build/eufs_rqt/build install --record /home/xyh/eufs_sim/build/eufs_rqt/install.log --single-version-externally-managed install_data
[1.749s] running egg_info
[1.751s] creating ../build/eufs_rqt/eufs_rqt.egg-info
[1.751s] writing ../build/eufs_rqt/eufs_rqt.egg-info/PKG-INFO
[1.752s] writing dependency_links to ../build/eufs_rqt/eufs_rqt.egg-info/dependency_links.txt
[1.753s] writing requirements to ../build/eufs_rqt/eufs_rqt.egg-info/requires.txt
[1.756s] writing top-level names to ../build/eufs_rqt/eufs_rqt.egg-info/top_level.txt
[1.759s] writing manifest file '../build/eufs_rqt/eufs_rqt.egg-info/SOURCES.txt'
[1.847s] reading manifest file '../build/eufs_rqt/eufs_rqt.egg-info/SOURCES.txt'
[1.850s] writing manifest file '../build/eufs_rqt/eufs_rqt.egg-info/SOURCES.txt'
[1.851s] running build
[1.851s] running build_py
[1.852s] creating /home/xyh/eufs_sim/build/eufs_rqt/build
[1.853s] creating /home/xyh/eufs_sim/build/eufs_rqt/build/lib
[1.853s] creating /home/xyh/eufs_sim/build/eufs_rqt/build/lib/eufs_rqt
[1.854s] copying src/eufs_rqt/EUFSRobotSteeringGUI.py -> /home/xyh/eufs_sim/build/eufs_rqt/build/lib/eufs_rqt
[1.854s] copying src/eufs_rqt/__init__.py -> /home/xyh/eufs_sim/build/eufs_rqt/build/lib/eufs_rqt
[1.857s] copying src/eufs_rqt/MissionControlGUI.py -> /home/xyh/eufs_sim/build/eufs_rqt/build/lib/eufs_rqt
[1.858s] running build_scripts
[1.859s] creating /home/xyh/eufs_sim/build/eufs_rqt/build/scripts-3.8
[1.859s] copying and adjusting scripts/eufs_robot_steering_gui -> /home/xyh/eufs_sim/build/eufs_rqt/build/scripts-3.8
[1.860s] copying and adjusting scripts/mission_control_gui -> /home/xyh/eufs_sim/build/eufs_rqt/build/scripts-3.8
[1.861s] changing mode of /home/xyh/eufs_sim/build/eufs_rqt/build/scripts-3.8/eufs_robot_steering_gui from 664 to 775
[1.862s] changing mode of /home/xyh/eufs_sim/build/eufs_rqt/build/scripts-3.8/mission_control_gui from 664 to 775
[1.862s] running install
[1.864s] running install_lib
[1.867s] creating /home/xyh/eufs_sim/install/eufs_rqt/lib/python3.8/site-packages/eufs_rqt
[1.867s] copying /home/xyh/eufs_sim/build/eufs_rqt/build/lib/eufs_rqt/EUFSRobotSteeringGUI.py -> /home/xyh/eufs_sim/install/eufs_rqt/lib/python3.8/site-packages/eufs_rqt
[1.868s] copying /home/xyh/eufs_sim/build/eufs_rqt/build/lib/eufs_rqt/__init__.py -> /home/xyh/eufs_sim/install/eufs_rqt/lib/python3.8/site-packages/eufs_rqt
[1.869s] copying /home/xyh/eufs_sim/build/eufs_rqt/build/lib/eufs_rqt/MissionControlGUI.py -> /home/xyh/eufs_sim/install/eufs_rqt/lib/python3.8/site-packages/eufs_rqt
[1.870s] byte-compiling /home/xyh/eufs_sim/install/eufs_rqt/lib/python3.8/site-packages/eufs_rqt/EUFSRobotSteeringGUI.py to EUFSRobotSteeringGUI.cpython-38.pyc
[1.880s] byte-compiling /home/xyh/eufs_sim/install/eufs_rqt/lib/python3.8/site-packages/eufs_rqt/__init__.py to __init__.cpython-38.pyc
[1.881s] byte-compiling /home/xyh/eufs_sim/install/eufs_rqt/lib/python3.8/site-packages/eufs_rqt/MissionControlGUI.py to MissionControlGUI.cpython-38.pyc
[1.885s] running install_data
[1.885s] creating /home/xyh/eufs_sim/install/eufs_rqt/share/eufs_rqt/config
[1.886s] copying config/eufs_sim.perspective -> /home/xyh/eufs_sim/install/eufs_rqt/share/eufs_rqt/config
[1.887s] creating /home/xyh/eufs_sim/install/eufs_rqt/share/eufs_rqt/resource
[1.887s] copying resource/EUFSRobotSteeringGUI.ui -> /home/xyh/eufs_sim/install/eufs_rqt/share/eufs_rqt/resource
[1.888s] copying resource/MissionControlGUI.ui -> /home/xyh/eufs_sim/install/eufs_rqt/share/eufs_rqt/resource
[1.890s] copying plugin.xml -> /home/xyh/eufs_sim/install/eufs_rqt/share/eufs_rqt
[1.891s] creating /home/xyh/eufs_sim/install/eufs_rqt/share/ament_index
[1.891s] creating /home/xyh/eufs_sim/install/eufs_rqt/share/ament_index/resource_index
[1.892s] creating /home/xyh/eufs_sim/install/eufs_rqt/share/ament_index/resource_index/packages
[1.892s] copying resource/eufs_rqt -> /home/xyh/eufs_sim/install/eufs_rqt/share/ament_index/resource_index/packages
[1.893s] copying package.xml -> /home/xyh/eufs_sim/install/eufs_rqt/share/eufs_rqt
[1.894s] running install_egg_info
[1.898s] Copying ../build/eufs_rqt/eufs_rqt.egg-info to /home/xyh/eufs_sim/install/eufs_rqt/lib/python3.8/site-packages/eufs_rqt-2.0.0-py3.8.egg-info
[1.899s] running install_scripts
[1.928s] creating /home/xyh/eufs_sim/install/eufs_rqt/lib/eufs_rqt
[1.929s] copying /home/xyh/eufs_sim/build/eufs_rqt/build/scripts-3.8/eufs_robot_steering_gui -> /home/xyh/eufs_sim/install/eufs_rqt/lib/eufs_rqt
[1.929s] copying /home/xyh/eufs_sim/build/eufs_rqt/build/scripts-3.8/mission_control_gui -> /home/xyh/eufs_sim/install/eufs_rqt/lib/eufs_rqt
[1.930s] changing mode of /home/xyh/eufs_sim/install/eufs_rqt/lib/eufs_rqt/eufs_robot_steering_gui to 775
[1.930s] changing mode of /home/xyh/eufs_sim/install/eufs_rqt/lib/eufs_rqt/mission_control_gui to 775
[1.933s] writing list of installed files to '/home/xyh/eufs_sim/build/eufs_rqt/install.log'
[1.970s] Invoked command in '/home/xyh/eufs_sim/eufs_rqt' returned '0': AMENT_PREFIX_PATH=/home/xyh/eufs_sim/install/eufs_msgs:${AMENT_PREFIX_PATH} CMAKE_PREFIX_PATH=/home/xyh/eufs_sim/install/eufs_msgs LD_LIBRARY_PATH=/home/xyh/eufs_sim/install/eufs_msgs/lib:${LD_LIBRARY_PATH} PYTHONPATH=/home/xyh/eufs_sim/build/eufs_rqt/prefix_override:/home/xyh/eufs_sim/install/eufs_rqt/lib/python3.8/site-packages:/home/xyh/eufs_sim/install/eufs_msgs/lib/python3.8/site-packages:${PYTHONPATH} /usr/bin/python3 -W ignore:setup.py install is deprecated setup.py egg_info --egg-base ../build/eufs_rqt build --build-base /home/xyh/eufs_sim/build/eufs_rqt/build install --record /home/xyh/eufs_sim/build/eufs_rqt/install.log --single-version-externally-managed install_data
