[1.936s] Invoking command in '/home/xyh/eufs_sim/eufs_launcher': AMENT_PREFIX_PATH=/home/xyh/eufs_sim/install/eufs_tracks:${AMENT_PREFIX_PATH} PYTHONPATH=/home/xyh/eufs_sim/build/eufs_launcher/prefix_override:/home/xyh/eufs_sim/install/eufs_launcher/lib/python3.8/site-packages:/home/xyh/eufs_sim/install/eufs_tracks/lib/python3.8/site-packages:${PYTHONPATH} /usr/bin/python3 -W ignore:setup.py install is deprecated setup.py egg_info --egg-base ../build/eufs_launcher build --build-base /home/xyh/eufs_sim/build/eufs_launcher/build install --record /home/xyh/eufs_sim/build/eufs_launcher/install.log --single-version-externally-managed install_data
[2.709s] running egg_info
[2.711s] creating ../build/eufs_launcher/eufs_launcher.egg-info
[2.712s] writing ../build/eufs_launcher/eufs_launcher.egg-info/PKG-INFO
[2.713s] writing dependency_links to ../build/eufs_launcher/eufs_launcher.egg-info/dependency_links.txt
[2.714s] writing requirements to ../build/eufs_launcher/eufs_launcher.egg-info/requires.txt
[2.715s] writing top-level names to ../build/eufs_launcher/eufs_launcher.egg-info/top_level.txt
[2.718s] writing manifest file '../build/eufs_launcher/eufs_launcher.egg-info/SOURCES.txt'
[2.795s] reading manifest file '../build/eufs_launcher/eufs_launcher.egg-info/SOURCES.txt'
[2.796s] writing manifest file '../build/eufs_launcher/eufs_launcher.egg-info/SOURCES.txt'
[2.796s] running build
[2.796s] running build_py
[2.797s] creating /home/xyh/eufs_sim/build/eufs_launcher/build
[2.797s] creating /home/xyh/eufs_sim/build/eufs_launcher/build/lib
[2.797s] creating /home/xyh/eufs_sim/build/eufs_launcher/build/lib/eufs_launcher
[2.797s] copying src/eufs_launcher/LauncherModule.py -> /home/xyh/eufs_sim/build/eufs_launcher/build/lib/eufs_launcher
[2.863s] copying src/eufs_launcher/__init__.py -> /home/xyh/eufs_sim/build/eufs_launcher/build/lib/eufs_launcher
[2.863s] running build_scripts
[2.863s] creating /home/xyh/eufs_sim/build/eufs_launcher/build/scripts-3.8
[2.870s] copying and adjusting scripts/eufs_launcher -> /home/xyh/eufs_sim/build/eufs_launcher/build/scripts-3.8
[2.870s] changing mode of /home/xyh/eufs_sim/build/eufs_launcher/build/scripts-3.8/eufs_launcher from 664 to 775
[2.871s] running install
[2.871s] running install_lib
[2.871s] creating /home/xyh/eufs_sim/install/eufs_launcher/lib/python3.8/site-packages/eufs_launcher
[2.871s] copying /home/xyh/eufs_sim/build/eufs_launcher/build/lib/eufs_launcher/LauncherModule.py -> /home/xyh/eufs_sim/install/eufs_launcher/lib/python3.8/site-packages/eufs_launcher
[2.871s] copying /home/xyh/eufs_sim/build/eufs_launcher/build/lib/eufs_launcher/__init__.py -> /home/xyh/eufs_sim/install/eufs_launcher/lib/python3.8/site-packages/eufs_launcher
[2.878s] byte-compiling /home/xyh/eufs_sim/install/eufs_launcher/lib/python3.8/site-packages/eufs_launcher/LauncherModule.py to LauncherModule.cpython-38.pyc
[2.883s] byte-compiling /home/xyh/eufs_sim/install/eufs_launcher/lib/python3.8/site-packages/eufs_launcher/__init__.py to __init__.cpython-38.pyc
[2.890s] running install_data
[2.891s] copying launch/eufs_launcher.launch.py -> /home/xyh/eufs_sim/install/eufs_launcher/share/eufs_launcher
[2.893s] copying launch/simulation.launch.py -> /home/xyh/eufs_sim/install/eufs_launcher/share/eufs_launcher
[2.895s] creating /home/xyh/eufs_sim/install/eufs_launcher/share/eufs_launcher/config
[2.895s] copying config/default.rviz -> /home/xyh/eufs_sim/install/eufs_launcher/share/eufs_launcher/config
[2.896s] copying config/eufs_launcher.yaml -> /home/xyh/eufs_sim/install/eufs_launcher/share/eufs_launcher/config
[2.897s] creating /home/xyh/eufs_sim/install/eufs_launcher/share/eufs_launcher/resource
[2.897s] copying resource/launcher.ui -> /home/xyh/eufs_sim/install/eufs_launcher/share/eufs_launcher/resource
[2.898s] copying plugin.xml -> /home/xyh/eufs_sim/install/eufs_launcher/share/eufs_launcher
[2.900s] copying package.xml -> /home/xyh/eufs_sim/install/eufs_launcher/share/eufs_launcher
[2.900s] creating /home/xyh/eufs_sim/install/eufs_launcher/share/ament_index
[2.901s] creating /home/xyh/eufs_sim/install/eufs_launcher/share/ament_index/resource_index
[2.902s] creating /home/xyh/eufs_sim/install/eufs_launcher/share/ament_index/resource_index/packages
[2.902s] copying resource/eufs_launcher -> /home/xyh/eufs_sim/install/eufs_launcher/share/ament_index/resource_index/packages
[2.903s] running install_egg_info
[2.905s] Copying ../build/eufs_launcher/eufs_launcher.egg-info to /home/xyh/eufs_sim/install/eufs_launcher/lib/python3.8/site-packages/eufs_launcher-2.0.0-py3.8.egg-info
[2.907s] running install_scripts
[2.978s] creating /home/xyh/eufs_sim/install/eufs_launcher/lib/eufs_launcher
[2.979s] copying /home/xyh/eufs_sim/build/eufs_launcher/build/scripts-3.8/eufs_launcher -> /home/xyh/eufs_sim/install/eufs_launcher/lib/eufs_launcher
[2.979s] changing mode of /home/xyh/eufs_sim/install/eufs_launcher/lib/eufs_launcher/eufs_launcher to 775
[2.987s] writing list of installed files to '/home/xyh/eufs_sim/build/eufs_launcher/install.log'
[3.046s] Invoked command in '/home/xyh/eufs_sim/eufs_launcher' returned '0': AMENT_PREFIX_PATH=/home/xyh/eufs_sim/install/eufs_tracks:${AMENT_PREFIX_PATH} PYTHONPATH=/home/xyh/eufs_sim/build/eufs_launcher/prefix_override:/home/xyh/eufs_sim/install/eufs_launcher/lib/python3.8/site-packages:/home/xyh/eufs_sim/install/eufs_tracks/lib/python3.8/site-packages:${PYTHONPATH} /usr/bin/python3 -W ignore:setup.py install is deprecated setup.py egg_info --egg-base ../build/eufs_launcher build --build-base /home/xyh/eufs_sim/build/eufs_launcher/build install --record /home/xyh/eufs_sim/build/eufs_launcher/install.log --single-version-externally-managed install_data
