[0.047s] Invoking command in '/home/xyh/eufs_sim/build/eufs_plugins': AMENT_PREFIX_PATH=/home/xyh/eufs_sim/install/eufs_models:/home/xyh/eufs_sim/install/eufs_msgs:${AMENT_PREFIX_PATH} CMAKE_PREFIX_PATH=/home/xyh/eufs_sim/install/eufs_models:/home/xyh/eufs_sim/install/eufs_msgs:/usr/lib/x86_64-linux-gnu/cmake/gazebo:/home/xyh/sim_ws/install/f1tenth_gym_ros:/opt/ros/foxy LD_LIBRARY_PATH=/home/xyh/eufs_sim/install/eufs_models/lib:/home/xyh/eufs_sim/install/eufs_msgs/lib:${LD_LIBRARY_PATH} PYTHONPATH=/home/xyh/eufs_sim/install/eufs_msgs/lib/python3.8/site-packages:${PYTHONPATH} /usr/bin/cmake /home/xyh/eufs_sim/eufs_plugins -DCMAKE_INSTALL_PREFIX=/home/xyh/eufs_sim/install/eufs_plugins
[0.084s] -- Found ament_cmake: 0.9.12 (/opt/ros/foxy/share/ament_cmake/cmake)
[0.137s] -- Using PYTHON_EXECUTABLE: /usr/bin/python3
[0.582s] -- Found gazebo_dev: 3.5.3 (/opt/ros/foxy/share/gazebo_dev/cmake)
[0.594s] -- Found PkgConfig: /usr/bin/pkg-config (found version "0.29.1") 
[0.606s] -- Checking for module 'bullet>=2.82'
[0.652s] --   Found bullet, version 2.88
[0.922s] -- Found ccd: /usr/include (found suitable version "2.0", minimum required is "2.0") 
[1.037s] -- Found fcl: /usr/include (found suitable version "0.5.0", minimum required is "0.3.2") 
[1.238s] -- Found assimp: /usr/include (found version "5.0.0") 
[1.309s] -- Found DART: /usr/include (Required is at least version "6.6") found components: dart 
[2.256s] -- Found Boost: /usr/lib/x86_64-linux-gnu/cmake/Boost-1.71.0/BoostConfig.cmake (found suitable version "1.71.0", minimum required is "1.40.0") found components: thread system filesystem program_options regex iostreams date_time 
[2.330s] -- Found Protobuf: /usr/lib/x86_64-linux-gnu/libprotobuf.so;-lpthread (found version "3.6.1") 
[2.340s] -- Looking for ignition-math6 -- found version 6.15.1
[2.363s] -- Searching for dependencies of ignition-math6
[2.366s] -- Looking for OGRE...
[2.367s] -- OGRE_PREFIX_WATCH changed.
[2.376s] -- Checking for module 'OGRE'
[2.412s] --   Found OGRE, version 1.9.0
[2.539s] -- Found Ogre Ghadamon (1.9.0)
[2.564s] -- Found OGRE: optimized;/usr/lib/x86_64-linux-gnu/libOgreMain.so;debug;/usr/lib/x86_64-linux-gnu/libOgreMain.so
[2.583s] -- Looking for OGRE_Paging...
[2.596s] -- Found OGRE_Paging: optimized;/usr/lib/x86_64-linux-gnu/libOgrePaging.so;debug;/usr/lib/x86_64-linux-gnu/libOgrePaging.so
[2.596s] -- Looking for OGRE_Terrain...
[2.613s] -- Found OGRE_Terrain: optimized;/usr/lib/x86_64-linux-gnu/libOgreTerrain.so;debug;/usr/lib/x86_64-linux-gnu/libOgreTerrain.so
[2.613s] -- Looking for OGRE_Property...
[2.633s] -- Found OGRE_Property: optimized;/usr/lib/x86_64-linux-gnu/libOgreProperty.so;debug;/usr/lib/x86_64-linux-gnu/libOgreProperty.so
[2.633s] -- Looking for OGRE_RTShaderSystem...
[2.644s] -- Found OGRE_RTShaderSystem: optimized;/usr/lib/x86_64-linux-gnu/libOgreRTShaderSystem.so;debug;/usr/lib/x86_64-linux-gnu/libOgreRTShaderSystem.so
[2.644s] -- Looking for OGRE_Volume...
[2.658s] -- Found OGRE_Volume: optimized;/usr/lib/x86_64-linux-gnu/libOgreVolume.so;debug;/usr/lib/x86_64-linux-gnu/libOgreVolume.so
[2.659s] -- Looking for OGRE_Overlay...
[2.672s] -- Found OGRE_Overlay: optimized;/usr/lib/x86_64-linux-gnu/libOgreOverlay.so;debug;/usr/lib/x86_64-linux-gnu/libOgreOverlay.so
[2.921s] -- Looking for ignition-math6 -- found version 6.15.1
[2.927s] -- Looking for ignition-transport8 -- found version 8.3.0
[2.929s] -- Searching for dependencies of ignition-transport8
[2.961s] -- Found Protobuf: /usr/lib/x86_64-linux-gnu/libprotobuf.so;-lpthread (found suitable version "3.6.1", minimum required is "3") 
[2.986s] -- Config-file not installed for ZeroMQ -- checking for pkg-config
[2.995s] -- Checking for module 'libzmq >= 4'
[3.096s] --   Found libzmq , version 4.3.2
[3.169s] -- Found ZeroMQ: TRUE (Required is at least version "4") 
[3.182s] -- Checking for module 'uuid'
[3.282s] --   Found uuid, version 2.34.0
[3.370s] -- Found UUID: TRUE  
[3.374s] -- Looking for ignition-msgs5 -- found version 5.10.0
[3.376s] -- Searching for dependencies of ignition-msgs5
[3.429s] -- Looking for ignition-math6 -- found version 6.15.1
[3.442s] -- Checking for module 'tinyxml2'
[3.473s] --   Found tinyxml2, version 6.2.0
[3.557s] -- Looking for ignition-msgs5 -- found version 5.10.0
[3.561s] -- Looking for ignition-common3 -- found version 3.14.2
[3.562s] -- Searching for dependencies of ignition-common3
[3.563s] -- Looking for dlfcn.h - found
[3.565s] -- Looking for libdl - found
[3.569s] -- Found DL: TRUE  
[3.592s] -- Searching for <ignition-common3> component [graphics]
[3.597s] -- Looking for ignition-common3-graphics -- found version 3.14.2
[3.598s] -- Searching for dependencies of ignition-common3-graphics
[3.599s] -- Looking for ignition-math6 -- found version 6.15.1
[3.609s] -- Looking for ignition-fuel_tools4 -- found version 4.6.0
[3.610s] -- Searching for dependencies of ignition-fuel_tools4
[3.909s] -- Found CURL: /usr/lib/x86_64-linux-gnu/libcurl.so (found version "7.68.0")  
[3.932s] -- Checking for module 'jsoncpp'
[3.964s] --   Found jsoncpp, version 1.7.4
[4.043s] -- Found JSONCPP: TRUE  
[4.134s] -- Checking for module 'libzip'
[4.167s] --   Found libzip, version 1.5.1
[4.250s] -- Found ZIP: TRUE  
[4.251s] -- Looking for ignition-common3 -- found version 3.14.2
[4.253s] -- Looking for ignition-math6 -- found version 6.15.1
[4.254s] -- Looking for ignition-msgs5 -- found version 5.10.0
[4.259s] -- Gazebo version: 11.11
[4.265s] -- Found gazebo_ros: 3.5.3 (/opt/ros/foxy/share/gazebo_ros/cmake)
[4.542s] -- Using all available rosidl_typesupport_c: rosidl_typesupport_fastrtps_c;rosidl_typesupport_introspection_c
[4.578s] -- Found rosidl_adapter: 1.3.1 (/opt/ros/foxy/share/rosidl_adapter/cmake)
[4.851s] -- Found OpenSSL: /usr/lib/x86_64-linux-gnu/libcrypto.so (found version "1.1.1f")  
[4.923s] -- Found FastRTPS: /opt/ros/foxy/include  
[5.150s] -- Using all available rosidl_typesupport_cpp: rosidl_typesupport_fastrtps_cpp;rosidl_typesupport_introspection_cpp
[5.289s] -- Found rmw_implementation_cmake: 1.0.4 (/opt/ros/foxy/share/rmw_implementation_cmake/cmake)
[5.296s] -- Using RMW implementation 'rmw_fastrtps_cpp' as default
[5.300s] -- Found Threads: TRUE  
[5.806s] -- Found geometry_msgs: 2.0.5 (/opt/ros/foxy/share/geometry_msgs/cmake)
[5.917s] -- Found nav_msgs: 2.0.5 (/opt/ros/foxy/share/nav_msgs/cmake)
[6.211s] -- Found std_srvs: 2.0.5 (/opt/ros/foxy/share/std_srvs/cmake)
[6.248s] -- Found tf2: 0.13.14 (/opt/ros/foxy/share/tf2/cmake)
[6.292s] -- Found tf2_ros: 0.13.14 (/opt/ros/foxy/share/tf2_ros/cmake)
[7.233s] -- Found eufs_msgs: 2.0.0 (/home/xyh/eufs_sim/install/eufs_msgs/share/eufs_msgs/cmake)
[8.076s] -- Found eufs_models: 2.0.0 (/home/xyh/eufs_sim/install/eufs_models/share/eufs_models/cmake)
[8.139s] -- Found ackermann_msgs: 2.0.2 (/opt/ros/foxy/share/ackermann_msgs/cmake)
[8.228s] -- Found image_geometry: 3.0.7 (/opt/ros/foxy/share/image_geometry/cmake)
[8.279s] -- Found yaml_cpp_vendor: 7.0.3 (/opt/ros/foxy/share/yaml_cpp_vendor/cmake)
[8.280s] -- Setting yaml-cpp_DIR to: '/opt/ros/foxy/share/yaml_cpp_vendor/cmake/../../../opt/yaml_cpp_vendor/lib/cmake/yaml-cpp'
[8.844s] -- Configuring done
[9.305s] -- Generating done
[9.319s] -- Build files have been written to: /home/xyh/eufs_sim/build/eufs_plugins
[9.349s] Invoked command in '/home/xyh/eufs_sim/build/eufs_plugins' returned '0': AMENT_PREFIX_PATH=/home/xyh/eufs_sim/install/eufs_models:/home/xyh/eufs_sim/install/eufs_msgs:${AMENT_PREFIX_PATH} CMAKE_PREFIX_PATH=/home/xyh/eufs_sim/install/eufs_models:/home/xyh/eufs_sim/install/eufs_msgs:/usr/lib/x86_64-linux-gnu/cmake/gazebo:/home/xyh/sim_ws/install/f1tenth_gym_ros:/opt/ros/foxy LD_LIBRARY_PATH=/home/xyh/eufs_sim/install/eufs_models/lib:/home/xyh/eufs_sim/install/eufs_msgs/lib:${LD_LIBRARY_PATH} PYTHONPATH=/home/xyh/eufs_sim/install/eufs_msgs/lib/python3.8/site-packages:${PYTHONPATH} /usr/bin/cmake /home/xyh/eufs_sim/eufs_plugins -DCMAKE_INSTALL_PREFIX=/home/xyh/eufs_sim/install/eufs_plugins
[9.356s] Invoking command in '/home/xyh/eufs_sim/build/eufs_plugins': AMENT_PREFIX_PATH=/home/xyh/eufs_sim/install/eufs_models:/home/xyh/eufs_sim/install/eufs_msgs:${AMENT_PREFIX_PATH} CMAKE_PREFIX_PATH=/home/xyh/eufs_sim/install/eufs_models:/home/xyh/eufs_sim/install/eufs_msgs:/usr/lib/x86_64-linux-gnu/cmake/gazebo:/home/xyh/sim_ws/install/f1tenth_gym_ros:/opt/ros/foxy LD_LIBRARY_PATH=/home/xyh/eufs_sim/install/eufs_models/lib:/home/xyh/eufs_sim/install/eufs_msgs/lib:${LD_LIBRARY_PATH} PYTHONPATH=/home/xyh/eufs_sim/install/eufs_msgs/lib/python3.8/site-packages:${PYTHONPATH} /usr/bin/cmake --build /home/xyh/eufs_sim/build/eufs_plugins -- -j2 -l2
[9.442s] [35m[1mScanning dependencies of target gazebo_camera_cones[0m
[9.442s] [35m[1mScanning dependencies of target gazebo_ground_truth_cones[0m
[10.238s] [ 11%] [32mBuilding CXX object gazebo_cone_plugins/CMakeFiles/gazebo_camera_cones.dir/src/gazebo_camera_cones.cpp.o[0m
[10.253s] [ 22%] [32mBuilding CXX object gazebo_cone_plugins/CMakeFiles/gazebo_ground_truth_cones.dir/src/gazebo_ground_truth_cones.cpp.o[0m
