[0.463s] DEBUG:colcon:Command line arguments: ['/usr/bin/colcon', 'build', '--packages-select', 'eufs_plugins']
[0.463s] DEBUG:colcon:Parsed command line arguments: Namespace(allow_overriding=[], ament_cmake_args=None, base_paths=['.'], build_base='build', catkin_cmake_args=None, catkin_skip_building_tests=False, cmake_args=None, cmake_clean_cache=False, cmake_clean_first=False, cmake_force_configure=False, cmake_target=None, cmake_target_skip_unavailable=False, continue_on_error=False, event_handlers=None, executor='parallel', ignore_user_meta=False, install_base='install', log_base=None, log_level=None, main=<bound method BuildVerb.main of <colcon_core.verb.build.BuildVerb object at 0x7f54a9c93040>>, merge_install=False, metas=['./colcon.meta'], packages_above=None, packages_above_and_dependencies=None, packages_above_depth=None, packages_end=None, packages_ignore=None, packages_ignore_regex=None, packages_select=['eufs_plugins'], packages_select_build_failed=False, packages_select_by_dep=None, packages_select_regex=None, packages_select_test_failures=False, packages_skip=None, packages_skip_build_finished=False, packages_skip_by_dep=None, packages_skip_regex=None, packages_skip_test_passed=False, packages_skip_up_to=None, packages_start=None, packages_up_to=None, packages_up_to_regex=None, parallel_workers=2, paths=None, symlink_install=False, test_result_base=None, verb_extension=<colcon_core.verb.build.BuildVerb object at 0x7f54a9c93040>, verb_name='build', verb_parser=<colcon_defaults.argument_parser.defaults.DefaultArgumentsDecorator object at 0x7f54a9c0a3a0>)
[0.776s] Level 1:colcon.colcon_core.package_discovery:discover_packages(colcon_meta) check parameters
[0.776s] Level 1:colcon.colcon_core.package_discovery:discover_packages(recursive) check parameters
[0.776s] Level 1:colcon.colcon_core.package_discovery:discover_packages(ignore) check parameters
[0.776s] Level 1:colcon.colcon_core.package_discovery:discover_packages(path) check parameters
[0.776s] Level 1:colcon.colcon_core.package_discovery:discover_packages(colcon_meta) discover
[0.776s] Level 1:colcon.colcon_core.package_discovery:discover_packages(recursive) discover
[0.777s] INFO:colcon.colcon_core.package_discovery:Crawling recursively for packages in '/home/xyh/eufs_sim'
[0.777s] Level 1:colcon.colcon_core.package_identification:_identify(.) by extensions ['ignore', 'ignore_ament_install']
[0.777s] Level 1:colcon.colcon_core.package_identification:_identify(.) by extension 'ignore'
[0.777s] Level 1:colcon.colcon_core.package_identification:_identify(.) by extension 'ignore_ament_install'
[0.777s] Level 1:colcon.colcon_core.package_identification:_identify(.) by extensions ['colcon_pkg']
[0.777s] Level 1:colcon.colcon_core.package_identification:_identify(.) by extension 'colcon_pkg'
[0.777s] Level 1:colcon.colcon_core.package_identification:_identify(.) by extensions ['colcon_meta']
[0.777s] Level 1:colcon.colcon_core.package_identification:_identify(.) by extension 'colcon_meta'
[0.777s] Level 1:colcon.colcon_core.package_identification:_identify(.) by extensions ['ros']
[0.777s] Level 1:colcon.colcon_core.package_identification:_identify(.) by extension 'ros'
[0.799s] Level 1:colcon.colcon_core.package_identification:_identify(.) by extensions ['cmake', 'python']
[0.800s] Level 1:colcon.colcon_core.package_identification:_identify(.) by extension 'cmake'
[0.800s] Level 1:colcon.colcon_core.package_identification:_identify(.) by extension 'python'
[0.800s] Level 1:colcon.colcon_core.package_identification:_identify(.) by extensions ['python_setup_py']
[0.800s] Level 1:colcon.colcon_core.package_identification:_identify(.) by extension 'python_setup_py'
[0.800s] Level 1:colcon.colcon_core.package_identification:_identify(build) by extensions ['ignore', 'ignore_ament_install']
[0.801s] Level 1:colcon.colcon_core.package_identification:_identify(build) by extension 'ignore'
[0.801s] Level 1:colcon.colcon_core.package_identification:_identify(build) ignored
[0.801s] Level 1:colcon.colcon_core.package_identification:_identify(eufs_launcher) by extensions ['ignore', 'ignore_ament_install']
[0.801s] Level 1:colcon.colcon_core.package_identification:_identify(eufs_launcher) by extension 'ignore'
[0.801s] Level 1:colcon.colcon_core.package_identification:_identify(eufs_launcher) by extension 'ignore_ament_install'
[0.802s] Level 1:colcon.colcon_core.package_identification:_identify(eufs_launcher) by extensions ['colcon_pkg']
[0.802s] Level 1:colcon.colcon_core.package_identification:_identify(eufs_launcher) by extension 'colcon_pkg'
[0.802s] Level 1:colcon.colcon_core.package_identification:_identify(eufs_launcher) by extensions ['colcon_meta']
[0.802s] Level 1:colcon.colcon_core.package_identification:_identify(eufs_launcher) by extension 'colcon_meta'
[0.802s] Level 1:colcon.colcon_core.package_identification:_identify(eufs_launcher) by extensions ['ros']
[0.802s] Level 1:colcon.colcon_core.package_identification:_identify(eufs_launcher) by extension 'ros'
[0.810s] DEBUG:colcon.colcon_core.package_identification:Package 'eufs_launcher' with type 'ros.ament_python' and name 'eufs_launcher'
[0.810s] Level 1:colcon.colcon_core.package_identification:_identify(eufs_models) by extensions ['ignore', 'ignore_ament_install']
[0.811s] Level 1:colcon.colcon_core.package_identification:_identify(eufs_models) by extension 'ignore'
[0.811s] Level 1:colcon.colcon_core.package_identification:_identify(eufs_models) by extension 'ignore_ament_install'
[0.811s] Level 1:colcon.colcon_core.package_identification:_identify(eufs_models) by extensions ['colcon_pkg']
[0.811s] Level 1:colcon.colcon_core.package_identification:_identify(eufs_models) by extension 'colcon_pkg'
[0.811s] Level 1:colcon.colcon_core.package_identification:_identify(eufs_models) by extensions ['colcon_meta']
[0.811s] Level 1:colcon.colcon_core.package_identification:_identify(eufs_models) by extension 'colcon_meta'
[0.811s] Level 1:colcon.colcon_core.package_identification:_identify(eufs_models) by extensions ['ros']
[0.812s] Level 1:colcon.colcon_core.package_identification:_identify(eufs_models) by extension 'ros'
[0.813s] DEBUG:colcon.colcon_core.package_identification:Package 'eufs_models' with type 'ros.ament_cmake' and name 'eufs_models'
[0.813s] Level 1:colcon.colcon_core.package_identification:_identify(eufs_msgs) by extensions ['ignore', 'ignore_ament_install']
[0.814s] Level 1:colcon.colcon_core.package_identification:_identify(eufs_msgs) by extension 'ignore'
[0.814s] Level 1:colcon.colcon_core.package_identification:_identify(eufs_msgs) by extension 'ignore_ament_install'
[0.814s] Level 1:colcon.colcon_core.package_identification:_identify(eufs_msgs) by extensions ['colcon_pkg']
[0.814s] Level 1:colcon.colcon_core.package_identification:_identify(eufs_msgs) by extension 'colcon_pkg'
[0.814s] Level 1:colcon.colcon_core.package_identification:_identify(eufs_msgs) by extensions ['colcon_meta']
[0.814s] Level 1:colcon.colcon_core.package_identification:_identify(eufs_msgs) by extension 'colcon_meta'
[0.814s] Level 1:colcon.colcon_core.package_identification:_identify(eufs_msgs) by extensions ['ros']
[0.814s] Level 1:colcon.colcon_core.package_identification:_identify(eufs_msgs) by extension 'ros'
[0.816s] DEBUG:colcon.colcon_core.package_identification:Package 'eufs_msgs' with type 'ros.ament_cmake' and name 'eufs_msgs'
[0.816s] Level 1:colcon.colcon_core.package_identification:_identify(eufs_plugins) by extensions ['ignore', 'ignore_ament_install']
[0.816s] Level 1:colcon.colcon_core.package_identification:_identify(eufs_plugins) by extension 'ignore'
[0.816s] Level 1:colcon.colcon_core.package_identification:_identify(eufs_plugins) by extension 'ignore_ament_install'
[0.816s] Level 1:colcon.colcon_core.package_identification:_identify(eufs_plugins) by extensions ['colcon_pkg']
[0.816s] Level 1:colcon.colcon_core.package_identification:_identify(eufs_plugins) by extension 'colcon_pkg'
[0.816s] Level 1:colcon.colcon_core.package_identification:_identify(eufs_plugins) by extensions ['colcon_meta']
[0.816s] Level 1:colcon.colcon_core.package_identification:_identify(eufs_plugins) by extension 'colcon_meta'
[0.816s] Level 1:colcon.colcon_core.package_identification:_identify(eufs_plugins) by extensions ['ros']
[0.817s] Level 1:colcon.colcon_core.package_identification:_identify(eufs_plugins) by extension 'ros'
[0.819s] DEBUG:colcon.colcon_core.package_identification:Package 'eufs_plugins' with type 'ros.ament_cmake' and name 'eufs_plugins'
[0.819s] Level 1:colcon.colcon_core.package_identification:_identify(eufs_racecar) by extensions ['ignore', 'ignore_ament_install']
[0.820s] Level 1:colcon.colcon_core.package_identification:_identify(eufs_racecar) by extension 'ignore'
[0.820s] Level 1:colcon.colcon_core.package_identification:_identify(eufs_racecar) by extension 'ignore_ament_install'
[0.820s] Level 1:colcon.colcon_core.package_identification:_identify(eufs_racecar) by extensions ['colcon_pkg']
[0.820s] Level 1:colcon.colcon_core.package_identification:_identify(eufs_racecar) by extension 'colcon_pkg'
[0.820s] Level 1:colcon.colcon_core.package_identification:_identify(eufs_racecar) by extensions ['colcon_meta']
[0.820s] Level 1:colcon.colcon_core.package_identification:_identify(eufs_racecar) by extension 'colcon_meta'
[0.820s] Level 1:colcon.colcon_core.package_identification:_identify(eufs_racecar) by extensions ['ros']
[0.820s] Level 1:colcon.colcon_core.package_identification:_identify(eufs_racecar) by extension 'ros'
[0.823s] DEBUG:colcon.colcon_core.package_identification:Package 'eufs_racecar' with type 'ros.ament_python' and name 'eufs_racecar'
[0.824s] Level 1:colcon.colcon_core.package_identification:_identify(eufs_rqt) by extensions ['ignore', 'ignore_ament_install']
[0.824s] Level 1:colcon.colcon_core.package_identification:_identify(eufs_rqt) by extension 'ignore'
[0.824s] Level 1:colcon.colcon_core.package_identification:_identify(eufs_rqt) by extension 'ignore_ament_install'
[0.824s] Level 1:colcon.colcon_core.package_identification:_identify(eufs_rqt) by extensions ['colcon_pkg']
[0.824s] Level 1:colcon.colcon_core.package_identification:_identify(eufs_rqt) by extension 'colcon_pkg'
[0.824s] Level 1:colcon.colcon_core.package_identification:_identify(eufs_rqt) by extensions ['colcon_meta']
[0.824s] Level 1:colcon.colcon_core.package_identification:_identify(eufs_rqt) by extension 'colcon_meta'
[0.824s] Level 1:colcon.colcon_core.package_identification:_identify(eufs_rqt) by extensions ['ros']
[0.825s] Level 1:colcon.colcon_core.package_identification:_identify(eufs_rqt) by extension 'ros'
[0.827s] DEBUG:colcon.colcon_core.package_identification:Package 'eufs_rqt' with type 'ros.ament_python' and name 'eufs_rqt'
[0.827s] Level 1:colcon.colcon_core.package_identification:_identify(eufs_sensors) by extensions ['ignore', 'ignore_ament_install']
[0.827s] Level 1:colcon.colcon_core.package_identification:_identify(eufs_sensors) by extension 'ignore'
[0.828s] Level 1:colcon.colcon_core.package_identification:_identify(eufs_sensors) by extension 'ignore_ament_install'
[0.828s] Level 1:colcon.colcon_core.package_identification:_identify(eufs_sensors) by extensions ['colcon_pkg']
[0.828s] Level 1:colcon.colcon_core.package_identification:_identify(eufs_sensors) by extension 'colcon_pkg'
[0.828s] Level 1:colcon.colcon_core.package_identification:_identify(eufs_sensors) by extensions ['colcon_meta']
[0.828s] Level 1:colcon.colcon_core.package_identification:_identify(eufs_sensors) by extension 'colcon_meta'
[0.828s] Level 1:colcon.colcon_core.package_identification:_identify(eufs_sensors) by extensions ['ros']
[0.829s] Level 1:colcon.colcon_core.package_identification:_identify(eufs_sensors) by extension 'ros'
[0.830s] DEBUG:colcon.colcon_core.package_identification:Package 'eufs_sensors' with type 'ros.ament_cmake' and name 'eufs_sensors'
[0.831s] Level 1:colcon.colcon_core.package_identification:_identify(eufs_tracks) by extensions ['ignore', 'ignore_ament_install']
[0.831s] Level 1:colcon.colcon_core.package_identification:_identify(eufs_tracks) by extension 'ignore'
[0.831s] Level 1:colcon.colcon_core.package_identification:_identify(eufs_tracks) by extension 'ignore_ament_install'
[0.831s] Level 1:colcon.colcon_core.package_identification:_identify(eufs_tracks) by extensions ['colcon_pkg']
[0.831s] Level 1:colcon.colcon_core.package_identification:_identify(eufs_tracks) by extension 'colcon_pkg'
[0.831s] Level 1:colcon.colcon_core.package_identification:_identify(eufs_tracks) by extensions ['colcon_meta']
[0.831s] Level 1:colcon.colcon_core.package_identification:_identify(eufs_tracks) by extension 'colcon_meta'
[0.831s] Level 1:colcon.colcon_core.package_identification:_identify(eufs_tracks) by extensions ['ros']
[0.832s] Level 1:colcon.colcon_core.package_identification:_identify(eufs_tracks) by extension 'ros'
[0.834s] DEBUG:colcon.colcon_core.package_identification:Package 'eufs_tracks' with type 'ros.ament_python' and name 'eufs_tracks'
[0.834s] Level 1:colcon.colcon_core.package_identification:_identify(install) by extensions ['ignore', 'ignore_ament_install']
[0.835s] Level 1:colcon.colcon_core.package_identification:_identify(install) by extension 'ignore'
[0.835s] Level 1:colcon.colcon_core.package_identification:_identify(install) ignored
[0.835s] Level 1:colcon.colcon_core.package_identification:_identify(log) by extensions ['ignore', 'ignore_ament_install']
[0.835s] Level 1:colcon.colcon_core.package_identification:_identify(log) by extension 'ignore'
[0.835s] Level 1:colcon.colcon_core.package_identification:_identify(log) ignored
[0.835s] Level 1:colcon.colcon_core.package_discovery:discover_packages(recursive) using defaults
[0.835s] Level 1:colcon.colcon_core.package_discovery:discover_packages(ignore) discover
[0.836s] Level 1:colcon.colcon_core.package_discovery:discover_packages(ignore) using defaults
[0.836s] Level 1:colcon.colcon_core.package_discovery:discover_packages(path) discover
[0.836s] Level 1:colcon.colcon_core.package_discovery:discover_packages(path) using defaults
[0.878s] INFO:colcon.colcon_core.package_selection:Skipping not selected package 'eufs_msgs' in 'eufs_msgs'
[0.878s] INFO:colcon.colcon_core.package_selection:Skipping not selected package 'eufs_racecar' in 'eufs_racecar'
[0.878s] INFO:colcon.colcon_core.package_selection:Skipping not selected package 'eufs_sensors' in 'eufs_sensors'
[0.879s] INFO:colcon.colcon_core.package_selection:Skipping not selected package 'eufs_tracks' in 'eufs_tracks'
[0.879s] INFO:colcon.colcon_core.package_selection:Skipping not selected package 'eufs_launcher' in 'eufs_launcher'
[0.879s] INFO:colcon.colcon_core.package_selection:Skipping not selected package 'eufs_models' in 'eufs_models'
[0.879s] INFO:colcon.colcon_core.package_selection:Skipping not selected package 'eufs_rqt' in 'eufs_rqt'
[0.879s] Level 1:colcon.colcon_core.package_discovery:discover_packages(prefix_path) check parameters
[0.879s] Level 1:colcon.colcon_core.package_discovery:discover_packages(prefix_path) discover
[0.881s] DEBUG:colcon.colcon_installed_package_information.package_discovery:Found 8 installed packages in /home/xyh/eufs_sim/install
[0.882s] DEBUG:colcon.colcon_installed_package_information.package_discovery:Found 1 installed packages in /home/xyh/sim_ws/install
[0.885s] DEBUG:colcon.colcon_installed_package_information.package_discovery:Found 292 installed packages in /opt/ros/foxy
[0.904s] Level 1:colcon.colcon_core.package_discovery:discover_packages(prefix_path) using defaults
[1.022s] Level 5:colcon.colcon_core.verb:set package 'eufs_plugins' build argument 'cmake_args' from command line to 'None'
[1.022s] Level 5:colcon.colcon_core.verb:set package 'eufs_plugins' build argument 'cmake_target' from command line to 'None'
[1.023s] Level 5:colcon.colcon_core.verb:set package 'eufs_plugins' build argument 'cmake_target_skip_unavailable' from command line to 'False'
[1.023s] Level 5:colcon.colcon_core.verb:set package 'eufs_plugins' build argument 'cmake_clean_cache' from command line to 'False'
[1.023s] Level 5:colcon.colcon_core.verb:set package 'eufs_plugins' build argument 'cmake_clean_first' from command line to 'False'
[1.023s] Level 5:colcon.colcon_core.verb:set package 'eufs_plugins' build argument 'cmake_force_configure' from command line to 'False'
[1.023s] Level 5:colcon.colcon_core.verb:set package 'eufs_plugins' build argument 'ament_cmake_args' from command line to 'None'
[1.023s] Level 5:colcon.colcon_core.verb:set package 'eufs_plugins' build argument 'catkin_cmake_args' from command line to 'None'
[1.023s] Level 5:colcon.colcon_core.verb:set package 'eufs_plugins' build argument 'catkin_skip_building_tests' from command line to 'False'
[1.023s] DEBUG:colcon.colcon_core.verb:Building package 'eufs_plugins' with the following arguments: {'ament_cmake_args': None, 'build_base': '/home/xyh/eufs_sim/build/eufs_plugins', 'catkin_cmake_args': None, 'catkin_skip_building_tests': False, 'cmake_args': None, 'cmake_clean_cache': False, 'cmake_clean_first': False, 'cmake_force_configure': False, 'cmake_target': None, 'cmake_target_skip_unavailable': False, 'install_base': '/home/xyh/eufs_sim/install/eufs_plugins', 'merge_install': False, 'path': '/home/xyh/eufs_sim/eufs_plugins', 'symlink_install': False, 'test_result_base': None}
[1.023s] INFO:colcon.colcon_core.executor:Executing jobs using 'parallel' executor
[1.024s] DEBUG:colcon.colcon_parallel_executor.executor.parallel:run_until_complete
[1.024s] INFO:colcon.colcon_ros.task.ament_cmake.build:Building ROS package in '/home/xyh/eufs_sim/eufs_plugins' with build type 'ament_cmake'
[1.024s] INFO:colcon.colcon_cmake.task.cmake.build:Building CMake package in '/home/xyh/eufs_sim/eufs_plugins'
[1.026s] INFO:colcon.colcon_core.plugin_system:Skipping extension 'colcon_core.shell.bat': Not used on non-Windows systems
[1.026s] INFO:colcon.colcon_core.shell:Skip shell extension 'powershell' for command environment: Not usable outside of PowerShell
[1.027s] DEBUG:colcon.colcon_core.shell:Skip shell extension 'dsv' for command environment
[1.052s] DEBUG:colcon.colcon_core.event_handler.log_command:Invoking command in '/home/xyh/eufs_sim/build/eufs_plugins': AMENT_PREFIX_PATH=/home/xyh/eufs_sim/install/eufs_models:/home/xyh/eufs_sim/install/eufs_msgs:${AMENT_PREFIX_PATH} CMAKE_PREFIX_PATH=/home/xyh/eufs_sim/install/eufs_models:/home/xyh/eufs_sim/install/eufs_msgs:/home/xyh/sim_ws/install/f1tenth_gym_ros:/opt/ros/foxy LD_LIBRARY_PATH=/home/xyh/eufs_sim/install/eufs_models/lib:/home/xyh/eufs_sim/install/eufs_msgs/lib:${LD_LIBRARY_PATH} PYTHONPATH=/home/xyh/eufs_sim/install/eufs_msgs/lib/python3.8/site-packages:${PYTHONPATH} /usr/bin/cmake /home/xyh/eufs_sim/eufs_plugins -DCMAKE_INSTALL_PREFIX=/home/xyh/eufs_sim/install/eufs_plugins
[1.633s] DEBUG:colcon.colcon_core.event_handler.log_command:Invoked command in '/home/xyh/eufs_sim/build/eufs_plugins' returned '1': AMENT_PREFIX_PATH=/home/xyh/eufs_sim/install/eufs_models:/home/xyh/eufs_sim/install/eufs_msgs:${AMENT_PREFIX_PATH} CMAKE_PREFIX_PATH=/home/xyh/eufs_sim/install/eufs_models:/home/xyh/eufs_sim/install/eufs_msgs:/home/xyh/sim_ws/install/f1tenth_gym_ros:/opt/ros/foxy LD_LIBRARY_PATH=/home/xyh/eufs_sim/install/eufs_models/lib:/home/xyh/eufs_sim/install/eufs_msgs/lib:${LD_LIBRARY_PATH} PYTHONPATH=/home/xyh/eufs_sim/install/eufs_msgs/lib/python3.8/site-packages:${PYTHONPATH} /usr/bin/cmake /home/xyh/eufs_sim/eufs_plugins -DCMAKE_INSTALL_PREFIX=/home/xyh/eufs_sim/install/eufs_plugins
[1.649s] Level 1:colcon.colcon_core.environment:create_environment_scripts_only(eufs_plugins)
[1.654s] Level 1:colcon.colcon_core.environment:checking '/home/xyh/eufs_sim/install/eufs_plugins' for CMake module files
[1.655s] Level 1:colcon.colcon_core.environment:checking '/home/xyh/eufs_sim/install/eufs_plugins' for CMake config files
[1.657s] Level 1:colcon.colcon_core.environment:checking '/home/xyh/eufs_sim/install/eufs_plugins/bin'
[1.657s] Level 1:colcon.colcon_core.environment:checking '/home/xyh/eufs_sim/install/eufs_plugins/lib/pkgconfig/eufs_plugins.pc'
[1.657s] Level 1:colcon.colcon_core.environment:checking '/home/xyh/eufs_sim/install/eufs_plugins/lib/python3.8/site-packages'
[1.658s] Level 1:colcon.colcon_core.environment:checking '/home/xyh/eufs_sim/install/eufs_plugins/bin'
[1.658s] INFO:colcon.colcon_core.shell:Creating package script '/home/xyh/eufs_sim/install/eufs_plugins/share/eufs_plugins/package.ps1'
[1.661s] INFO:colcon.colcon_core.shell:Creating package descriptor '/home/xyh/eufs_sim/install/eufs_plugins/share/eufs_plugins/package.dsv'
[1.662s] INFO:colcon.colcon_core.shell:Creating package script '/home/xyh/eufs_sim/install/eufs_plugins/share/eufs_plugins/package.sh'
[1.665s] INFO:colcon.colcon_core.shell:Creating package script '/home/xyh/eufs_sim/install/eufs_plugins/share/eufs_plugins/package.bash'
[1.667s] INFO:colcon.colcon_core.shell:Creating package script '/home/xyh/eufs_sim/install/eufs_plugins/share/eufs_plugins/package.zsh'
[1.669s] Level 1:colcon.colcon_core.environment:create_file_with_runtime_dependencies(/home/xyh/eufs_sim/install/eufs_plugins/share/colcon-core/packages/eufs_plugins)
[1.672s] DEBUG:colcon.colcon_parallel_executor.executor.parallel:closing loop
[1.672s] DEBUG:colcon.colcon_parallel_executor.executor.parallel:loop closed
[1.672s] DEBUG:colcon.colcon_parallel_executor.executor.parallel:run_until_complete finished with '1'
[1.672s] DEBUG:colcon.colcon_core.event_reactor:joining thread
[1.684s] INFO:colcon.colcon_core.plugin_system:Skipping extension 'colcon_notification.desktop_notification.terminal_notifier': Not used on non-Darwin systems
[1.685s] INFO:colcon.colcon_core.plugin_system:Skipping extension 'colcon_notification.desktop_notification.win32': Not used on non-Windows systems
[1.685s] INFO:colcon.colcon_notification.desktop_notification:Sending desktop notification using 'notify2'
[1.738s] DEBUG:colcon.colcon_core.event_reactor:joined thread
[1.739s] INFO:colcon.colcon_core.shell:Creating prefix script '/home/xyh/eufs_sim/install/local_setup.ps1'
[1.741s] INFO:colcon.colcon_core.shell:Creating prefix util module '/home/xyh/eufs_sim/install/_local_setup_util_ps1.py'
[1.745s] INFO:colcon.colcon_core.shell:Creating prefix chain script '/home/xyh/eufs_sim/install/setup.ps1'
[1.747s] INFO:colcon.colcon_core.shell:Creating prefix script '/home/xyh/eufs_sim/install/local_setup.sh'
[1.747s] INFO:colcon.colcon_core.shell:Creating prefix util module '/home/xyh/eufs_sim/install/_local_setup_util_sh.py'
[1.748s] INFO:colcon.colcon_core.shell:Creating prefix chain script '/home/xyh/eufs_sim/install/setup.sh'
[1.750s] INFO:colcon.colcon_core.shell:Creating prefix script '/home/xyh/eufs_sim/install/local_setup.bash'
[1.751s] INFO:colcon.colcon_core.shell:Creating prefix chain script '/home/xyh/eufs_sim/install/setup.bash'
[1.753s] INFO:colcon.colcon_core.shell:Creating prefix script '/home/xyh/eufs_sim/install/local_setup.zsh'
[1.754s] INFO:colcon.colcon_core.shell:Creating prefix chain script '/home/xyh/eufs_sim/install/setup.zsh'
