[0.503s] DEBUG:colcon:Command line arguments: ['/usr/bin/colcon', 'build', '--packages-select', 'eufs_plugins']
[0.503s] DEBUG:colcon:Parsed command line arguments: Namespace(allow_overriding=[], ament_cmake_args=None, base_paths=['.'], build_base='build', catkin_cmake_args=None, catkin_skip_building_tests=False, cmake_args=None, cmake_clean_cache=False, cmake_clean_first=False, cmake_force_configure=False, cmake_target=None, cmake_target_skip_unavailable=False, continue_on_error=False, event_handlers=None, executor='parallel', ignore_user_meta=False, install_base='install', log_base=None, log_level=None, main=<bound method BuildVerb.main of <colcon_core.verb.build.BuildVerb object at 0x7f6bd85b4e20>>, merge_install=False, metas=['./colcon.meta'], packages_above=None, packages_above_and_dependencies=None, packages_above_depth=None, packages_end=None, packages_ignore=None, packages_ignore_regex=None, packages_select=['eufs_plugins'], packages_select_build_failed=False, packages_select_by_dep=None, packages_select_regex=None, packages_select_test_failures=False, packages_skip=None, packages_skip_build_finished=False, packages_skip_by_dep=None, packages_skip_regex=None, packages_skip_test_passed=False, packages_skip_up_to=None, packages_start=None, packages_up_to=None, packages_up_to_regex=None, parallel_workers=2, paths=None, symlink_install=False, test_result_base=None, verb_extension=<colcon_core.verb.build.BuildVerb object at 0x7f6bd85b4e20>, verb_name='build', verb_parser=<colcon_defaults.argument_parser.defaults.DefaultArgumentsDecorator object at 0x7f6bd8569160>)
[0.896s] Level 1:colcon.colcon_core.package_discovery:discover_packages(colcon_meta) check parameters
[0.896s] Level 1:colcon.colcon_core.package_discovery:discover_packages(recursive) check parameters
[0.897s] Level 1:colcon.colcon_core.package_discovery:discover_packages(ignore) check parameters
[0.897s] Level 1:colcon.colcon_core.package_discovery:discover_packages(path) check parameters
[0.897s] Level 1:colcon.colcon_core.package_discovery:discover_packages(colcon_meta) discover
[0.897s] Level 1:colcon.colcon_core.package_discovery:discover_packages(recursive) discover
[0.897s] INFO:colcon.colcon_core.package_discovery:Crawling recursively for packages in '/home/xyh/eufs_sim'
[0.897s] Level 1:colcon.colcon_core.package_identification:_identify(.) by extensions ['ignore', 'ignore_ament_install']
[0.898s] Level 1:colcon.colcon_core.package_identification:_identify(.) by extension 'ignore'
[0.898s] Level 1:colcon.colcon_core.package_identification:_identify(.) by extension 'ignore_ament_install'
[0.898s] Level 1:colcon.colcon_core.package_identification:_identify(.) by extensions ['colcon_pkg']
[0.898s] Level 1:colcon.colcon_core.package_identification:_identify(.) by extension 'colcon_pkg'
[0.898s] Level 1:colcon.colcon_core.package_identification:_identify(.) by extensions ['colcon_meta']
[0.898s] Level 1:colcon.colcon_core.package_identification:_identify(.) by extension 'colcon_meta'
[0.898s] Level 1:colcon.colcon_core.package_identification:_identify(.) by extensions ['ros']
[0.898s] Level 1:colcon.colcon_core.package_identification:_identify(.) by extension 'ros'
[0.927s] Level 1:colcon.colcon_core.package_identification:_identify(.) by extensions ['cmake', 'python']
[0.927s] Level 1:colcon.colcon_core.package_identification:_identify(.) by extension 'cmake'
[0.927s] Level 1:colcon.colcon_core.package_identification:_identify(.) by extension 'python'
[0.928s] Level 1:colcon.colcon_core.package_identification:_identify(.) by extensions ['python_setup_py']
[0.928s] Level 1:colcon.colcon_core.package_identification:_identify(.) by extension 'python_setup_py'
[0.928s] Level 1:colcon.colcon_core.package_identification:_identify(build) by extensions ['ignore', 'ignore_ament_install']
[0.928s] Level 1:colcon.colcon_core.package_identification:_identify(build) by extension 'ignore'
[0.928s] Level 1:colcon.colcon_core.package_identification:_identify(build) ignored
[0.929s] Level 1:colcon.colcon_core.package_identification:_identify(eufs_launcher) by extensions ['ignore', 'ignore_ament_install']
[0.929s] Level 1:colcon.colcon_core.package_identification:_identify(eufs_launcher) by extension 'ignore'
[0.929s] Level 1:colcon.colcon_core.package_identification:_identify(eufs_launcher) by extension 'ignore_ament_install'
[0.929s] Level 1:colcon.colcon_core.package_identification:_identify(eufs_launcher) by extensions ['colcon_pkg']
[0.930s] Level 1:colcon.colcon_core.package_identification:_identify(eufs_launcher) by extension 'colcon_pkg'
[0.930s] Level 1:colcon.colcon_core.package_identification:_identify(eufs_launcher) by extensions ['colcon_meta']
[0.930s] Level 1:colcon.colcon_core.package_identification:_identify(eufs_launcher) by extension 'colcon_meta'
[0.930s] Level 1:colcon.colcon_core.package_identification:_identify(eufs_launcher) by extensions ['ros']
[0.930s] Level 1:colcon.colcon_core.package_identification:_identify(eufs_launcher) by extension 'ros'
[0.938s] DEBUG:colcon.colcon_core.package_identification:Package 'eufs_launcher' with type 'ros.ament_python' and name 'eufs_launcher'
[0.939s] Level 1:colcon.colcon_core.package_identification:_identify(eufs_models) by extensions ['ignore', 'ignore_ament_install']
[0.939s] Level 1:colcon.colcon_core.package_identification:_identify(eufs_models) by extension 'ignore'
[0.939s] Level 1:colcon.colcon_core.package_identification:_identify(eufs_models) by extension 'ignore_ament_install'
[0.939s] Level 1:colcon.colcon_core.package_identification:_identify(eufs_models) by extensions ['colcon_pkg']
[0.939s] Level 1:colcon.colcon_core.package_identification:_identify(eufs_models) by extension 'colcon_pkg'
[0.940s] Level 1:colcon.colcon_core.package_identification:_identify(eufs_models) by extensions ['colcon_meta']
[0.940s] Level 1:colcon.colcon_core.package_identification:_identify(eufs_models) by extension 'colcon_meta'
[0.940s] Level 1:colcon.colcon_core.package_identification:_identify(eufs_models) by extensions ['ros']
[0.940s] Level 1:colcon.colcon_core.package_identification:_identify(eufs_models) by extension 'ros'
[0.941s] DEBUG:colcon.colcon_core.package_identification:Package 'eufs_models' with type 'ros.ament_cmake' and name 'eufs_models'
[0.942s] Level 1:colcon.colcon_core.package_identification:_identify(eufs_msgs) by extensions ['ignore', 'ignore_ament_install']
[0.942s] Level 1:colcon.colcon_core.package_identification:_identify(eufs_msgs) by extension 'ignore'
[0.942s] Level 1:colcon.colcon_core.package_identification:_identify(eufs_msgs) by extension 'ignore_ament_install'
[0.942s] Level 1:colcon.colcon_core.package_identification:_identify(eufs_msgs) by extensions ['colcon_pkg']
[0.943s] Level 1:colcon.colcon_core.package_identification:_identify(eufs_msgs) by extension 'colcon_pkg'
[0.943s] Level 1:colcon.colcon_core.package_identification:_identify(eufs_msgs) by extensions ['colcon_meta']
[0.943s] Level 1:colcon.colcon_core.package_identification:_identify(eufs_msgs) by extension 'colcon_meta'
[0.943s] Level 1:colcon.colcon_core.package_identification:_identify(eufs_msgs) by extensions ['ros']
[0.943s] Level 1:colcon.colcon_core.package_identification:_identify(eufs_msgs) by extension 'ros'
[0.945s] DEBUG:colcon.colcon_core.package_identification:Package 'eufs_msgs' with type 'ros.ament_cmake' and name 'eufs_msgs'
[0.945s] Level 1:colcon.colcon_core.package_identification:_identify(eufs_plugins) by extensions ['ignore', 'ignore_ament_install']
[0.945s] Level 1:colcon.colcon_core.package_identification:_identify(eufs_plugins) by extension 'ignore'
[0.945s] Level 1:colcon.colcon_core.package_identification:_identify(eufs_plugins) by extension 'ignore_ament_install'
[0.946s] Level 1:colcon.colcon_core.package_identification:_identify(eufs_plugins) by extensions ['colcon_pkg']
[0.946s] Level 1:colcon.colcon_core.package_identification:_identify(eufs_plugins) by extension 'colcon_pkg'
[0.946s] Level 1:colcon.colcon_core.package_identification:_identify(eufs_plugins) by extensions ['colcon_meta']
[0.946s] Level 1:colcon.colcon_core.package_identification:_identify(eufs_plugins) by extension 'colcon_meta'
[0.946s] Level 1:colcon.colcon_core.package_identification:_identify(eufs_plugins) by extensions ['ros']
[0.946s] Level 1:colcon.colcon_core.package_identification:_identify(eufs_plugins) by extension 'ros'
[0.951s] DEBUG:colcon.colcon_core.package_identification:Package 'eufs_plugins' with type 'ros.ament_cmake' and name 'eufs_plugins'
[0.951s] Level 1:colcon.colcon_core.package_identification:_identify(eufs_racecar) by extensions ['ignore', 'ignore_ament_install']
[0.952s] Level 1:colcon.colcon_core.package_identification:_identify(eufs_racecar) by extension 'ignore'
[0.952s] Level 1:colcon.colcon_core.package_identification:_identify(eufs_racecar) by extension 'ignore_ament_install'
[0.952s] Level 1:colcon.colcon_core.package_identification:_identify(eufs_racecar) by extensions ['colcon_pkg']
[0.952s] Level 1:colcon.colcon_core.package_identification:_identify(eufs_racecar) by extension 'colcon_pkg'
[0.952s] Level 1:colcon.colcon_core.package_identification:_identify(eufs_racecar) by extensions ['colcon_meta']
[0.953s] Level 1:colcon.colcon_core.package_identification:_identify(eufs_racecar) by extension 'colcon_meta'
[0.953s] Level 1:colcon.colcon_core.package_identification:_identify(eufs_racecar) by extensions ['ros']
[0.953s] Level 1:colcon.colcon_core.package_identification:_identify(eufs_racecar) by extension 'ros'
[0.956s] DEBUG:colcon.colcon_core.package_identification:Package 'eufs_racecar' with type 'ros.ament_python' and name 'eufs_racecar'
[0.956s] Level 1:colcon.colcon_core.package_identification:_identify(eufs_rqt) by extensions ['ignore', 'ignore_ament_install']
[0.956s] Level 1:colcon.colcon_core.package_identification:_identify(eufs_rqt) by extension 'ignore'
[0.956s] Level 1:colcon.colcon_core.package_identification:_identify(eufs_rqt) by extension 'ignore_ament_install'
[0.957s] Level 1:colcon.colcon_core.package_identification:_identify(eufs_rqt) by extensions ['colcon_pkg']
[0.957s] Level 1:colcon.colcon_core.package_identification:_identify(eufs_rqt) by extension 'colcon_pkg'
[0.957s] Level 1:colcon.colcon_core.package_identification:_identify(eufs_rqt) by extensions ['colcon_meta']
[0.957s] Level 1:colcon.colcon_core.package_identification:_identify(eufs_rqt) by extension 'colcon_meta'
[0.957s] Level 1:colcon.colcon_core.package_identification:_identify(eufs_rqt) by extensions ['ros']
[0.957s] Level 1:colcon.colcon_core.package_identification:_identify(eufs_rqt) by extension 'ros'
[0.959s] DEBUG:colcon.colcon_core.package_identification:Package 'eufs_rqt' with type 'ros.ament_python' and name 'eufs_rqt'
[0.959s] Level 1:colcon.colcon_core.package_identification:_identify(eufs_sensors) by extensions ['ignore', 'ignore_ament_install']
[0.959s] Level 1:colcon.colcon_core.package_identification:_identify(eufs_sensors) by extension 'ignore'
[0.960s] Level 1:colcon.colcon_core.package_identification:_identify(eufs_sensors) by extension 'ignore_ament_install'
[0.960s] Level 1:colcon.colcon_core.package_identification:_identify(eufs_sensors) by extensions ['colcon_pkg']
[0.960s] Level 1:colcon.colcon_core.package_identification:_identify(eufs_sensors) by extension 'colcon_pkg'
[0.960s] Level 1:colcon.colcon_core.package_identification:_identify(eufs_sensors) by extensions ['colcon_meta']
[0.960s] Level 1:colcon.colcon_core.package_identification:_identify(eufs_sensors) by extension 'colcon_meta'
[0.960s] Level 1:colcon.colcon_core.package_identification:_identify(eufs_sensors) by extensions ['ros']
[0.960s] Level 1:colcon.colcon_core.package_identification:_identify(eufs_sensors) by extension 'ros'
[0.961s] DEBUG:colcon.colcon_core.package_identification:Package 'eufs_sensors' with type 'ros.ament_cmake' and name 'eufs_sensors'
[0.962s] Level 1:colcon.colcon_core.package_identification:_identify(eufs_tracks) by extensions ['ignore', 'ignore_ament_install']
[0.962s] Level 1:colcon.colcon_core.package_identification:_identify(eufs_tracks) by extension 'ignore'
[0.962s] Level 1:colcon.colcon_core.package_identification:_identify(eufs_tracks) by extension 'ignore_ament_install'
[0.962s] Level 1:colcon.colcon_core.package_identification:_identify(eufs_tracks) by extensions ['colcon_pkg']
[0.963s] Level 1:colcon.colcon_core.package_identification:_identify(eufs_tracks) by extension 'colcon_pkg'
[0.963s] Level 1:colcon.colcon_core.package_identification:_identify(eufs_tracks) by extensions ['colcon_meta']
[0.963s] Level 1:colcon.colcon_core.package_identification:_identify(eufs_tracks) by extension 'colcon_meta'
[0.963s] Level 1:colcon.colcon_core.package_identification:_identify(eufs_tracks) by extensions ['ros']
[0.963s] Level 1:colcon.colcon_core.package_identification:_identify(eufs_tracks) by extension 'ros'
[0.965s] DEBUG:colcon.colcon_core.package_identification:Package 'eufs_tracks' with type 'ros.ament_python' and name 'eufs_tracks'
[0.965s] Level 1:colcon.colcon_core.package_identification:_identify(install) by extensions ['ignore', 'ignore_ament_install']
[0.966s] Level 1:colcon.colcon_core.package_identification:_identify(install) by extension 'ignore'
[0.966s] Level 1:colcon.colcon_core.package_identification:_identify(install) ignored
[0.966s] Level 1:colcon.colcon_core.package_identification:_identify(log) by extensions ['ignore', 'ignore_ament_install']
[0.967s] Level 1:colcon.colcon_core.package_identification:_identify(log) by extension 'ignore'
[0.967s] Level 1:colcon.colcon_core.package_identification:_identify(log) ignored
[0.967s] Level 1:colcon.colcon_core.package_discovery:discover_packages(recursive) using defaults
[0.967s] Level 1:colcon.colcon_core.package_discovery:discover_packages(ignore) discover
[0.967s] Level 1:colcon.colcon_core.package_discovery:discover_packages(ignore) using defaults
[0.967s] Level 1:colcon.colcon_core.package_discovery:discover_packages(path) discover
[0.967s] Level 1:colcon.colcon_core.package_discovery:discover_packages(path) using defaults
[1.011s] INFO:colcon.colcon_core.package_selection:Skipping not selected package 'eufs_msgs' in 'eufs_msgs'
[1.011s] INFO:colcon.colcon_core.package_selection:Skipping not selected package 'eufs_racecar' in 'eufs_racecar'
[1.011s] INFO:colcon.colcon_core.package_selection:Skipping not selected package 'eufs_sensors' in 'eufs_sensors'
[1.011s] INFO:colcon.colcon_core.package_selection:Skipping not selected package 'eufs_tracks' in 'eufs_tracks'
[1.011s] INFO:colcon.colcon_core.package_selection:Skipping not selected package 'eufs_launcher' in 'eufs_launcher'
[1.011s] INFO:colcon.colcon_core.package_selection:Skipping not selected package 'eufs_models' in 'eufs_models'
[1.011s] INFO:colcon.colcon_core.package_selection:Skipping not selected package 'eufs_rqt' in 'eufs_rqt'
[1.012s] Level 1:colcon.colcon_core.package_discovery:discover_packages(prefix_path) check parameters
[1.012s] Level 1:colcon.colcon_core.package_discovery:discover_packages(prefix_path) discover
[1.017s] DEBUG:colcon.colcon_installed_package_information.package_discovery:Found 8 installed packages in /home/xyh/eufs_sim/install
[1.019s] DEBUG:colcon.colcon_installed_package_information.package_discovery:Found 1 installed packages in /home/xyh/sim_ws/install
[1.021s] DEBUG:colcon.colcon_installed_package_information.package_discovery:Found 299 installed packages in /opt/ros/foxy
[1.042s] Level 1:colcon.colcon_core.package_discovery:discover_packages(prefix_path) using defaults
[1.196s] Level 5:colcon.colcon_core.verb:set package 'eufs_plugins' build argument 'cmake_args' from command line to 'None'
[1.196s] Level 5:colcon.colcon_core.verb:set package 'eufs_plugins' build argument 'cmake_target' from command line to 'None'
[1.196s] Level 5:colcon.colcon_core.verb:set package 'eufs_plugins' build argument 'cmake_target_skip_unavailable' from command line to 'False'
[1.197s] Level 5:colcon.colcon_core.verb:set package 'eufs_plugins' build argument 'cmake_clean_cache' from command line to 'False'
[1.197s] Level 5:colcon.colcon_core.verb:set package 'eufs_plugins' build argument 'cmake_clean_first' from command line to 'False'
[1.197s] Level 5:colcon.colcon_core.verb:set package 'eufs_plugins' build argument 'cmake_force_configure' from command line to 'False'
[1.197s] Level 5:colcon.colcon_core.verb:set package 'eufs_plugins' build argument 'ament_cmake_args' from command line to 'None'
[1.197s] Level 5:colcon.colcon_core.verb:set package 'eufs_plugins' build argument 'catkin_cmake_args' from command line to 'None'
[1.197s] Level 5:colcon.colcon_core.verb:set package 'eufs_plugins' build argument 'catkin_skip_building_tests' from command line to 'False'
[1.197s] DEBUG:colcon.colcon_core.verb:Building package 'eufs_plugins' with the following arguments: {'ament_cmake_args': None, 'build_base': '/home/xyh/eufs_sim/build/eufs_plugins', 'catkin_cmake_args': None, 'catkin_skip_building_tests': False, 'cmake_args': None, 'cmake_clean_cache': False, 'cmake_clean_first': False, 'cmake_force_configure': False, 'cmake_target': None, 'cmake_target_skip_unavailable': False, 'install_base': '/home/xyh/eufs_sim/install/eufs_plugins', 'merge_install': False, 'path': '/home/xyh/eufs_sim/eufs_plugins', 'symlink_install': False, 'test_result_base': None}
[1.197s] INFO:colcon.colcon_core.executor:Executing jobs using 'parallel' executor
[1.200s] DEBUG:colcon.colcon_parallel_executor.executor.parallel:run_until_complete
[1.200s] INFO:colcon.colcon_ros.task.ament_cmake.build:Building ROS package in '/home/xyh/eufs_sim/eufs_plugins' with build type 'ament_cmake'
[1.201s] INFO:colcon.colcon_cmake.task.cmake.build:Building CMake package in '/home/xyh/eufs_sim/eufs_plugins'
[1.207s] INFO:colcon.colcon_core.plugin_system:Skipping extension 'colcon_core.shell.bat': Not used on non-Windows systems
[1.207s] INFO:colcon.colcon_core.shell:Skip shell extension 'powershell' for command environment: Not usable outside of PowerShell
[1.208s] DEBUG:colcon.colcon_core.shell:Skip shell extension 'dsv' for command environment
[1.250s] DEBUG:colcon.colcon_core.event_handler.log_command:Invoking command in '/home/xyh/eufs_sim/build/eufs_plugins': AMENT_PREFIX_PATH=/home/xyh/eufs_sim/install/eufs_models:/home/xyh/eufs_sim/install/eufs_msgs:${AMENT_PREFIX_PATH} CMAKE_PREFIX_PATH=/home/xyh/eufs_sim/install/eufs_models:/home/xyh/eufs_sim/install/eufs_msgs:/usr/lib/x86_64-linux-gnu/cmake/gazebo:/home/xyh/sim_ws/install/f1tenth_gym_ros:/opt/ros/foxy LD_LIBRARY_PATH=/home/xyh/eufs_sim/install/eufs_models/lib:/home/xyh/eufs_sim/install/eufs_msgs/lib:${LD_LIBRARY_PATH} PYTHONPATH=/home/xyh/eufs_sim/install/eufs_msgs/lib/python3.8/site-packages:${PYTHONPATH} /usr/bin/cmake /home/xyh/eufs_sim/eufs_plugins -DCMAKE_INSTALL_PREFIX=/home/xyh/eufs_sim/install/eufs_plugins
[10.552s] DEBUG:colcon.colcon_core.event_handler.log_command:Invoked command in '/home/xyh/eufs_sim/build/eufs_plugins' returned '0': AMENT_PREFIX_PATH=/home/xyh/eufs_sim/install/eufs_models:/home/xyh/eufs_sim/install/eufs_msgs:${AMENT_PREFIX_PATH} CMAKE_PREFIX_PATH=/home/xyh/eufs_sim/install/eufs_models:/home/xyh/eufs_sim/install/eufs_msgs:/usr/lib/x86_64-linux-gnu/cmake/gazebo:/home/xyh/sim_ws/install/f1tenth_gym_ros:/opt/ros/foxy LD_LIBRARY_PATH=/home/xyh/eufs_sim/install/eufs_models/lib:/home/xyh/eufs_sim/install/eufs_msgs/lib:${LD_LIBRARY_PATH} PYTHONPATH=/home/xyh/eufs_sim/install/eufs_msgs/lib/python3.8/site-packages:${PYTHONPATH} /usr/bin/cmake /home/xyh/eufs_sim/eufs_plugins -DCMAKE_INSTALL_PREFIX=/home/xyh/eufs_sim/install/eufs_plugins
[10.559s] DEBUG:colcon.colcon_core.event_handler.log_command:Invoking command in '/home/xyh/eufs_sim/build/eufs_plugins': AMENT_PREFIX_PATH=/home/xyh/eufs_sim/install/eufs_models:/home/xyh/eufs_sim/install/eufs_msgs:${AMENT_PREFIX_PATH} CMAKE_PREFIX_PATH=/home/xyh/eufs_sim/install/eufs_models:/home/xyh/eufs_sim/install/eufs_msgs:/usr/lib/x86_64-linux-gnu/cmake/gazebo:/home/xyh/sim_ws/install/f1tenth_gym_ros:/opt/ros/foxy LD_LIBRARY_PATH=/home/xyh/eufs_sim/install/eufs_models/lib:/home/xyh/eufs_sim/install/eufs_msgs/lib:${LD_LIBRARY_PATH} PYTHONPATH=/home/xyh/eufs_sim/install/eufs_msgs/lib/python3.8/site-packages:${PYTHONPATH} /usr/bin/cmake --build /home/xyh/eufs_sim/build/eufs_plugins -- -j2 -l2
