[1.374s] Invoking command in '/home/xyh/eufs_sim/eufs_racecar': PYTHONPATH=/home/xyh/eufs_sim/build/eufs_racecar/prefix_override:/home/xyh/eufs_sim/install/eufs_racecar/lib/python3.8/site-packages:${PYTHONPATH} /usr/bin/python3 -W ignore:setup.py install is deprecated setup.py egg_info --egg-base ../build/eufs_racecar build --build-base /home/xyh/eufs_sim/build/eufs_racecar/build install --record /home/xyh/eufs_sim/build/eufs_racecar/install.log --single-version-externally-managed install_data
[1.826s] running egg_info
[1.827s] creating ../build/eufs_racecar/eufs_racecar.egg-info
[1.827s] writing ../build/eufs_racecar/eufs_racecar.egg-info/PKG-INFO
[1.828s] writing dependency_links to ../build/eufs_racecar/eufs_racecar.egg-info/dependency_links.txt
[1.829s] writing requirements to ../build/eufs_racecar/eufs_racecar.egg-info/requires.txt
[1.829s] writing top-level names to ../build/eufs_racecar/eufs_racecar.egg-info/top_level.txt
[1.830s] writing manifest file '../build/eufs_racecar/eufs_racecar.egg-info/SOURCES.txt'
[1.832s] reading manifest file '../build/eufs_racecar/eufs_racecar.egg-info/SOURCES.txt'
[1.832s] writing manifest file '../build/eufs_racecar/eufs_racecar.egg-info/SOURCES.txt'
[1.833s] running build
[1.833s] running install
[1.835s] running install_data
[1.835s] creating /home/xyh/eufs_sim/install/eufs_racecar/share/ament_index
[1.836s] creating /home/xyh/eufs_sim/install/eufs_racecar/share/ament_index/resource_index
[1.836s] creating /home/xyh/eufs_sim/install/eufs_racecar/share/ament_index/resource_index/packages
[1.837s] copying resource/eufs_racecar -> /home/xyh/eufs_sim/install/eufs_racecar/share/ament_index/resource_index/packages
[1.837s] copying package.xml -> /home/xyh/eufs_sim/install/eufs_racecar/share/eufs_racecar
[1.837s] creating /home/xyh/eufs_sim/install/eufs_racecar/share/eufs_racecar/meshes
[1.837s] copying meshes/ads_wheel_right.dae -> /home/xyh/eufs_sim/install/eufs_racecar/share/eufs_racecar/meshes
[1.923s] copying meshes/wheel_left.dae -> /home/xyh/eufs_sim/install/eufs_racecar/share/eufs_racecar/meshes
[1.924s] copying meshes/sisu-20d.dae -> /home/xyh/eufs_sim/install/eufs_racecar/share/eufs_racecar/meshes
[2.002s] copying meshes/wheel_right.dae -> /home/xyh/eufs_sim/install/eufs_racecar/share/eufs_racecar/meshes
[2.004s] copying meshes/ads_wheel_left.dae -> /home/xyh/eufs_sim/install/eufs_racecar/share/eufs_racecar/meshes
[2.027s] copying meshes/ads_dv_chassis.dae -> /home/xyh/eufs_sim/install/eufs_racecar/share/eufs_racecar/meshes
[2.041s] creating /home/xyh/eufs_sim/install/eufs_racecar/share/eufs_racecar/urdf
[2.042s] copying urdf/eufs_base.urdf.xacro -> /home/xyh/eufs_sim/install/eufs_racecar/share/eufs_racecar/urdf
[2.042s] copying urdf/wheels.urdf.xacro -> /home/xyh/eufs_sim/install/eufs_racecar/share/eufs_racecar/urdf
[2.043s] creating /home/xyh/eufs_sim/install/eufs_racecar/share/eufs_racecar/launch
[2.043s] copying launch/load_car.launch.py -> /home/xyh/eufs_sim/install/eufs_racecar/share/eufs_racecar/launch
[2.069s] creating /home/xyh/eufs_sim/install/eufs_racecar/share/eufs_racecar/robots
[2.069s] creating /home/xyh/eufs_sim/install/eufs_racecar/share/eufs_racecar/robots/ads-dv
[2.070s] copying robots/ads-dv/configDry.yaml -> /home/xyh/eufs_sim/install/eufs_racecar/share/eufs_racecar/robots/ads-dv
[2.070s] copying robots/ads-dv/ADS-DV Sensor Position.pdf -> /home/xyh/eufs_sim/install/eufs_racecar/share/eufs_racecar/robots/ads-dv
[2.070s] copying robots/ads-dv/robot.urdf.xacro -> /home/xyh/eufs_sim/install/eufs_racecar/share/eufs_racecar/robots/ads-dv
[2.070s] copying robots/ads-dv/configWet.yaml -> /home/xyh/eufs_sim/install/eufs_racecar/share/eufs_racecar/robots/ads-dv
[2.070s] creating /home/xyh/eufs_sim/install/eufs_racecar/share/eufs_racecar/robots/eufs
[2.071s] copying robots/eufs/configDry.yaml -> /home/xyh/eufs_sim/install/eufs_racecar/share/eufs_racecar/robots/eufs
[2.071s] copying robots/eufs/robot.urdf.xacro -> /home/xyh/eufs_sim/install/eufs_racecar/share/eufs_racecar/robots/eufs
[2.071s] copying robots/eufs/configWet.yaml -> /home/xyh/eufs_sim/install/eufs_racecar/share/eufs_racecar/robots/eufs
[2.071s] running install_egg_info
[2.081s] Copying ../build/eufs_racecar/eufs_racecar.egg-info to /home/xyh/eufs_sim/install/eufs_racecar/lib/python3.8/site-packages/eufs_racecar-2.0.0-py3.8.egg-info
[2.081s] running install_scripts
[2.126s] writing list of installed files to '/home/xyh/eufs_sim/build/eufs_racecar/install.log'
[2.171s] Invoked command in '/home/xyh/eufs_sim/eufs_racecar' returned '0': PYTHONPATH=/home/xyh/eufs_sim/build/eufs_racecar/prefix_override:/home/xyh/eufs_sim/install/eufs_racecar/lib/python3.8/site-packages:${PYTHONPATH} /usr/bin/python3 -W ignore:setup.py install is deprecated setup.py egg_info --egg-base ../build/eufs_racecar build --build-base /home/xyh/eufs_sim/build/eufs_racecar/build install --record /home/xyh/eufs_sim/build/eufs_racecar/install.log --single-version-externally-managed install_data
