[0.114s] Invoking command in '/home/xyh/eufs_sim/build/eufs_models': CMAKE_PREFIX_PATH=/home/xyh/sim_ws/install/f1tenth_gym_ros:/opt/ros/foxy /usr/bin/cmake /home/xyh/eufs_sim/eufs_models -DCMAKE_INSTALL_PREFIX=/home/xyh/eufs_sim/install/eufs_models
[0.524s] -- The C compiler identification is GNU 9.4.0
[0.783s] -- The CXX compiler identification is GNU 9.4.0
[0.798s] -- Check for working C compiler: /usr/bin/cc
[0.923s] -- Check for working C compiler: /usr/bin/cc -- works
[0.926s] -- Detecting C compiler ABI info
[1.062s] -- Detecting C compiler ABI info - done
[1.162s] -- Detecting C compile features
[1.164s] -- Detecting C compile features - done
[1.172s] -- Check for working CXX compiler: /usr/bin/c++
[1.374s] -- Check for working CXX compiler: /usr/bin/c++ -- works
[1.377s] -- Detecting CXX compiler ABI info
[1.592s] -- Detecting CXX compiler ABI info - done
[1.613s] -- Detecting CXX compile features
[1.614s] -- Detecting CXX compile features - done
[1.623s] -- Found ament_cmake: 0.9.12 (/opt/ros/foxy/share/ament_cmake/cmake)
[1.692s] -- Found PythonInterp: /usr/bin/python3 (found suitable version "3.8.10", minimum required is "3") 
[1.692s] -- Using PYTHON_EXECUTABLE: /usr/bin/python3
[2.195s] CMake Error at CMakeLists.txt:26 (find_package):
[2.195s]   By not providing "Findeufs_msgs.cmake" in CMAKE_MODULE_PATH this project
[2.195s]   has asked CMake to find a package configuration file provided by
[2.195s]   "eufs_msgs", but CMake did not find one.
[2.195s] 
[2.196s]   Could not find a package configuration file provided by "eufs_msgs" with
[2.196s]   any of the following names:
[2.196s] 
[2.196s]     eufs_msgsConfig.cmake
[2.196s]     eufs_msgs-config.cmake
[2.197s] 
[2.197s]   Add the installation prefix of "eufs_msgs" to CMAKE_PREFIX_PATH or set
[2.198s]   "eufs_msgs_DIR" to a directory containing one of the above files.  If
[2.198s]   "eufs_msgs" provides a separate development package or SDK, be sure it has
[2.198s]   been installed.
[2.199s] 
[2.200s] 
[2.200s] -- Configuring incomplete, errors occurred!
[2.201s] See also "/home/xyh/eufs_sim/build/eufs_models/CMakeFiles/CMakeOutput.log".
[2.211s] Invoked command in '/home/xyh/eufs_sim/build/eufs_models' returned '1': CMAKE_PREFIX_PATH=/home/xyh/sim_ws/install/f1tenth_gym_ros:/opt/ros/foxy /usr/bin/cmake /home/xyh/eufs_sim/eufs_models -DCMAKE_INSTALL_PREFIX=/home/xyh/eufs_sim/install/eufs_models
