[0.021s] Invoking command in '/home/xyh/eufs_sim/build/eufs_sensors': /usr/bin/cmake --build /home/xyh/eufs_sim/build/eufs_sensors -- -j2 -l2
[0.175s] Invoked command in '/home/xyh/eufs_sim/build/eufs_sensors' returned '0': /usr/bin/cmake --build /home/xyh/eufs_sim/build/eufs_sensors -- -j2 -l2
[0.220s] Invoking command in '/home/xyh/eufs_sim/build/eufs_sensors': /usr/bin/cmake --install /home/xyh/eufs_sim/build/eufs_sensors
[0.246s] -- Install configuration: ""
[0.248s] -- Up-to-date: /home/xyh/eufs_sim/install/eufs_sensors/share/eufs_sensors/meshes
[0.249s] -- Up-to-date: /home/xyh/eufs_sim/install/eufs_sensors/share/eufs_sensors/meshes/VLP16_base_2.dae
[0.250s] -- Up-to-date: /home/xyh/eufs_sim/install/eufs_sensors/share/eufs_sensors/meshes/antenna_3GO16.stl
[0.250s] -- Up-to-date: /home/xyh/eufs_sim/install/eufs_sensors/share/eufs_sensors/meshes/VLP16_scan.dae
[0.251s] -- Up-to-date: /home/xyh/eufs_sim/install/eufs_sensors/share/eufs_sensors/meshes/zed.dae
[0.252s] -- Up-to-date: /home/xyh/eufs_sim/install/eufs_sensors/share/eufs_sensors/meshes/VLP16_base_1.dae
[0.252s] -- Up-to-date: /home/xyh/eufs_sim/install/eufs_sensors/share/eufs_sensors/meshes/antenna_3GO16.dae
[0.253s] -- Up-to-date: /home/xyh/eufs_sim/install/eufs_sensors/share/eufs_sensors/urdf
[0.253s] -- Up-to-date: /home/xyh/eufs_sim/install/eufs_sensors/share/eufs_sensors/urdf/all_sensors.urdf.xacro
[0.254s] -- Up-to-date: /home/xyh/eufs_sim/install/eufs_sensors/share/eufs_sensors/urdf/zed.urdf.xacro
[0.254s] -- Up-to-date: /home/xyh/eufs_sim/install/eufs_sensors/share/eufs_sensors/urdf/imu.urdf.xacro
[0.254s] -- Up-to-date: /home/xyh/eufs_sim/install/eufs_sensors/share/eufs_sensors/urdf/VLP-16R.urdf.xacro
[0.255s] -- Up-to-date: /home/xyh/eufs_sim/install/eufs_sensors/share/eufs_sensors/urdf/gps.urdf.xacro
[0.255s] -- Up-to-date: /home/xyh/eufs_sim/install/eufs_sensors/share/eufs_sensors/urdf/magnetometer.urdf.xacro
[0.256s] -- Up-to-date: /home/xyh/eufs_sim/install/eufs_sensors/share/ament_index/resource_index/package_run_dependencies/eufs_sensors
[0.256s] -- Up-to-date: /home/xyh/eufs_sim/install/eufs_sensors/share/ament_index/resource_index/parent_prefix_path/eufs_sensors
[0.257s] -- Up-to-date: /home/xyh/eufs_sim/install/eufs_sensors/share/eufs_sensors/environment/ament_prefix_path.sh
[0.258s] -- Up-to-date: /home/xyh/eufs_sim/install/eufs_sensors/share/eufs_sensors/environment/ament_prefix_path.dsv
[0.258s] -- Up-to-date: /home/xyh/eufs_sim/install/eufs_sensors/share/eufs_sensors/environment/path.sh
[0.259s] -- Up-to-date: /home/xyh/eufs_sim/install/eufs_sensors/share/eufs_sensors/environment/path.dsv
[0.259s] -- Up-to-date: /home/xyh/eufs_sim/install/eufs_sensors/share/eufs_sensors/local_setup.bash
[0.260s] -- Up-to-date: /home/xyh/eufs_sim/install/eufs_sensors/share/eufs_sensors/local_setup.sh
[0.261s] -- Up-to-date: /home/xyh/eufs_sim/install/eufs_sensors/share/eufs_sensors/local_setup.zsh
[0.261s] -- Up-to-date: /home/xyh/eufs_sim/install/eufs_sensors/share/eufs_sensors/local_setup.dsv
[0.262s] -- Up-to-date: /home/xyh/eufs_sim/install/eufs_sensors/share/eufs_sensors/package.dsv
[0.263s] -- Up-to-date: /home/xyh/eufs_sim/install/eufs_sensors/share/ament_index/resource_index/packages/eufs_sensors
[0.263s] -- Up-to-date: /home/xyh/eufs_sim/install/eufs_sensors/share/eufs_sensors/cmake/ament_cmake_export_dependencies-extras.cmake
[0.264s] -- Up-to-date: /home/xyh/eufs_sim/install/eufs_sensors/share/eufs_sensors/cmake/eufs_sensorsConfig.cmake
[0.265s] -- Up-to-date: /home/xyh/eufs_sim/install/eufs_sensors/share/eufs_sensors/cmake/eufs_sensorsConfig-version.cmake
[0.265s] -- Up-to-date: /home/xyh/eufs_sim/install/eufs_sensors/share/eufs_sensors/package.xml
[0.272s] Invoked command in '/home/xyh/eufs_sim/build/eufs_sensors' returned '0': /usr/bin/cmake --install /home/xyh/eufs_sim/build/eufs_sensors
