[1.515s] Invoking command in '/home/xyh/eufs_sim/eufs_tracks': PYTHONPATH=/home/xyh/eufs_sim/build/eufs_tracks/prefix_override:/home/xyh/eufs_sim/install/eufs_tracks/lib/python3.8/site-packages:${PYTHONPATH} /usr/bin/python3 -W ignore:setup.py install is deprecated setup.py egg_info --egg-base ../build/eufs_tracks build --build-base /home/xyh/eufs_sim/build/eufs_tracks/build install --record /home/xyh/eufs_sim/build/eufs_tracks/install.log --single-version-externally-managed install_data
[1.947s] running egg_info
[1.948s] writing ../build/eufs_tracks/eufs_tracks.egg-info/PKG-INFO
[1.949s] writing dependency_links to ../build/eufs_tracks/eufs_tracks.egg-info/dependency_links.txt
[1.950s] writing entry points to ../build/eufs_tracks/eufs_tracks.egg-info/entry_points.txt
[1.951s] writing requirements to ../build/eufs_tracks/eufs_tracks.egg-info/requires.txt
[1.952s] writing top-level names to ../build/eufs_tracks/eufs_tracks.egg-info/top_level.txt
[2.046s] reading manifest file '../build/eufs_tracks/eufs_tracks.egg-info/SOURCES.txt'
[2.052s] writing manifest file '../build/eufs_tracks/eufs_tracks.egg-info/SOURCES.txt'
[2.053s] running build
[2.053s] running build_py
[2.056s] running build_scripts
[2.056s] running install
[2.059s] running install_lib
[2.061s] running install_data
[2.064s] running install_egg_info
[2.067s] removing '/home/xyh/eufs_sim/install/eufs_tracks/lib/python3.8/site-packages/eufs_tracks-2.0.0-py3.8.egg-info' (and everything under it)
[2.067s] Copying ../build/eufs_tracks/eufs_tracks.egg-info to /home/xyh/eufs_sim/install/eufs_tracks/lib/python3.8/site-packages/eufs_tracks-2.0.0-py3.8.egg-info
[2.069s] running install_scripts
[2.097s] changing mode of /home/xyh/eufs_sim/install/eufs_tracks/lib/eufs_tracks/eufs_tracks_generator to 775
[2.098s] changing mode of /home/xyh/eufs_sim/install/eufs_tracks/lib/eufs_tracks/eufs_tracks_converter to 775
[2.102s] writing list of installed files to '/home/xyh/eufs_sim/build/eufs_tracks/install.log'
[2.151s] Invoked command in '/home/xyh/eufs_sim/eufs_tracks' returned '0': PYTHONPATH=/home/xyh/eufs_sim/build/eufs_tracks/prefix_override:/home/xyh/eufs_sim/install/eufs_tracks/lib/python3.8/site-packages:${PYTHONPATH} /usr/bin/python3 -W ignore:setup.py install is deprecated setup.py egg_info --egg-base ../build/eufs_tracks build --build-base /home/xyh/eufs_sim/build/eufs_tracks/build install --record /home/xyh/eufs_sim/build/eufs_tracks/install.log --single-version-externally-managed install_data
