[1.596s] Invoking command in '/home/xyh/eufs_sim/eufs_launcher': AMENT_PREFIX_PATH=/home/xyh/eufs_sim/install/eufs_tracks:${AMENT_PREFIX_PATH} PYTHONPATH=/home/xyh/eufs_sim/build/eufs_launcher/prefix_override:/home/xyh/eufs_sim/install/eufs_launcher/lib/python3.8/site-packages:/home/xyh/eufs_sim/install/eufs_tracks/lib/python3.8/site-packages:${PYTHONPATH} /usr/bin/python3 -W ignore:setup.py install is deprecated setup.py egg_info --egg-base ../build/eufs_launcher build --build-base /home/xyh/eufs_sim/build/eufs_launcher/build install --record /home/xyh/eufs_sim/build/eufs_launcher/install.log --single-version-externally-managed install_data
[2.092s] running egg_info
[2.093s] writing ../build/eufs_launcher/eufs_launcher.egg-info/PKG-INFO
[2.094s] writing dependency_links to ../build/eufs_launcher/eufs_launcher.egg-info/dependency_links.txt
[2.095s] writing requirements to ../build/eufs_launcher/eufs_launcher.egg-info/requires.txt
[2.096s] writing top-level names to ../build/eufs_launcher/eufs_launcher.egg-info/top_level.txt
[2.188s] reading manifest file '../build/eufs_launcher/eufs_launcher.egg-info/SOURCES.txt'
[2.190s] writing manifest file '../build/eufs_launcher/eufs_launcher.egg-info/SOURCES.txt'
[2.191s] running build
[2.191s] running build_py
[2.193s] running build_scripts
[2.194s] running install
[2.195s] running install_lib
[2.199s] running install_data
[2.200s] running install_egg_info
[2.202s] removing '/home/xyh/eufs_sim/install/eufs_launcher/lib/python3.8/site-packages/eufs_launcher-2.0.0-py3.8.egg-info' (and everything under it)
[2.203s] Copying ../build/eufs_launcher/eufs_launcher.egg-info to /home/xyh/eufs_sim/install/eufs_launcher/lib/python3.8/site-packages/eufs_launcher-2.0.0-py3.8.egg-info
[2.204s] running install_scripts
[2.237s] changing mode of /home/xyh/eufs_sim/install/eufs_launcher/lib/eufs_launcher/eufs_launcher to 775
[2.240s] writing list of installed files to '/home/xyh/eufs_sim/build/eufs_launcher/install.log'
[2.284s] Invoked command in '/home/xyh/eufs_sim/eufs_launcher' returned '0': AMENT_PREFIX_PATH=/home/xyh/eufs_sim/install/eufs_tracks:${AMENT_PREFIX_PATH} PYTHONPATH=/home/xyh/eufs_sim/build/eufs_launcher/prefix_override:/home/xyh/eufs_sim/install/eufs_launcher/lib/python3.8/site-packages:/home/xyh/eufs_sim/install/eufs_tracks/lib/python3.8/site-packages:${PYTHONPATH} /usr/bin/python3 -W ignore:setup.py install is deprecated setup.py egg_info --egg-base ../build/eufs_launcher build --build-base /home/xyh/eufs_sim/build/eufs_launcher/build install --record /home/xyh/eufs_sim/build/eufs_launcher/install.log --single-version-externally-managed install_data
