[0.054s] Invoking command in '/home/xyh/eufs_sim/build/eufs_plugins': AMENT_PREFIX_PATH=/home/xyh/eufs_sim/install/eufs_models:/home/xyh/eufs_sim/install/eufs_msgs:${AMENT_PREFIX_PATH} CMAKE_PREFIX_PATH=/home/xyh/eufs_sim/install/eufs_models:/home/xyh/eufs_sim/install/eufs_msgs:/home/xyh/sim_ws/install/f1tenth_gym_ros:/opt/ros/foxy LD_LIBRARY_PATH=/home/xyh/eufs_sim/install/eufs_models/lib:/home/xyh/eufs_sim/install/eufs_msgs/lib:${LD_LIBRARY_PATH} PYTHONPATH=/home/xyh/eufs_sim/install/eufs_msgs/lib/python3.8/site-packages:${PYTHONPATH} /usr/bin/cmake /home/xyh/eufs_sim/eufs_plugins -DCMAKE_INSTALL_PREFIX=/home/xyh/eufs_sim/install/eufs_plugins
[0.220s] -- The C compiler identification is GNU 9.4.0
[0.389s] -- The CXX compiler identification is GNU 9.4.0
[0.400s] -- Check for working C compiler: /usr/bin/cc
[0.531s] -- Check for working C compiler: /usr/bin/cc -- works
[0.533s] -- Detecting C compiler ABI info
[0.713s] -- Detecting C compiler ABI info - done
[0.736s] -- Detecting C compile features
[0.737s] -- Detecting C compile features - done
[0.746s] -- Check for working CXX compiler: /usr/bin/c++
[0.917s] -- Check for working CXX compiler: /usr/bin/c++ -- works
[0.921s] -- Detecting CXX compiler ABI info
[1.081s] -- Detecting CXX compiler ABI info - done
[1.106s] -- Detecting CXX compile features
[1.107s] -- Detecting CXX compile features - done
[1.112s] -- Found ament_cmake: 0.9.12 (/opt/ros/foxy/share/ament_cmake/cmake)
[1.159s] -- Found PythonInterp: /usr/bin/python3 (found suitable version "3.8.10", minimum required is "3") 
[1.159s] -- Using PYTHON_EXECUTABLE: /usr/bin/python3
[1.626s] CMake Error at CMakeLists.txt:25 (find_package):
[1.627s]   By not providing "Findgazebo_dev.cmake" in CMAKE_MODULE_PATH this project
[1.627s]   has asked CMake to find a package configuration file provided by
[1.627s]   "gazebo_dev", but CMake did not find one.
[1.627s] 
[1.627s]   Could not find a package configuration file provided by "gazebo_dev" with
[1.627s]   any of the following names:
[1.627s] 
[1.627s]     gazebo_devConfig.cmake
[1.627s]     gazebo_dev-config.cmake
[1.627s] 
[1.627s]   Add the installation prefix of "gazebo_dev" to CMAKE_PREFIX_PATH or set
[1.627s]   "gazebo_dev_DIR" to a directory containing one of the above files.  If
[1.628s]   "gazebo_dev" provides a separate development package or SDK, be sure it has
[1.628s]   been installed.
[1.628s] 
[1.628s] 
[1.628s] -- Configuring incomplete, errors occurred!
[1.628s] See also "/home/xyh/eufs_sim/build/eufs_plugins/CMakeFiles/CMakeOutput.log".
[1.638s] Invoked command in '/home/xyh/eufs_sim/build/eufs_plugins' returned '1': AMENT_PREFIX_PATH=/home/xyh/eufs_sim/install/eufs_models:/home/xyh/eufs_sim/install/eufs_msgs:${AMENT_PREFIX_PATH} CMAKE_PREFIX_PATH=/home/xyh/eufs_sim/install/eufs_models:/home/xyh/eufs_sim/install/eufs_msgs:/home/xyh/sim_ws/install/f1tenth_gym_ros:/opt/ros/foxy LD_LIBRARY_PATH=/home/xyh/eufs_sim/install/eufs_models/lib:/home/xyh/eufs_sim/install/eufs_msgs/lib:${LD_LIBRARY_PATH} PYTHONPATH=/home/xyh/eufs_sim/install/eufs_msgs/lib/python3.8/site-packages:${PYTHONPATH} /usr/bin/cmake /home/xyh/eufs_sim/eufs_plugins -DCMAKE_INSTALL_PREFIX=/home/xyh/eufs_sim/install/eufs_plugins
