[1.312s] Invoking command in '/home/xyh/eufs_sim/eufs_rqt': AMENT_PREFIX_PATH=/home/xyh/eufs_sim/install/eufs_msgs:${AMENT_PREFIX_PATH} CMAKE_PREFIX_PATH=/home/xyh/eufs_sim/install/eufs_msgs LD_LIBRARY_PATH=/home/xyh/eufs_sim/install/eufs_msgs/lib:/usr/lib/x86_64-linux-gnu/gazebo-11/plugins:/opt/ros/foxy/opt/yaml_cpp_vendor/lib:/opt/ros/foxy/opt/rviz_ogre_vendor/lib:/opt/ros/foxy/lib/x86_64-linux-gnu:/opt/ros/foxy/lib:/usr/lib/x86_64-linux-gnu/gazebo-11/plugins:/usr/lib/x86_64-linux-gnu/gazebo-11/plugins:/usr/lib/x86_64-linux-gnu/gazebo-11/plugins PYTHONPATH=/home/xyh/eufs_sim/build/eufs_rqt/prefix_override:/home/xyh/eufs_sim/install/eufs_rqt/lib/python3.8/site-packages:/home/xyh/eufs_sim/install/eufs_msgs/lib/python3.8/site-packages:${PYTHONPATH} /usr/bin/python3 -W ignore:setup.py install is deprecated setup.py egg_info --egg-base ../build/eufs_rqt build --build-base /home/xyh/eufs_sim/build/eufs_rqt/build install --record /home/xyh/eufs_sim/build/eufs_rqt/install.log --single-version-externally-managed install_data
[1.800s] running egg_info
[1.803s] writing ../build/eufs_rqt/eufs_rqt.egg-info/PKG-INFO
[1.804s] writing dependency_links to ../build/eufs_rqt/eufs_rqt.egg-info/dependency_links.txt
[1.805s] writing requirements to ../build/eufs_rqt/eufs_rqt.egg-info/requires.txt
[1.806s] writing top-level names to ../build/eufs_rqt/eufs_rqt.egg-info/top_level.txt
[1.883s] reading manifest file '../build/eufs_rqt/eufs_rqt.egg-info/SOURCES.txt'
[1.885s] writing manifest file '../build/eufs_rqt/eufs_rqt.egg-info/SOURCES.txt'
[1.885s] running build
[1.885s] running build_py
[1.887s] running build_scripts
[1.888s] running install
[1.889s] running install_lib
[1.892s] running install_data
[1.893s] running install_egg_info
[1.895s] removing '/home/xyh/eufs_sim/install/eufs_rqt/lib/python3.8/site-packages/eufs_rqt-2.0.0-py3.8.egg-info' (and everything under it)
[1.895s] Copying ../build/eufs_rqt/eufs_rqt.egg-info to /home/xyh/eufs_sim/install/eufs_rqt/lib/python3.8/site-packages/eufs_rqt-2.0.0-py3.8.egg-info
[1.898s] running install_scripts
[1.930s] changing mode of /home/xyh/eufs_sim/install/eufs_rqt/lib/eufs_rqt/eufs_robot_steering_gui to 775
[1.930s] changing mode of /home/xyh/eufs_sim/install/eufs_rqt/lib/eufs_rqt/mission_control_gui to 775
[1.934s] writing list of installed files to '/home/xyh/eufs_sim/build/eufs_rqt/install.log'
[1.980s] Invoked command in '/home/xyh/eufs_sim/eufs_rqt' returned '0': AMENT_PREFIX_PATH=/home/xyh/eufs_sim/install/eufs_msgs:${AMENT_PREFIX_PATH} CMAKE_PREFIX_PATH=/home/xyh/eufs_sim/install/eufs_msgs LD_LIBRARY_PATH=/home/xyh/eufs_sim/install/eufs_msgs/lib:/usr/lib/x86_64-linux-gnu/gazebo-11/plugins:/opt/ros/foxy/opt/yaml_cpp_vendor/lib:/opt/ros/foxy/opt/rviz_ogre_vendor/lib:/opt/ros/foxy/lib/x86_64-linux-gnu:/opt/ros/foxy/lib:/usr/lib/x86_64-linux-gnu/gazebo-11/plugins:/usr/lib/x86_64-linux-gnu/gazebo-11/plugins:/usr/lib/x86_64-linux-gnu/gazebo-11/plugins PYTHONPATH=/home/xyh/eufs_sim/build/eufs_rqt/prefix_override:/home/xyh/eufs_sim/install/eufs_rqt/lib/python3.8/site-packages:/home/xyh/eufs_sim/install/eufs_msgs/lib/python3.8/site-packages:${PYTHONPATH} /usr/bin/python3 -W ignore:setup.py install is deprecated setup.py egg_info --egg-base ../build/eufs_rqt build --build-base /home/xyh/eufs_sim/build/eufs_rqt/build install --record /home/xyh/eufs_sim/build/eufs_rqt/install.log --single-version-externally-managed install_data
