[1.524s] Invoking command in '/home/xyh/eufs_sim/eufs_launcher': AMENT_PREFIX_PATH=/home/xyh/eufs_sim/install/eufs_tracks PYTHONPATH=/home/xyh/eufs_sim/build/eufs_launcher/prefix_override:/home/xyh/eufs_sim/install/eufs_launcher/lib/python3.8/site-packages:/home/xyh/eufs_sim/install/eufs_tracks/lib/python3.8/site-packages /usr/bin/python3 -W ignore:setup.py install is deprecated setup.py egg_info --egg-base ../build/eufs_launcher build --build-base /home/xyh/eufs_sim/build/eufs_launcher/build install --record /home/xyh/eufs_sim/build/eufs_launcher/install.log --single-version-externally-managed install_data
[1.941s] running egg_info
[1.943s] writing ../build/eufs_launcher/eufs_launcher.egg-info/PKG-INFO
[2.009s] writing dependency_links to ../build/eufs_launcher/eufs_launcher.egg-info/dependency_links.txt
[2.010s] writing requirements to ../build/eufs_launcher/eufs_launcher.egg-info/requires.txt
[2.010s] writing top-level names to ../build/eufs_launcher/eufs_launcher.egg-info/top_level.txt
[2.097s] reading manifest file '../build/eufs_launcher/eufs_launcher.egg-info/SOURCES.txt'
[2.099s] writing manifest file '../build/eufs_launcher/eufs_launcher.egg-info/SOURCES.txt'
[2.100s] running build
[2.100s] running build_py
[2.102s] running build_scripts
[2.103s] running install
[2.105s] running install_lib
[2.108s] running install_data
[2.111s] running install_egg_info
[2.113s] removing '/home/xyh/eufs_sim/install/eufs_launcher/lib/python3.8/site-packages/eufs_launcher-2.0.0-py3.8.egg-info' (and everything under it)
[2.114s] Copying ../build/eufs_launcher/eufs_launcher.egg-info to /home/xyh/eufs_sim/install/eufs_launcher/lib/python3.8/site-packages/eufs_launcher-2.0.0-py3.8.egg-info
[2.116s] running install_scripts
[2.151s] changing mode of /home/xyh/eufs_sim/install/eufs_launcher/lib/eufs_launcher/eufs_launcher to 775
[2.153s] writing list of installed files to '/home/xyh/eufs_sim/build/eufs_launcher/install.log'
[2.191s] Invoked command in '/home/xyh/eufs_sim/eufs_launcher' returned '0': AMENT_PREFIX_PATH=/home/xyh/eufs_sim/install/eufs_tracks PYTHONPATH=/home/xyh/eufs_sim/build/eufs_launcher/prefix_override:/home/xyh/eufs_sim/install/eufs_launcher/lib/python3.8/site-packages:/home/xyh/eufs_sim/install/eufs_tracks/lib/python3.8/site-packages /usr/bin/python3 -W ignore:setup.py install is deprecated setup.py egg_info --egg-base ../build/eufs_launcher build --build-base /home/xyh/eufs_sim/build/eufs_launcher/build install --record /home/xyh/eufs_sim/build/eufs_launcher/install.log --single-version-externally-managed install_data
