[0.633s] DEBUG:colcon:Command line arguments: ['/usr/bin/colcon', 'build']
[0.633s] DEBUG:colcon:Parsed command line arguments: Namespace(allow_overriding=[], ament_cmake_args=None, base_paths=['.'], build_base='build', catkin_cmake_args=None, catkin_skip_building_tests=False, cmake_args=None, cmake_clean_cache=False, cmake_clean_first=False, cmake_force_configure=False, cmake_target=None, cmake_target_skip_unavailable=False, continue_on_error=False, event_handlers=None, executor='parallel', ignore_user_meta=False, install_base='install', log_base=None, log_level=None, main=<bound method BuildVerb.main of <colcon_core.verb.build.BuildVerb object at 0x7fc1ebf14fa0>>, merge_install=False, metas=['./colcon.meta'], packages_above=None, packages_above_and_dependencies=None, packages_above_depth=None, packages_end=None, packages_ignore=None, packages_ignore_regex=None, packages_select=None, packages_select_build_failed=False, packages_select_by_dep=None, packages_select_regex=None, packages_select_test_failures=False, packages_skip=None, packages_skip_build_finished=False, packages_skip_by_dep=None, packages_skip_regex=None, packages_skip_test_passed=False, packages_skip_up_to=None, packages_start=None, packages_up_to=None, packages_up_to_regex=None, parallel_workers=2, paths=None, symlink_install=False, test_result_base=None, verb_extension=<colcon_core.verb.build.BuildVerb object at 0x7fc1ebf14fa0>, verb_name='build', verb_parser=<colcon_defaults.argument_parser.defaults.DefaultArgumentsDecorator object at 0x7fc1ebeca2b0>)
[1.064s] Level 1:colcon.colcon_core.package_discovery:discover_packages(colcon_meta) check parameters
[1.064s] Level 1:colcon.colcon_core.package_discovery:discover_packages(recursive) check parameters
[1.065s] Level 1:colcon.colcon_core.package_discovery:discover_packages(ignore) check parameters
[1.065s] Level 1:colcon.colcon_core.package_discovery:discover_packages(path) check parameters
[1.065s] Level 1:colcon.colcon_core.package_discovery:discover_packages(colcon_meta) discover
[1.065s] Level 1:colcon.colcon_core.package_discovery:discover_packages(recursive) discover
[1.065s] INFO:colcon.colcon_core.package_discovery:Crawling recursively for packages in '/home/xyh/eufs_sim'
[1.065s] Level 1:colcon.colcon_core.package_identification:_identify(.) by extensions ['ignore', 'ignore_ament_install']
[1.066s] Level 1:colcon.colcon_core.package_identification:_identify(.) by extension 'ignore'
[1.066s] Level 1:colcon.colcon_core.package_identification:_identify(.) by extension 'ignore_ament_install'
[1.066s] Level 1:colcon.colcon_core.package_identification:_identify(.) by extensions ['colcon_pkg']
[1.066s] Level 1:colcon.colcon_core.package_identification:_identify(.) by extension 'colcon_pkg'
[1.066s] Level 1:colcon.colcon_core.package_identification:_identify(.) by extensions ['colcon_meta']
[1.066s] Level 1:colcon.colcon_core.package_identification:_identify(.) by extension 'colcon_meta'
[1.066s] Level 1:colcon.colcon_core.package_identification:_identify(.) by extensions ['ros']
[1.066s] Level 1:colcon.colcon_core.package_identification:_identify(.) by extension 'ros'
[1.118s] Level 1:colcon.colcon_core.package_identification:_identify(.) by extensions ['cmake', 'python']
[1.118s] Level 1:colcon.colcon_core.package_identification:_identify(.) by extension 'cmake'
[1.118s] Level 1:colcon.colcon_core.package_identification:_identify(.) by extension 'python'
[1.118s] Level 1:colcon.colcon_core.package_identification:_identify(.) by extensions ['python_setup_py']
[1.118s] Level 1:colcon.colcon_core.package_identification:_identify(.) by extension 'python_setup_py'
[1.119s] Level 1:colcon.colcon_core.package_identification:_identify(build) by extensions ['ignore', 'ignore_ament_install']
[1.119s] Level 1:colcon.colcon_core.package_identification:_identify(build) by extension 'ignore'
[1.119s] Level 1:colcon.colcon_core.package_identification:_identify(build) ignored
[1.121s] Level 1:colcon.colcon_core.package_identification:_identify(eufs_launcher) by extensions ['ignore', 'ignore_ament_install']
[1.121s] Level 1:colcon.colcon_core.package_identification:_identify(eufs_launcher) by extension 'ignore'
[1.121s] Level 1:colcon.colcon_core.package_identification:_identify(eufs_launcher) by extension 'ignore_ament_install'
[1.121s] Level 1:colcon.colcon_core.package_identification:_identify(eufs_launcher) by extensions ['colcon_pkg']
[1.121s] Level 1:colcon.colcon_core.package_identification:_identify(eufs_launcher) by extension 'colcon_pkg'
[1.122s] Level 1:colcon.colcon_core.package_identification:_identify(eufs_launcher) by extensions ['colcon_meta']
[1.122s] Level 1:colcon.colcon_core.package_identification:_identify(eufs_launcher) by extension 'colcon_meta'
[1.122s] Level 1:colcon.colcon_core.package_identification:_identify(eufs_launcher) by extensions ['ros']
[1.122s] Level 1:colcon.colcon_core.package_identification:_identify(eufs_launcher) by extension 'ros'
[1.135s] DEBUG:colcon.colcon_core.package_identification:Package 'eufs_launcher' with type 'ros.ament_python' and name 'eufs_launcher'
[1.136s] Level 1:colcon.colcon_core.package_identification:_identify(eufs_models) by extensions ['ignore', 'ignore_ament_install']
[1.137s] Level 1:colcon.colcon_core.package_identification:_identify(eufs_models) by extension 'ignore'
[1.137s] Level 1:colcon.colcon_core.package_identification:_identify(eufs_models) by extension 'ignore_ament_install'
[1.137s] Level 1:colcon.colcon_core.package_identification:_identify(eufs_models) by extensions ['colcon_pkg']
[1.137s] Level 1:colcon.colcon_core.package_identification:_identify(eufs_models) by extension 'colcon_pkg'
[1.137s] Level 1:colcon.colcon_core.package_identification:_identify(eufs_models) by extensions ['colcon_meta']
[1.138s] Level 1:colcon.colcon_core.package_identification:_identify(eufs_models) by extension 'colcon_meta'
[1.138s] Level 1:colcon.colcon_core.package_identification:_identify(eufs_models) by extensions ['ros']
[1.138s] Level 1:colcon.colcon_core.package_identification:_identify(eufs_models) by extension 'ros'
[1.140s] DEBUG:colcon.colcon_core.package_identification:Package 'eufs_models' with type 'ros.ament_cmake' and name 'eufs_models'
[1.141s] Level 1:colcon.colcon_core.package_identification:_identify(eufs_msgs) by extensions ['ignore', 'ignore_ament_install']
[1.142s] Level 1:colcon.colcon_core.package_identification:_identify(eufs_msgs) by extension 'ignore'
[1.142s] Level 1:colcon.colcon_core.package_identification:_identify(eufs_msgs) by extension 'ignore_ament_install'
[1.142s] Level 1:colcon.colcon_core.package_identification:_identify(eufs_msgs) by extensions ['colcon_pkg']
[1.142s] Level 1:colcon.colcon_core.package_identification:_identify(eufs_msgs) by extension 'colcon_pkg'
[1.142s] Level 1:colcon.colcon_core.package_identification:_identify(eufs_msgs) by extensions ['colcon_meta']
[1.142s] Level 1:colcon.colcon_core.package_identification:_identify(eufs_msgs) by extension 'colcon_meta'
[1.142s] Level 1:colcon.colcon_core.package_identification:_identify(eufs_msgs) by extensions ['ros']
[1.142s] Level 1:colcon.colcon_core.package_identification:_identify(eufs_msgs) by extension 'ros'
[1.146s] DEBUG:colcon.colcon_core.package_identification:Package 'eufs_msgs' with type 'ros.ament_cmake' and name 'eufs_msgs'
[1.146s] Level 1:colcon.colcon_core.package_identification:_identify(eufs_plugins) by extensions ['ignore', 'ignore_ament_install']
[1.146s] Level 1:colcon.colcon_core.package_identification:_identify(eufs_plugins) by extension 'ignore'
[1.147s] Level 1:colcon.colcon_core.package_identification:_identify(eufs_plugins) by extension 'ignore_ament_install'
[1.147s] Level 1:colcon.colcon_core.package_identification:_identify(eufs_plugins) by extensions ['colcon_pkg']
[1.147s] Level 1:colcon.colcon_core.package_identification:_identify(eufs_plugins) by extension 'colcon_pkg'
[1.147s] Level 1:colcon.colcon_core.package_identification:_identify(eufs_plugins) by extensions ['colcon_meta']
[1.147s] Level 1:colcon.colcon_core.package_identification:_identify(eufs_plugins) by extension 'colcon_meta'
[1.147s] Level 1:colcon.colcon_core.package_identification:_identify(eufs_plugins) by extensions ['ros']
[1.147s] Level 1:colcon.colcon_core.package_identification:_identify(eufs_plugins) by extension 'ros'
[1.153s] DEBUG:colcon.colcon_core.package_identification:Package 'eufs_plugins' with type 'ros.ament_cmake' and name 'eufs_plugins'
[1.154s] Level 1:colcon.colcon_core.package_identification:_identify(eufs_racecar) by extensions ['ignore', 'ignore_ament_install']
[1.154s] Level 1:colcon.colcon_core.package_identification:_identify(eufs_racecar) by extension 'ignore'
[1.154s] Level 1:colcon.colcon_core.package_identification:_identify(eufs_racecar) by extension 'ignore_ament_install'
[1.154s] Level 1:colcon.colcon_core.package_identification:_identify(eufs_racecar) by extensions ['colcon_pkg']
[1.154s] Level 1:colcon.colcon_core.package_identification:_identify(eufs_racecar) by extension 'colcon_pkg'
[1.154s] Level 1:colcon.colcon_core.package_identification:_identify(eufs_racecar) by extensions ['colcon_meta']
[1.154s] Level 1:colcon.colcon_core.package_identification:_identify(eufs_racecar) by extension 'colcon_meta'
[1.155s] Level 1:colcon.colcon_core.package_identification:_identify(eufs_racecar) by extensions ['ros']
[1.155s] Level 1:colcon.colcon_core.package_identification:_identify(eufs_racecar) by extension 'ros'
[1.158s] DEBUG:colcon.colcon_core.package_identification:Package 'eufs_racecar' with type 'ros.ament_python' and name 'eufs_racecar'
[1.159s] Level 1:colcon.colcon_core.package_identification:_identify(eufs_rqt) by extensions ['ignore', 'ignore_ament_install']
[1.159s] Level 1:colcon.colcon_core.package_identification:_identify(eufs_rqt) by extension 'ignore'
[1.159s] Level 1:colcon.colcon_core.package_identification:_identify(eufs_rqt) by extension 'ignore_ament_install'
[1.159s] Level 1:colcon.colcon_core.package_identification:_identify(eufs_rqt) by extensions ['colcon_pkg']
[1.160s] Level 1:colcon.colcon_core.package_identification:_identify(eufs_rqt) by extension 'colcon_pkg'
[1.160s] Level 1:colcon.colcon_core.package_identification:_identify(eufs_rqt) by extensions ['colcon_meta']
[1.160s] Level 1:colcon.colcon_core.package_identification:_identify(eufs_rqt) by extension 'colcon_meta'
[1.160s] Level 1:colcon.colcon_core.package_identification:_identify(eufs_rqt) by extensions ['ros']
[1.160s] Level 1:colcon.colcon_core.package_identification:_identify(eufs_rqt) by extension 'ros'
[1.162s] DEBUG:colcon.colcon_core.package_identification:Package 'eufs_rqt' with type 'ros.ament_python' and name 'eufs_rqt'
[1.163s] Level 1:colcon.colcon_core.package_identification:_identify(eufs_sensors) by extensions ['ignore', 'ignore_ament_install']
[1.163s] Level 1:colcon.colcon_core.package_identification:_identify(eufs_sensors) by extension 'ignore'
[1.163s] Level 1:colcon.colcon_core.package_identification:_identify(eufs_sensors) by extension 'ignore_ament_install'
[1.163s] Level 1:colcon.colcon_core.package_identification:_identify(eufs_sensors) by extensions ['colcon_pkg']
[1.163s] Level 1:colcon.colcon_core.package_identification:_identify(eufs_sensors) by extension 'colcon_pkg'
[1.163s] Level 1:colcon.colcon_core.package_identification:_identify(eufs_sensors) by extensions ['colcon_meta']
[1.163s] Level 1:colcon.colcon_core.package_identification:_identify(eufs_sensors) by extension 'colcon_meta'
[1.163s] Level 1:colcon.colcon_core.package_identification:_identify(eufs_sensors) by extensions ['ros']
[1.163s] Level 1:colcon.colcon_core.package_identification:_identify(eufs_sensors) by extension 'ros'
[1.165s] DEBUG:colcon.colcon_core.package_identification:Package 'eufs_sensors' with type 'ros.ament_cmake' and name 'eufs_sensors'
[1.165s] Level 1:colcon.colcon_core.package_identification:_identify(eufs_tracks) by extensions ['ignore', 'ignore_ament_install']
[1.166s] Level 1:colcon.colcon_core.package_identification:_identify(eufs_tracks) by extension 'ignore'
[1.166s] Level 1:colcon.colcon_core.package_identification:_identify(eufs_tracks) by extension 'ignore_ament_install'
[1.166s] Level 1:colcon.colcon_core.package_identification:_identify(eufs_tracks) by extensions ['colcon_pkg']
[1.166s] Level 1:colcon.colcon_core.package_identification:_identify(eufs_tracks) by extension 'colcon_pkg'
[1.166s] Level 1:colcon.colcon_core.package_identification:_identify(eufs_tracks) by extensions ['colcon_meta']
[1.166s] Level 1:colcon.colcon_core.package_identification:_identify(eufs_tracks) by extension 'colcon_meta'
[1.166s] Level 1:colcon.colcon_core.package_identification:_identify(eufs_tracks) by extensions ['ros']
[1.166s] Level 1:colcon.colcon_core.package_identification:_identify(eufs_tracks) by extension 'ros'
[1.168s] DEBUG:colcon.colcon_core.package_identification:Package 'eufs_tracks' with type 'ros.ament_python' and name 'eufs_tracks'
[1.168s] Level 1:colcon.colcon_core.package_identification:_identify(install) by extensions ['ignore', 'ignore_ament_install']
[1.169s] Level 1:colcon.colcon_core.package_identification:_identify(install) by extension 'ignore'
[1.169s] Level 1:colcon.colcon_core.package_identification:_identify(install) ignored
[1.169s] Level 1:colcon.colcon_core.package_identification:_identify(log) by extensions ['ignore', 'ignore_ament_install']
[1.169s] Level 1:colcon.colcon_core.package_identification:_identify(log) by extension 'ignore'
[1.169s] Level 1:colcon.colcon_core.package_identification:_identify(log) ignored
[1.169s] Level 1:colcon.colcon_core.package_discovery:discover_packages(recursive) using defaults
[1.169s] Level 1:colcon.colcon_core.package_discovery:discover_packages(ignore) discover
[1.169s] Level 1:colcon.colcon_core.package_discovery:discover_packages(ignore) using defaults
[1.169s] Level 1:colcon.colcon_core.package_discovery:discover_packages(path) discover
[1.169s] Level 1:colcon.colcon_core.package_discovery:discover_packages(path) using defaults
[1.243s] Level 1:colcon.colcon_core.package_discovery:discover_packages(prefix_path) check parameters
[1.243s] Level 1:colcon.colcon_core.package_discovery:discover_packages(prefix_path) discover
[1.249s] Level 1:colcon.colcon_core.package_discovery:discover_packages(prefix_path) using defaults
[1.253s] Level 5:colcon.colcon_core.verb:set package 'eufs_msgs' build argument 'cmake_args' from command line to 'None'
[1.253s] Level 5:colcon.colcon_core.verb:set package 'eufs_msgs' build argument 'cmake_target' from command line to 'None'
[1.253s] Level 5:colcon.colcon_core.verb:set package 'eufs_msgs' build argument 'cmake_target_skip_unavailable' from command line to 'False'
[1.253s] Level 5:colcon.colcon_core.verb:set package 'eufs_msgs' build argument 'cmake_clean_cache' from command line to 'False'
[1.253s] Level 5:colcon.colcon_core.verb:set package 'eufs_msgs' build argument 'cmake_clean_first' from command line to 'False'
[1.253s] Level 5:colcon.colcon_core.verb:set package 'eufs_msgs' build argument 'cmake_force_configure' from command line to 'False'
[1.253s] Level 5:colcon.colcon_core.verb:set package 'eufs_msgs' build argument 'ament_cmake_args' from command line to 'None'
[1.253s] Level 5:colcon.colcon_core.verb:set package 'eufs_msgs' build argument 'catkin_cmake_args' from command line to 'None'
[1.253s] Level 5:colcon.colcon_core.verb:set package 'eufs_msgs' build argument 'catkin_skip_building_tests' from command line to 'False'
[1.253s] DEBUG:colcon.colcon_core.verb:Building package 'eufs_msgs' with the following arguments: {'ament_cmake_args': None, 'build_base': '/home/xyh/eufs_sim/build/eufs_msgs', 'catkin_cmake_args': None, 'catkin_skip_building_tests': False, 'cmake_args': None, 'cmake_clean_cache': False, 'cmake_clean_first': False, 'cmake_force_configure': False, 'cmake_target': None, 'cmake_target_skip_unavailable': False, 'install_base': '/home/xyh/eufs_sim/install/eufs_msgs', 'merge_install': False, 'path': '/home/xyh/eufs_sim/eufs_msgs', 'symlink_install': False, 'test_result_base': None}
[1.254s] Level 5:colcon.colcon_core.verb:set package 'eufs_racecar' build argument 'cmake_args' from command line to 'None'
[1.254s] Level 5:colcon.colcon_core.verb:set package 'eufs_racecar' build argument 'cmake_target' from command line to 'None'
[1.255s] Level 5:colcon.colcon_core.verb:set package 'eufs_racecar' build argument 'cmake_target_skip_unavailable' from command line to 'False'
[1.255s] Level 5:colcon.colcon_core.verb:set package 'eufs_racecar' build argument 'cmake_clean_cache' from command line to 'False'
[1.255s] Level 5:colcon.colcon_core.verb:set package 'eufs_racecar' build argument 'cmake_clean_first' from command line to 'False'
[1.255s] Level 5:colcon.colcon_core.verb:set package 'eufs_racecar' build argument 'cmake_force_configure' from command line to 'False'
[1.255s] Level 5:colcon.colcon_core.verb:set package 'eufs_racecar' build argument 'ament_cmake_args' from command line to 'None'
[1.255s] Level 5:colcon.colcon_core.verb:set package 'eufs_racecar' build argument 'catkin_cmake_args' from command line to 'None'
[1.255s] Level 5:colcon.colcon_core.verb:set package 'eufs_racecar' build argument 'catkin_skip_building_tests' from command line to 'False'
[1.255s] DEBUG:colcon.colcon_core.verb:Building package 'eufs_racecar' with the following arguments: {'ament_cmake_args': None, 'build_base': '/home/xyh/eufs_sim/build/eufs_racecar', 'catkin_cmake_args': None, 'catkin_skip_building_tests': False, 'cmake_args': None, 'cmake_clean_cache': False, 'cmake_clean_first': False, 'cmake_force_configure': False, 'cmake_target': None, 'cmake_target_skip_unavailable': False, 'install_base': '/home/xyh/eufs_sim/install/eufs_racecar', 'merge_install': False, 'path': '/home/xyh/eufs_sim/eufs_racecar', 'symlink_install': False, 'test_result_base': None}
[1.256s] Level 5:colcon.colcon_core.verb:set package 'eufs_sensors' build argument 'cmake_args' from command line to 'None'
[1.256s] Level 5:colcon.colcon_core.verb:set package 'eufs_sensors' build argument 'cmake_target' from command line to 'None'
[1.256s] Level 5:colcon.colcon_core.verb:set package 'eufs_sensors' build argument 'cmake_target_skip_unavailable' from command line to 'False'
[1.256s] Level 5:colcon.colcon_core.verb:set package 'eufs_sensors' build argument 'cmake_clean_cache' from command line to 'False'
[1.256s] Level 5:colcon.colcon_core.verb:set package 'eufs_sensors' build argument 'cmake_clean_first' from command line to 'False'
[1.256s] Level 5:colcon.colcon_core.verb:set package 'eufs_sensors' build argument 'cmake_force_configure' from command line to 'False'
[1.257s] Level 5:colcon.colcon_core.verb:set package 'eufs_sensors' build argument 'ament_cmake_args' from command line to 'None'
[1.257s] Level 5:colcon.colcon_core.verb:set package 'eufs_sensors' build argument 'catkin_cmake_args' from command line to 'None'
[1.257s] Level 5:colcon.colcon_core.verb:set package 'eufs_sensors' build argument 'catkin_skip_building_tests' from command line to 'False'
[1.257s] DEBUG:colcon.colcon_core.verb:Building package 'eufs_sensors' with the following arguments: {'ament_cmake_args': None, 'build_base': '/home/xyh/eufs_sim/build/eufs_sensors', 'catkin_cmake_args': None, 'catkin_skip_building_tests': False, 'cmake_args': None, 'cmake_clean_cache': False, 'cmake_clean_first': False, 'cmake_force_configure': False, 'cmake_target': None, 'cmake_target_skip_unavailable': False, 'install_base': '/home/xyh/eufs_sim/install/eufs_sensors', 'merge_install': False, 'path': '/home/xyh/eufs_sim/eufs_sensors', 'symlink_install': False, 'test_result_base': None}
[1.258s] Level 5:colcon.colcon_core.verb:set package 'eufs_tracks' build argument 'cmake_args' from command line to 'None'
[1.258s] Level 5:colcon.colcon_core.verb:set package 'eufs_tracks' build argument 'cmake_target' from command line to 'None'
[1.258s] Level 5:colcon.colcon_core.verb:set package 'eufs_tracks' build argument 'cmake_target_skip_unavailable' from command line to 'False'
[1.258s] Level 5:colcon.colcon_core.verb:set package 'eufs_tracks' build argument 'cmake_clean_cache' from command line to 'False'
[1.258s] Level 5:colcon.colcon_core.verb:set package 'eufs_tracks' build argument 'cmake_clean_first' from command line to 'False'
[1.258s] Level 5:colcon.colcon_core.verb:set package 'eufs_tracks' build argument 'cmake_force_configure' from command line to 'False'
[1.258s] Level 5:colcon.colcon_core.verb:set package 'eufs_tracks' build argument 'ament_cmake_args' from command line to 'None'
[1.258s] Level 5:colcon.colcon_core.verb:set package 'eufs_tracks' build argument 'catkin_cmake_args' from command line to 'None'
[1.258s] Level 5:colcon.colcon_core.verb:set package 'eufs_tracks' build argument 'catkin_skip_building_tests' from command line to 'False'
[1.259s] DEBUG:colcon.colcon_core.verb:Building package 'eufs_tracks' with the following arguments: {'ament_cmake_args': None, 'build_base': '/home/xyh/eufs_sim/build/eufs_tracks', 'catkin_cmake_args': None, 'catkin_skip_building_tests': False, 'cmake_args': None, 'cmake_clean_cache': False, 'cmake_clean_first': False, 'cmake_force_configure': False, 'cmake_target': None, 'cmake_target_skip_unavailable': False, 'install_base': '/home/xyh/eufs_sim/install/eufs_tracks', 'merge_install': False, 'path': '/home/xyh/eufs_sim/eufs_tracks', 'symlink_install': False, 'test_result_base': None}
[1.260s] Level 5:colcon.colcon_core.verb:set package 'eufs_launcher' build argument 'cmake_args' from command line to 'None'
[1.260s] Level 5:colcon.colcon_core.verb:set package 'eufs_launcher' build argument 'cmake_target' from command line to 'None'
[1.260s] Level 5:colcon.colcon_core.verb:set package 'eufs_launcher' build argument 'cmake_target_skip_unavailable' from command line to 'False'
[1.260s] Level 5:colcon.colcon_core.verb:set package 'eufs_launcher' build argument 'cmake_clean_cache' from command line to 'False'
[1.260s] Level 5:colcon.colcon_core.verb:set package 'eufs_launcher' build argument 'cmake_clean_first' from command line to 'False'
[1.260s] Level 5:colcon.colcon_core.verb:set package 'eufs_launcher' build argument 'cmake_force_configure' from command line to 'False'
[1.260s] Level 5:colcon.colcon_core.verb:set package 'eufs_launcher' build argument 'ament_cmake_args' from command line to 'None'
[1.260s] Level 5:colcon.colcon_core.verb:set package 'eufs_launcher' build argument 'catkin_cmake_args' from command line to 'None'
[1.260s] Level 5:colcon.colcon_core.verb:set package 'eufs_launcher' build argument 'catkin_skip_building_tests' from command line to 'False'
[1.260s] DEBUG:colcon.colcon_core.verb:Building package 'eufs_launcher' with the following arguments: {'ament_cmake_args': None, 'build_base': '/home/xyh/eufs_sim/build/eufs_launcher', 'catkin_cmake_args': None, 'catkin_skip_building_tests': False, 'cmake_args': None, 'cmake_clean_cache': False, 'cmake_clean_first': False, 'cmake_force_configure': False, 'cmake_target': None, 'cmake_target_skip_unavailable': False, 'install_base': '/home/xyh/eufs_sim/install/eufs_launcher', 'merge_install': False, 'path': '/home/xyh/eufs_sim/eufs_launcher', 'symlink_install': False, 'test_result_base': None}
[1.261s] Level 5:colcon.colcon_core.verb:set package 'eufs_models' build argument 'cmake_args' from command line to 'None'
[1.261s] Level 5:colcon.colcon_core.verb:set package 'eufs_models' build argument 'cmake_target' from command line to 'None'
[1.261s] Level 5:colcon.colcon_core.verb:set package 'eufs_models' build argument 'cmake_target_skip_unavailable' from command line to 'False'
[1.261s] Level 5:colcon.colcon_core.verb:set package 'eufs_models' build argument 'cmake_clean_cache' from command line to 'False'
[1.261s] Level 5:colcon.colcon_core.verb:set package 'eufs_models' build argument 'cmake_clean_first' from command line to 'False'
[1.261s] Level 5:colcon.colcon_core.verb:set package 'eufs_models' build argument 'cmake_force_configure' from command line to 'False'
[1.262s] Level 5:colcon.colcon_core.verb:set package 'eufs_models' build argument 'ament_cmake_args' from command line to 'None'
[1.262s] Level 5:colcon.colcon_core.verb:set package 'eufs_models' build argument 'catkin_cmake_args' from command line to 'None'
[1.262s] Level 5:colcon.colcon_core.verb:set package 'eufs_models' build argument 'catkin_skip_building_tests' from command line to 'False'
[1.262s] DEBUG:colcon.colcon_core.verb:Building package 'eufs_models' with the following arguments: {'ament_cmake_args': None, 'build_base': '/home/xyh/eufs_sim/build/eufs_models', 'catkin_cmake_args': None, 'catkin_skip_building_tests': False, 'cmake_args': None, 'cmake_clean_cache': False, 'cmake_clean_first': False, 'cmake_force_configure': False, 'cmake_target': None, 'cmake_target_skip_unavailable': False, 'install_base': '/home/xyh/eufs_sim/install/eufs_models', 'merge_install': False, 'path': '/home/xyh/eufs_sim/eufs_models', 'symlink_install': False, 'test_result_base': None}
[1.263s] Level 5:colcon.colcon_core.verb:set package 'eufs_rqt' build argument 'cmake_args' from command line to 'None'
[1.263s] Level 5:colcon.colcon_core.verb:set package 'eufs_rqt' build argument 'cmake_target' from command line to 'None'
[1.263s] Level 5:colcon.colcon_core.verb:set package 'eufs_rqt' build argument 'cmake_target_skip_unavailable' from command line to 'False'
[1.263s] Level 5:colcon.colcon_core.verb:set package 'eufs_rqt' build argument 'cmake_clean_cache' from command line to 'False'
[1.263s] Level 5:colcon.colcon_core.verb:set package 'eufs_rqt' build argument 'cmake_clean_first' from command line to 'False'
[1.263s] Level 5:colcon.colcon_core.verb:set package 'eufs_rqt' build argument 'cmake_force_configure' from command line to 'False'
[1.263s] Level 5:colcon.colcon_core.verb:set package 'eufs_rqt' build argument 'ament_cmake_args' from command line to 'None'
[1.263s] Level 5:colcon.colcon_core.verb:set package 'eufs_rqt' build argument 'catkin_cmake_args' from command line to 'None'
[1.264s] Level 5:colcon.colcon_core.verb:set package 'eufs_rqt' build argument 'catkin_skip_building_tests' from command line to 'False'
[1.264s] DEBUG:colcon.colcon_core.verb:Building package 'eufs_rqt' with the following arguments: {'ament_cmake_args': None, 'build_base': '/home/xyh/eufs_sim/build/eufs_rqt', 'catkin_cmake_args': None, 'catkin_skip_building_tests': False, 'cmake_args': None, 'cmake_clean_cache': False, 'cmake_clean_first': False, 'cmake_force_configure': False, 'cmake_target': None, 'cmake_target_skip_unavailable': False, 'install_base': '/home/xyh/eufs_sim/install/eufs_rqt', 'merge_install': False, 'path': '/home/xyh/eufs_sim/eufs_rqt', 'symlink_install': False, 'test_result_base': None}
[1.265s] Level 5:colcon.colcon_core.verb:set package 'eufs_plugins' build argument 'cmake_args' from command line to 'None'
[1.265s] Level 5:colcon.colcon_core.verb:set package 'eufs_plugins' build argument 'cmake_target' from command line to 'None'
[1.265s] Level 5:colcon.colcon_core.verb:set package 'eufs_plugins' build argument 'cmake_target_skip_unavailable' from command line to 'False'
[1.265s] Level 5:colcon.colcon_core.verb:set package 'eufs_plugins' build argument 'cmake_clean_cache' from command line to 'False'
[1.265s] Level 5:colcon.colcon_core.verb:set package 'eufs_plugins' build argument 'cmake_clean_first' from command line to 'False'
[1.265s] Level 5:colcon.colcon_core.verb:set package 'eufs_plugins' build argument 'cmake_force_configure' from command line to 'False'
[1.265s] Level 5:colcon.colcon_core.verb:set package 'eufs_plugins' build argument 'ament_cmake_args' from command line to 'None'
[1.265s] Level 5:colcon.colcon_core.verb:set package 'eufs_plugins' build argument 'catkin_cmake_args' from command line to 'None'
[1.265s] Level 5:colcon.colcon_core.verb:set package 'eufs_plugins' build argument 'catkin_skip_building_tests' from command line to 'False'
[1.265s] DEBUG:colcon.colcon_core.verb:Building package 'eufs_plugins' with the following arguments: {'ament_cmake_args': None, 'build_base': '/home/xyh/eufs_sim/build/eufs_plugins', 'catkin_cmake_args': None, 'catkin_skip_building_tests': False, 'cmake_args': None, 'cmake_clean_cache': False, 'cmake_clean_first': False, 'cmake_force_configure': False, 'cmake_target': None, 'cmake_target_skip_unavailable': False, 'install_base': '/home/xyh/eufs_sim/install/eufs_plugins', 'merge_install': False, 'path': '/home/xyh/eufs_sim/eufs_plugins', 'symlink_install': False, 'test_result_base': None}
[1.266s] INFO:colcon.colcon_core.executor:Executing jobs using 'parallel' executor
[1.268s] DEBUG:colcon.colcon_parallel_executor.executor.parallel:run_until_complete
[1.269s] INFO:colcon.colcon_ros.task.ament_cmake.build:Building ROS package in '/home/xyh/eufs_sim/eufs_msgs' with build type 'ament_cmake'
[1.269s] INFO:colcon.colcon_cmake.task.cmake.build:Building CMake package in '/home/xyh/eufs_sim/eufs_msgs'
[1.280s] INFO:colcon.colcon_core.plugin_system:Skipping extension 'colcon_core.shell.bat': Not used on non-Windows systems
[1.280s] INFO:colcon.colcon_core.shell:Skip shell extension 'powershell' for command environment: Not usable outside of PowerShell
[1.280s] DEBUG:colcon.colcon_core.shell:Skip shell extension 'dsv' for command environment
[1.286s] INFO:colcon.colcon_ros.task.ament_python.build:Building ROS package in '/home/xyh/eufs_sim/eufs_tracks' with build type 'ament_python'
[1.287s] Level 1:colcon.colcon_core.shell:create_environment_hook('eufs_tracks', 'ament_prefix_path')
[1.287s] INFO:colcon.colcon_core.shell:Creating environment hook '/home/xyh/eufs_sim/install/eufs_tracks/share/eufs_tracks/hook/ament_prefix_path.ps1'
[1.292s] INFO:colcon.colcon_core.shell:Creating environment descriptor '/home/xyh/eufs_sim/install/eufs_tracks/share/eufs_tracks/hook/ament_prefix_path.dsv'
[1.294s] INFO:colcon.colcon_core.shell:Creating environment hook '/home/xyh/eufs_sim/install/eufs_tracks/share/eufs_tracks/hook/ament_prefix_path.sh'
[1.296s] INFO:colcon.colcon_core.shell:Skip shell extension 'powershell' for command environment: Not usable outside of PowerShell
[1.296s] DEBUG:colcon.colcon_core.shell:Skip shell extension 'dsv' for command environment
[1.315s] DEBUG:colcon.colcon_core.event_handler.log_command:Invoking command in '/home/xyh/eufs_sim/build/eufs_msgs': /usr/bin/cmake --build /home/xyh/eufs_sim/build/eufs_msgs -- -j2 -l2
[1.983s] INFO:colcon.colcon_core.task.python.build:Building Python package in '/home/xyh/eufs_sim/eufs_tracks'
[1.985s] INFO:colcon.colcon_core.shell:Skip shell extension 'powershell' for command environment: Not usable outside of PowerShell
[1.985s] DEBUG:colcon.colcon_core.shell:Skip shell extension 'dsv' for command environment
[2.856s] DEBUG:colcon.colcon_core.event_handler.log_command:Invoked command in '/home/xyh/eufs_sim/build/eufs_msgs' returned '0': /usr/bin/cmake --build /home/xyh/eufs_sim/build/eufs_msgs -- -j2 -l2
[3.026s] DEBUG:colcon.colcon_core.event_handler.log_command:Invoking command in '/home/xyh/eufs_sim/eufs_tracks': PYTHONPATH=/home/xyh/eufs_sim/build/eufs_tracks/prefix_override:/home/xyh/eufs_sim/install/eufs_tracks/lib/python3.8/site-packages: /usr/bin/python3 -W ignore:setup.py install is deprecated setup.py egg_info --egg-base ../build/eufs_tracks build --build-base /home/xyh/eufs_sim/build/eufs_tracks/build install --record /home/xyh/eufs_sim/build/eufs_tracks/install.log --single-version-externally-managed install_data
[3.885s] DEBUG:colcon.colcon_core.event_handler.log_command:Invoked command in '/home/xyh/eufs_sim/eufs_tracks' returned '0': PYTHONPATH=/home/xyh/eufs_sim/build/eufs_tracks/prefix_override:/home/xyh/eufs_sim/install/eufs_tracks/lib/python3.8/site-packages: /usr/bin/python3 -W ignore:setup.py install is deprecated setup.py egg_info --egg-base ../build/eufs_tracks build --build-base /home/xyh/eufs_sim/build/eufs_tracks/build install --record /home/xyh/eufs_sim/build/eufs_tracks/install.log --single-version-externally-managed install_data
[3.899s] Level 1:colcon.colcon_core.environment:checking '/home/xyh/eufs_sim/install/eufs_tracks' for CMake module files
[3.900s] Level 1:colcon.colcon_core.environment:checking '/home/xyh/eufs_sim/install/eufs_tracks' for CMake config files
[3.905s] Level 1:colcon.colcon_core.environment:checking '/home/xyh/eufs_sim/install/eufs_tracks/lib'
[3.906s] Level 1:colcon.colcon_core.environment:checking '/home/xyh/eufs_sim/install/eufs_tracks/bin'
[3.906s] Level 1:colcon.colcon_core.environment:checking '/home/xyh/eufs_sim/install/eufs_tracks/lib/pkgconfig/eufs_tracks.pc'
[3.907s] Level 1:colcon.colcon_core.environment:checking '/home/xyh/eufs_sim/install/eufs_tracks/lib/python3.8/site-packages'
[3.907s] Level 1:colcon.colcon_core.shell:create_environment_hook('eufs_tracks', 'pythonpath')
[3.908s] INFO:colcon.colcon_core.shell:Creating environment hook '/home/xyh/eufs_sim/install/eufs_tracks/share/eufs_tracks/hook/pythonpath.ps1'
[3.911s] INFO:colcon.colcon_core.shell:Creating environment descriptor '/home/xyh/eufs_sim/install/eufs_tracks/share/eufs_tracks/hook/pythonpath.dsv'
[3.914s] INFO:colcon.colcon_core.shell:Creating environment hook '/home/xyh/eufs_sim/install/eufs_tracks/share/eufs_tracks/hook/pythonpath.sh'
[3.918s] Level 1:colcon.colcon_core.environment:checking '/home/xyh/eufs_sim/install/eufs_tracks/bin'
[3.919s] Level 1:colcon.colcon_core.environment:create_environment_scripts_only(eufs_tracks)
[3.920s] INFO:colcon.colcon_core.shell:Creating package script '/home/xyh/eufs_sim/install/eufs_tracks/share/eufs_tracks/package.ps1'
[3.924s] INFO:colcon.colcon_core.shell:Creating package descriptor '/home/xyh/eufs_sim/install/eufs_tracks/share/eufs_tracks/package.dsv'
[3.927s] INFO:colcon.colcon_core.shell:Creating package script '/home/xyh/eufs_sim/install/eufs_tracks/share/eufs_tracks/package.sh'
[3.930s] INFO:colcon.colcon_core.shell:Creating package script '/home/xyh/eufs_sim/install/eufs_tracks/share/eufs_tracks/package.bash'
[3.932s] INFO:colcon.colcon_core.shell:Creating package script '/home/xyh/eufs_sim/install/eufs_tracks/share/eufs_tracks/package.zsh'
[3.935s] Level 1:colcon.colcon_core.environment:create_file_with_runtime_dependencies(/home/xyh/eufs_sim/install/eufs_tracks/share/colcon-core/packages/eufs_tracks)
[3.936s] INFO:colcon.colcon_ros.task.ament_python.build:Building ROS package in '/home/xyh/eufs_sim/eufs_racecar' with build type 'ament_python'
[3.936s] Level 1:colcon.colcon_core.shell:create_environment_hook('eufs_racecar', 'ament_prefix_path')
[3.937s] INFO:colcon.colcon_core.shell:Creating environment hook '/home/xyh/eufs_sim/install/eufs_racecar/share/eufs_racecar/hook/ament_prefix_path.ps1'
[3.940s] INFO:colcon.colcon_core.shell:Creating environment descriptor '/home/xyh/eufs_sim/install/eufs_racecar/share/eufs_racecar/hook/ament_prefix_path.dsv'
[3.941s] INFO:colcon.colcon_core.shell:Creating environment hook '/home/xyh/eufs_sim/install/eufs_racecar/share/eufs_racecar/hook/ament_prefix_path.sh'
[3.942s] INFO:colcon.colcon_core.shell:Skip shell extension 'powershell' for command environment: Not usable outside of PowerShell
[3.942s] DEBUG:colcon.colcon_core.shell:Skip shell extension 'dsv' for command environment
[4.417s] INFO:colcon.colcon_core.task.python.build:Building Python package in '/home/xyh/eufs_sim/eufs_racecar'
[4.419s] INFO:colcon.colcon_core.shell:Skip shell extension 'powershell' for command environment: Not usable outside of PowerShell
[4.420s] DEBUG:colcon.colcon_core.shell:Skip shell extension 'dsv' for command environment
[4.602s] DEBUG:colcon.colcon_core.event_handler.log_command:Invoking command in '/home/xyh/eufs_sim/build/eufs_msgs': /usr/bin/cmake --install /home/xyh/eufs_sim/build/eufs_msgs
[5.245s] Level 1:colcon.colcon_core.environment:create_environment_scripts_only(eufs_msgs)
[5.245s] Level 1:colcon.colcon_core.environment:checking '/home/xyh/eufs_sim/install/eufs_msgs' for CMake module files
[5.247s] DEBUG:colcon.colcon_core.event_handler.log_command:Invoked command in '/home/xyh/eufs_sim/build/eufs_msgs' returned '0': /usr/bin/cmake --install /home/xyh/eufs_sim/build/eufs_msgs
[5.249s] Level 1:colcon.colcon_core.environment:checking '/home/xyh/eufs_sim/install/eufs_msgs' for CMake config files
[5.257s] Level 1:colcon.colcon_core.shell:create_environment_hook('eufs_msgs', 'cmake_prefix_path')
[5.257s] INFO:colcon.colcon_core.shell:Creating environment hook '/home/xyh/eufs_sim/install/eufs_msgs/share/eufs_msgs/hook/cmake_prefix_path.ps1'
[5.260s] INFO:colcon.colcon_core.shell:Creating environment descriptor '/home/xyh/eufs_sim/install/eufs_msgs/share/eufs_msgs/hook/cmake_prefix_path.dsv'
[5.261s] INFO:colcon.colcon_core.shell:Creating environment hook '/home/xyh/eufs_sim/install/eufs_msgs/share/eufs_msgs/hook/cmake_prefix_path.sh'
[5.262s] Level 1:colcon.colcon_core.environment:checking '/home/xyh/eufs_sim/install/eufs_msgs/lib'
[5.262s] Level 1:colcon.colcon_core.shell:create_environment_hook('eufs_msgs', 'ld_library_path_lib')
[5.263s] INFO:colcon.colcon_core.shell:Creating environment hook '/home/xyh/eufs_sim/install/eufs_msgs/share/eufs_msgs/hook/ld_library_path_lib.ps1'
[5.265s] INFO:colcon.colcon_core.shell:Creating environment descriptor '/home/xyh/eufs_sim/install/eufs_msgs/share/eufs_msgs/hook/ld_library_path_lib.dsv'
[5.269s] INFO:colcon.colcon_core.shell:Creating environment hook '/home/xyh/eufs_sim/install/eufs_msgs/share/eufs_msgs/hook/ld_library_path_lib.sh'
[5.271s] Level 1:colcon.colcon_core.environment:checking '/home/xyh/eufs_sim/install/eufs_msgs/bin'
[5.271s] Level 1:colcon.colcon_core.environment:checking '/home/xyh/eufs_sim/install/eufs_msgs/lib/pkgconfig/eufs_msgs.pc'
[5.272s] Level 1:colcon.colcon_core.environment:checking '/home/xyh/eufs_sim/install/eufs_msgs/lib/python3.8/site-packages'
[5.272s] Level 1:colcon.colcon_core.shell:create_environment_hook('eufs_msgs', 'pythonpath')
[5.273s] INFO:colcon.colcon_core.shell:Creating environment hook '/home/xyh/eufs_sim/install/eufs_msgs/share/eufs_msgs/hook/pythonpath.ps1'
[5.274s] INFO:colcon.colcon_core.shell:Creating environment descriptor '/home/xyh/eufs_sim/install/eufs_msgs/share/eufs_msgs/hook/pythonpath.dsv'
[5.275s] INFO:colcon.colcon_core.shell:Creating environment hook '/home/xyh/eufs_sim/install/eufs_msgs/share/eufs_msgs/hook/pythonpath.sh'
[5.276s] Level 1:colcon.colcon_core.environment:checking '/home/xyh/eufs_sim/install/eufs_msgs/bin'
[5.277s] INFO:colcon.colcon_core.shell:Creating package script '/home/xyh/eufs_sim/install/eufs_msgs/share/eufs_msgs/package.ps1'
[5.279s] INFO:colcon.colcon_core.shell:Creating package descriptor '/home/xyh/eufs_sim/install/eufs_msgs/share/eufs_msgs/package.dsv'
[5.281s] INFO:colcon.colcon_core.shell:Creating package script '/home/xyh/eufs_sim/install/eufs_msgs/share/eufs_msgs/package.sh'
[5.282s] INFO:colcon.colcon_core.shell:Creating package script '/home/xyh/eufs_sim/install/eufs_msgs/share/eufs_msgs/package.bash'
[5.284s] INFO:colcon.colcon_core.shell:Creating package script '/home/xyh/eufs_sim/install/eufs_msgs/share/eufs_msgs/package.zsh'
[5.285s] Level 1:colcon.colcon_core.environment:create_file_with_runtime_dependencies(/home/xyh/eufs_sim/install/eufs_msgs/share/colcon-core/packages/eufs_msgs)
[5.554s] DEBUG:colcon.colcon_core.event_handler.log_command:Invoking command in '/home/xyh/eufs_sim/eufs_racecar': PYTHONPATH=/home/xyh/eufs_sim/build/eufs_racecar/prefix_override:/home/xyh/eufs_sim/install/eufs_racecar/lib/python3.8/site-packages: /usr/bin/python3 -W ignore:setup.py install is deprecated setup.py egg_info --egg-base ../build/eufs_racecar build --build-base /home/xyh/eufs_sim/build/eufs_racecar/build install --record /home/xyh/eufs_sim/build/eufs_racecar/install.log --single-version-externally-managed install_data
[6.090s] Level 1:colcon.colcon_core.environment:checking '/home/xyh/eufs_sim/install/eufs_racecar' for CMake module files
[6.091s] DEBUG:colcon.colcon_core.event_handler.log_command:Invoked command in '/home/xyh/eufs_sim/eufs_racecar' returned '0': PYTHONPATH=/home/xyh/eufs_sim/build/eufs_racecar/prefix_override:/home/xyh/eufs_sim/install/eufs_racecar/lib/python3.8/site-packages: /usr/bin/python3 -W ignore:setup.py install is deprecated setup.py egg_info --egg-base ../build/eufs_racecar build --build-base /home/xyh/eufs_sim/build/eufs_racecar/build install --record /home/xyh/eufs_sim/build/eufs_racecar/install.log --single-version-externally-managed install_data
[6.092s] Level 1:colcon.colcon_core.environment:checking '/home/xyh/eufs_sim/install/eufs_racecar' for CMake config files
[6.095s] Level 1:colcon.colcon_core.environment:checking '/home/xyh/eufs_sim/install/eufs_racecar/lib'
[6.095s] Level 1:colcon.colcon_core.environment:checking '/home/xyh/eufs_sim/install/eufs_racecar/bin'
[6.096s] Level 1:colcon.colcon_core.environment:checking '/home/xyh/eufs_sim/install/eufs_racecar/lib/pkgconfig/eufs_racecar.pc'
[6.096s] Level 1:colcon.colcon_core.environment:checking '/home/xyh/eufs_sim/install/eufs_racecar/lib/python3.8/site-packages'
[6.096s] Level 1:colcon.colcon_core.shell:create_environment_hook('eufs_racecar', 'pythonpath')
[6.097s] INFO:colcon.colcon_core.shell:Creating environment hook '/home/xyh/eufs_sim/install/eufs_racecar/share/eufs_racecar/hook/pythonpath.ps1'
[6.098s] INFO:colcon.colcon_core.shell:Creating environment descriptor '/home/xyh/eufs_sim/install/eufs_racecar/share/eufs_racecar/hook/pythonpath.dsv'
[6.099s] INFO:colcon.colcon_core.shell:Creating environment hook '/home/xyh/eufs_sim/install/eufs_racecar/share/eufs_racecar/hook/pythonpath.sh'
[6.100s] Level 1:colcon.colcon_core.environment:checking '/home/xyh/eufs_sim/install/eufs_racecar/bin'
[6.100s] Level 1:colcon.colcon_core.environment:create_environment_scripts_only(eufs_racecar)
[6.100s] INFO:colcon.colcon_core.shell:Creating package script '/home/xyh/eufs_sim/install/eufs_racecar/share/eufs_racecar/package.ps1'
[6.102s] INFO:colcon.colcon_core.shell:Creating package descriptor '/home/xyh/eufs_sim/install/eufs_racecar/share/eufs_racecar/package.dsv'
[6.102s] INFO:colcon.colcon_core.shell:Creating package script '/home/xyh/eufs_sim/install/eufs_racecar/share/eufs_racecar/package.sh'
[6.104s] INFO:colcon.colcon_core.shell:Creating package script '/home/xyh/eufs_sim/install/eufs_racecar/share/eufs_racecar/package.bash'
[6.105s] INFO:colcon.colcon_core.shell:Creating package script '/home/xyh/eufs_sim/install/eufs_racecar/share/eufs_racecar/package.zsh'
[6.106s] Level 1:colcon.colcon_core.environment:create_file_with_runtime_dependencies(/home/xyh/eufs_sim/install/eufs_racecar/share/colcon-core/packages/eufs_racecar)
[6.108s] INFO:colcon.colcon_ros.task.ament_cmake.build:Building ROS package in '/home/xyh/eufs_sim/eufs_sensors' with build type 'ament_cmake'
[6.108s] INFO:colcon.colcon_cmake.task.cmake.build:Building CMake package in '/home/xyh/eufs_sim/eufs_sensors'
[6.109s] INFO:colcon.colcon_core.shell:Skip shell extension 'powershell' for command environment: Not usable outside of PowerShell
[6.109s] DEBUG:colcon.colcon_core.shell:Skip shell extension 'dsv' for command environment
[6.133s] DEBUG:colcon.colcon_core.event_handler.log_command:Invoking command in '/home/xyh/eufs_sim/build/eufs_sensors': /usr/bin/cmake --build /home/xyh/eufs_sim/build/eufs_sensors -- -j2 -l2
[6.287s] DEBUG:colcon.colcon_core.event_handler.log_command:Invoked command in '/home/xyh/eufs_sim/build/eufs_sensors' returned '0': /usr/bin/cmake --build /home/xyh/eufs_sim/build/eufs_sensors -- -j2 -l2
[6.332s] DEBUG:colcon.colcon_core.event_handler.log_command:Invoking command in '/home/xyh/eufs_sim/build/eufs_sensors': /usr/bin/cmake --install /home/xyh/eufs_sim/build/eufs_sensors
[6.382s] Level 1:colcon.colcon_core.environment:create_environment_scripts_only(eufs_sensors)
[6.383s] Level 1:colcon.colcon_core.environment:checking '/home/xyh/eufs_sim/install/eufs_sensors' for CMake module files
[6.384s] DEBUG:colcon.colcon_core.event_handler.log_command:Invoked command in '/home/xyh/eufs_sim/build/eufs_sensors' returned '0': /usr/bin/cmake --install /home/xyh/eufs_sim/build/eufs_sensors
[6.385s] Level 1:colcon.colcon_core.environment:checking '/home/xyh/eufs_sim/install/eufs_sensors' for CMake config files
[6.387s] Level 1:colcon.colcon_core.shell:create_environment_hook('eufs_sensors', 'cmake_prefix_path')
[6.388s] INFO:colcon.colcon_core.shell:Creating environment hook '/home/xyh/eufs_sim/install/eufs_sensors/share/eufs_sensors/hook/cmake_prefix_path.ps1'
[6.389s] INFO:colcon.colcon_core.shell:Creating environment descriptor '/home/xyh/eufs_sim/install/eufs_sensors/share/eufs_sensors/hook/cmake_prefix_path.dsv'
[6.390s] INFO:colcon.colcon_core.shell:Creating environment hook '/home/xyh/eufs_sim/install/eufs_sensors/share/eufs_sensors/hook/cmake_prefix_path.sh'
[6.392s] Level 1:colcon.colcon_core.environment:checking '/home/xyh/eufs_sim/install/eufs_sensors/bin'
[6.392s] Level 1:colcon.colcon_core.environment:checking '/home/xyh/eufs_sim/install/eufs_sensors/lib/pkgconfig/eufs_sensors.pc'
[6.393s] Level 1:colcon.colcon_core.environment:checking '/home/xyh/eufs_sim/install/eufs_sensors/lib/python3.8/site-packages'
[6.393s] Level 1:colcon.colcon_core.environment:checking '/home/xyh/eufs_sim/install/eufs_sensors/bin'
[6.394s] INFO:colcon.colcon_core.shell:Creating package script '/home/xyh/eufs_sim/install/eufs_sensors/share/eufs_sensors/package.ps1'
[6.395s] INFO:colcon.colcon_core.shell:Creating package descriptor '/home/xyh/eufs_sim/install/eufs_sensors/share/eufs_sensors/package.dsv'
[6.397s] INFO:colcon.colcon_core.shell:Creating package script '/home/xyh/eufs_sim/install/eufs_sensors/share/eufs_sensors/package.sh'
[6.398s] INFO:colcon.colcon_core.shell:Creating package script '/home/xyh/eufs_sim/install/eufs_sensors/share/eufs_sensors/package.bash'
[6.399s] INFO:colcon.colcon_core.shell:Creating package script '/home/xyh/eufs_sim/install/eufs_sensors/share/eufs_sensors/package.zsh'
[6.400s] Level 1:colcon.colcon_core.environment:create_file_with_runtime_dependencies(/home/xyh/eufs_sim/install/eufs_sensors/share/colcon-core/packages/eufs_sensors)
[6.454s] Level 1:colcon.colcon_core.environment:create_environment_scripts_only(eufs_sensors)
[6.455s] Level 1:colcon.colcon_core.environment:checking '/home/xyh/eufs_sim/install/eufs_sensors' for CMake module files
[6.456s] Level 1:colcon.colcon_core.environment:checking '/home/xyh/eufs_sim/install/eufs_sensors' for CMake config files
[6.456s] Level 1:colcon.colcon_core.shell:create_environment_hook('eufs_sensors', 'cmake_prefix_path')
[6.457s] INFO:colcon.colcon_core.shell:Creating environment hook '/home/xyh/eufs_sim/install/eufs_sensors/share/eufs_sensors/hook/cmake_prefix_path.ps1'
[6.458s] INFO:colcon.colcon_core.shell:Creating environment descriptor '/home/xyh/eufs_sim/install/eufs_sensors/share/eufs_sensors/hook/cmake_prefix_path.dsv'
[6.459s] INFO:colcon.colcon_core.shell:Creating environment hook '/home/xyh/eufs_sim/install/eufs_sensors/share/eufs_sensors/hook/cmake_prefix_path.sh'
[6.460s] Level 1:colcon.colcon_core.environment:checking '/home/xyh/eufs_sim/install/eufs_sensors/bin'
[6.461s] Level 1:colcon.colcon_core.environment:checking '/home/xyh/eufs_sim/install/eufs_sensors/lib/pkgconfig/eufs_sensors.pc'
[6.461s] Level 1:colcon.colcon_core.environment:checking '/home/xyh/eufs_sim/install/eufs_sensors/lib/python3.8/site-packages'
[6.461s] Level 1:colcon.colcon_core.environment:checking '/home/xyh/eufs_sim/install/eufs_sensors/bin'
[6.462s] INFO:colcon.colcon_core.shell:Creating package script '/home/xyh/eufs_sim/install/eufs_sensors/share/eufs_sensors/package.ps1'
[6.463s] INFO:colcon.colcon_core.shell:Creating package descriptor '/home/xyh/eufs_sim/install/eufs_sensors/share/eufs_sensors/package.dsv'
[6.465s] INFO:colcon.colcon_core.shell:Creating package script '/home/xyh/eufs_sim/install/eufs_sensors/share/eufs_sensors/package.sh'
[6.469s] INFO:colcon.colcon_core.shell:Creating package script '/home/xyh/eufs_sim/install/eufs_sensors/share/eufs_sensors/package.bash'
[6.469s] INFO:colcon.colcon_core.shell:Creating package script '/home/xyh/eufs_sim/install/eufs_sensors/share/eufs_sensors/package.zsh'
[6.470s] Level 1:colcon.colcon_core.environment:create_file_with_runtime_dependencies(/home/xyh/eufs_sim/install/eufs_sensors/share/colcon-core/packages/eufs_sensors)
[6.471s] INFO:colcon.colcon_ros.task.ament_python.build:Building ROS package in '/home/xyh/eufs_sim/eufs_launcher' with build type 'ament_python'
[6.472s] Level 1:colcon.colcon_core.shell:create_environment_hook('eufs_launcher', 'ament_prefix_path')
[6.472s] INFO:colcon.colcon_core.shell:Creating environment hook '/home/xyh/eufs_sim/install/eufs_launcher/share/eufs_launcher/hook/ament_prefix_path.ps1'
[6.475s] INFO:colcon.colcon_core.shell:Creating environment descriptor '/home/xyh/eufs_sim/install/eufs_launcher/share/eufs_launcher/hook/ament_prefix_path.dsv'
[6.476s] INFO:colcon.colcon_core.shell:Creating environment hook '/home/xyh/eufs_sim/install/eufs_launcher/share/eufs_launcher/hook/ament_prefix_path.sh'
[6.476s] INFO:colcon.colcon_core.shell:Skip shell extension 'powershell' for command environment: Not usable outside of PowerShell
[6.476s] DEBUG:colcon.colcon_core.shell:Skip shell extension 'dsv' for command environment
[6.928s] INFO:colcon.colcon_core.task.python.build:Building Python package in '/home/xyh/eufs_sim/eufs_launcher'
[6.929s] INFO:colcon.colcon_core.shell:Skip shell extension 'powershell' for command environment: Not usable outside of PowerShell
[6.929s] DEBUG:colcon.colcon_core.shell:Skip shell extension 'dsv' for command environment
[7.014s] Level 1:colcon.colcon_core.environment:create_environment_scripts_only(eufs_msgs)
[7.014s] Level 1:colcon.colcon_core.environment:checking '/home/xyh/eufs_sim/install/eufs_msgs' for CMake module files
[7.015s] Level 1:colcon.colcon_core.environment:checking '/home/xyh/eufs_sim/install/eufs_msgs' for CMake config files
[7.018s] Level 1:colcon.colcon_core.shell:create_environment_hook('eufs_msgs', 'cmake_prefix_path')
[7.019s] INFO:colcon.colcon_core.shell:Creating environment hook '/home/xyh/eufs_sim/install/eufs_msgs/share/eufs_msgs/hook/cmake_prefix_path.ps1'
[7.020s] INFO:colcon.colcon_core.shell:Creating environment descriptor '/home/xyh/eufs_sim/install/eufs_msgs/share/eufs_msgs/hook/cmake_prefix_path.dsv'
[7.021s] INFO:colcon.colcon_core.shell:Creating environment hook '/home/xyh/eufs_sim/install/eufs_msgs/share/eufs_msgs/hook/cmake_prefix_path.sh'
[7.022s] Level 1:colcon.colcon_core.environment:checking '/home/xyh/eufs_sim/install/eufs_msgs/lib'
[7.022s] Level 1:colcon.colcon_core.shell:create_environment_hook('eufs_msgs', 'ld_library_path_lib')
[7.023s] INFO:colcon.colcon_core.shell:Creating environment hook '/home/xyh/eufs_sim/install/eufs_msgs/share/eufs_msgs/hook/ld_library_path_lib.ps1'
[7.024s] INFO:colcon.colcon_core.shell:Creating environment descriptor '/home/xyh/eufs_sim/install/eufs_msgs/share/eufs_msgs/hook/ld_library_path_lib.dsv'
[7.025s] INFO:colcon.colcon_core.shell:Creating environment hook '/home/xyh/eufs_sim/install/eufs_msgs/share/eufs_msgs/hook/ld_library_path_lib.sh'
[7.026s] Level 1:colcon.colcon_core.environment:checking '/home/xyh/eufs_sim/install/eufs_msgs/bin'
[7.026s] Level 1:colcon.colcon_core.environment:checking '/home/xyh/eufs_sim/install/eufs_msgs/lib/pkgconfig/eufs_msgs.pc'
[7.027s] Level 1:colcon.colcon_core.environment:checking '/home/xyh/eufs_sim/install/eufs_msgs/lib/python3.8/site-packages'
[7.027s] Level 1:colcon.colcon_core.shell:create_environment_hook('eufs_msgs', 'pythonpath')
[7.027s] INFO:colcon.colcon_core.shell:Creating environment hook '/home/xyh/eufs_sim/install/eufs_msgs/share/eufs_msgs/hook/pythonpath.ps1'
[7.028s] INFO:colcon.colcon_core.shell:Creating environment descriptor '/home/xyh/eufs_sim/install/eufs_msgs/share/eufs_msgs/hook/pythonpath.dsv'
[7.029s] INFO:colcon.colcon_core.shell:Creating environment hook '/home/xyh/eufs_sim/install/eufs_msgs/share/eufs_msgs/hook/pythonpath.sh'
[7.030s] Level 1:colcon.colcon_core.environment:checking '/home/xyh/eufs_sim/install/eufs_msgs/bin'
[7.031s] INFO:colcon.colcon_core.shell:Creating package script '/home/xyh/eufs_sim/install/eufs_msgs/share/eufs_msgs/package.ps1'
[7.033s] INFO:colcon.colcon_core.shell:Creating package descriptor '/home/xyh/eufs_sim/install/eufs_msgs/share/eufs_msgs/package.dsv'
[7.034s] INFO:colcon.colcon_core.shell:Creating package script '/home/xyh/eufs_sim/install/eufs_msgs/share/eufs_msgs/package.sh'
[7.035s] INFO:colcon.colcon_core.shell:Creating package script '/home/xyh/eufs_sim/install/eufs_msgs/share/eufs_msgs/package.bash'
[7.036s] INFO:colcon.colcon_core.shell:Creating package script '/home/xyh/eufs_sim/install/eufs_msgs/share/eufs_msgs/package.zsh'
[7.037s] Level 1:colcon.colcon_core.environment:create_file_with_runtime_dependencies(/home/xyh/eufs_sim/install/eufs_msgs/share/colcon-core/packages/eufs_msgs)
[7.039s] INFO:colcon.colcon_ros.task.ament_cmake.build:Building ROS package in '/home/xyh/eufs_sim/eufs_models' with build type 'ament_cmake'
[7.039s] INFO:colcon.colcon_cmake.task.cmake.build:Building CMake package in '/home/xyh/eufs_sim/eufs_models'
[7.040s] INFO:colcon.colcon_core.shell:Skip shell extension 'powershell' for command environment: Not usable outside of PowerShell
[7.040s] DEBUG:colcon.colcon_core.shell:Skip shell extension 'dsv' for command environment
[7.081s] DEBUG:colcon.colcon_core.event_handler.log_command:Invoking command in '/home/xyh/eufs_sim/build/eufs_models': AMENT_PREFIX_PATH=/home/xyh/eufs_sim/install/eufs_msgs CMAKE_PREFIX_PATH=/home/xyh/eufs_sim/install/eufs_msgs LD_LIBRARY_PATH=/home/xyh/eufs_sim/install/eufs_msgs/lib PYTHONPATH=/home/xyh/eufs_sim/install/eufs_msgs/lib/python3.8/site-packages /usr/bin/cmake --build /home/xyh/eufs_sim/build/eufs_models -- -j2 -l2
[7.250s] DEBUG:colcon.colcon_core.event_handler.log_command:Invoked command in '/home/xyh/eufs_sim/build/eufs_models' returned '0': AMENT_PREFIX_PATH=/home/xyh/eufs_sim/install/eufs_msgs CMAKE_PREFIX_PATH=/home/xyh/eufs_sim/install/eufs_msgs LD_LIBRARY_PATH=/home/xyh/eufs_sim/install/eufs_msgs/lib PYTHONPATH=/home/xyh/eufs_sim/install/eufs_msgs/lib/python3.8/site-packages /usr/bin/cmake --build /home/xyh/eufs_sim/build/eufs_models -- -j2 -l2
[7.304s] DEBUG:colcon.colcon_core.event_handler.log_command:Invoking command in '/home/xyh/eufs_sim/build/eufs_models': AMENT_PREFIX_PATH=/home/xyh/eufs_sim/install/eufs_msgs CMAKE_PREFIX_PATH=/home/xyh/eufs_sim/install/eufs_msgs LD_LIBRARY_PATH=/home/xyh/eufs_sim/install/eufs_msgs/lib PYTHONPATH=/home/xyh/eufs_sim/install/eufs_msgs/lib/python3.8/site-packages /usr/bin/cmake --install /home/xyh/eufs_sim/build/eufs_models
[7.348s] Level 1:colcon.colcon_core.environment:create_environment_scripts_only(eufs_models)
[7.348s] Level 1:colcon.colcon_core.environment:checking '/home/xyh/eufs_sim/install/eufs_models' for CMake module files
[7.353s] DEBUG:colcon.colcon_core.event_handler.log_command:Invoked command in '/home/xyh/eufs_sim/build/eufs_models' returned '0': AMENT_PREFIX_PATH=/home/xyh/eufs_sim/install/eufs_msgs CMAKE_PREFIX_PATH=/home/xyh/eufs_sim/install/eufs_msgs LD_LIBRARY_PATH=/home/xyh/eufs_sim/install/eufs_msgs/lib PYTHONPATH=/home/xyh/eufs_sim/install/eufs_msgs/lib/python3.8/site-packages /usr/bin/cmake --install /home/xyh/eufs_sim/build/eufs_models
[7.354s] Level 1:colcon.colcon_core.environment:checking '/home/xyh/eufs_sim/install/eufs_models' for CMake config files
[7.355s] Level 1:colcon.colcon_core.shell:create_environment_hook('eufs_models', 'cmake_prefix_path')
[7.356s] INFO:colcon.colcon_core.shell:Creating environment hook '/home/xyh/eufs_sim/install/eufs_models/share/eufs_models/hook/cmake_prefix_path.ps1'
[7.357s] INFO:colcon.colcon_core.shell:Creating environment descriptor '/home/xyh/eufs_sim/install/eufs_models/share/eufs_models/hook/cmake_prefix_path.dsv'
[7.358s] INFO:colcon.colcon_core.shell:Creating environment hook '/home/xyh/eufs_sim/install/eufs_models/share/eufs_models/hook/cmake_prefix_path.sh'
[7.359s] Level 1:colcon.colcon_core.environment:checking '/home/xyh/eufs_sim/install/eufs_models/lib'
[7.359s] Level 1:colcon.colcon_core.environment:checking '/home/xyh/eufs_sim/install/eufs_models/bin'
[7.359s] Level 1:colcon.colcon_core.environment:checking '/home/xyh/eufs_sim/install/eufs_models/lib/pkgconfig/eufs_models.pc'
[7.360s] Level 1:colcon.colcon_core.environment:checking '/home/xyh/eufs_sim/install/eufs_models/lib/python3.8/site-packages'
[7.360s] Level 1:colcon.colcon_core.environment:checking '/home/xyh/eufs_sim/install/eufs_models/bin'
[7.361s] INFO:colcon.colcon_core.shell:Creating package script '/home/xyh/eufs_sim/install/eufs_models/share/eufs_models/package.ps1'
[7.362s] INFO:colcon.colcon_core.shell:Creating package descriptor '/home/xyh/eufs_sim/install/eufs_models/share/eufs_models/package.dsv'
[7.363s] INFO:colcon.colcon_core.shell:Creating package script '/home/xyh/eufs_sim/install/eufs_models/share/eufs_models/package.sh'
[7.364s] INFO:colcon.colcon_core.shell:Creating package script '/home/xyh/eufs_sim/install/eufs_models/share/eufs_models/package.bash'
[7.364s] INFO:colcon.colcon_core.shell:Creating package script '/home/xyh/eufs_sim/install/eufs_models/share/eufs_models/package.zsh'
[7.365s] Level 1:colcon.colcon_core.environment:create_file_with_runtime_dependencies(/home/xyh/eufs_sim/install/eufs_models/share/colcon-core/packages/eufs_models)
[7.419s] Level 1:colcon.colcon_core.environment:create_environment_scripts_only(eufs_models)
[7.420s] Level 1:colcon.colcon_core.environment:checking '/home/xyh/eufs_sim/install/eufs_models' for CMake module files
[7.421s] Level 1:colcon.colcon_core.environment:checking '/home/xyh/eufs_sim/install/eufs_models' for CMake config files
[7.421s] Level 1:colcon.colcon_core.shell:create_environment_hook('eufs_models', 'cmake_prefix_path')
[7.421s] INFO:colcon.colcon_core.shell:Creating environment hook '/home/xyh/eufs_sim/install/eufs_models/share/eufs_models/hook/cmake_prefix_path.ps1'
[7.422s] INFO:colcon.colcon_core.shell:Creating environment descriptor '/home/xyh/eufs_sim/install/eufs_models/share/eufs_models/hook/cmake_prefix_path.dsv'
[7.424s] INFO:colcon.colcon_core.shell:Creating environment hook '/home/xyh/eufs_sim/install/eufs_models/share/eufs_models/hook/cmake_prefix_path.sh'
[7.424s] Level 1:colcon.colcon_core.environment:checking '/home/xyh/eufs_sim/install/eufs_models/lib'
[7.425s] Level 1:colcon.colcon_core.environment:checking '/home/xyh/eufs_sim/install/eufs_models/bin'
[7.425s] Level 1:colcon.colcon_core.environment:checking '/home/xyh/eufs_sim/install/eufs_models/lib/pkgconfig/eufs_models.pc'
[7.425s] Level 1:colcon.colcon_core.environment:checking '/home/xyh/eufs_sim/install/eufs_models/lib/python3.8/site-packages'
[7.425s] Level 1:colcon.colcon_core.environment:checking '/home/xyh/eufs_sim/install/eufs_models/bin'
[7.425s] INFO:colcon.colcon_core.shell:Creating package script '/home/xyh/eufs_sim/install/eufs_models/share/eufs_models/package.ps1'
[7.426s] INFO:colcon.colcon_core.shell:Creating package descriptor '/home/xyh/eufs_sim/install/eufs_models/share/eufs_models/package.dsv'
[7.428s] INFO:colcon.colcon_core.shell:Creating package script '/home/xyh/eufs_sim/install/eufs_models/share/eufs_models/package.sh'
[7.428s] INFO:colcon.colcon_core.shell:Creating package script '/home/xyh/eufs_sim/install/eufs_models/share/eufs_models/package.bash'
[7.429s] INFO:colcon.colcon_core.shell:Creating package script '/home/xyh/eufs_sim/install/eufs_models/share/eufs_models/package.zsh'
[7.432s] Level 1:colcon.colcon_core.environment:create_file_with_runtime_dependencies(/home/xyh/eufs_sim/install/eufs_models/share/colcon-core/packages/eufs_models)
[7.434s] INFO:colcon.colcon_ros.task.ament_python.build:Building ROS package in '/home/xyh/eufs_sim/eufs_rqt' with build type 'ament_python'
[7.434s] Level 1:colcon.colcon_core.shell:create_environment_hook('eufs_rqt', 'ament_prefix_path')
[7.434s] INFO:colcon.colcon_core.shell:Creating environment hook '/home/xyh/eufs_sim/install/eufs_rqt/share/eufs_rqt/hook/ament_prefix_path.ps1'
[7.438s] INFO:colcon.colcon_core.shell:Creating environment descriptor '/home/xyh/eufs_sim/install/eufs_rqt/share/eufs_rqt/hook/ament_prefix_path.dsv'
[7.439s] INFO:colcon.colcon_core.shell:Creating environment hook '/home/xyh/eufs_sim/install/eufs_rqt/share/eufs_rqt/hook/ament_prefix_path.sh'
[7.439s] INFO:colcon.colcon_core.shell:Skip shell extension 'powershell' for command environment: Not usable outside of PowerShell
[7.439s] DEBUG:colcon.colcon_core.shell:Skip shell extension 'dsv' for command environment
[7.985s] INFO:colcon.colcon_core.task.python.build:Building Python package in '/home/xyh/eufs_sim/eufs_rqt'
[7.987s] INFO:colcon.colcon_core.shell:Skip shell extension 'powershell' for command environment: Not usable outside of PowerShell
[7.987s] DEBUG:colcon.colcon_core.shell:Skip shell extension 'dsv' for command environment
[7.999s] DEBUG:colcon.colcon_core.event_handler.log_command:Invoking command in '/home/xyh/eufs_sim/eufs_launcher': AMENT_PREFIX_PATH=/home/xyh/eufs_sim/install/eufs_tracks PYTHONPATH=/home/xyh/eufs_sim/build/eufs_launcher/prefix_override:/home/xyh/eufs_sim/install/eufs_launcher/lib/python3.8/site-packages:/home/xyh/eufs_sim/install/eufs_tracks/lib/python3.8/site-packages /usr/bin/python3 -W ignore:setup.py install is deprecated setup.py egg_info --egg-base ../build/eufs_launcher build --build-base /home/xyh/eufs_sim/build/eufs_launcher/build install --record /home/xyh/eufs_sim/build/eufs_launcher/install.log --single-version-externally-managed install_data
[8.664s] Level 1:colcon.colcon_core.environment:checking '/home/xyh/eufs_sim/install/eufs_launcher' for CMake module files
[8.666s] DEBUG:colcon.colcon_core.event_handler.log_command:Invoked command in '/home/xyh/eufs_sim/eufs_launcher' returned '0': AMENT_PREFIX_PATH=/home/xyh/eufs_sim/install/eufs_tracks PYTHONPATH=/home/xyh/eufs_sim/build/eufs_launcher/prefix_override:/home/xyh/eufs_sim/install/eufs_launcher/lib/python3.8/site-packages:/home/xyh/eufs_sim/install/eufs_tracks/lib/python3.8/site-packages /usr/bin/python3 -W ignore:setup.py install is deprecated setup.py egg_info --egg-base ../build/eufs_launcher build --build-base /home/xyh/eufs_sim/build/eufs_launcher/build install --record /home/xyh/eufs_sim/build/eufs_launcher/install.log --single-version-externally-managed install_data
[8.666s] Level 1:colcon.colcon_core.environment:checking '/home/xyh/eufs_sim/install/eufs_launcher' for CMake config files
[8.668s] Level 1:colcon.colcon_core.environment:checking '/home/xyh/eufs_sim/install/eufs_launcher/lib'
[8.668s] Level 1:colcon.colcon_core.environment:checking '/home/xyh/eufs_sim/install/eufs_launcher/bin'
[8.668s] Level 1:colcon.colcon_core.environment:checking '/home/xyh/eufs_sim/install/eufs_launcher/lib/pkgconfig/eufs_launcher.pc'
[8.669s] Level 1:colcon.colcon_core.environment:checking '/home/xyh/eufs_sim/install/eufs_launcher/lib/python3.8/site-packages'
[8.669s] Level 1:colcon.colcon_core.shell:create_environment_hook('eufs_launcher', 'pythonpath')
[8.670s] INFO:colcon.colcon_core.shell:Creating environment hook '/home/xyh/eufs_sim/install/eufs_launcher/share/eufs_launcher/hook/pythonpath.ps1'
[8.671s] INFO:colcon.colcon_core.shell:Creating environment descriptor '/home/xyh/eufs_sim/install/eufs_launcher/share/eufs_launcher/hook/pythonpath.dsv'
[8.672s] INFO:colcon.colcon_core.shell:Creating environment hook '/home/xyh/eufs_sim/install/eufs_launcher/share/eufs_launcher/hook/pythonpath.sh'
[8.674s] Level 1:colcon.colcon_core.environment:checking '/home/xyh/eufs_sim/install/eufs_launcher/bin'
[8.674s] Level 1:colcon.colcon_core.environment:create_environment_scripts_only(eufs_launcher)
[8.675s] INFO:colcon.colcon_core.shell:Creating package script '/home/xyh/eufs_sim/install/eufs_launcher/share/eufs_launcher/package.ps1'
[8.677s] INFO:colcon.colcon_core.shell:Creating package descriptor '/home/xyh/eufs_sim/install/eufs_launcher/share/eufs_launcher/package.dsv'
[8.678s] INFO:colcon.colcon_core.shell:Creating package script '/home/xyh/eufs_sim/install/eufs_launcher/share/eufs_launcher/package.sh'
[8.679s] INFO:colcon.colcon_core.shell:Creating package script '/home/xyh/eufs_sim/install/eufs_launcher/share/eufs_launcher/package.bash'
[8.680s] INFO:colcon.colcon_core.shell:Creating package script '/home/xyh/eufs_sim/install/eufs_launcher/share/eufs_launcher/package.zsh'
[8.682s] Level 1:colcon.colcon_core.environment:create_file_with_runtime_dependencies(/home/xyh/eufs_sim/install/eufs_launcher/share/colcon-core/packages/eufs_launcher)
[8.683s] INFO:colcon.colcon_ros.task.ament_cmake.build:Building ROS package in '/home/xyh/eufs_sim/eufs_plugins' with build type 'ament_cmake'
[8.684s] INFO:colcon.colcon_cmake.task.cmake.build:Building CMake package in '/home/xyh/eufs_sim/eufs_plugins'
[8.684s] INFO:colcon.colcon_core.shell:Skip shell extension 'powershell' for command environment: Not usable outside of PowerShell
[8.684s] DEBUG:colcon.colcon_core.shell:Skip shell extension 'dsv' for command environment
[8.723s] DEBUG:colcon.colcon_core.event_handler.log_command:Invoking command in '/home/xyh/eufs_sim/build/eufs_plugins': AMENT_PREFIX_PATH=/home/xyh/eufs_sim/install/eufs_models:/home/xyh/eufs_sim/install/eufs_msgs CMAKE_PREFIX_PATH=/home/xyh/eufs_sim/install/eufs_models:/home/xyh/eufs_sim/install/eufs_msgs LD_LIBRARY_PATH=/home/xyh/eufs_sim/install/eufs_models/lib:/home/xyh/eufs_sim/install/eufs_msgs/lib PYTHONPATH=/home/xyh/eufs_sim/install/eufs_msgs/lib/python3.8/site-packages /usr/bin/cmake --build /home/xyh/eufs_sim/build/eufs_plugins -- -j2 -l2
[8.937s] DEBUG:colcon.colcon_core.event_handler.log_command:Invoking command in '/home/xyh/eufs_sim/eufs_rqt': AMENT_PREFIX_PATH=/home/xyh/eufs_sim/install/eufs_msgs CMAKE_PREFIX_PATH=/home/xyh/eufs_sim/install/eufs_msgs LD_LIBRARY_PATH=/home/xyh/eufs_sim/install/eufs_msgs/lib PYTHONPATH=/home/xyh/eufs_sim/build/eufs_rqt/prefix_override:/home/xyh/eufs_sim/install/eufs_rqt/lib/python3.8/site-packages:/home/xyh/eufs_sim/install/eufs_msgs/lib/python3.8/site-packages /usr/bin/python3 -W ignore:setup.py install is deprecated setup.py egg_info --egg-base ../build/eufs_rqt build --build-base /home/xyh/eufs_sim/build/eufs_rqt/build install --record /home/xyh/eufs_sim/build/eufs_rqt/install.log --single-version-externally-managed install_data
[10.029s] Level 1:colcon.colcon_core.environment:checking '/home/xyh/eufs_sim/install/eufs_rqt' for CMake module files
[10.031s] DEBUG:colcon.colcon_core.event_handler.log_command:Invoked command in '/home/xyh/eufs_sim/eufs_rqt' returned '0': AMENT_PREFIX_PATH=/home/xyh/eufs_sim/install/eufs_msgs CMAKE_PREFIX_PATH=/home/xyh/eufs_sim/install/eufs_msgs LD_LIBRARY_PATH=/home/xyh/eufs_sim/install/eufs_msgs/lib PYTHONPATH=/home/xyh/eufs_sim/build/eufs_rqt/prefix_override:/home/xyh/eufs_sim/install/eufs_rqt/lib/python3.8/site-packages:/home/xyh/eufs_sim/install/eufs_msgs/lib/python3.8/site-packages /usr/bin/python3 -W ignore:setup.py install is deprecated setup.py egg_info --egg-base ../build/eufs_rqt build --build-base /home/xyh/eufs_sim/build/eufs_rqt/build install --record /home/xyh/eufs_sim/build/eufs_rqt/install.log --single-version-externally-managed install_data
[10.032s] Level 1:colcon.colcon_core.environment:checking '/home/xyh/eufs_sim/install/eufs_rqt' for CMake config files
[10.034s] Level 1:colcon.colcon_core.environment:checking '/home/xyh/eufs_sim/install/eufs_rqt/lib'
[10.035s] Level 1:colcon.colcon_core.environment:checking '/home/xyh/eufs_sim/install/eufs_rqt/bin'
[10.035s] Level 1:colcon.colcon_core.environment:checking '/home/xyh/eufs_sim/install/eufs_rqt/lib/pkgconfig/eufs_rqt.pc'
[10.036s] Level 1:colcon.colcon_core.environment:checking '/home/xyh/eufs_sim/install/eufs_rqt/lib/python3.8/site-packages'
[10.036s] Level 1:colcon.colcon_core.shell:create_environment_hook('eufs_rqt', 'pythonpath')
[10.036s] INFO:colcon.colcon_core.shell:Creating environment hook '/home/xyh/eufs_sim/install/eufs_rqt/share/eufs_rqt/hook/pythonpath.ps1'
[10.038s] INFO:colcon.colcon_core.shell:Creating environment descriptor '/home/xyh/eufs_sim/install/eufs_rqt/share/eufs_rqt/hook/pythonpath.dsv'
[10.039s] INFO:colcon.colcon_core.shell:Creating environment hook '/home/xyh/eufs_sim/install/eufs_rqt/share/eufs_rqt/hook/pythonpath.sh'
[10.044s] Level 1:colcon.colcon_core.environment:checking '/home/xyh/eufs_sim/install/eufs_rqt/bin'
[10.044s] Level 1:colcon.colcon_core.environment:create_environment_scripts_only(eufs_rqt)
[10.045s] INFO:colcon.colcon_core.shell:Creating package script '/home/xyh/eufs_sim/install/eufs_rqt/share/eufs_rqt/package.ps1'
[10.046s] INFO:colcon.colcon_core.shell:Creating package descriptor '/home/xyh/eufs_sim/install/eufs_rqt/share/eufs_rqt/package.dsv'
[10.047s] INFO:colcon.colcon_core.shell:Creating package script '/home/xyh/eufs_sim/install/eufs_rqt/share/eufs_rqt/package.sh'
[10.048s] INFO:colcon.colcon_core.shell:Creating package script '/home/xyh/eufs_sim/install/eufs_rqt/share/eufs_rqt/package.bash'
[10.049s] INFO:colcon.colcon_core.shell:Creating package script '/home/xyh/eufs_sim/install/eufs_rqt/share/eufs_rqt/package.zsh'
[10.050s] Level 1:colcon.colcon_core.environment:create_file_with_runtime_dependencies(/home/xyh/eufs_sim/install/eufs_rqt/share/colcon-core/packages/eufs_rqt)
[115.250s] DEBUG:colcon.colcon_core.event_handler.log_command:Invoked command in '/home/xyh/eufs_sim/build/eufs_plugins' returned '0': AMENT_PREFIX_PATH=/home/xyh/eufs_sim/install/eufs_models:/home/xyh/eufs_sim/install/eufs_msgs CMAKE_PREFIX_PATH=/home/xyh/eufs_sim/install/eufs_models:/home/xyh/eufs_sim/install/eufs_msgs LD_LIBRARY_PATH=/home/xyh/eufs_sim/install/eufs_models/lib:/home/xyh/eufs_sim/install/eufs_msgs/lib PYTHONPATH=/home/xyh/eufs_sim/install/eufs_msgs/lib/python3.8/site-packages /usr/bin/cmake --build /home/xyh/eufs_sim/build/eufs_plugins -- -j2 -l2
[115.301s] DEBUG:colcon.colcon_core.event_handler.log_command:Invoking command in '/home/xyh/eufs_sim/build/eufs_plugins': AMENT_PREFIX_PATH=/home/xyh/eufs_sim/install/eufs_models:/home/xyh/eufs_sim/install/eufs_msgs CMAKE_PREFIX_PATH=/home/xyh/eufs_sim/install/eufs_models:/home/xyh/eufs_sim/install/eufs_msgs LD_LIBRARY_PATH=/home/xyh/eufs_sim/install/eufs_models/lib:/home/xyh/eufs_sim/install/eufs_msgs/lib PYTHONPATH=/home/xyh/eufs_sim/install/eufs_msgs/lib/python3.8/site-packages /usr/bin/cmake --install /home/xyh/eufs_sim/build/eufs_plugins
[115.427s] Level 1:colcon.colcon_core.environment:create_environment_scripts_only(eufs_plugins)
[115.428s] DEBUG:colcon.colcon_core.event_handler.log_command:Invoked command in '/home/xyh/eufs_sim/build/eufs_plugins' returned '0': AMENT_PREFIX_PATH=/home/xyh/eufs_sim/install/eufs_models:/home/xyh/eufs_sim/install/eufs_msgs CMAKE_PREFIX_PATH=/home/xyh/eufs_sim/install/eufs_models:/home/xyh/eufs_sim/install/eufs_msgs LD_LIBRARY_PATH=/home/xyh/eufs_sim/install/eufs_models/lib:/home/xyh/eufs_sim/install/eufs_msgs/lib PYTHONPATH=/home/xyh/eufs_sim/install/eufs_msgs/lib/python3.8/site-packages /usr/bin/cmake --install /home/xyh/eufs_sim/build/eufs_plugins
[115.429s] Level 1:colcon.colcon_core.environment:checking '/home/xyh/eufs_sim/install/eufs_plugins' for CMake module files
[115.430s] Level 1:colcon.colcon_core.environment:checking '/home/xyh/eufs_sim/install/eufs_plugins' for CMake config files
[115.432s] Level 1:colcon.colcon_core.shell:create_environment_hook('eufs_plugins', 'cmake_prefix_path')
[115.432s] INFO:colcon.colcon_core.shell:Creating environment hook '/home/xyh/eufs_sim/install/eufs_plugins/share/eufs_plugins/hook/cmake_prefix_path.ps1'
[115.434s] INFO:colcon.colcon_core.shell:Creating environment descriptor '/home/xyh/eufs_sim/install/eufs_plugins/share/eufs_plugins/hook/cmake_prefix_path.dsv'
[115.435s] INFO:colcon.colcon_core.shell:Creating environment hook '/home/xyh/eufs_sim/install/eufs_plugins/share/eufs_plugins/hook/cmake_prefix_path.sh'
[115.436s] Level 1:colcon.colcon_core.environment:checking '/home/xyh/eufs_sim/install/eufs_plugins/lib'
[115.436s] Level 1:colcon.colcon_core.shell:create_environment_hook('eufs_plugins', 'ld_library_path_lib')
[115.436s] INFO:colcon.colcon_core.shell:Creating environment hook '/home/xyh/eufs_sim/install/eufs_plugins/share/eufs_plugins/hook/ld_library_path_lib.ps1'
[115.437s] INFO:colcon.colcon_core.shell:Creating environment descriptor '/home/xyh/eufs_sim/install/eufs_plugins/share/eufs_plugins/hook/ld_library_path_lib.dsv'
[115.437s] INFO:colcon.colcon_core.shell:Creating environment hook '/home/xyh/eufs_sim/install/eufs_plugins/share/eufs_plugins/hook/ld_library_path_lib.sh'
[115.438s] Level 1:colcon.colcon_core.environment:checking '/home/xyh/eufs_sim/install/eufs_plugins/bin'
[115.438s] Level 1:colcon.colcon_core.environment:checking '/home/xyh/eufs_sim/install/eufs_plugins/lib/pkgconfig/eufs_plugins.pc'
[115.439s] Level 1:colcon.colcon_core.environment:checking '/home/xyh/eufs_sim/install/eufs_plugins/lib/python3.8/site-packages'
[115.439s] Level 1:colcon.colcon_core.environment:checking '/home/xyh/eufs_sim/install/eufs_plugins/bin'
[115.439s] INFO:colcon.colcon_core.shell:Creating package script '/home/xyh/eufs_sim/install/eufs_plugins/share/eufs_plugins/package.ps1'
[115.441s] INFO:colcon.colcon_core.shell:Creating package descriptor '/home/xyh/eufs_sim/install/eufs_plugins/share/eufs_plugins/package.dsv'
[115.442s] INFO:colcon.colcon_core.shell:Creating package script '/home/xyh/eufs_sim/install/eufs_plugins/share/eufs_plugins/package.sh'
[115.443s] INFO:colcon.colcon_core.shell:Creating package script '/home/xyh/eufs_sim/install/eufs_plugins/share/eufs_plugins/package.bash'
[115.444s] INFO:colcon.colcon_core.shell:Creating package script '/home/xyh/eufs_sim/install/eufs_plugins/share/eufs_plugins/package.zsh'
[115.446s] Level 1:colcon.colcon_core.environment:create_file_with_runtime_dependencies(/home/xyh/eufs_sim/install/eufs_plugins/share/colcon-core/packages/eufs_plugins)
[115.490s] Level 1:colcon.colcon_core.environment:create_environment_scripts_only(eufs_plugins)
[115.490s] Level 1:colcon.colcon_core.environment:checking '/home/xyh/eufs_sim/install/eufs_plugins' for CMake module files
[115.492s] Level 1:colcon.colcon_core.environment:checking '/home/xyh/eufs_sim/install/eufs_plugins' for CMake config files
[115.492s] Level 1:colcon.colcon_core.shell:create_environment_hook('eufs_plugins', 'cmake_prefix_path')
[115.493s] INFO:colcon.colcon_core.shell:Creating environment hook '/home/xyh/eufs_sim/install/eufs_plugins/share/eufs_plugins/hook/cmake_prefix_path.ps1'
[115.494s] INFO:colcon.colcon_core.shell:Creating environment descriptor '/home/xyh/eufs_sim/install/eufs_plugins/share/eufs_plugins/hook/cmake_prefix_path.dsv'
[115.495s] INFO:colcon.colcon_core.shell:Creating environment hook '/home/xyh/eufs_sim/install/eufs_plugins/share/eufs_plugins/hook/cmake_prefix_path.sh'
[115.497s] Level 1:colcon.colcon_core.environment:checking '/home/xyh/eufs_sim/install/eufs_plugins/lib'
[115.497s] Level 1:colcon.colcon_core.shell:create_environment_hook('eufs_plugins', 'ld_library_path_lib')
[115.497s] INFO:colcon.colcon_core.shell:Creating environment hook '/home/xyh/eufs_sim/install/eufs_plugins/share/eufs_plugins/hook/ld_library_path_lib.ps1'
[115.498s] INFO:colcon.colcon_core.shell:Creating environment descriptor '/home/xyh/eufs_sim/install/eufs_plugins/share/eufs_plugins/hook/ld_library_path_lib.dsv'
[115.498s] INFO:colcon.colcon_core.shell:Creating environment hook '/home/xyh/eufs_sim/install/eufs_plugins/share/eufs_plugins/hook/ld_library_path_lib.sh'
[115.499s] Level 1:colcon.colcon_core.environment:checking '/home/xyh/eufs_sim/install/eufs_plugins/bin'
[115.499s] Level 1:colcon.colcon_core.environment:checking '/home/xyh/eufs_sim/install/eufs_plugins/lib/pkgconfig/eufs_plugins.pc'
[115.499s] Level 1:colcon.colcon_core.environment:checking '/home/xyh/eufs_sim/install/eufs_plugins/lib/python3.8/site-packages'
[115.500s] Level 1:colcon.colcon_core.environment:checking '/home/xyh/eufs_sim/install/eufs_plugins/bin'
[115.500s] INFO:colcon.colcon_core.shell:Creating package script '/home/xyh/eufs_sim/install/eufs_plugins/share/eufs_plugins/package.ps1'
[115.501s] INFO:colcon.colcon_core.shell:Creating package descriptor '/home/xyh/eufs_sim/install/eufs_plugins/share/eufs_plugins/package.dsv'
[115.502s] INFO:colcon.colcon_core.shell:Creating package script '/home/xyh/eufs_sim/install/eufs_plugins/share/eufs_plugins/package.sh'
[115.503s] INFO:colcon.colcon_core.shell:Creating package script '/home/xyh/eufs_sim/install/eufs_plugins/share/eufs_plugins/package.bash'
[115.504s] INFO:colcon.colcon_core.shell:Creating package script '/home/xyh/eufs_sim/install/eufs_plugins/share/eufs_plugins/package.zsh'
[115.505s] Level 1:colcon.colcon_core.environment:create_file_with_runtime_dependencies(/home/xyh/eufs_sim/install/eufs_plugins/share/colcon-core/packages/eufs_plugins)
[115.506s] DEBUG:colcon.colcon_parallel_executor.executor.parallel:closing loop
[115.506s] DEBUG:colcon.colcon_parallel_executor.executor.parallel:loop closed
[115.506s] DEBUG:colcon.colcon_parallel_executor.executor.parallel:run_until_complete finished with '0'
[115.506s] DEBUG:colcon.colcon_core.event_reactor:joining thread
[115.535s] INFO:colcon.colcon_core.plugin_system:Skipping extension 'colcon_notification.desktop_notification.terminal_notifier': Not used on non-Darwin systems
[115.535s] INFO:colcon.colcon_core.plugin_system:Skipping extension 'colcon_notification.desktop_notification.win32': Not used on non-Windows systems
[115.536s] INFO:colcon.colcon_notification.desktop_notification:Sending desktop notification using 'notify2'
[115.892s] DEBUG:colcon.colcon_core.event_reactor:joined thread
[115.893s] INFO:colcon.colcon_core.shell:Creating prefix script '/home/xyh/eufs_sim/install/local_setup.ps1'
[115.898s] INFO:colcon.colcon_core.shell:Creating prefix util module '/home/xyh/eufs_sim/install/_local_setup_util_ps1.py'
[115.901s] INFO:colcon.colcon_core.shell:Creating prefix chain script '/home/xyh/eufs_sim/install/setup.ps1'
[115.903s] INFO:colcon.colcon_core.shell:Creating prefix script '/home/xyh/eufs_sim/install/local_setup.sh'
[115.905s] INFO:colcon.colcon_core.shell:Creating prefix util module '/home/xyh/eufs_sim/install/_local_setup_util_sh.py'
[115.906s] INFO:colcon.colcon_core.shell:Creating prefix chain script '/home/xyh/eufs_sim/install/setup.sh'
[115.909s] INFO:colcon.colcon_core.shell:Creating prefix script '/home/xyh/eufs_sim/install/local_setup.bash'
[115.911s] INFO:colcon.colcon_core.shell:Creating prefix chain script '/home/xyh/eufs_sim/install/setup.bash'
[115.914s] INFO:colcon.colcon_core.shell:Creating prefix script '/home/xyh/eufs_sim/install/local_setup.zsh'
[115.916s] INFO:colcon.colcon_core.shell:Creating prefix chain script '/home/xyh/eufs_sim/install/setup.zsh'
