[1.757s] Invoking command in '/home/xyh/eufs_sim/eufs_launcher': AMENT_PREFIX_PATH=/home/xyh/eufs_sim/install/eufs_tracks:${AMENT_PREFIX_PATH} PYTHONPATH=/home/xyh/eufs_sim/build/eufs_launcher/prefix_override:/home/xyh/eufs_sim/install/eufs_launcher/lib/python3.8/site-packages:/home/xyh/eufs_sim/install/eufs_tracks/lib/python3.8/site-packages:${PYTHONPATH} /usr/bin/python3 -W ignore:setup.py install is deprecated setup.py egg_info --egg-base ../build/eufs_launcher build --build-base /home/xyh/eufs_sim/build/eufs_launcher/build install --record /home/xyh/eufs_sim/build/eufs_launcher/install.log --single-version-externally-managed install_data
[2.221s] running egg_info
[2.224s] writing ../build/eufs_launcher/eufs_launcher.egg-info/PKG-INFO
[2.225s] writing dependency_links to ../build/eufs_launcher/eufs_launcher.egg-info/dependency_links.txt
[2.226s] writing requirements to ../build/eufs_launcher/eufs_launcher.egg-info/requires.txt
[2.228s] writing top-level names to ../build/eufs_launcher/eufs_launcher.egg-info/top_level.txt
[2.296s] reading manifest file '../build/eufs_launcher/eufs_launcher.egg-info/SOURCES.txt'
[2.297s] writing manifest file '../build/eufs_launcher/eufs_launcher.egg-info/SOURCES.txt'
[2.298s] running build
[2.299s] running build_py
[2.299s] running build_scripts
[2.300s] running install
[2.301s] running install_lib
[2.303s] running install_data
[2.304s] running install_egg_info
[2.307s] removing '/home/xyh/eufs_sim/install/eufs_launcher/lib/python3.8/site-packages/eufs_launcher-2.0.0-py3.8.egg-info' (and everything under it)
[2.308s] Copying ../build/eufs_launcher/eufs_launcher.egg-info to /home/xyh/eufs_sim/install/eufs_launcher/lib/python3.8/site-packages/eufs_launcher-2.0.0-py3.8.egg-info
[2.309s] running install_scripts
[2.336s] changing mode of /home/xyh/eufs_sim/install/eufs_launcher/lib/eufs_launcher/eufs_launcher to 775
[2.339s] writing list of installed files to '/home/xyh/eufs_sim/build/eufs_launcher/install.log'
[2.388s] Invoked command in '/home/xyh/eufs_sim/eufs_launcher' returned '0': AMENT_PREFIX_PATH=/home/xyh/eufs_sim/install/eufs_tracks:${AMENT_PREFIX_PATH} PYTHONPATH=/home/xyh/eufs_sim/build/eufs_launcher/prefix_override:/home/xyh/eufs_sim/install/eufs_launcher/lib/python3.8/site-packages:/home/xyh/eufs_sim/install/eufs_tracks/lib/python3.8/site-packages:${PYTHONPATH} /usr/bin/python3 -W ignore:setup.py install is deprecated setup.py egg_info --egg-base ../build/eufs_launcher build --build-base /home/xyh/eufs_sim/build/eufs_launcher/build install --record /home/xyh/eufs_sim/build/eufs_launcher/install.log --single-version-externally-managed install_data
