[0.456s] DEBUG:colcon:Command line arguments: ['/usr/bin/colcon', 'build', '--packages-select', 'mpcc_control']
[0.456s] DEBUG:colcon:Parsed command line arguments: Namespace(allow_overriding=[], ament_cmake_args=None, base_paths=['.'], build_base='build', catkin_cmake_args=None, catkin_skip_building_tests=False, cmake_args=None, cmake_clean_cache=False, cmake_clean_first=False, cmake_force_configure=False, cmake_target=None, cmake_target_skip_unavailable=False, continue_on_error=False, event_handlers=None, executor='parallel', ignore_user_meta=False, install_base='install', log_base=None, log_level=None, main=<bound method BuildVerb.main of <colcon_core.verb.build.BuildVerb object at 0x7fc4b0d3cc40>>, merge_install=False, metas=['./colcon.meta'], packages_above=None, packages_above_and_dependencies=None, packages_above_depth=None, packages_end=None, packages_ignore=None, packages_ignore_regex=None, packages_select=['mpcc_control'], packages_select_build_failed=False, packages_select_by_dep=None, packages_select_regex=None, packages_select_test_failures=False, packages_skip=None, packages_skip_build_finished=False, packages_skip_by_dep=None, packages_skip_regex=None, packages_skip_test_passed=False, packages_skip_up_to=None, packages_start=None, packages_up_to=None, packages_up_to_regex=None, parallel_workers=4, paths=None, symlink_install=False, test_result_base=None, verb_extension=<colcon_core.verb.build.BuildVerb object at 0x7fc4b0d3cc40>, verb_name='build', verb_parser=<colcon_defaults.argument_parser.defaults.DefaultArgumentsDecorator object at 0x7fc4b0d77f10>)
[0.820s] Level 1:colcon.colcon_core.package_discovery:discover_packages(colcon_meta) check parameters
[0.820s] Level 1:colcon.colcon_core.package_discovery:discover_packages(recursive) check parameters
[0.821s] Level 1:colcon.colcon_core.package_discovery:discover_packages(ignore) check parameters
[0.821s] Level 1:colcon.colcon_core.package_discovery:discover_packages(path) check parameters
[0.821s] Level 1:colcon.colcon_core.package_discovery:discover_packages(colcon_meta) discover
[0.821s] Level 1:colcon.colcon_core.package_discovery:discover_packages(recursive) discover
[0.821s] INFO:colcon.colcon_core.package_discovery:Crawling recursively for packages in '/home/xyh/ros2_foxy_workspace/src/MPCC/C++'
[0.821s] Level 1:colcon.colcon_core.package_identification:_identify(.) by extensions ['ignore', 'ignore_ament_install']
[0.822s] Level 1:colcon.colcon_core.package_identification:_identify(.) by extension 'ignore'
[0.822s] Level 1:colcon.colcon_core.package_identification:_identify(.) by extension 'ignore_ament_install'
[0.822s] Level 1:colcon.colcon_core.package_identification:_identify(.) by extensions ['colcon_pkg']
[0.822s] Level 1:colcon.colcon_core.package_identification:_identify(.) by extension 'colcon_pkg'
[0.822s] Level 1:colcon.colcon_core.package_identification:_identify(.) by extensions ['colcon_meta']
[0.822s] Level 1:colcon.colcon_core.package_identification:_identify(.) by extension 'colcon_meta'
[0.822s] Level 1:colcon.colcon_core.package_identification:_identify(.) by extensions ['ros']
[0.822s] Level 1:colcon.colcon_core.package_identification:_identify(.) by extension 'ros'
[0.857s] DEBUG:colcon.colcon_core.package_identification:Package '.' with type 'ros.ament_cmake' and name 'mpcc_control'
[0.857s] Level 1:colcon.colcon_core.package_discovery:discover_packages(recursive) using defaults
[0.857s] Level 1:colcon.colcon_core.package_discovery:discover_packages(ignore) discover
[0.857s] Level 1:colcon.colcon_core.package_discovery:discover_packages(ignore) using defaults
[0.857s] Level 1:colcon.colcon_core.package_discovery:discover_packages(path) discover
[0.857s] Level 1:colcon.colcon_core.package_discovery:discover_packages(path) using defaults
[0.892s] Level 1:colcon.colcon_core.package_discovery:discover_packages(prefix_path) check parameters
[0.892s] Level 1:colcon.colcon_core.package_discovery:discover_packages(prefix_path) discover
[0.896s] DEBUG:colcon.colcon_installed_package_information.package_discovery:Found 1 installed packages in /home/xyh/ros2_foxy_workspace/src/MPCC/C++/install
[0.900s] DEBUG:colcon.colcon_installed_package_information.package_discovery:Found 299 installed packages in /opt/ros/foxy
[0.904s] Level 1:colcon.colcon_core.package_discovery:discover_packages(prefix_path) using defaults
[1.055s] Level 5:colcon.colcon_core.verb:set package 'mpcc_control' build argument 'cmake_args' from command line to 'None'
[1.055s] Level 5:colcon.colcon_core.verb:set package 'mpcc_control' build argument 'cmake_target' from command line to 'None'
[1.055s] Level 5:colcon.colcon_core.verb:set package 'mpcc_control' build argument 'cmake_target_skip_unavailable' from command line to 'False'
[1.055s] Level 5:colcon.colcon_core.verb:set package 'mpcc_control' build argument 'cmake_clean_cache' from command line to 'False'
[1.055s] Level 5:colcon.colcon_core.verb:set package 'mpcc_control' build argument 'cmake_clean_first' from command line to 'False'
[1.056s] Level 5:colcon.colcon_core.verb:set package 'mpcc_control' build argument 'cmake_force_configure' from command line to 'False'
[1.056s] Level 5:colcon.colcon_core.verb:set package 'mpcc_control' build argument 'ament_cmake_args' from command line to 'None'
[1.056s] Level 5:colcon.colcon_core.verb:set package 'mpcc_control' build argument 'catkin_cmake_args' from command line to 'None'
[1.056s] Level 5:colcon.colcon_core.verb:set package 'mpcc_control' build argument 'catkin_skip_building_tests' from command line to 'False'
[1.056s] DEBUG:colcon.colcon_core.verb:Building package 'mpcc_control' with the following arguments: {'ament_cmake_args': None, 'build_base': '/home/xyh/ros2_foxy_workspace/src/MPCC/C++/build/mpcc_control', 'catkin_cmake_args': None, 'catkin_skip_building_tests': False, 'cmake_args': None, 'cmake_clean_cache': False, 'cmake_clean_first': False, 'cmake_force_configure': False, 'cmake_target': None, 'cmake_target_skip_unavailable': False, 'install_base': '/home/xyh/ros2_foxy_workspace/src/MPCC/C++/install/mpcc_control', 'merge_install': False, 'path': '/home/xyh/ros2_foxy_workspace/src/MPCC/C++', 'symlink_install': False, 'test_result_base': None}
[1.057s] INFO:colcon.colcon_core.executor:Executing jobs using 'parallel' executor
[1.060s] DEBUG:colcon.colcon_parallel_executor.executor.parallel:run_until_complete
[1.061s] INFO:colcon.colcon_ros.task.ament_cmake.build:Building ROS package in '/home/xyh/ros2_foxy_workspace/src/MPCC/C++' with build type 'ament_cmake'
[1.061s] INFO:colcon.colcon_cmake.task.cmake.build:Building CMake package in '/home/xyh/ros2_foxy_workspace/src/MPCC/C++'
[1.065s] INFO:colcon.colcon_core.plugin_system:Skipping extension 'colcon_core.shell.bat': Not used on non-Windows systems
[1.065s] INFO:colcon.colcon_core.shell:Skip shell extension 'powershell' for command environment: Not usable outside of PowerShell
[1.065s] DEBUG:colcon.colcon_core.shell:Skip shell extension 'dsv' for command environment
[1.097s] DEBUG:colcon.colcon_core.event_handler.log_command:Invoking command in '/home/xyh/ros2_foxy_workspace/src/MPCC/C++/build/mpcc_control': CMAKE_PREFIX_PATH=/opt/ros/foxy /usr/bin/cmake /home/xyh/ros2_foxy_workspace/src/MPCC/C++ -DCMAKE_INSTALL_PREFIX=/home/xyh/ros2_foxy_workspace/src/MPCC/C++/install/mpcc_control
[2.757s] DEBUG:colcon.colcon_core.event_handler.log_command:Invoked command in '/home/xyh/ros2_foxy_workspace/src/MPCC/C++/build/mpcc_control' returned '1': CMAKE_PREFIX_PATH=/opt/ros/foxy /usr/bin/cmake /home/xyh/ros2_foxy_workspace/src/MPCC/C++ -DCMAKE_INSTALL_PREFIX=/home/xyh/ros2_foxy_workspace/src/MPCC/C++/install/mpcc_control
[2.802s] Level 1:colcon.colcon_core.environment:create_environment_scripts_only(mpcc_control)
[2.805s] Level 1:colcon.colcon_core.environment:checking '/home/xyh/ros2_foxy_workspace/src/MPCC/C++/install/mpcc_control' for CMake module files
[2.805s] Level 1:colcon.colcon_core.environment:checking '/home/xyh/ros2_foxy_workspace/src/MPCC/C++/install/mpcc_control' for CMake config files
[2.806s] Level 1:colcon.colcon_core.environment:checking '/home/xyh/ros2_foxy_workspace/src/MPCC/C++/install/mpcc_control/bin'
[2.806s] Level 1:colcon.colcon_core.environment:checking '/home/xyh/ros2_foxy_workspace/src/MPCC/C++/install/mpcc_control/lib/pkgconfig/mpcc_control.pc'
[2.806s] Level 1:colcon.colcon_core.environment:checking '/home/xyh/ros2_foxy_workspace/src/MPCC/C++/install/mpcc_control/lib/python3.8/site-packages'
[2.806s] Level 1:colcon.colcon_core.environment:checking '/home/xyh/ros2_foxy_workspace/src/MPCC/C++/install/mpcc_control/bin'
[2.808s] INFO:colcon.colcon_core.shell:Creating package script '/home/xyh/ros2_foxy_workspace/src/MPCC/C++/install/mpcc_control/share/mpcc_control/package.ps1'
[2.810s] INFO:colcon.colcon_core.shell:Creating package descriptor '/home/xyh/ros2_foxy_workspace/src/MPCC/C++/install/mpcc_control/share/mpcc_control/package.dsv'
[2.811s] INFO:colcon.colcon_core.shell:Creating package script '/home/xyh/ros2_foxy_workspace/src/MPCC/C++/install/mpcc_control/share/mpcc_control/package.sh'
[2.813s] INFO:colcon.colcon_core.shell:Creating package script '/home/xyh/ros2_foxy_workspace/src/MPCC/C++/install/mpcc_control/share/mpcc_control/package.bash'
[2.816s] INFO:colcon.colcon_core.shell:Creating package script '/home/xyh/ros2_foxy_workspace/src/MPCC/C++/install/mpcc_control/share/mpcc_control/package.zsh'
[2.818s] Level 1:colcon.colcon_core.environment:create_file_with_runtime_dependencies(/home/xyh/ros2_foxy_workspace/src/MPCC/C++/install/mpcc_control/share/colcon-core/packages/mpcc_control)
[2.832s] DEBUG:colcon.colcon_parallel_executor.executor.parallel:closing loop
[2.833s] DEBUG:colcon.colcon_parallel_executor.executor.parallel:loop closed
[2.833s] DEBUG:colcon.colcon_parallel_executor.executor.parallel:run_until_complete finished with '1'
[2.833s] DEBUG:colcon.colcon_core.event_reactor:joining thread
[2.854s] INFO:colcon.colcon_core.plugin_system:Skipping extension 'colcon_notification.desktop_notification.terminal_notifier': Not used on non-Darwin systems
[2.855s] INFO:colcon.colcon_core.plugin_system:Skipping extension 'colcon_notification.desktop_notification.win32': Not used on non-Windows systems
[2.855s] INFO:colcon.colcon_notification.desktop_notification:Sending desktop notification using 'notify2'
[2.904s] DEBUG:colcon.colcon_core.event_reactor:joined thread
[2.905s] INFO:colcon.colcon_core.shell:Creating prefix script '/home/xyh/ros2_foxy_workspace/src/MPCC/C++/install/local_setup.ps1'
[2.907s] INFO:colcon.colcon_core.shell:Creating prefix util module '/home/xyh/ros2_foxy_workspace/src/MPCC/C++/install/_local_setup_util_ps1.py'
[2.909s] INFO:colcon.colcon_core.shell:Creating prefix chain script '/home/xyh/ros2_foxy_workspace/src/MPCC/C++/install/setup.ps1'
[2.911s] INFO:colcon.colcon_core.shell:Creating prefix script '/home/xyh/ros2_foxy_workspace/src/MPCC/C++/install/local_setup.sh'
[2.912s] INFO:colcon.colcon_core.shell:Creating prefix util module '/home/xyh/ros2_foxy_workspace/src/MPCC/C++/install/_local_setup_util_sh.py'
[2.914s] INFO:colcon.colcon_core.shell:Creating prefix chain script '/home/xyh/ros2_foxy_workspace/src/MPCC/C++/install/setup.sh'
[2.916s] INFO:colcon.colcon_core.shell:Creating prefix script '/home/xyh/ros2_foxy_workspace/src/MPCC/C++/install/local_setup.bash'
[2.917s] INFO:colcon.colcon_core.shell:Creating prefix chain script '/home/xyh/ros2_foxy_workspace/src/MPCC/C++/install/setup.bash'
[2.920s] INFO:colcon.colcon_core.shell:Creating prefix script '/home/xyh/ros2_foxy_workspace/src/MPCC/C++/install/local_setup.zsh'
[2.921s] INFO:colcon.colcon_core.shell:Creating prefix chain script '/home/xyh/ros2_foxy_workspace/src/MPCC/C++/install/setup.zsh'
