[0.019s] Invoking command in '/home/xyh/ros2_foxy_workspace/src/MPCC/C++/build/mpcc_control': CMAKE_PREFIX_PATH=/opt/ros/foxy /usr/bin/cmake /home/xyh/ros2_foxy_workspace/src/MPCC/C++ -DCMAKE_INSTALL_PREFIX=/home/xyh/ros2_foxy_workspace/src/MPCC/C++/install/mpcc_control
[0.064s] -- Found ament_cmake: 0.9.12 (/opt/ros/foxy/share/ament_cmake/cmake)
[0.128s] -- Using PYTHON_EXECUTABLE: /usr/bin/python3
[0.607s] -- Found rclcpp: 2.4.3 (/opt/ros/foxy/share/rclcpp/cmake)
[0.707s] -- Using all available rosidl_typesupport_c: rosidl_typesupport_fastrtps_c;rosidl_typesupport_introspection_c
[0.715s] -- Found rosidl_adapter: 1.3.1 (/opt/ros/foxy/share/rosidl_adapter/cmake)
[1.038s] -- Using all available rosidl_typesupport_cpp: rosidl_typesupport_fastrtps_cpp;rosidl_typesupport_introspection_cpp
[1.184s] -- Found rmw_implementation_cmake: 1.0.4 (/opt/ros/foxy/share/rmw_implementation_cmake/cmake)
[1.188s] -- Using RMW implementation 'rmw_fastrtps_cpp' as default
[1.538s] -- Found geometry_msgs: 2.0.5 (/opt/ros/foxy/share/geometry_msgs/cmake)
[1.656s] CMake Error at CMakeLists.txt:14 (find_package):
[1.656s]   By not providing "Findeufs_msgs.cmake" in CMAKE_MODULE_PATH this project
[1.657s]   has asked CMake to find a package configuration file provided by
[1.657s]   "eufs_msgs", but CMake did not find one.
[1.657s] 
[1.657s]   Could not find a package configuration file provided by "eufs_msgs" with
[1.657s]   any of the following names:
[1.657s] 
[1.658s]     eufs_msgsConfig.cmake
[1.658s]     eufs_msgs-config.cmake
[1.658s] 
[1.658s]   Add the installation prefix of "eufs_msgs" to CMAKE_PREFIX_PATH or set
[1.658s]   "eufs_msgs_DIR" to a directory containing one of the above files.  If
[1.658s]   "eufs_msgs" provides a separate development package or SDK, be sure it has
[1.658s]   been installed.
[1.658s] 
[1.659s] 
[1.661s] -- Configuring incomplete, errors occurred!
[1.661s] See also "/home/xyh/ros2_foxy_workspace/src/MPCC/C++/build/mpcc_control/CMakeFiles/CMakeOutput.log".
[1.661s] See also "/home/xyh/ros2_foxy_workspace/src/MPCC/C++/build/mpcc_control/CMakeFiles/CMakeError.log".
[1.680s] Invoked command in '/home/xyh/ros2_foxy_workspace/src/MPCC/C++/build/mpcc_control' returned '1': CMAKE_PREFIX_PATH=/opt/ros/foxy /usr/bin/cmake /home/xyh/ros2_foxy_workspace/src/MPCC/C++ -DCMAKE_INSTALL_PREFIX=/home/xyh/ros2_foxy_workspace/src/MPCC/C++/install/mpcc_control
