[1.589s] Invoking command in '/home/xyh/eufs_sim/eufs_tracks': PYTHONPATH=/home/xyh/eufs_sim/build/eufs_tracks/prefix_override:/home/xyh/eufs_sim/install/eufs_tracks/lib/python3.8/site-packages:${PYTHONPATH} /usr/bin/python3 -W ignore:setup.py install is deprecated setup.py egg_info --egg-base ../build/eufs_tracks build --build-base /home/xyh/eufs_sim/build/eufs_tracks/build install --record /home/xyh/eufs_sim/build/eufs_tracks/install.log --single-version-externally-managed install_data
[2.026s] running egg_info
[2.029s] writing ../build/eufs_tracks/eufs_tracks.egg-info/PKG-INFO
[2.031s] writing dependency_links to ../build/eufs_tracks/eufs_tracks.egg-info/dependency_links.txt
[2.032s] writing entry points to ../build/eufs_tracks/eufs_tracks.egg-info/entry_points.txt
[2.033s] writing requirements to ../build/eufs_tracks/eufs_tracks.egg-info/requires.txt
[2.034s] writing top-level names to ../build/eufs_tracks/eufs_tracks.egg-info/top_level.txt
[2.101s] reading manifest file '../build/eufs_tracks/eufs_tracks.egg-info/SOURCES.txt'
[2.104s] writing manifest file '../build/eufs_tracks/eufs_tracks.egg-info/SOURCES.txt'
[2.105s] running build
[2.105s] running build_py
[2.109s] running build_scripts
[2.110s] running install
[2.111s] running install_lib
[2.119s] running install_data
[2.134s] running install_egg_info
[2.138s] removing '/home/xyh/eufs_sim/install/eufs_tracks/lib/python3.8/site-packages/eufs_tracks-2.0.0-py3.8.egg-info' (and everything under it)
[2.139s] Copying ../build/eufs_tracks/eufs_tracks.egg-info to /home/xyh/eufs_sim/install/eufs_tracks/lib/python3.8/site-packages/eufs_tracks-2.0.0-py3.8.egg-info
[2.142s] running install_scripts
[2.178s] changing mode of /home/xyh/eufs_sim/install/eufs_tracks/lib/eufs_tracks/eufs_tracks_generator to 775
[2.178s] changing mode of /home/xyh/eufs_sim/install/eufs_tracks/lib/eufs_tracks/eufs_tracks_converter to 775
[2.180s] writing list of installed files to '/home/xyh/eufs_sim/build/eufs_tracks/install.log'
[2.220s] Invoked command in '/home/xyh/eufs_sim/eufs_tracks' returned '0': PYTHONPATH=/home/xyh/eufs_sim/build/eufs_tracks/prefix_override:/home/xyh/eufs_sim/install/eufs_tracks/lib/python3.8/site-packages:${PYTHONPATH} /usr/bin/python3 -W ignore:setup.py install is deprecated setup.py egg_info --egg-base ../build/eufs_tracks build --build-base /home/xyh/eufs_sim/build/eufs_tracks/build install --record /home/xyh/eufs_sim/build/eufs_tracks/install.log --single-version-externally-managed install_data
