[0.484s] DEBUG:colcon:Command line arguments: ['/usr/bin/colcon', 'build']
[0.484s] DEBUG:colcon:Parsed command line arguments: Namespace(allow_overriding=[], ament_cmake_args=None, base_paths=['.'], build_base='build', catkin_cmake_args=None, catkin_skip_building_tests=False, cmake_args=None, cmake_clean_cache=False, cmake_clean_first=False, cmake_force_configure=False, cmake_target=None, cmake_target_skip_unavailable=False, continue_on_error=False, event_handlers=None, executor='parallel', ignore_user_meta=False, install_base='install', log_base=None, log_level=None, main=<bound method BuildVerb.main of <colcon_core.verb.build.BuildVerb object at 0x7fc685a4abe0>>, merge_install=False, metas=['./colcon.meta'], packages_above=None, packages_above_and_dependencies=None, packages_above_depth=None, packages_end=None, packages_ignore=None, packages_ignore_regex=None, packages_select=None, packages_select_build_failed=False, packages_select_by_dep=None, packages_select_regex=None, packages_select_test_failures=False, packages_skip=None, packages_skip_build_finished=False, packages_skip_by_dep=None, packages_skip_regex=None, packages_skip_test_passed=False, packages_skip_up_to=None, packages_start=None, packages_up_to=None, packages_up_to_regex=None, parallel_workers=2, paths=None, symlink_install=False, test_result_base=None, verb_extension=<colcon_core.verb.build.BuildVerb object at 0x7fc685a4abe0>, verb_name='build', verb_parser=<colcon_defaults.argument_parser.defaults.DefaultArgumentsDecorator object at 0x7fc685a84eb0>)
[0.828s] Level 1:colcon.colcon_core.package_discovery:discover_packages(colcon_meta) check parameters
[0.828s] Level 1:colcon.colcon_core.package_discovery:discover_packages(recursive) check parameters
[0.828s] Level 1:colcon.colcon_core.package_discovery:discover_packages(ignore) check parameters
[0.828s] Level 1:colcon.colcon_core.package_discovery:discover_packages(path) check parameters
[0.828s] Level 1:colcon.colcon_core.package_discovery:discover_packages(colcon_meta) discover
[0.829s] Level 1:colcon.colcon_core.package_discovery:discover_packages(recursive) discover
[0.829s] INFO:colcon.colcon_core.package_discovery:Crawling recursively for packages in '/home/xyh/eufs_sim'
[0.829s] Level 1:colcon.colcon_core.package_identification:_identify(.) by extensions ['ignore', 'ignore_ament_install']
[0.829s] Level 1:colcon.colcon_core.package_identification:_identify(.) by extension 'ignore'
[0.829s] Level 1:colcon.colcon_core.package_identification:_identify(.) by extension 'ignore_ament_install'
[0.830s] Level 1:colcon.colcon_core.package_identification:_identify(.) by extensions ['colcon_pkg']
[0.830s] Level 1:colcon.colcon_core.package_identification:_identify(.) by extension 'colcon_pkg'
[0.830s] Level 1:colcon.colcon_core.package_identification:_identify(.) by extensions ['colcon_meta']
[0.830s] Level 1:colcon.colcon_core.package_identification:_identify(.) by extension 'colcon_meta'
[0.830s] Level 1:colcon.colcon_core.package_identification:_identify(.) by extensions ['ros']
[0.830s] Level 1:colcon.colcon_core.package_identification:_identify(.) by extension 'ros'
[0.858s] Level 1:colcon.colcon_core.package_identification:_identify(.) by extensions ['cmake', 'python']
[0.858s] Level 1:colcon.colcon_core.package_identification:_identify(.) by extension 'cmake'
[0.858s] Level 1:colcon.colcon_core.package_identification:_identify(.) by extension 'python'
[0.858s] Level 1:colcon.colcon_core.package_identification:_identify(.) by extensions ['python_setup_py']
[0.859s] Level 1:colcon.colcon_core.package_identification:_identify(.) by extension 'python_setup_py'
[0.859s] Level 1:colcon.colcon_core.package_identification:_identify(build) by extensions ['ignore', 'ignore_ament_install']
[0.859s] Level 1:colcon.colcon_core.package_identification:_identify(build) by extension 'ignore'
[0.859s] Level 1:colcon.colcon_core.package_identification:_identify(build) ignored
[0.860s] Level 1:colcon.colcon_core.package_identification:_identify(eufs_launcher) by extensions ['ignore', 'ignore_ament_install']
[0.861s] Level 1:colcon.colcon_core.package_identification:_identify(eufs_launcher) by extension 'ignore'
[0.861s] Level 1:colcon.colcon_core.package_identification:_identify(eufs_launcher) by extension 'ignore_ament_install'
[0.861s] Level 1:colcon.colcon_core.package_identification:_identify(eufs_launcher) by extensions ['colcon_pkg']
[0.861s] Level 1:colcon.colcon_core.package_identification:_identify(eufs_launcher) by extension 'colcon_pkg'
[0.861s] Level 1:colcon.colcon_core.package_identification:_identify(eufs_launcher) by extensions ['colcon_meta']
[0.861s] Level 1:colcon.colcon_core.package_identification:_identify(eufs_launcher) by extension 'colcon_meta'
[0.861s] Level 1:colcon.colcon_core.package_identification:_identify(eufs_launcher) by extensions ['ros']
[0.861s] Level 1:colcon.colcon_core.package_identification:_identify(eufs_launcher) by extension 'ros'
[0.869s] DEBUG:colcon.colcon_core.package_identification:Package 'eufs_launcher' with type 'ros.ament_python' and name 'eufs_launcher'
[0.869s] Level 1:colcon.colcon_core.package_identification:_identify(eufs_models) by extensions ['ignore', 'ignore_ament_install']
[0.870s] Level 1:colcon.colcon_core.package_identification:_identify(eufs_models) by extension 'ignore'
[0.870s] Level 1:colcon.colcon_core.package_identification:_identify(eufs_models) by extension 'ignore_ament_install'
[0.870s] Level 1:colcon.colcon_core.package_identification:_identify(eufs_models) by extensions ['colcon_pkg']
[0.870s] Level 1:colcon.colcon_core.package_identification:_identify(eufs_models) by extension 'colcon_pkg'
[0.870s] Level 1:colcon.colcon_core.package_identification:_identify(eufs_models) by extensions ['colcon_meta']
[0.870s] Level 1:colcon.colcon_core.package_identification:_identify(eufs_models) by extension 'colcon_meta'
[0.870s] Level 1:colcon.colcon_core.package_identification:_identify(eufs_models) by extensions ['ros']
[0.870s] Level 1:colcon.colcon_core.package_identification:_identify(eufs_models) by extension 'ros'
[0.872s] DEBUG:colcon.colcon_core.package_identification:Package 'eufs_models' with type 'ros.ament_cmake' and name 'eufs_models'
[0.872s] Level 1:colcon.colcon_core.package_identification:_identify(eufs_msgs) by extensions ['ignore', 'ignore_ament_install']
[0.872s] Level 1:colcon.colcon_core.package_identification:_identify(eufs_msgs) by extension 'ignore'
[0.873s] Level 1:colcon.colcon_core.package_identification:_identify(eufs_msgs) by extension 'ignore_ament_install'
[0.873s] Level 1:colcon.colcon_core.package_identification:_identify(eufs_msgs) by extensions ['colcon_pkg']
[0.873s] Level 1:colcon.colcon_core.package_identification:_identify(eufs_msgs) by extension 'colcon_pkg'
[0.873s] Level 1:colcon.colcon_core.package_identification:_identify(eufs_msgs) by extensions ['colcon_meta']
[0.873s] Level 1:colcon.colcon_core.package_identification:_identify(eufs_msgs) by extension 'colcon_meta'
[0.873s] Level 1:colcon.colcon_core.package_identification:_identify(eufs_msgs) by extensions ['ros']
[0.873s] Level 1:colcon.colcon_core.package_identification:_identify(eufs_msgs) by extension 'ros'
[0.875s] DEBUG:colcon.colcon_core.package_identification:Package 'eufs_msgs' with type 'ros.ament_cmake' and name 'eufs_msgs'
[0.875s] Level 1:colcon.colcon_core.package_identification:_identify(eufs_plugins) by extensions ['ignore', 'ignore_ament_install']
[0.875s] Level 1:colcon.colcon_core.package_identification:_identify(eufs_plugins) by extension 'ignore'
[0.875s] Level 1:colcon.colcon_core.package_identification:_identify(eufs_plugins) by extension 'ignore_ament_install'
[0.876s] Level 1:colcon.colcon_core.package_identification:_identify(eufs_plugins) by extensions ['colcon_pkg']
[0.876s] Level 1:colcon.colcon_core.package_identification:_identify(eufs_plugins) by extension 'colcon_pkg'
[0.876s] Level 1:colcon.colcon_core.package_identification:_identify(eufs_plugins) by extensions ['colcon_meta']
[0.876s] Level 1:colcon.colcon_core.package_identification:_identify(eufs_plugins) by extension 'colcon_meta'
[0.876s] Level 1:colcon.colcon_core.package_identification:_identify(eufs_plugins) by extensions ['ros']
[0.876s] Level 1:colcon.colcon_core.package_identification:_identify(eufs_plugins) by extension 'ros'
[0.880s] DEBUG:colcon.colcon_core.package_identification:Package 'eufs_plugins' with type 'ros.ament_cmake' and name 'eufs_plugins'
[0.881s] Level 1:colcon.colcon_core.package_identification:_identify(eufs_racecar) by extensions ['ignore', 'ignore_ament_install']
[0.881s] Level 1:colcon.colcon_core.package_identification:_identify(eufs_racecar) by extension 'ignore'
[0.882s] Level 1:colcon.colcon_core.package_identification:_identify(eufs_racecar) by extension 'ignore_ament_install'
[0.882s] Level 1:colcon.colcon_core.package_identification:_identify(eufs_racecar) by extensions ['colcon_pkg']
[0.882s] Level 1:colcon.colcon_core.package_identification:_identify(eufs_racecar) by extension 'colcon_pkg'
[0.882s] Level 1:colcon.colcon_core.package_identification:_identify(eufs_racecar) by extensions ['colcon_meta']
[0.882s] Level 1:colcon.colcon_core.package_identification:_identify(eufs_racecar) by extension 'colcon_meta'
[0.882s] Level 1:colcon.colcon_core.package_identification:_identify(eufs_racecar) by extensions ['ros']
[0.882s] Level 1:colcon.colcon_core.package_identification:_identify(eufs_racecar) by extension 'ros'
[0.885s] DEBUG:colcon.colcon_core.package_identification:Package 'eufs_racecar' with type 'ros.ament_python' and name 'eufs_racecar'
[0.885s] Level 1:colcon.colcon_core.package_identification:_identify(eufs_rqt) by extensions ['ignore', 'ignore_ament_install']
[0.885s] Level 1:colcon.colcon_core.package_identification:_identify(eufs_rqt) by extension 'ignore'
[0.886s] Level 1:colcon.colcon_core.package_identification:_identify(eufs_rqt) by extension 'ignore_ament_install'
[0.886s] Level 1:colcon.colcon_core.package_identification:_identify(eufs_rqt) by extensions ['colcon_pkg']
[0.886s] Level 1:colcon.colcon_core.package_identification:_identify(eufs_rqt) by extension 'colcon_pkg'
[0.886s] Level 1:colcon.colcon_core.package_identification:_identify(eufs_rqt) by extensions ['colcon_meta']
[0.886s] Level 1:colcon.colcon_core.package_identification:_identify(eufs_rqt) by extension 'colcon_meta'
[0.886s] Level 1:colcon.colcon_core.package_identification:_identify(eufs_rqt) by extensions ['ros']
[0.886s] Level 1:colcon.colcon_core.package_identification:_identify(eufs_rqt) by extension 'ros'
[0.888s] DEBUG:colcon.colcon_core.package_identification:Package 'eufs_rqt' with type 'ros.ament_python' and name 'eufs_rqt'
[0.889s] Level 1:colcon.colcon_core.package_identification:_identify(eufs_sensors) by extensions ['ignore', 'ignore_ament_install']
[0.889s] Level 1:colcon.colcon_core.package_identification:_identify(eufs_sensors) by extension 'ignore'
[0.889s] Level 1:colcon.colcon_core.package_identification:_identify(eufs_sensors) by extension 'ignore_ament_install'
[0.890s] Level 1:colcon.colcon_core.package_identification:_identify(eufs_sensors) by extensions ['colcon_pkg']
[0.890s] Level 1:colcon.colcon_core.package_identification:_identify(eufs_sensors) by extension 'colcon_pkg'
[0.890s] Level 1:colcon.colcon_core.package_identification:_identify(eufs_sensors) by extensions ['colcon_meta']
[0.890s] Level 1:colcon.colcon_core.package_identification:_identify(eufs_sensors) by extension 'colcon_meta'
[0.890s] Level 1:colcon.colcon_core.package_identification:_identify(eufs_sensors) by extensions ['ros']
[0.890s] Level 1:colcon.colcon_core.package_identification:_identify(eufs_sensors) by extension 'ros'
[0.891s] DEBUG:colcon.colcon_core.package_identification:Package 'eufs_sensors' with type 'ros.ament_cmake' and name 'eufs_sensors'
[0.892s] Level 1:colcon.colcon_core.package_identification:_identify(eufs_tracks) by extensions ['ignore', 'ignore_ament_install']
[0.892s] Level 1:colcon.colcon_core.package_identification:_identify(eufs_tracks) by extension 'ignore'
[0.892s] Level 1:colcon.colcon_core.package_identification:_identify(eufs_tracks) by extension 'ignore_ament_install'
[0.892s] Level 1:colcon.colcon_core.package_identification:_identify(eufs_tracks) by extensions ['colcon_pkg']
[0.892s] Level 1:colcon.colcon_core.package_identification:_identify(eufs_tracks) by extension 'colcon_pkg'
[0.892s] Level 1:colcon.colcon_core.package_identification:_identify(eufs_tracks) by extensions ['colcon_meta']
[0.892s] Level 1:colcon.colcon_core.package_identification:_identify(eufs_tracks) by extension 'colcon_meta'
[0.892s] Level 1:colcon.colcon_core.package_identification:_identify(eufs_tracks) by extensions ['ros']
[0.892s] Level 1:colcon.colcon_core.package_identification:_identify(eufs_tracks) by extension 'ros'
[0.894s] DEBUG:colcon.colcon_core.package_identification:Package 'eufs_tracks' with type 'ros.ament_python' and name 'eufs_tracks'
[0.894s] Level 1:colcon.colcon_core.package_identification:_identify(install) by extensions ['ignore', 'ignore_ament_install']
[0.894s] Level 1:colcon.colcon_core.package_identification:_identify(install) by extension 'ignore'
[0.894s] Level 1:colcon.colcon_core.package_identification:_identify(install) ignored
[0.894s] Level 1:colcon.colcon_core.package_identification:_identify(log) by extensions ['ignore', 'ignore_ament_install']
[0.895s] Level 1:colcon.colcon_core.package_identification:_identify(log) by extension 'ignore'
[0.895s] Level 1:colcon.colcon_core.package_identification:_identify(log) ignored
[0.895s] Level 1:colcon.colcon_core.package_discovery:discover_packages(recursive) using defaults
[0.895s] Level 1:colcon.colcon_core.package_discovery:discover_packages(ignore) discover
[0.895s] Level 1:colcon.colcon_core.package_discovery:discover_packages(ignore) using defaults
[0.895s] Level 1:colcon.colcon_core.package_discovery:discover_packages(path) discover
[0.895s] Level 1:colcon.colcon_core.package_discovery:discover_packages(path) using defaults
[0.937s] Level 1:colcon.colcon_core.package_discovery:discover_packages(prefix_path) check parameters
[0.937s] Level 1:colcon.colcon_core.package_discovery:discover_packages(prefix_path) discover
[0.946s] DEBUG:colcon.colcon_installed_package_information.package_discovery:Found 292 installed packages in /opt/ros/foxy
[0.969s] Level 1:colcon.colcon_core.package_discovery:discover_packages(prefix_path) using defaults
[1.105s] Level 5:colcon.colcon_core.verb:set package 'eufs_msgs' build argument 'cmake_args' from command line to 'None'
[1.105s] Level 5:colcon.colcon_core.verb:set package 'eufs_msgs' build argument 'cmake_target' from command line to 'None'
[1.105s] Level 5:colcon.colcon_core.verb:set package 'eufs_msgs' build argument 'cmake_target_skip_unavailable' from command line to 'False'
[1.105s] Level 5:colcon.colcon_core.verb:set package 'eufs_msgs' build argument 'cmake_clean_cache' from command line to 'False'
[1.105s] Level 5:colcon.colcon_core.verb:set package 'eufs_msgs' build argument 'cmake_clean_first' from command line to 'False'
[1.105s] Level 5:colcon.colcon_core.verb:set package 'eufs_msgs' build argument 'cmake_force_configure' from command line to 'False'
[1.105s] Level 5:colcon.colcon_core.verb:set package 'eufs_msgs' build argument 'ament_cmake_args' from command line to 'None'
[1.105s] Level 5:colcon.colcon_core.verb:set package 'eufs_msgs' build argument 'catkin_cmake_args' from command line to 'None'
[1.105s] Level 5:colcon.colcon_core.verb:set package 'eufs_msgs' build argument 'catkin_skip_building_tests' from command line to 'False'
[1.105s] DEBUG:colcon.colcon_core.verb:Building package 'eufs_msgs' with the following arguments: {'ament_cmake_args': None, 'build_base': '/home/xyh/eufs_sim/build/eufs_msgs', 'catkin_cmake_args': None, 'catkin_skip_building_tests': False, 'cmake_args': None, 'cmake_clean_cache': False, 'cmake_clean_first': False, 'cmake_force_configure': False, 'cmake_target': None, 'cmake_target_skip_unavailable': False, 'install_base': '/home/xyh/eufs_sim/install/eufs_msgs', 'merge_install': False, 'path': '/home/xyh/eufs_sim/eufs_msgs', 'symlink_install': False, 'test_result_base': None}
[1.106s] Level 5:colcon.colcon_core.verb:set package 'eufs_racecar' build argument 'cmake_args' from command line to 'None'
[1.106s] Level 5:colcon.colcon_core.verb:set package 'eufs_racecar' build argument 'cmake_target' from command line to 'None'
[1.106s] Level 5:colcon.colcon_core.verb:set package 'eufs_racecar' build argument 'cmake_target_skip_unavailable' from command line to 'False'
[1.106s] Level 5:colcon.colcon_core.verb:set package 'eufs_racecar' build argument 'cmake_clean_cache' from command line to 'False'
[1.106s] Level 5:colcon.colcon_core.verb:set package 'eufs_racecar' build argument 'cmake_clean_first' from command line to 'False'
[1.106s] Level 5:colcon.colcon_core.verb:set package 'eufs_racecar' build argument 'cmake_force_configure' from command line to 'False'
[1.106s] Level 5:colcon.colcon_core.verb:set package 'eufs_racecar' build argument 'ament_cmake_args' from command line to 'None'
[1.106s] Level 5:colcon.colcon_core.verb:set package 'eufs_racecar' build argument 'catkin_cmake_args' from command line to 'None'
[1.106s] Level 5:colcon.colcon_core.verb:set package 'eufs_racecar' build argument 'catkin_skip_building_tests' from command line to 'False'
[1.106s] DEBUG:colcon.colcon_core.verb:Building package 'eufs_racecar' with the following arguments: {'ament_cmake_args': None, 'build_base': '/home/xyh/eufs_sim/build/eufs_racecar', 'catkin_cmake_args': None, 'catkin_skip_building_tests': False, 'cmake_args': None, 'cmake_clean_cache': False, 'cmake_clean_first': False, 'cmake_force_configure': False, 'cmake_target': None, 'cmake_target_skip_unavailable': False, 'install_base': '/home/xyh/eufs_sim/install/eufs_racecar', 'merge_install': False, 'path': '/home/xyh/eufs_sim/eufs_racecar', 'symlink_install': False, 'test_result_base': None}
[1.107s] Level 5:colcon.colcon_core.verb:set package 'eufs_sensors' build argument 'cmake_args' from command line to 'None'
[1.107s] Level 5:colcon.colcon_core.verb:set package 'eufs_sensors' build argument 'cmake_target' from command line to 'None'
[1.107s] Level 5:colcon.colcon_core.verb:set package 'eufs_sensors' build argument 'cmake_target_skip_unavailable' from command line to 'False'
[1.107s] Level 5:colcon.colcon_core.verb:set package 'eufs_sensors' build argument 'cmake_clean_cache' from command line to 'False'
[1.107s] Level 5:colcon.colcon_core.verb:set package 'eufs_sensors' build argument 'cmake_clean_first' from command line to 'False'
[1.107s] Level 5:colcon.colcon_core.verb:set package 'eufs_sensors' build argument 'cmake_force_configure' from command line to 'False'
[1.107s] Level 5:colcon.colcon_core.verb:set package 'eufs_sensors' build argument 'ament_cmake_args' from command line to 'None'
[1.107s] Level 5:colcon.colcon_core.verb:set package 'eufs_sensors' build argument 'catkin_cmake_args' from command line to 'None'
[1.107s] Level 5:colcon.colcon_core.verb:set package 'eufs_sensors' build argument 'catkin_skip_building_tests' from command line to 'False'
[1.107s] DEBUG:colcon.colcon_core.verb:Building package 'eufs_sensors' with the following arguments: {'ament_cmake_args': None, 'build_base': '/home/xyh/eufs_sim/build/eufs_sensors', 'catkin_cmake_args': None, 'catkin_skip_building_tests': False, 'cmake_args': None, 'cmake_clean_cache': False, 'cmake_clean_first': False, 'cmake_force_configure': False, 'cmake_target': None, 'cmake_target_skip_unavailable': False, 'install_base': '/home/xyh/eufs_sim/install/eufs_sensors', 'merge_install': False, 'path': '/home/xyh/eufs_sim/eufs_sensors', 'symlink_install': False, 'test_result_base': None}
[1.108s] Level 5:colcon.colcon_core.verb:set package 'eufs_tracks' build argument 'cmake_args' from command line to 'None'
[1.108s] Level 5:colcon.colcon_core.verb:set package 'eufs_tracks' build argument 'cmake_target' from command line to 'None'
[1.108s] Level 5:colcon.colcon_core.verb:set package 'eufs_tracks' build argument 'cmake_target_skip_unavailable' from command line to 'False'
[1.108s] Level 5:colcon.colcon_core.verb:set package 'eufs_tracks' build argument 'cmake_clean_cache' from command line to 'False'
[1.108s] Level 5:colcon.colcon_core.verb:set package 'eufs_tracks' build argument 'cmake_clean_first' from command line to 'False'
[1.108s] Level 5:colcon.colcon_core.verb:set package 'eufs_tracks' build argument 'cmake_force_configure' from command line to 'False'
[1.108s] Level 5:colcon.colcon_core.verb:set package 'eufs_tracks' build argument 'ament_cmake_args' from command line to 'None'
[1.108s] Level 5:colcon.colcon_core.verb:set package 'eufs_tracks' build argument 'catkin_cmake_args' from command line to 'None'
[1.109s] Level 5:colcon.colcon_core.verb:set package 'eufs_tracks' build argument 'catkin_skip_building_tests' from command line to 'False'
[1.109s] DEBUG:colcon.colcon_core.verb:Building package 'eufs_tracks' with the following arguments: {'ament_cmake_args': None, 'build_base': '/home/xyh/eufs_sim/build/eufs_tracks', 'catkin_cmake_args': None, 'catkin_skip_building_tests': False, 'cmake_args': None, 'cmake_clean_cache': False, 'cmake_clean_first': False, 'cmake_force_configure': False, 'cmake_target': None, 'cmake_target_skip_unavailable': False, 'install_base': '/home/xyh/eufs_sim/install/eufs_tracks', 'merge_install': False, 'path': '/home/xyh/eufs_sim/eufs_tracks', 'symlink_install': False, 'test_result_base': None}
[1.109s] Level 5:colcon.colcon_core.verb:set package 'eufs_launcher' build argument 'cmake_args' from command line to 'None'
[1.109s] Level 5:colcon.colcon_core.verb:set package 'eufs_launcher' build argument 'cmake_target' from command line to 'None'
[1.109s] Level 5:colcon.colcon_core.verb:set package 'eufs_launcher' build argument 'cmake_target_skip_unavailable' from command line to 'False'
[1.109s] Level 5:colcon.colcon_core.verb:set package 'eufs_launcher' build argument 'cmake_clean_cache' from command line to 'False'
[1.109s] Level 5:colcon.colcon_core.verb:set package 'eufs_launcher' build argument 'cmake_clean_first' from command line to 'False'
[1.109s] Level 5:colcon.colcon_core.verb:set package 'eufs_launcher' build argument 'cmake_force_configure' from command line to 'False'
[1.109s] Level 5:colcon.colcon_core.verb:set package 'eufs_launcher' build argument 'ament_cmake_args' from command line to 'None'
[1.109s] Level 5:colcon.colcon_core.verb:set package 'eufs_launcher' build argument 'catkin_cmake_args' from command line to 'None'
[1.110s] Level 5:colcon.colcon_core.verb:set package 'eufs_launcher' build argument 'catkin_skip_building_tests' from command line to 'False'
[1.110s] DEBUG:colcon.colcon_core.verb:Building package 'eufs_launcher' with the following arguments: {'ament_cmake_args': None, 'build_base': '/home/xyh/eufs_sim/build/eufs_launcher', 'catkin_cmake_args': None, 'catkin_skip_building_tests': False, 'cmake_args': None, 'cmake_clean_cache': False, 'cmake_clean_first': False, 'cmake_force_configure': False, 'cmake_target': None, 'cmake_target_skip_unavailable': False, 'install_base': '/home/xyh/eufs_sim/install/eufs_launcher', 'merge_install': False, 'path': '/home/xyh/eufs_sim/eufs_launcher', 'symlink_install': False, 'test_result_base': None}
[1.110s] Level 5:colcon.colcon_core.verb:set package 'eufs_models' build argument 'cmake_args' from command line to 'None'
[1.110s] Level 5:colcon.colcon_core.verb:set package 'eufs_models' build argument 'cmake_target' from command line to 'None'
[1.110s] Level 5:colcon.colcon_core.verb:set package 'eufs_models' build argument 'cmake_target_skip_unavailable' from command line to 'False'
[1.110s] Level 5:colcon.colcon_core.verb:set package 'eufs_models' build argument 'cmake_clean_cache' from command line to 'False'
[1.110s] Level 5:colcon.colcon_core.verb:set package 'eufs_models' build argument 'cmake_clean_first' from command line to 'False'
[1.110s] Level 5:colcon.colcon_core.verb:set package 'eufs_models' build argument 'cmake_force_configure' from command line to 'False'
[1.110s] Level 5:colcon.colcon_core.verb:set package 'eufs_models' build argument 'ament_cmake_args' from command line to 'None'
[1.110s] Level 5:colcon.colcon_core.verb:set package 'eufs_models' build argument 'catkin_cmake_args' from command line to 'None'
[1.110s] Level 5:colcon.colcon_core.verb:set package 'eufs_models' build argument 'catkin_skip_building_tests' from command line to 'False'
[1.111s] DEBUG:colcon.colcon_core.verb:Building package 'eufs_models' with the following arguments: {'ament_cmake_args': None, 'build_base': '/home/xyh/eufs_sim/build/eufs_models', 'catkin_cmake_args': None, 'catkin_skip_building_tests': False, 'cmake_args': None, 'cmake_clean_cache': False, 'cmake_clean_first': False, 'cmake_force_configure': False, 'cmake_target': None, 'cmake_target_skip_unavailable': False, 'install_base': '/home/xyh/eufs_sim/install/eufs_models', 'merge_install': False, 'path': '/home/xyh/eufs_sim/eufs_models', 'symlink_install': False, 'test_result_base': None}
[1.111s] Level 5:colcon.colcon_core.verb:set package 'eufs_rqt' build argument 'cmake_args' from command line to 'None'
[1.111s] Level 5:colcon.colcon_core.verb:set package 'eufs_rqt' build argument 'cmake_target' from command line to 'None'
[1.111s] Level 5:colcon.colcon_core.verb:set package 'eufs_rqt' build argument 'cmake_target_skip_unavailable' from command line to 'False'
[1.111s] Level 5:colcon.colcon_core.verb:set package 'eufs_rqt' build argument 'cmake_clean_cache' from command line to 'False'
[1.111s] Level 5:colcon.colcon_core.verb:set package 'eufs_rqt' build argument 'cmake_clean_first' from command line to 'False'
[1.111s] Level 5:colcon.colcon_core.verb:set package 'eufs_rqt' build argument 'cmake_force_configure' from command line to 'False'
[1.111s] Level 5:colcon.colcon_core.verb:set package 'eufs_rqt' build argument 'ament_cmake_args' from command line to 'None'
[1.111s] Level 5:colcon.colcon_core.verb:set package 'eufs_rqt' build argument 'catkin_cmake_args' from command line to 'None'
[1.111s] Level 5:colcon.colcon_core.verb:set package 'eufs_rqt' build argument 'catkin_skip_building_tests' from command line to 'False'
[1.111s] DEBUG:colcon.colcon_core.verb:Building package 'eufs_rqt' with the following arguments: {'ament_cmake_args': None, 'build_base': '/home/xyh/eufs_sim/build/eufs_rqt', 'catkin_cmake_args': None, 'catkin_skip_building_tests': False, 'cmake_args': None, 'cmake_clean_cache': False, 'cmake_clean_first': False, 'cmake_force_configure': False, 'cmake_target': None, 'cmake_target_skip_unavailable': False, 'install_base': '/home/xyh/eufs_sim/install/eufs_rqt', 'merge_install': False, 'path': '/home/xyh/eufs_sim/eufs_rqt', 'symlink_install': False, 'test_result_base': None}
[1.112s] Level 5:colcon.colcon_core.verb:set package 'eufs_plugins' build argument 'cmake_args' from command line to 'None'
[1.112s] Level 5:colcon.colcon_core.verb:set package 'eufs_plugins' build argument 'cmake_target' from command line to 'None'
[1.112s] Level 5:colcon.colcon_core.verb:set package 'eufs_plugins' build argument 'cmake_target_skip_unavailable' from command line to 'False'
[1.112s] Level 5:colcon.colcon_core.verb:set package 'eufs_plugins' build argument 'cmake_clean_cache' from command line to 'False'
[1.112s] Level 5:colcon.colcon_core.verb:set package 'eufs_plugins' build argument 'cmake_clean_first' from command line to 'False'
[1.112s] Level 5:colcon.colcon_core.verb:set package 'eufs_plugins' build argument 'cmake_force_configure' from command line to 'False'
[1.112s] Level 5:colcon.colcon_core.verb:set package 'eufs_plugins' build argument 'ament_cmake_args' from command line to 'None'
[1.112s] Level 5:colcon.colcon_core.verb:set package 'eufs_plugins' build argument 'catkin_cmake_args' from command line to 'None'
[1.112s] Level 5:colcon.colcon_core.verb:set package 'eufs_plugins' build argument 'catkin_skip_building_tests' from command line to 'False'
[1.112s] DEBUG:colcon.colcon_core.verb:Building package 'eufs_plugins' with the following arguments: {'ament_cmake_args': None, 'build_base': '/home/xyh/eufs_sim/build/eufs_plugins', 'catkin_cmake_args': None, 'catkin_skip_building_tests': False, 'cmake_args': None, 'cmake_clean_cache': False, 'cmake_clean_first': False, 'cmake_force_configure': False, 'cmake_target': None, 'cmake_target_skip_unavailable': False, 'install_base': '/home/xyh/eufs_sim/install/eufs_plugins', 'merge_install': False, 'path': '/home/xyh/eufs_sim/eufs_plugins', 'symlink_install': False, 'test_result_base': None}
[1.113s] INFO:colcon.colcon_core.executor:Executing jobs using 'parallel' executor
[1.116s] DEBUG:colcon.colcon_parallel_executor.executor.parallel:run_until_complete
[1.117s] INFO:colcon.colcon_ros.task.ament_cmake.build:Building ROS package in '/home/xyh/eufs_sim/eufs_msgs' with build type 'ament_cmake'
[1.117s] INFO:colcon.colcon_cmake.task.cmake.build:Building CMake package in '/home/xyh/eufs_sim/eufs_msgs'
[1.126s] INFO:colcon.colcon_core.plugin_system:Skipping extension 'colcon_core.shell.bat': Not used on non-Windows systems
[1.126s] INFO:colcon.colcon_core.shell:Skip shell extension 'powershell' for command environment: Not usable outside of PowerShell
[1.126s] DEBUG:colcon.colcon_core.shell:Skip shell extension 'dsv' for command environment
[1.136s] INFO:colcon.colcon_ros.task.ament_python.build:Building ROS package in '/home/xyh/eufs_sim/eufs_tracks' with build type 'ament_python'
[1.136s] Level 1:colcon.colcon_core.shell:create_environment_hook('eufs_tracks', 'ament_prefix_path')
[1.137s] INFO:colcon.colcon_core.shell:Creating environment hook '/home/xyh/eufs_sim/install/eufs_tracks/share/eufs_tracks/hook/ament_prefix_path.ps1'
[1.139s] INFO:colcon.colcon_core.shell:Creating environment descriptor '/home/xyh/eufs_sim/install/eufs_tracks/share/eufs_tracks/hook/ament_prefix_path.dsv'
[1.140s] INFO:colcon.colcon_core.shell:Creating environment hook '/home/xyh/eufs_sim/install/eufs_tracks/share/eufs_tracks/hook/ament_prefix_path.sh'
[1.142s] INFO:colcon.colcon_core.shell:Skip shell extension 'powershell' for command environment: Not usable outside of PowerShell
[1.142s] DEBUG:colcon.colcon_core.shell:Skip shell extension 'dsv' for command environment
[1.166s] DEBUG:colcon.colcon_core.event_handler.log_command:Invoking command in '/home/xyh/eufs_sim/build/eufs_msgs': CMAKE_PREFIX_PATH=/opt/ros/foxy /usr/bin/cmake --build /home/xyh/eufs_sim/build/eufs_msgs -- -j2 -l2
[1.683s] INFO:colcon.colcon_core.task.python.build:Building Python package in '/home/xyh/eufs_sim/eufs_tracks'
[1.684s] INFO:colcon.colcon_core.shell:Skip shell extension 'powershell' for command environment: Not usable outside of PowerShell
[1.684s] DEBUG:colcon.colcon_core.shell:Skip shell extension 'dsv' for command environment
[2.681s] DEBUG:colcon.colcon_core.event_handler.log_command:Invoked command in '/home/xyh/eufs_sim/build/eufs_msgs' returned '0': CMAKE_PREFIX_PATH=/opt/ros/foxy /usr/bin/cmake --build /home/xyh/eufs_sim/build/eufs_msgs -- -j2 -l2
[2.727s] DEBUG:colcon.colcon_core.event_handler.log_command:Invoking command in '/home/xyh/eufs_sim/eufs_tracks': PYTHONPATH=/home/xyh/eufs_sim/build/eufs_tracks/prefix_override:/home/xyh/eufs_sim/install/eufs_tracks/lib/python3.8/site-packages:${PYTHONPATH} /usr/bin/python3 -W ignore:setup.py install is deprecated setup.py egg_info --egg-base ../build/eufs_tracks build --build-base /home/xyh/eufs_sim/build/eufs_tracks/build install --record /home/xyh/eufs_sim/build/eufs_tracks/install.log --single-version-externally-managed install_data
[3.358s] DEBUG:colcon.colcon_core.event_handler.log_command:Invoked command in '/home/xyh/eufs_sim/eufs_tracks' returned '0': PYTHONPATH=/home/xyh/eufs_sim/build/eufs_tracks/prefix_override:/home/xyh/eufs_sim/install/eufs_tracks/lib/python3.8/site-packages:${PYTHONPATH} /usr/bin/python3 -W ignore:setup.py install is deprecated setup.py egg_info --egg-base ../build/eufs_tracks build --build-base /home/xyh/eufs_sim/build/eufs_tracks/build install --record /home/xyh/eufs_sim/build/eufs_tracks/install.log --single-version-externally-managed install_data
[3.367s] Level 1:colcon.colcon_core.environment:checking '/home/xyh/eufs_sim/install/eufs_tracks' for CMake module files
[3.368s] Level 1:colcon.colcon_core.environment:checking '/home/xyh/eufs_sim/install/eufs_tracks' for CMake config files
[3.371s] Level 1:colcon.colcon_core.environment:checking '/home/xyh/eufs_sim/install/eufs_tracks/lib'
[3.372s] Level 1:colcon.colcon_core.environment:checking '/home/xyh/eufs_sim/install/eufs_tracks/bin'
[3.372s] Level 1:colcon.colcon_core.environment:checking '/home/xyh/eufs_sim/install/eufs_tracks/lib/pkgconfig/eufs_tracks.pc'
[3.373s] Level 1:colcon.colcon_core.environment:checking '/home/xyh/eufs_sim/install/eufs_tracks/lib/python3.8/site-packages'
[3.373s] Level 1:colcon.colcon_core.shell:create_environment_hook('eufs_tracks', 'pythonpath')
[3.374s] INFO:colcon.colcon_core.shell:Creating environment hook '/home/xyh/eufs_sim/install/eufs_tracks/share/eufs_tracks/hook/pythonpath.ps1'
[3.375s] INFO:colcon.colcon_core.shell:Creating environment descriptor '/home/xyh/eufs_sim/install/eufs_tracks/share/eufs_tracks/hook/pythonpath.dsv'
[3.376s] INFO:colcon.colcon_core.shell:Creating environment hook '/home/xyh/eufs_sim/install/eufs_tracks/share/eufs_tracks/hook/pythonpath.sh'
[3.377s] Level 1:colcon.colcon_core.environment:checking '/home/xyh/eufs_sim/install/eufs_tracks/bin'
[3.377s] Level 1:colcon.colcon_core.environment:create_environment_scripts_only(eufs_tracks)
[3.378s] INFO:colcon.colcon_core.shell:Creating package script '/home/xyh/eufs_sim/install/eufs_tracks/share/eufs_tracks/package.ps1'
[3.379s] INFO:colcon.colcon_core.shell:Creating package descriptor '/home/xyh/eufs_sim/install/eufs_tracks/share/eufs_tracks/package.dsv'
[3.380s] INFO:colcon.colcon_core.shell:Creating package script '/home/xyh/eufs_sim/install/eufs_tracks/share/eufs_tracks/package.sh'
[3.382s] INFO:colcon.colcon_core.shell:Creating package script '/home/xyh/eufs_sim/install/eufs_tracks/share/eufs_tracks/package.bash'
[3.383s] INFO:colcon.colcon_core.shell:Creating package script '/home/xyh/eufs_sim/install/eufs_tracks/share/eufs_tracks/package.zsh'
[3.384s] Level 1:colcon.colcon_core.environment:create_file_with_runtime_dependencies(/home/xyh/eufs_sim/install/eufs_tracks/share/colcon-core/packages/eufs_tracks)
[3.387s] INFO:colcon.colcon_ros.task.ament_python.build:Building ROS package in '/home/xyh/eufs_sim/eufs_racecar' with build type 'ament_python'
[3.388s] Level 1:colcon.colcon_core.shell:create_environment_hook('eufs_racecar', 'ament_prefix_path')
[3.388s] INFO:colcon.colcon_core.shell:Creating environment hook '/home/xyh/eufs_sim/install/eufs_racecar/share/eufs_racecar/hook/ament_prefix_path.ps1'
[3.390s] INFO:colcon.colcon_core.shell:Creating environment descriptor '/home/xyh/eufs_sim/install/eufs_racecar/share/eufs_racecar/hook/ament_prefix_path.dsv'
[3.391s] INFO:colcon.colcon_core.shell:Creating environment hook '/home/xyh/eufs_sim/install/eufs_racecar/share/eufs_racecar/hook/ament_prefix_path.sh'
[3.392s] INFO:colcon.colcon_core.shell:Skip shell extension 'powershell' for command environment: Not usable outside of PowerShell
[3.393s] DEBUG:colcon.colcon_core.shell:Skip shell extension 'dsv' for command environment
[3.904s] INFO:colcon.colcon_core.task.python.build:Building Python package in '/home/xyh/eufs_sim/eufs_racecar'
[3.905s] INFO:colcon.colcon_core.shell:Skip shell extension 'powershell' for command environment: Not usable outside of PowerShell
[3.905s] DEBUG:colcon.colcon_core.shell:Skip shell extension 'dsv' for command environment
[4.613s] DEBUG:colcon.colcon_core.event_handler.log_command:Invoking command in '/home/xyh/eufs_sim/build/eufs_msgs': CMAKE_PREFIX_PATH=/opt/ros/foxy /usr/bin/cmake --install /home/xyh/eufs_sim/build/eufs_msgs
[4.926s] DEBUG:colcon.colcon_core.event_handler.log_command:Invoking command in '/home/xyh/eufs_sim/eufs_racecar': PYTHONPATH=/home/xyh/eufs_sim/build/eufs_racecar/prefix_override:/home/xyh/eufs_sim/install/eufs_racecar/lib/python3.8/site-packages:${PYTHONPATH} /usr/bin/python3 -W ignore:setup.py install is deprecated setup.py egg_info --egg-base ../build/eufs_racecar build --build-base /home/xyh/eufs_sim/build/eufs_racecar/build install --record /home/xyh/eufs_sim/build/eufs_racecar/install.log --single-version-externally-managed install_data
[5.162s] Level 1:colcon.colcon_core.environment:create_environment_scripts_only(eufs_msgs)
[5.162s] Level 1:colcon.colcon_core.environment:checking '/home/xyh/eufs_sim/install/eufs_msgs' for CMake module files
[5.163s] Level 1:colcon.colcon_core.environment:checking '/home/xyh/eufs_sim/install/eufs_msgs' for CMake config files
[5.164s] DEBUG:colcon.colcon_core.event_handler.log_command:Invoked command in '/home/xyh/eufs_sim/build/eufs_msgs' returned '0': CMAKE_PREFIX_PATH=/opt/ros/foxy /usr/bin/cmake --install /home/xyh/eufs_sim/build/eufs_msgs
[5.166s] Level 1:colcon.colcon_core.shell:create_environment_hook('eufs_msgs', 'cmake_prefix_path')
[5.166s] INFO:colcon.colcon_core.shell:Creating environment hook '/home/xyh/eufs_sim/install/eufs_msgs/share/eufs_msgs/hook/cmake_prefix_path.ps1'
[5.167s] INFO:colcon.colcon_core.shell:Creating environment descriptor '/home/xyh/eufs_sim/install/eufs_msgs/share/eufs_msgs/hook/cmake_prefix_path.dsv'
[5.168s] INFO:colcon.colcon_core.shell:Creating environment hook '/home/xyh/eufs_sim/install/eufs_msgs/share/eufs_msgs/hook/cmake_prefix_path.sh'
[5.170s] Level 1:colcon.colcon_core.environment:checking '/home/xyh/eufs_sim/install/eufs_msgs/lib'
[5.170s] Level 1:colcon.colcon_core.shell:create_environment_hook('eufs_msgs', 'ld_library_path_lib')
[5.170s] INFO:colcon.colcon_core.shell:Creating environment hook '/home/xyh/eufs_sim/install/eufs_msgs/share/eufs_msgs/hook/ld_library_path_lib.ps1'
[5.171s] INFO:colcon.colcon_core.shell:Creating environment descriptor '/home/xyh/eufs_sim/install/eufs_msgs/share/eufs_msgs/hook/ld_library_path_lib.dsv'
[5.173s] INFO:colcon.colcon_core.shell:Creating environment hook '/home/xyh/eufs_sim/install/eufs_msgs/share/eufs_msgs/hook/ld_library_path_lib.sh'
[5.174s] Level 1:colcon.colcon_core.environment:checking '/home/xyh/eufs_sim/install/eufs_msgs/bin'
[5.174s] Level 1:colcon.colcon_core.environment:checking '/home/xyh/eufs_sim/install/eufs_msgs/lib/pkgconfig/eufs_msgs.pc'
[5.175s] Level 1:colcon.colcon_core.environment:checking '/home/xyh/eufs_sim/install/eufs_msgs/lib/python3.8/site-packages'
[5.175s] Level 1:colcon.colcon_core.shell:create_environment_hook('eufs_msgs', 'pythonpath')
[5.175s] INFO:colcon.colcon_core.shell:Creating environment hook '/home/xyh/eufs_sim/install/eufs_msgs/share/eufs_msgs/hook/pythonpath.ps1'
[5.176s] INFO:colcon.colcon_core.shell:Creating environment descriptor '/home/xyh/eufs_sim/install/eufs_msgs/share/eufs_msgs/hook/pythonpath.dsv'
[5.177s] INFO:colcon.colcon_core.shell:Creating environment hook '/home/xyh/eufs_sim/install/eufs_msgs/share/eufs_msgs/hook/pythonpath.sh'
[5.178s] Level 1:colcon.colcon_core.environment:checking '/home/xyh/eufs_sim/install/eufs_msgs/bin'
[5.178s] INFO:colcon.colcon_core.shell:Creating package script '/home/xyh/eufs_sim/install/eufs_msgs/share/eufs_msgs/package.ps1'
[5.179s] INFO:colcon.colcon_core.shell:Creating package descriptor '/home/xyh/eufs_sim/install/eufs_msgs/share/eufs_msgs/package.dsv'
[5.181s] INFO:colcon.colcon_core.shell:Creating package script '/home/xyh/eufs_sim/install/eufs_msgs/share/eufs_msgs/package.sh'
[5.182s] INFO:colcon.colcon_core.shell:Creating package script '/home/xyh/eufs_sim/install/eufs_msgs/share/eufs_msgs/package.bash'
[5.183s] INFO:colcon.colcon_core.shell:Creating package script '/home/xyh/eufs_sim/install/eufs_msgs/share/eufs_msgs/package.zsh'
[5.184s] Level 1:colcon.colcon_core.environment:create_file_with_runtime_dependencies(/home/xyh/eufs_sim/install/eufs_msgs/share/colcon-core/packages/eufs_msgs)
[5.600s] Level 1:colcon.colcon_core.environment:checking '/home/xyh/eufs_sim/install/eufs_racecar' for CMake module files
[5.601s] DEBUG:colcon.colcon_core.event_handler.log_command:Invoked command in '/home/xyh/eufs_sim/eufs_racecar' returned '0': PYTHONPATH=/home/xyh/eufs_sim/build/eufs_racecar/prefix_override:/home/xyh/eufs_sim/install/eufs_racecar/lib/python3.8/site-packages:${PYTHONPATH} /usr/bin/python3 -W ignore:setup.py install is deprecated setup.py egg_info --egg-base ../build/eufs_racecar build --build-base /home/xyh/eufs_sim/build/eufs_racecar/build install --record /home/xyh/eufs_sim/build/eufs_racecar/install.log --single-version-externally-managed install_data
[5.602s] Level 1:colcon.colcon_core.environment:checking '/home/xyh/eufs_sim/install/eufs_racecar' for CMake config files
[5.607s] Level 1:colcon.colcon_core.environment:checking '/home/xyh/eufs_sim/install/eufs_racecar/lib'
[5.607s] Level 1:colcon.colcon_core.environment:checking '/home/xyh/eufs_sim/install/eufs_racecar/bin'
[5.607s] Level 1:colcon.colcon_core.environment:checking '/home/xyh/eufs_sim/install/eufs_racecar/lib/pkgconfig/eufs_racecar.pc'
[5.608s] Level 1:colcon.colcon_core.environment:checking '/home/xyh/eufs_sim/install/eufs_racecar/lib/python3.8/site-packages'
[5.608s] Level 1:colcon.colcon_core.shell:create_environment_hook('eufs_racecar', 'pythonpath')
[5.608s] INFO:colcon.colcon_core.shell:Creating environment hook '/home/xyh/eufs_sim/install/eufs_racecar/share/eufs_racecar/hook/pythonpath.ps1'
[5.609s] INFO:colcon.colcon_core.shell:Creating environment descriptor '/home/xyh/eufs_sim/install/eufs_racecar/share/eufs_racecar/hook/pythonpath.dsv'
[5.610s] INFO:colcon.colcon_core.shell:Creating environment hook '/home/xyh/eufs_sim/install/eufs_racecar/share/eufs_racecar/hook/pythonpath.sh'
[5.612s] Level 1:colcon.colcon_core.environment:checking '/home/xyh/eufs_sim/install/eufs_racecar/bin'
[5.612s] Level 1:colcon.colcon_core.environment:create_environment_scripts_only(eufs_racecar)
[5.612s] INFO:colcon.colcon_core.shell:Creating package script '/home/xyh/eufs_sim/install/eufs_racecar/share/eufs_racecar/package.ps1'
[5.613s] INFO:colcon.colcon_core.shell:Creating package descriptor '/home/xyh/eufs_sim/install/eufs_racecar/share/eufs_racecar/package.dsv'
[5.614s] INFO:colcon.colcon_core.shell:Creating package script '/home/xyh/eufs_sim/install/eufs_racecar/share/eufs_racecar/package.sh'
[5.617s] INFO:colcon.colcon_core.shell:Creating package script '/home/xyh/eufs_sim/install/eufs_racecar/share/eufs_racecar/package.bash'
[5.620s] INFO:colcon.colcon_core.shell:Creating package script '/home/xyh/eufs_sim/install/eufs_racecar/share/eufs_racecar/package.zsh'
[5.635s] Level 1:colcon.colcon_core.environment:create_file_with_runtime_dependencies(/home/xyh/eufs_sim/install/eufs_racecar/share/colcon-core/packages/eufs_racecar)
[5.641s] INFO:colcon.colcon_ros.task.ament_cmake.build:Building ROS package in '/home/xyh/eufs_sim/eufs_sensors' with build type 'ament_cmake'
[5.641s] INFO:colcon.colcon_cmake.task.cmake.build:Building CMake package in '/home/xyh/eufs_sim/eufs_sensors'
[5.642s] INFO:colcon.colcon_core.shell:Skip shell extension 'powershell' for command environment: Not usable outside of PowerShell
[5.642s] DEBUG:colcon.colcon_core.shell:Skip shell extension 'dsv' for command environment
[5.673s] DEBUG:colcon.colcon_core.event_handler.log_command:Invoking command in '/home/xyh/eufs_sim/build/eufs_sensors': CMAKE_PREFIX_PATH=/opt/ros/foxy /usr/bin/cmake --build /home/xyh/eufs_sim/build/eufs_sensors -- -j2 -l2
[5.888s] DEBUG:colcon.colcon_core.event_handler.log_command:Invoked command in '/home/xyh/eufs_sim/build/eufs_sensors' returned '0': CMAKE_PREFIX_PATH=/opt/ros/foxy /usr/bin/cmake --build /home/xyh/eufs_sim/build/eufs_sensors -- -j2 -l2
[5.944s] DEBUG:colcon.colcon_core.event_handler.log_command:Invoking command in '/home/xyh/eufs_sim/build/eufs_sensors': CMAKE_PREFIX_PATH=/opt/ros/foxy /usr/bin/cmake --install /home/xyh/eufs_sim/build/eufs_sensors
[5.993s] Level 1:colcon.colcon_core.environment:create_environment_scripts_only(eufs_sensors)
[5.994s] Level 1:colcon.colcon_core.environment:checking '/home/xyh/eufs_sim/install/eufs_sensors' for CMake module files
[5.995s] DEBUG:colcon.colcon_core.event_handler.log_command:Invoked command in '/home/xyh/eufs_sim/build/eufs_sensors' returned '0': CMAKE_PREFIX_PATH=/opt/ros/foxy /usr/bin/cmake --install /home/xyh/eufs_sim/build/eufs_sensors
[5.996s] Level 1:colcon.colcon_core.environment:checking '/home/xyh/eufs_sim/install/eufs_sensors' for CMake config files
[5.996s] Level 1:colcon.colcon_core.shell:create_environment_hook('eufs_sensors', 'cmake_prefix_path')
[5.999s] INFO:colcon.colcon_core.shell:Creating environment hook '/home/xyh/eufs_sim/install/eufs_sensors/share/eufs_sensors/hook/cmake_prefix_path.ps1'
[6.000s] INFO:colcon.colcon_core.shell:Creating environment descriptor '/home/xyh/eufs_sim/install/eufs_sensors/share/eufs_sensors/hook/cmake_prefix_path.dsv'
[6.001s] INFO:colcon.colcon_core.shell:Creating environment hook '/home/xyh/eufs_sim/install/eufs_sensors/share/eufs_sensors/hook/cmake_prefix_path.sh'
[6.002s] Level 1:colcon.colcon_core.environment:checking '/home/xyh/eufs_sim/install/eufs_sensors/bin'
[6.003s] Level 1:colcon.colcon_core.environment:checking '/home/xyh/eufs_sim/install/eufs_sensors/lib/pkgconfig/eufs_sensors.pc'
[6.003s] Level 1:colcon.colcon_core.environment:checking '/home/xyh/eufs_sim/install/eufs_sensors/lib/python3.8/site-packages'
[6.004s] Level 1:colcon.colcon_core.environment:checking '/home/xyh/eufs_sim/install/eufs_sensors/bin'
[6.004s] INFO:colcon.colcon_core.shell:Creating package script '/home/xyh/eufs_sim/install/eufs_sensors/share/eufs_sensors/package.ps1'
[6.005s] INFO:colcon.colcon_core.shell:Creating package descriptor '/home/xyh/eufs_sim/install/eufs_sensors/share/eufs_sensors/package.dsv'
[6.005s] INFO:colcon.colcon_core.shell:Creating package script '/home/xyh/eufs_sim/install/eufs_sensors/share/eufs_sensors/package.sh'
[6.006s] INFO:colcon.colcon_core.shell:Creating package script '/home/xyh/eufs_sim/install/eufs_sensors/share/eufs_sensors/package.bash'
[6.007s] INFO:colcon.colcon_core.shell:Creating package script '/home/xyh/eufs_sim/install/eufs_sensors/share/eufs_sensors/package.zsh'
[6.007s] Level 1:colcon.colcon_core.environment:create_file_with_runtime_dependencies(/home/xyh/eufs_sim/install/eufs_sensors/share/colcon-core/packages/eufs_sensors)
[6.098s] Level 1:colcon.colcon_core.environment:create_environment_scripts_only(eufs_sensors)
[6.101s] Level 1:colcon.colcon_core.environment:checking '/home/xyh/eufs_sim/install/eufs_sensors' for CMake module files
[6.101s] Level 1:colcon.colcon_core.environment:checking '/home/xyh/eufs_sim/install/eufs_sensors' for CMake config files
[6.102s] Level 1:colcon.colcon_core.shell:create_environment_hook('eufs_sensors', 'cmake_prefix_path')
[6.103s] INFO:colcon.colcon_core.shell:Creating environment hook '/home/xyh/eufs_sim/install/eufs_sensors/share/eufs_sensors/hook/cmake_prefix_path.ps1'
[6.106s] INFO:colcon.colcon_core.shell:Creating environment descriptor '/home/xyh/eufs_sim/install/eufs_sensors/share/eufs_sensors/hook/cmake_prefix_path.dsv'
[6.120s] INFO:colcon.colcon_core.shell:Creating environment hook '/home/xyh/eufs_sim/install/eufs_sensors/share/eufs_sensors/hook/cmake_prefix_path.sh'
[6.121s] Level 1:colcon.colcon_core.environment:checking '/home/xyh/eufs_sim/install/eufs_sensors/bin'
[6.121s] Level 1:colcon.colcon_core.environment:checking '/home/xyh/eufs_sim/install/eufs_sensors/lib/pkgconfig/eufs_sensors.pc'
[6.122s] Level 1:colcon.colcon_core.environment:checking '/home/xyh/eufs_sim/install/eufs_sensors/lib/python3.8/site-packages'
[6.123s] Level 1:colcon.colcon_core.environment:checking '/home/xyh/eufs_sim/install/eufs_sensors/bin'
[6.123s] INFO:colcon.colcon_core.shell:Creating package script '/home/xyh/eufs_sim/install/eufs_sensors/share/eufs_sensors/package.ps1'
[6.128s] INFO:colcon.colcon_core.shell:Creating package descriptor '/home/xyh/eufs_sim/install/eufs_sensors/share/eufs_sensors/package.dsv'
[6.129s] INFO:colcon.colcon_core.shell:Creating package script '/home/xyh/eufs_sim/install/eufs_sensors/share/eufs_sensors/package.sh'
[6.130s] INFO:colcon.colcon_core.shell:Creating package script '/home/xyh/eufs_sim/install/eufs_sensors/share/eufs_sensors/package.bash'
[6.132s] INFO:colcon.colcon_core.shell:Creating package script '/home/xyh/eufs_sim/install/eufs_sensors/share/eufs_sensors/package.zsh'
[6.134s] Level 1:colcon.colcon_core.environment:create_file_with_runtime_dependencies(/home/xyh/eufs_sim/install/eufs_sensors/share/colcon-core/packages/eufs_sensors)
[6.136s] INFO:colcon.colcon_ros.task.ament_python.build:Building ROS package in '/home/xyh/eufs_sim/eufs_launcher' with build type 'ament_python'
[6.137s] Level 1:colcon.colcon_core.shell:create_environment_hook('eufs_launcher', 'ament_prefix_path')
[6.138s] INFO:colcon.colcon_core.shell:Creating environment hook '/home/xyh/eufs_sim/install/eufs_launcher/share/eufs_launcher/hook/ament_prefix_path.ps1'
[6.138s] INFO:colcon.colcon_core.shell:Creating environment descriptor '/home/xyh/eufs_sim/install/eufs_launcher/share/eufs_launcher/hook/ament_prefix_path.dsv'
[6.139s] INFO:colcon.colcon_core.shell:Creating environment hook '/home/xyh/eufs_sim/install/eufs_launcher/share/eufs_launcher/hook/ament_prefix_path.sh'
[6.141s] INFO:colcon.colcon_core.shell:Skip shell extension 'powershell' for command environment: Not usable outside of PowerShell
[6.141s] DEBUG:colcon.colcon_core.shell:Skip shell extension 'dsv' for command environment
[6.740s] INFO:colcon.colcon_core.task.python.build:Building Python package in '/home/xyh/eufs_sim/eufs_launcher'
[6.741s] INFO:colcon.colcon_core.shell:Skip shell extension 'powershell' for command environment: Not usable outside of PowerShell
[6.741s] DEBUG:colcon.colcon_core.shell:Skip shell extension 'dsv' for command environment
[7.361s] Level 1:colcon.colcon_core.environment:create_environment_scripts_only(eufs_msgs)
[7.362s] Level 1:colcon.colcon_core.environment:checking '/home/xyh/eufs_sim/install/eufs_msgs' for CMake module files
[7.364s] Level 1:colcon.colcon_core.environment:checking '/home/xyh/eufs_sim/install/eufs_msgs' for CMake config files
[7.368s] Level 1:colcon.colcon_core.shell:create_environment_hook('eufs_msgs', 'cmake_prefix_path')
[7.368s] INFO:colcon.colcon_core.shell:Creating environment hook '/home/xyh/eufs_sim/install/eufs_msgs/share/eufs_msgs/hook/cmake_prefix_path.ps1'
[7.370s] INFO:colcon.colcon_core.shell:Creating environment descriptor '/home/xyh/eufs_sim/install/eufs_msgs/share/eufs_msgs/hook/cmake_prefix_path.dsv'
[7.370s] INFO:colcon.colcon_core.shell:Creating environment hook '/home/xyh/eufs_sim/install/eufs_msgs/share/eufs_msgs/hook/cmake_prefix_path.sh'
[7.372s] Level 1:colcon.colcon_core.environment:checking '/home/xyh/eufs_sim/install/eufs_msgs/lib'
[7.372s] Level 1:colcon.colcon_core.shell:create_environment_hook('eufs_msgs', 'ld_library_path_lib')
[7.373s] INFO:colcon.colcon_core.shell:Creating environment hook '/home/xyh/eufs_sim/install/eufs_msgs/share/eufs_msgs/hook/ld_library_path_lib.ps1'
[7.373s] INFO:colcon.colcon_core.shell:Creating environment descriptor '/home/xyh/eufs_sim/install/eufs_msgs/share/eufs_msgs/hook/ld_library_path_lib.dsv'
[7.374s] INFO:colcon.colcon_core.shell:Creating environment hook '/home/xyh/eufs_sim/install/eufs_msgs/share/eufs_msgs/hook/ld_library_path_lib.sh'
[7.375s] Level 1:colcon.colcon_core.environment:checking '/home/xyh/eufs_sim/install/eufs_msgs/bin'
[7.376s] Level 1:colcon.colcon_core.environment:checking '/home/xyh/eufs_sim/install/eufs_msgs/lib/pkgconfig/eufs_msgs.pc'
[7.376s] Level 1:colcon.colcon_core.environment:checking '/home/xyh/eufs_sim/install/eufs_msgs/lib/python3.8/site-packages'
[7.376s] Level 1:colcon.colcon_core.shell:create_environment_hook('eufs_msgs', 'pythonpath')
[7.377s] INFO:colcon.colcon_core.shell:Creating environment hook '/home/xyh/eufs_sim/install/eufs_msgs/share/eufs_msgs/hook/pythonpath.ps1'
[7.378s] INFO:colcon.colcon_core.shell:Creating environment descriptor '/home/xyh/eufs_sim/install/eufs_msgs/share/eufs_msgs/hook/pythonpath.dsv'
[7.378s] INFO:colcon.colcon_core.shell:Creating environment hook '/home/xyh/eufs_sim/install/eufs_msgs/share/eufs_msgs/hook/pythonpath.sh'
[7.380s] Level 1:colcon.colcon_core.environment:checking '/home/xyh/eufs_sim/install/eufs_msgs/bin'
[7.380s] INFO:colcon.colcon_core.shell:Creating package script '/home/xyh/eufs_sim/install/eufs_msgs/share/eufs_msgs/package.ps1'
[7.382s] INFO:colcon.colcon_core.shell:Creating package descriptor '/home/xyh/eufs_sim/install/eufs_msgs/share/eufs_msgs/package.dsv'
[7.383s] INFO:colcon.colcon_core.shell:Creating package script '/home/xyh/eufs_sim/install/eufs_msgs/share/eufs_msgs/package.sh'
[7.385s] INFO:colcon.colcon_core.shell:Creating package script '/home/xyh/eufs_sim/install/eufs_msgs/share/eufs_msgs/package.bash'
[7.386s] INFO:colcon.colcon_core.shell:Creating package script '/home/xyh/eufs_sim/install/eufs_msgs/share/eufs_msgs/package.zsh'
[7.387s] Level 1:colcon.colcon_core.environment:create_file_with_runtime_dependencies(/home/xyh/eufs_sim/install/eufs_msgs/share/colcon-core/packages/eufs_msgs)
[7.389s] INFO:colcon.colcon_ros.task.ament_cmake.build:Building ROS package in '/home/xyh/eufs_sim/eufs_models' with build type 'ament_cmake'
[7.390s] INFO:colcon.colcon_cmake.task.cmake.build:Building CMake package in '/home/xyh/eufs_sim/eufs_models'
[7.390s] INFO:colcon.colcon_core.shell:Skip shell extension 'powershell' for command environment: Not usable outside of PowerShell
[7.390s] DEBUG:colcon.colcon_core.shell:Skip shell extension 'dsv' for command environment
[7.423s] DEBUG:colcon.colcon_core.event_handler.log_command:Invoking command in '/home/xyh/eufs_sim/build/eufs_models': AMENT_PREFIX_PATH=/home/xyh/eufs_sim/install/eufs_msgs:${AMENT_PREFIX_PATH} CMAKE_PREFIX_PATH=/home/xyh/eufs_sim/install/eufs_msgs:/opt/ros/foxy LD_LIBRARY_PATH=/home/xyh/eufs_sim/install/eufs_msgs/lib:/usr/lib/x86_64-linux-gnu/gazebo-11/plugins:/opt/ros/foxy/opt/yaml_cpp_vendor/lib:/opt/ros/foxy/opt/rviz_ogre_vendor/lib:/opt/ros/foxy/lib/x86_64-linux-gnu:/opt/ros/foxy/lib:/usr/lib/x86_64-linux-gnu/gazebo-11/plugins PYTHONPATH=/home/xyh/eufs_sim/install/eufs_msgs/lib/python3.8/site-packages:${PYTHONPATH} /usr/bin/cmake --build /home/xyh/eufs_sim/build/eufs_models -- -j2 -l2
[7.583s] DEBUG:colcon.colcon_core.event_handler.log_command:Invoked command in '/home/xyh/eufs_sim/build/eufs_models' returned '0': AMENT_PREFIX_PATH=/home/xyh/eufs_sim/install/eufs_msgs:${AMENT_PREFIX_PATH} CMAKE_PREFIX_PATH=/home/xyh/eufs_sim/install/eufs_msgs:/opt/ros/foxy LD_LIBRARY_PATH=/home/xyh/eufs_sim/install/eufs_msgs/lib:/usr/lib/x86_64-linux-gnu/gazebo-11/plugins:/opt/ros/foxy/opt/yaml_cpp_vendor/lib:/opt/ros/foxy/opt/rviz_ogre_vendor/lib:/opt/ros/foxy/lib/x86_64-linux-gnu:/opt/ros/foxy/lib:/usr/lib/x86_64-linux-gnu/gazebo-11/plugins PYTHONPATH=/home/xyh/eufs_sim/install/eufs_msgs/lib/python3.8/site-packages:${PYTHONPATH} /usr/bin/cmake --build /home/xyh/eufs_sim/build/eufs_models -- -j2 -l2
[7.650s] DEBUG:colcon.colcon_core.event_handler.log_command:Invoking command in '/home/xyh/eufs_sim/build/eufs_models': AMENT_PREFIX_PATH=/home/xyh/eufs_sim/install/eufs_msgs:${AMENT_PREFIX_PATH} CMAKE_PREFIX_PATH=/home/xyh/eufs_sim/install/eufs_msgs:/opt/ros/foxy LD_LIBRARY_PATH=/home/xyh/eufs_sim/install/eufs_msgs/lib:/usr/lib/x86_64-linux-gnu/gazebo-11/plugins:/opt/ros/foxy/opt/yaml_cpp_vendor/lib:/opt/ros/foxy/opt/rviz_ogre_vendor/lib:/opt/ros/foxy/lib/x86_64-linux-gnu:/opt/ros/foxy/lib:/usr/lib/x86_64-linux-gnu/gazebo-11/plugins PYTHONPATH=/home/xyh/eufs_sim/install/eufs_msgs/lib/python3.8/site-packages:${PYTHONPATH} /usr/bin/cmake --install /home/xyh/eufs_sim/build/eufs_models
[7.704s] Level 1:colcon.colcon_core.environment:create_environment_scripts_only(eufs_models)
[7.705s] Level 1:colcon.colcon_core.environment:checking '/home/xyh/eufs_sim/install/eufs_models' for CMake module files
[7.706s] Level 1:colcon.colcon_core.environment:checking '/home/xyh/eufs_sim/install/eufs_models' for CMake config files
[7.707s] Level 1:colcon.colcon_core.shell:create_environment_hook('eufs_models', 'cmake_prefix_path')
[7.707s] INFO:colcon.colcon_core.shell:Creating environment hook '/home/xyh/eufs_sim/install/eufs_models/share/eufs_models/hook/cmake_prefix_path.ps1'
[7.709s] INFO:colcon.colcon_core.shell:Creating environment descriptor '/home/xyh/eufs_sim/install/eufs_models/share/eufs_models/hook/cmake_prefix_path.dsv'
[7.710s] INFO:colcon.colcon_core.shell:Creating environment hook '/home/xyh/eufs_sim/install/eufs_models/share/eufs_models/hook/cmake_prefix_path.sh'
[7.711s] DEBUG:colcon.colcon_core.event_handler.log_command:Invoked command in '/home/xyh/eufs_sim/build/eufs_models' returned '0': AMENT_PREFIX_PATH=/home/xyh/eufs_sim/install/eufs_msgs:${AMENT_PREFIX_PATH} CMAKE_PREFIX_PATH=/home/xyh/eufs_sim/install/eufs_msgs:/opt/ros/foxy LD_LIBRARY_PATH=/home/xyh/eufs_sim/install/eufs_msgs/lib:/usr/lib/x86_64-linux-gnu/gazebo-11/plugins:/opt/ros/foxy/opt/yaml_cpp_vendor/lib:/opt/ros/foxy/opt/rviz_ogre_vendor/lib:/opt/ros/foxy/lib/x86_64-linux-gnu:/opt/ros/foxy/lib:/usr/lib/x86_64-linux-gnu/gazebo-11/plugins PYTHONPATH=/home/xyh/eufs_sim/install/eufs_msgs/lib/python3.8/site-packages:${PYTHONPATH} /usr/bin/cmake --install /home/xyh/eufs_sim/build/eufs_models
[7.712s] Level 1:colcon.colcon_core.environment:checking '/home/xyh/eufs_sim/install/eufs_models/lib'
[7.713s] Level 1:colcon.colcon_core.environment:checking '/home/xyh/eufs_sim/install/eufs_models/bin'
[7.713s] Level 1:colcon.colcon_core.environment:checking '/home/xyh/eufs_sim/install/eufs_models/lib/pkgconfig/eufs_models.pc'
[7.713s] Level 1:colcon.colcon_core.environment:checking '/home/xyh/eufs_sim/install/eufs_models/lib/python3.8/site-packages'
[7.714s] Level 1:colcon.colcon_core.environment:checking '/home/xyh/eufs_sim/install/eufs_models/bin'
[7.714s] INFO:colcon.colcon_core.shell:Creating package script '/home/xyh/eufs_sim/install/eufs_models/share/eufs_models/package.ps1'
[7.716s] INFO:colcon.colcon_core.shell:Creating package descriptor '/home/xyh/eufs_sim/install/eufs_models/share/eufs_models/package.dsv'
[7.717s] INFO:colcon.colcon_core.shell:Creating package script '/home/xyh/eufs_sim/install/eufs_models/share/eufs_models/package.sh'
[7.718s] INFO:colcon.colcon_core.shell:Creating package script '/home/xyh/eufs_sim/install/eufs_models/share/eufs_models/package.bash'
[7.719s] INFO:colcon.colcon_core.shell:Creating package script '/home/xyh/eufs_sim/install/eufs_models/share/eufs_models/package.zsh'
[7.720s] Level 1:colcon.colcon_core.environment:create_file_with_runtime_dependencies(/home/xyh/eufs_sim/install/eufs_models/share/colcon-core/packages/eufs_models)
[7.732s] DEBUG:colcon.colcon_core.event_handler.log_command:Invoking command in '/home/xyh/eufs_sim/eufs_launcher': AMENT_PREFIX_PATH=/home/xyh/eufs_sim/install/eufs_tracks:${AMENT_PREFIX_PATH} PYTHONPATH=/home/xyh/eufs_sim/build/eufs_launcher/prefix_override:/home/xyh/eufs_sim/install/eufs_launcher/lib/python3.8/site-packages:/home/xyh/eufs_sim/install/eufs_tracks/lib/python3.8/site-packages:${PYTHONPATH} /usr/bin/python3 -W ignore:setup.py install is deprecated setup.py egg_info --egg-base ../build/eufs_launcher build --build-base /home/xyh/eufs_sim/build/eufs_launcher/build install --record /home/xyh/eufs_sim/build/eufs_launcher/install.log --single-version-externally-managed install_data
[7.779s] Level 1:colcon.colcon_core.environment:create_environment_scripts_only(eufs_models)
[7.780s] Level 1:colcon.colcon_core.environment:checking '/home/xyh/eufs_sim/install/eufs_models' for CMake module files
[7.780s] Level 1:colcon.colcon_core.environment:checking '/home/xyh/eufs_sim/install/eufs_models' for CMake config files
[7.781s] Level 1:colcon.colcon_core.shell:create_environment_hook('eufs_models', 'cmake_prefix_path')
[7.781s] INFO:colcon.colcon_core.shell:Creating environment hook '/home/xyh/eufs_sim/install/eufs_models/share/eufs_models/hook/cmake_prefix_path.ps1'
[7.782s] INFO:colcon.colcon_core.shell:Creating environment descriptor '/home/xyh/eufs_sim/install/eufs_models/share/eufs_models/hook/cmake_prefix_path.dsv'
[7.783s] INFO:colcon.colcon_core.shell:Creating environment hook '/home/xyh/eufs_sim/install/eufs_models/share/eufs_models/hook/cmake_prefix_path.sh'
[7.784s] Level 1:colcon.colcon_core.environment:checking '/home/xyh/eufs_sim/install/eufs_models/lib'
[7.785s] Level 1:colcon.colcon_core.environment:checking '/home/xyh/eufs_sim/install/eufs_models/bin'
[7.785s] Level 1:colcon.colcon_core.environment:checking '/home/xyh/eufs_sim/install/eufs_models/lib/pkgconfig/eufs_models.pc'
[7.785s] Level 1:colcon.colcon_core.environment:checking '/home/xyh/eufs_sim/install/eufs_models/lib/python3.8/site-packages'
[7.785s] Level 1:colcon.colcon_core.environment:checking '/home/xyh/eufs_sim/install/eufs_models/bin'
[7.786s] INFO:colcon.colcon_core.shell:Creating package script '/home/xyh/eufs_sim/install/eufs_models/share/eufs_models/package.ps1'
[7.788s] INFO:colcon.colcon_core.shell:Creating package descriptor '/home/xyh/eufs_sim/install/eufs_models/share/eufs_models/package.dsv'
[7.789s] INFO:colcon.colcon_core.shell:Creating package script '/home/xyh/eufs_sim/install/eufs_models/share/eufs_models/package.sh'
[7.790s] INFO:colcon.colcon_core.shell:Creating package script '/home/xyh/eufs_sim/install/eufs_models/share/eufs_models/package.bash'
[7.791s] INFO:colcon.colcon_core.shell:Creating package script '/home/xyh/eufs_sim/install/eufs_models/share/eufs_models/package.zsh'
[7.791s] Level 1:colcon.colcon_core.environment:create_file_with_runtime_dependencies(/home/xyh/eufs_sim/install/eufs_models/share/colcon-core/packages/eufs_models)
[7.792s] INFO:colcon.colcon_ros.task.ament_python.build:Building ROS package in '/home/xyh/eufs_sim/eufs_rqt' with build type 'ament_python'
[7.793s] Level 1:colcon.colcon_core.shell:create_environment_hook('eufs_rqt', 'ament_prefix_path')
[7.793s] INFO:colcon.colcon_core.shell:Creating environment hook '/home/xyh/eufs_sim/install/eufs_rqt/share/eufs_rqt/hook/ament_prefix_path.ps1'
[7.795s] INFO:colcon.colcon_core.shell:Creating environment descriptor '/home/xyh/eufs_sim/install/eufs_rqt/share/eufs_rqt/hook/ament_prefix_path.dsv'
[7.796s] INFO:colcon.colcon_core.shell:Creating environment hook '/home/xyh/eufs_sim/install/eufs_rqt/share/eufs_rqt/hook/ament_prefix_path.sh'
[7.797s] INFO:colcon.colcon_core.shell:Skip shell extension 'powershell' for command environment: Not usable outside of PowerShell
[7.797s] DEBUG:colcon.colcon_core.shell:Skip shell extension 'dsv' for command environment
[8.258s] INFO:colcon.colcon_core.task.python.build:Building Python package in '/home/xyh/eufs_sim/eufs_rqt'
[8.259s] INFO:colcon.colcon_core.shell:Skip shell extension 'powershell' for command environment: Not usable outside of PowerShell
[8.260s] DEBUG:colcon.colcon_core.shell:Skip shell extension 'dsv' for command environment
[8.420s] Level 1:colcon.colcon_core.environment:checking '/home/xyh/eufs_sim/install/eufs_launcher' for CMake module files
[8.420s] DEBUG:colcon.colcon_core.event_handler.log_command:Invoked command in '/home/xyh/eufs_sim/eufs_launcher' returned '0': AMENT_PREFIX_PATH=/home/xyh/eufs_sim/install/eufs_tracks:${AMENT_PREFIX_PATH} PYTHONPATH=/home/xyh/eufs_sim/build/eufs_launcher/prefix_override:/home/xyh/eufs_sim/install/eufs_launcher/lib/python3.8/site-packages:/home/xyh/eufs_sim/install/eufs_tracks/lib/python3.8/site-packages:${PYTHONPATH} /usr/bin/python3 -W ignore:setup.py install is deprecated setup.py egg_info --egg-base ../build/eufs_launcher build --build-base /home/xyh/eufs_sim/build/eufs_launcher/build install --record /home/xyh/eufs_sim/build/eufs_launcher/install.log --single-version-externally-managed install_data
[8.421s] Level 1:colcon.colcon_core.environment:checking '/home/xyh/eufs_sim/install/eufs_launcher' for CMake config files
[8.422s] Level 1:colcon.colcon_core.environment:checking '/home/xyh/eufs_sim/install/eufs_launcher/lib'
[8.423s] Level 1:colcon.colcon_core.environment:checking '/home/xyh/eufs_sim/install/eufs_launcher/bin'
[8.423s] Level 1:colcon.colcon_core.environment:checking '/home/xyh/eufs_sim/install/eufs_launcher/lib/pkgconfig/eufs_launcher.pc'
[8.423s] Level 1:colcon.colcon_core.environment:checking '/home/xyh/eufs_sim/install/eufs_launcher/lib/python3.8/site-packages'
[8.423s] Level 1:colcon.colcon_core.shell:create_environment_hook('eufs_launcher', 'pythonpath')
[8.424s] INFO:colcon.colcon_core.shell:Creating environment hook '/home/xyh/eufs_sim/install/eufs_launcher/share/eufs_launcher/hook/pythonpath.ps1'
[8.425s] INFO:colcon.colcon_core.shell:Creating environment descriptor '/home/xyh/eufs_sim/install/eufs_launcher/share/eufs_launcher/hook/pythonpath.dsv'
[8.426s] INFO:colcon.colcon_core.shell:Creating environment hook '/home/xyh/eufs_sim/install/eufs_launcher/share/eufs_launcher/hook/pythonpath.sh'
[8.427s] Level 1:colcon.colcon_core.environment:checking '/home/xyh/eufs_sim/install/eufs_launcher/bin'
[8.428s] Level 1:colcon.colcon_core.environment:create_environment_scripts_only(eufs_launcher)
[8.428s] INFO:colcon.colcon_core.shell:Creating package script '/home/xyh/eufs_sim/install/eufs_launcher/share/eufs_launcher/package.ps1'
[8.430s] INFO:colcon.colcon_core.shell:Creating package descriptor '/home/xyh/eufs_sim/install/eufs_launcher/share/eufs_launcher/package.dsv'
[8.431s] INFO:colcon.colcon_core.shell:Creating package script '/home/xyh/eufs_sim/install/eufs_launcher/share/eufs_launcher/package.sh'
[8.432s] INFO:colcon.colcon_core.shell:Creating package script '/home/xyh/eufs_sim/install/eufs_launcher/share/eufs_launcher/package.bash'
[8.433s] INFO:colcon.colcon_core.shell:Creating package script '/home/xyh/eufs_sim/install/eufs_launcher/share/eufs_launcher/package.zsh'
[8.433s] Level 1:colcon.colcon_core.environment:create_file_with_runtime_dependencies(/home/xyh/eufs_sim/install/eufs_launcher/share/colcon-core/packages/eufs_launcher)
[8.434s] INFO:colcon.colcon_ros.task.ament_cmake.build:Building ROS package in '/home/xyh/eufs_sim/eufs_plugins' with build type 'ament_cmake'
[8.435s] INFO:colcon.colcon_cmake.task.cmake.build:Building CMake package in '/home/xyh/eufs_sim/eufs_plugins'
[8.435s] INFO:colcon.colcon_core.shell:Skip shell extension 'powershell' for command environment: Not usable outside of PowerShell
[8.435s] DEBUG:colcon.colcon_core.shell:Skip shell extension 'dsv' for command environment
[8.476s] DEBUG:colcon.colcon_core.event_handler.log_command:Invoking command in '/home/xyh/eufs_sim/build/eufs_plugins': AMENT_PREFIX_PATH=/home/xyh/eufs_sim/install/eufs_models:/home/xyh/eufs_sim/install/eufs_msgs:${AMENT_PREFIX_PATH} CMAKE_PREFIX_PATH=/home/xyh/eufs_sim/install/eufs_models:/home/xyh/eufs_sim/install/eufs_msgs:/opt/ros/foxy LD_LIBRARY_PATH=/home/xyh/eufs_sim/install/eufs_models/lib:/home/xyh/eufs_sim/install/eufs_msgs/lib:/usr/lib/x86_64-linux-gnu/gazebo-11/plugins:/opt/ros/foxy/opt/yaml_cpp_vendor/lib:/opt/ros/foxy/opt/rviz_ogre_vendor/lib:/opt/ros/foxy/lib/x86_64-linux-gnu:/opt/ros/foxy/lib:/usr/lib/x86_64-linux-gnu/gazebo-11/plugins PYTHONPATH=/home/xyh/eufs_sim/install/eufs_msgs/lib/python3.8/site-packages:${PYTHONPATH} /usr/bin/cmake --build /home/xyh/eufs_sim/build/eufs_plugins -- -j2 -l2
[9.093s] DEBUG:colcon.colcon_core.event_handler.log_command:Invoked command in '/home/xyh/eufs_sim/build/eufs_plugins' returned '2': AMENT_PREFIX_PATH=/home/xyh/eufs_sim/install/eufs_models:/home/xyh/eufs_sim/install/eufs_msgs:${AMENT_PREFIX_PATH} CMAKE_PREFIX_PATH=/home/xyh/eufs_sim/install/eufs_models:/home/xyh/eufs_sim/install/eufs_msgs:/opt/ros/foxy LD_LIBRARY_PATH=/home/xyh/eufs_sim/install/eufs_models/lib:/home/xyh/eufs_sim/install/eufs_msgs/lib:/usr/lib/x86_64-linux-gnu/gazebo-11/plugins:/opt/ros/foxy/opt/yaml_cpp_vendor/lib:/opt/ros/foxy/opt/rviz_ogre_vendor/lib:/opt/ros/foxy/lib/x86_64-linux-gnu:/opt/ros/foxy/lib:/usr/lib/x86_64-linux-gnu/gazebo-11/plugins PYTHONPATH=/home/xyh/eufs_sim/install/eufs_msgs/lib/python3.8/site-packages:${PYTHONPATH} /usr/bin/cmake --build /home/xyh/eufs_sim/build/eufs_plugins -- -j2 -l2
[9.158s] Level 1:colcon.colcon_core.environment:create_environment_scripts_only(eufs_plugins)
[9.159s] Level 1:colcon.colcon_core.environment:checking '/home/xyh/eufs_sim/install/eufs_plugins' for CMake module files
[9.161s] Level 1:colcon.colcon_core.environment:checking '/home/xyh/eufs_sim/install/eufs_plugins' for CMake config files
[9.161s] Level 1:colcon.colcon_core.shell:create_environment_hook('eufs_plugins', 'cmake_prefix_path')
[9.162s] INFO:colcon.colcon_core.shell:Creating environment hook '/home/xyh/eufs_sim/install/eufs_plugins/share/eufs_plugins/hook/cmake_prefix_path.ps1'
[9.163s] INFO:colcon.colcon_core.shell:Creating environment descriptor '/home/xyh/eufs_sim/install/eufs_plugins/share/eufs_plugins/hook/cmake_prefix_path.dsv'
[9.164s] INFO:colcon.colcon_core.shell:Creating environment hook '/home/xyh/eufs_sim/install/eufs_plugins/share/eufs_plugins/hook/cmake_prefix_path.sh'
[9.165s] Level 1:colcon.colcon_core.environment:checking '/home/xyh/eufs_sim/install/eufs_plugins/lib'
[9.166s] Level 1:colcon.colcon_core.shell:create_environment_hook('eufs_plugins', 'ld_library_path_lib')
[9.166s] INFO:colcon.colcon_core.shell:Creating environment hook '/home/xyh/eufs_sim/install/eufs_plugins/share/eufs_plugins/hook/ld_library_path_lib.ps1'
[9.167s] INFO:colcon.colcon_core.shell:Creating environment descriptor '/home/xyh/eufs_sim/install/eufs_plugins/share/eufs_plugins/hook/ld_library_path_lib.dsv'
[9.168s] INFO:colcon.colcon_core.shell:Creating environment hook '/home/xyh/eufs_sim/install/eufs_plugins/share/eufs_plugins/hook/ld_library_path_lib.sh'
[9.169s] Level 1:colcon.colcon_core.environment:checking '/home/xyh/eufs_sim/install/eufs_plugins/bin'
[9.170s] Level 1:colcon.colcon_core.environment:checking '/home/xyh/eufs_sim/install/eufs_plugins/lib/pkgconfig/eufs_plugins.pc'
[9.170s] Level 1:colcon.colcon_core.environment:checking '/home/xyh/eufs_sim/install/eufs_plugins/lib/python3.8/site-packages'
[9.170s] Level 1:colcon.colcon_core.environment:checking '/home/xyh/eufs_sim/install/eufs_plugins/bin'
[9.171s] INFO:colcon.colcon_core.shell:Creating package script '/home/xyh/eufs_sim/install/eufs_plugins/share/eufs_plugins/package.ps1'
[9.172s] INFO:colcon.colcon_core.shell:Creating package descriptor '/home/xyh/eufs_sim/install/eufs_plugins/share/eufs_plugins/package.dsv'
[9.173s] INFO:colcon.colcon_core.shell:Creating package script '/home/xyh/eufs_sim/install/eufs_plugins/share/eufs_plugins/package.sh'
[9.174s] INFO:colcon.colcon_core.shell:Creating package script '/home/xyh/eufs_sim/install/eufs_plugins/share/eufs_plugins/package.bash'
[9.174s] INFO:colcon.colcon_core.shell:Creating package script '/home/xyh/eufs_sim/install/eufs_plugins/share/eufs_plugins/package.zsh'
[9.175s] Level 1:colcon.colcon_core.environment:create_file_with_runtime_dependencies(/home/xyh/eufs_sim/install/eufs_plugins/share/colcon-core/packages/eufs_plugins)
[9.189s] DEBUG:colcon.colcon_parallel_executor.executor.parallel:closing loop
[9.190s] DEBUG:colcon.colcon_parallel_executor.executor.parallel:loop closed
[9.190s] DEBUG:colcon.colcon_parallel_executor.executor.parallel:run_until_complete finished with '2'
[9.190s] DEBUG:colcon.colcon_core.event_reactor:joining thread
[9.207s] INFO:colcon.colcon_core.plugin_system:Skipping extension 'colcon_notification.desktop_notification.terminal_notifier': Not used on non-Darwin systems
[9.207s] INFO:colcon.colcon_core.plugin_system:Skipping extension 'colcon_notification.desktop_notification.win32': Not used on non-Windows systems
[9.208s] INFO:colcon.colcon_notification.desktop_notification:Sending desktop notification using 'notify2'
[9.249s] DEBUG:colcon.colcon_core.event_reactor:joined thread
[9.249s] INFO:colcon.colcon_core.shell:Creating prefix script '/home/xyh/eufs_sim/install/local_setup.ps1'
[9.252s] INFO:colcon.colcon_core.shell:Creating prefix util module '/home/xyh/eufs_sim/install/_local_setup_util_ps1.py'
[9.254s] INFO:colcon.colcon_core.shell:Creating prefix chain script '/home/xyh/eufs_sim/install/setup.ps1'
[9.255s] INFO:colcon.colcon_core.shell:Creating prefix script '/home/xyh/eufs_sim/install/local_setup.sh'
[9.256s] INFO:colcon.colcon_core.shell:Creating prefix util module '/home/xyh/eufs_sim/install/_local_setup_util_sh.py'
[9.257s] INFO:colcon.colcon_core.shell:Creating prefix chain script '/home/xyh/eufs_sim/install/setup.sh'
[9.260s] INFO:colcon.colcon_core.shell:Creating prefix script '/home/xyh/eufs_sim/install/local_setup.bash'
[9.261s] INFO:colcon.colcon_core.shell:Creating prefix chain script '/home/xyh/eufs_sim/install/setup.bash'
[9.263s] INFO:colcon.colcon_core.shell:Creating prefix script '/home/xyh/eufs_sim/install/local_setup.zsh'
[9.265s] INFO:colcon.colcon_core.shell:Creating prefix chain script '/home/xyh/eufs_sim/install/setup.zsh'
